mRMR
0.33492700962799 0.15250966426526355
0.9017777777777778 0.020719565910574327
4.3480888888888884 0.1748817097370354
0.0 0.0
mRMR_MS_linear
0.4130188555090516 0.1239211820033979
0.8952740740740741 0.02181196107851229
4.271906172839506 0.17494437753007605
9.876543209876543e-06 0.00014781856342810625
mRMR_MS_rbf
0.4070169171786819 0.11966175674862777
0.8974765432098765 0.022604788720503737
4.2754666666666665 0.19211362892765593
1.4814814814814813e-05 0.00018083786097383264
mRMR_MS_poly
0.38650787465983544 0.13369369989899535
0.9002074074074075 0.021032362547950306
4.301249382716049 0.19790953463336705
1.4814814814814813e-05 0.00018083786097383264
JMI
0.34550406020994257 0.15192421606742376
0.9002370370370371 0.020841785610519133
4.3340197530864195 0.18858817208297052
1.4814814814814813e-05 0.0001808378609738327
relax_mRMR
0.3333139667159275 0.1505690401376329
0.9023802469135803 0.021399517819380806
4.346874074074074 0.18178508482400826
1.9753086419753087e-05 0.00020857987241425062
