mRMR
0.39361925111925106 0.14976276789596435
0.9042304526748972 0.020885516011862854
3.792798353909465 0.38852369335611137
0.0011728395061728395 0.004393310096224158
mRMR_MS_linear
0.564458067652512 0.12652116767920465
0.9025473251028807 0.020367775949844173
3.7768189300411525 0.39478834443049265
0.0014526748971193416 0.004426137804311796
mRMR_MS_rbf
0.5348591891647446 0.14711110905686817
0.9017695473251028 0.019865941331570863
3.8160411522633746 0.3966355328332833
0.0012181069958847738 0.004011583762205421
mRMR_MS_poly
0.5346381653326098 0.14277575343660465
0.9032181069958847 0.02116487590539986
3.8137736625514402 0.39189229176081897
0.000979423868312757 0.0033878986662370047
JMI
0.4284874847374847 0.19740120331884284
0.9049876543209876 0.021127724312952147
3.789292181069959 0.40315536681600206
0.0011934156378600822 0.003718807793651124
relax_mRMR
0.3567344435399991 0.14943397195833874
0.9036872427983541 0.021331812296535642
3.831674897119342 0.3854807299528714
0.0009958847736625514 0.0038862991355168783
