METHOD:  mRMR_MS
CLASSES:  [0, 1, 2]
0 / 50
1 / 50
2 / 50
3 / 50
4 / 50
5 / 50
6 / 50
7 / 50
8 / 50
9 / 50
10 / 50
11 / 50
12 / 50
13 / 50
14 / 50
15 / 50
16 / 50
17 / 50
18 / 50
19 / 50
20 / 50
21 / 50
22 / 50
23 / 50
24 / 50
25 / 50
26 / 50
27 / 50
28 / 50
29 / 50
30 / 50
31 / 50
32 / 50
33 / 50
34 / 50
35 / 50
36 / 50
37 / 50
38 / 50
39 / 50
40 / 50
41 / 50
42 / 50
43 / 50
44 / 50
45 / 50
46 / 50
47 / 50
48 / 50
49 / 50
[[531], [531, 46], [531, 46, 539], [531, 46, 539, 540], [531, 46, 539, 540, 530], [531, 46, 539, 540, 530, 538], [531, 46, 539, 540, 530, 538, 536], [531, 46, 539, 540, 530, 538, 536, 448], [531, 46, 539, 540, 530, 538, 536, 448, 535], [531, 46, 539, 540, 530, 538, 536, 448, 535, 17], [531, 46, 539, 540, 530, 538, 536, 448, 535, 17, 44], [531, 46, 539, 540, 530, 538, 536, 448, 535, 17, 44, 537], [531, 46, 539, 540, 530, 538, 536, 448, 535, 17, 44, 537, 7], [531, 46, 539, 540, 530, 538, 536, 448, 535, 17, 44, 537, 7, 528], [531, 46, 539, 540, 530, 538, 536, 448, 535, 17, 44, 537, 7, 528, 288], [531, 46, 539, 540, 530, 538, 536, 448, 535, 17, 44, 537, 7, 528, 288, 534], [531, 46, 539, 540, 530, 538, 536, 448, 535, 17, 44, 537, 7, 528, 288, 534, 166], [531, 46, 539, 540, 530, 538, 536, 448, 535, 17, 44, 537, 7, 528, 288, 534, 166, 41], [531, 46, 539, 540, 530, 538, 536, 448, 535, 17, 44, 537, 7, 528, 288, 534, 166, 41, 314], [531, 46, 539, 540, 530, 538, 536, 448, 535, 17, 44, 537, 7, 528, 288, 534, 166, 41, 314, 389], [531, 46, 539, 540, 530, 538, 536, 448, 535, 17, 44, 537, 7, 528, 288, 534, 166, 41, 314, 389, 16], [531, 46, 539, 540, 530, 538, 536, 448, 535, 17, 44, 537, 7, 528, 288, 534, 166, 41, 314, 389, 16, 19], [531, 46, 539, 540, 530, 538, 536, 448, 535, 17, 44, 537, 7, 528, 288, 534, 166, 41, 314, 389, 16, 19, 229], [531, 46, 539, 540, 530, 538, 536, 448, 535, 17, 44, 537, 7, 528, 288, 534, 166, 41, 314, 389, 16, 19, 229, 275], [531, 46, 539, 540, 530, 538, 536, 448, 535, 17, 44, 537, 7, 528, 288, 534, 166, 41, 314, 389, 16, 19, 229, 275, 532], [531, 46, 539, 540, 530, 538, 536, 448, 535, 17, 44, 537, 7, 528, 288, 534, 166, 41, 314, 389, 16, 19, 229, 275, 532, 186], [531, 46, 539, 540, 530, 538, 536, 448, 535, 17, 44, 537, 7, 528, 288, 534, 166, 41, 314, 389, 16, 19, 229, 275, 532, 186, 47], [531, 46, 539, 540, 530, 538, 536, 448, 535, 17, 44, 537, 7, 528, 288, 534, 166, 41, 314, 389, 16, 19, 229, 275, 532, 186, 47, 20], [531, 46, 539, 540, 530, 538, 536, 448, 535, 17, 44, 537, 7, 528, 288, 534, 166, 41, 314, 389, 16, 19, 229, 275, 532, 186, 47, 20, 400], [531, 46, 539, 540, 530, 538, 536, 448, 535, 17, 44, 537, 7, 528, 288, 534, 166, 41, 314, 389, 16, 19, 229, 275, 532, 186, 47, 20, 400, 85], [531, 46, 539, 540, 530, 538, 536, 448, 535, 17, 44, 537, 7, 528, 288, 534, 166, 41, 314, 389, 16, 19, 229, 275, 532, 186, 47, 20, 400, 85, 372], [531, 46, 539, 540, 530, 538, 536, 448, 535, 17, 44, 537, 7, 528, 288, 534, 166, 41, 314, 389, 16, 19, 229, 275, 532, 186, 47, 20, 400, 85, 372, 22], [531, 46, 539, 540, 530, 538, 536, 448, 535, 17, 44, 537, 7, 528, 288, 534, 166, 41, 314, 389, 16, 19, 229, 275, 532, 186, 47, 20, 400, 85, 372, 22, 184], [531, 46, 539, 540, 530, 538, 536, 448, 535, 17, 44, 537, 7, 528, 288, 534, 166, 41, 314, 389, 16, 19, 229, 275, 532, 186, 47, 20, 400, 85, 372, 22, 184, 50], [531, 46, 539, 540, 530, 538, 536, 448, 535, 17, 44, 537, 7, 528, 288, 534, 166, 41, 314, 389, 16, 19, 229, 275, 532, 186, 47, 20, 400, 85, 372, 22, 184, 50, 106], [531, 46, 539, 540, 530, 538, 536, 448, 535, 17, 44, 537, 7, 528, 288, 534, 166, 41, 314, 389, 16, 19, 229, 275, 532, 186, 47, 20, 400, 85, 372, 22, 184, 50, 106, 90], [531, 46, 539, 540, 530, 538, 536, 448, 535, 17, 44, 537, 7, 528, 288, 534, 166, 41, 314, 389, 16, 19, 229, 275, 532, 186, 47, 20, 400, 85, 372, 22, 184, 50, 106, 90, 397], [531, 46, 539, 540, 530, 538, 536, 448, 535, 17, 44, 537, 7, 528, 288, 534, 166, 41, 314, 389, 16, 19, 229, 275, 532, 186, 47, 20, 400, 85, 372, 22, 184, 50, 106, 90, 397, 351], [531, 46, 539, 540, 530, 538, 536, 448, 535, 17, 44, 537, 7, 528, 288, 534, 166, 41, 314, 389, 16, 19, 229, 275, 532, 186, 47, 20, 400, 85, 372, 22, 184, 50, 106, 90, 397, 351, 207], [531, 46, 539, 540, 530, 538, 536, 448, 535, 17, 44, 537, 7, 528, 288, 534, 166, 41, 314, 389, 16, 19, 229, 275, 532, 186, 47, 20, 400, 85, 372, 22, 184, 50, 106, 90, 397, 351, 207, 14], [531, 46, 539, 540, 530, 538, 536, 448, 535, 17, 44, 537, 7, 528, 288, 534, 166, 41, 314, 389, 16, 19, 229, 275, 532, 186, 47, 20, 400, 85, 372, 22, 184, 50, 106, 90, 397, 351, 207, 14, 66], [531, 46, 539, 540, 530, 538, 536, 448, 535, 17, 44, 537, 7, 528, 288, 534, 166, 41, 314, 389, 16, 19, 229, 275, 532, 186, 47, 20, 400, 85, 372, 22, 184, 50, 106, 90, 397, 351, 207, 14, 66, 529], [531, 46, 539, 540, 530, 538, 536, 448, 535, 17, 44, 537, 7, 528, 288, 534, 166, 41, 314, 389, 16, 19, 229, 275, 532, 186, 47, 20, 400, 85, 372, 22, 184, 50, 106, 90, 397, 351, 207, 14, 66, 529, 18], [531, 46, 539, 540, 530, 538, 536, 448, 535, 17, 44, 537, 7, 528, 288, 534, 166, 41, 314, 389, 16, 19, 229, 275, 532, 186, 47, 20, 400, 85, 372, 22, 184, 50, 106, 90, 397, 351, 207, 14, 66, 529, 18, 30], [531, 46, 539, 540, 530, 538, 536, 448, 535, 17, 44, 537, 7, 528, 288, 534, 166, 41, 314, 389, 16, 19, 229, 275, 532, 186, 47, 20, 400, 85, 372, 22, 184, 50, 106, 90, 397, 351, 207, 14, 66, 529, 18, 30, 21], [531, 46, 539, 540, 530, 538, 536, 448, 535, 17, 44, 537, 7, 528, 288, 534, 166, 41, 314, 389, 16, 19, 229, 275, 532, 186, 47, 20, 400, 85, 372, 22, 184, 50, 106, 90, 397, 351, 207, 14, 66, 529, 18, 30, 21, 6], [531, 46, 539, 540, 530, 538, 536, 448, 535, 17, 44, 537, 7, 528, 288, 534, 166, 41, 314, 389, 16, 19, 229, 275, 532, 186, 47, 20, 400, 85, 372, 22, 184, 50, 106, 90, 397, 351, 207, 14, 66, 529, 18, 30, 21, 6, 102], [531, 46, 539, 540, 530, 538, 536, 448, 535, 17, 44, 537, 7, 528, 288, 534, 166, 41, 314, 389, 16, 19, 229, 275, 532, 186, 47, 20, 400, 85, 372, 22, 184, 50, 106, 90, 397, 351, 207, 14, 66, 529, 18, 30, 21, 6, 102, 192], [531, 46, 539, 540, 530, 538, 536, 448, 535, 17, 44, 537, 7, 528, 288, 534, 166, 41, 314, 389, 16, 19, 229, 275, 532, 186, 47, 20, 400, 85, 372, 22, 184, 50, 106, 90, 397, 351, 207, 14, 66, 529, 18, 30, 21, 6, 102, 192, 198], [531, 46, 539, 540, 530, 538, 536, 448, 535, 17, 44, 537, 7, 528, 288, 534, 166, 41, 314, 389, 16, 19, 229, 275, 532, 186, 47, 20, 400, 85, 372, 22, 184, 50, 106, 90, 397, 351, 207, 14, 66, 529, 18, 30, 21, 6, 102, 192, 198, 248]]
predicting 0 / 50
(192, 1) (192,)
SVM CLASSIC:  [0.6041666666666666, 0.4351851851851852, 0.5206243032329989, 0.6041666666666666, 0.4659887005649717, 0.5198587570621469, [[0.0, 0.0, 0.0], [0.5555555555555556, 0.8695652173913043, 0.6779661016949152], [0.75, 0.6923076923076923, 0.72]]]
0.1 0.9583333333333334 2.625 0.0625 0.7291666666666666 0.0 1.599926438208799 0.6888282619438165 0.9110981762649825
KNN CLASSIC:  [0.5416666666666666, 0.5626934984520123, 0.5701412114455593, 0.5416666666666666, 0.5596496989600438, 0.5438642583470169, [[0.4117647058823529, 0.5833333333333334, 0.4827586206896552], [0.5263157894736842, 0.43478260869565216, 0.47619047619047616], [0.75, 0.6923076923076923, 0.72]]]
0.1 1.0 3.0 0.0 1.0 0.0 2.178899593644893 1.0571542380870411 1.121745355557852
predicting 1 / 50
(192, 2) (192,)
SVM CLASSIC:  [0.5, 0.34793650793650793, 0.47045707915273133, 0.5, 0.39624183006535946, 0.4347937091503267, [[0.0, 0.0, 0.0], [0.52, 0.5652173913043478, 0.5416666666666666], [0.5238095238095238, 0.8461538461538461, 0.6470588235294118]]]
0.1 0.9375 2.125 0.125 0.3125 0.0 1.1250852901255701 0.41730380106693793 0.7077814890586321
KNN CLASSIC:  [0.5, 0.48148148148148145, 0.5235971757710888, 0.5, 0.49401171431069146, 0.48590348806713873, [[0.3333333333333333, 0.3333333333333333, 0.3333333333333333], [0.5, 0.391304347826087, 0.43902439024390244], [0.6111111111111112, 0.8461538461538461, 0.7096774193548387]]]
0.1 1.0 3.0 0.0 1.0 0.0 1.8334012660473544 0.8342684459342119 0.999132820113143
predicting 2 / 50
(192, 3) (192,)
SVM CLASSIC:  [0.6458333333333334, 0.6633148986090163, 0.6936083240431067, 0.6458333333333334, 0.6486425246158283, 0.6399690499732212, [[0.5882352941176471, 0.8333333333333334, 0.6896551724137931], [0.8461538461538461, 0.4782608695652174, 0.6111111111111112], [0.5555555555555556, 0.7692307692307693, 0.6451612903225806]]]
0.1 0.9375 2.2291666666666665 0.041666666666666664 0.2708333333333333 0.0 1.0720336670300479 0.36965982704065187 0.702373839989396
KNN CLASSIC:  [0.625, 0.625, 0.6126904496469714, 0.625, 0.6093176815847395, 0.6176326730251896, [[0.625, 0.4166666666666667, 0.5], [0.625, 0.6521739130434783, 0.6382978723404256], [0.625, 0.7692307692307693, 0.6896551724137931]]]
0.1 1.0 3.0 0.0 1.0 0.0 1.767101333916319 0.7841497796112095 0.9829515543051098
predicting 3 / 50
(192, 4) (192,)
SVM CLASSIC:  [0.6041666666666666, 0.6214896214896215, 0.6492010405053884, 0.6041666666666666, 0.6059996648231943, 0.5952949555890733, [[0.5714285714285714, 0.6666666666666666, 0.6153846153846154], [0.7692307692307693, 0.43478260869565216, 0.5555555555555556], [0.5238095238095238, 0.8461538461538461, 0.6470588235294118]]]
0.1 0.9375 1.9583333333333333 0.08333333333333333 0.08333333333333333 0.0 1.0558560440499343 0.33378190981974143 0.7220741342301928
KNN CLASSIC:  [0.6875, 0.6814814814814815, 0.7093088071348941, 0.6875, 0.6879597367402246, 0.6873548199767713, [[0.6, 0.75, 0.6666666666666666], [0.7777777777777778, 0.6086956521739131, 0.6829268292682927], [0.6666666666666666, 0.7692307692307693, 0.7142857142857143]]]
0.1 1.0 3.0 0.0 1.0 0.0 1.6169076547804178 0.6694155451371117 0.9474921096433061
predicting 4 / 50
(192, 5) (192,)
SVM CLASSIC:  [0.625, 0.6486111111111111, 0.6769788182831661, 0.625, 0.626984126984127, 0.6150793650793651, [[0.5625, 0.75, 0.6428571428571429], [0.8333333333333334, 0.43478260869565216, 0.5714285714285714], [0.55, 0.8461538461538461, 0.6666666666666666]]]
0.1 0.9375 1.8958333333333333 0.16666666666666666 0.10416666666666667 0.0 1.0438423360107532 0.3119872356193375 0.7318551003914155
KNN CLASSIC:  [0.6875, 0.6854575163398692, 0.7225938312894834, 0.6875, 0.6934653043848447, 0.6834251277139208, [[0.6666666666666666, 0.8333333333333334, 0.7407407407407407], [0.7647058823529411, 0.5652173913043478, 0.65], [0.625, 0.7692307692307693, 0.6896551724137931]]]
0.1 1.0 3.0 0.0 1.0 0.0 1.7014394404448254 0.776556791664922 0.9248826487799034
predicting 5 / 50
(192, 6) (192,)
SVM CLASSIC:  [0.6458333333333334, 0.6653846153846154, 0.6914715719063546, 0.6458333333333334, 0.648148148148148, 0.6400462962962963, [[0.6, 0.75, 0.6666666666666666], [0.8461538461538461, 0.4782608695652174, 0.6111111111111112], [0.55, 0.8461538461538461, 0.6666666666666666]]]
0.1 0.9375 1.9791666666666667 0.10416666666666667 0.125 0.0 1.0318023306668695 0.3023425426243045 0.7294597880425653
KNN CLASSIC:  [0.625, 0.618546365914787, 0.6435340022296544, 0.625, 0.6261022927689593, 0.6237874779541447, [[0.6, 0.75, 0.6666666666666666], [0.6842105263157895, 0.5652173913043478, 0.6190476190476191], [0.5714285714285714, 0.6153846153846154, 0.5925925925925926]]]
0.1 1.0 2.8333333333333335 0.0 0.8333333333333334 0.0 1.6149626396881613 0.6682040124381615 0.9467586272499998
predicting 6 / 50
(192, 7) (192,)
SVM CLASSIC:  [0.6666666666666666, 0.6666666666666666, 0.6969528056484577, 0.6666666666666666, 0.6672140120415982, 0.6661193212917351, [[0.625, 0.8333333333333334, 0.7142857142857143], [0.8125, 0.5652173913043478, 0.6666666666666666], [0.5625, 0.6923076923076923, 0.6206896551724138]]]
0.1 0.9166666666666666 1.8958333333333333 0.125 0.0625 0.0 0.980872050236135 0.27186268748359005 0.7090093627525449
KNN CLASSIC:  [0.5625, 0.570593149540518, 0.6000557413600892, 0.5625, 0.5665178477855332, 0.5578480999392148, [[0.47368421052631576, 0.75, 0.5806451612903226], [0.6666666666666666, 0.43478260869565216, 0.5263157894736842], [0.5714285714285714, 0.6153846153846154, 0.5925925925925926]]]
0.1 1.0 3.0 0.0 1.0 0.0 1.565106241074482 0.6058614350807696 0.9592448059937123
predicting 7 / 50
(192, 8) (192,)
SVM CLASSIC:  [0.625, 0.6163063516004693, 0.6392604979561501, 0.625, 0.6202710027100271, 0.6244173441734416, [[0.5384615384615384, 0.5833333333333334, 0.56], [0.7222222222222222, 0.5652173913043478, 0.6341463414634146], [0.5882352941176471, 0.7692307692307693, 0.6666666666666666]]]
0.1 0.8958333333333334 1.8333333333333333 0.14583333333333334 0.041666666666666664 0.0 0.9927436764851983 0.28125671680021797 0.7114869596849805
KNN CLASSIC:  [0.6041666666666666, 0.611111111111111, 0.629041248606466, 0.6041666666666666, 0.6084552845528455, 0.6038211382113822, [[0.5, 0.75, 0.6], [0.6666666666666666, 0.5217391304347826, 0.5853658536585366], [0.6666666666666666, 0.6153846153846154, 0.64]]]
0.1 1.0 3.0 0.0 1.0 0.0 1.5208921492078504 0.550764415601277 0.9701277336065735
predicting 8 / 50
(192, 9) (192,)
SVM CLASSIC:  [0.6458333333333334, 0.6395502645502645, 0.6670382757339279, 0.6458333333333334, 0.6463953764206077, 0.6444895516594423, [[0.5714285714285714, 0.6666666666666666, 0.6153846153846154], [0.7222222222222222, 0.5652173913043478, 0.6341463414634146], [0.625, 0.7692307692307693, 0.6896551724137931]]]
0.1 0.875 1.7916666666666667 0.14583333333333334 0.020833333333333332 0.0 0.9893171574322679 0.28702924503255905 0.7022879123997088
KNN CLASSIC:  [0.625, 0.6555555555555556, 0.6568190263842438, 0.625, 0.63533934252386, 0.6251436019794979, [[0.5, 0.8333333333333334, 0.625], [0.6666666666666666, 0.5217391304347826, 0.5853658536585366], [0.8, 0.6153846153846154, 0.6956521739130435]]]
0.1 1.0 3.0 0.0 1.0 0.0 1.546916723655448 0.6012108043777946 0.9457059192776532
predicting 9 / 50
(192, 10) (192,)
SVM CLASSIC:  [0.6041666666666666, 0.5999664823194235, 0.6247677443329618, 0.6041666666666666, 0.6017204301075268, 0.6022311827956989, [[0.5384615384615384, 0.5833333333333334, 0.56], [0.7058823529411765, 0.5217391304347826, 0.6], [0.5555555555555556, 0.7692307692307693, 0.6451612903225806]]]
0.1 0.8958333333333334 1.8125 0.14583333333333334 0.041666666666666664 0.0 0.9913546311561051 0.2914509892162873 0.699903641939818
KNN CLASSIC:  [0.6041666666666666, 0.6097222222222222, 0.629041248606466, 0.6041666666666666, 0.6136655592469547, 0.6014894795127353, [[0.5625, 0.75, 0.6428571428571429], [0.6, 0.5217391304347826, 0.5581395348837209], [0.6666666666666666, 0.6153846153846154, 0.64]]]
0.1 1.0 3.0 0.0 1.0 0.0 1.4788723885419806 0.5908616282863699 0.8880107602556105
predicting 10 / 50
(192, 11) (192,)
SVM CLASSIC:  [0.6458333333333334, 0.6571428571428571, 0.6893348197696024, 0.6458333333333334, 0.6504987960096319, 0.6352554179566564, [[0.6666666666666666, 0.6666666666666666, 0.6666666666666666], [0.7333333333333333, 0.4782608695652174, 0.5789473684210527], [0.5714285714285714, 0.9230769230769231, 0.7058823529411765]]]
0.1 0.9166666666666666 1.9791666666666667 0.08333333333333333 0.125 0.0 1.025727161319786 0.3311810327163102 0.6945461286034756
KNN CLASSIC:  [0.5833333333333334, 0.5834586466165413, 0.6124117428465254, 0.5833333333333334, 0.594017094017094, 0.5789453601953601, [[0.5714285714285714, 0.6666666666666666, 0.6153846153846154], [0.5789473684210527, 0.4782608695652174, 0.5238095238095238], [0.6, 0.6923076923076923, 0.6428571428571429]]]
0.1 1.0 3.0 0.0 1.0 0.0 1.5309224689414922 0.6386394174862464 0.8922830514552458
predicting 11 / 50
(192, 12) (192,)
SVM CLASSIC:  [0.625, 0.6421356421356421, 0.674842066146414, 0.625, 0.630973830973831, 0.6113899613899615, [[0.6666666666666666, 0.6666666666666666, 0.6666666666666666], [0.7142857142857143, 0.43478260869565216, 0.5405405405405406], [0.5454545454545454, 0.9230769230769231, 0.6857142857142857]]]
0.1 0.9166666666666666 1.9583333333333333 0.08333333333333333 0.10416666666666667 0.0 1.0441771003646452 0.33111158455219597 0.7130655158124494
KNN CLASSIC:  [0.5208333333333334, 0.5428571428571428, 0.5710702341137124, 0.5208333333333334, 0.5355023923444976, 0.5114513556618819, [[0.42857142857142855, 0.75, 0.5454545454545454], [0.5333333333333333, 0.34782608695652173, 0.42105263157894735], [0.6666666666666666, 0.6153846153846154, 0.64]]]
0.1 0.9791666666666666 2.875 0.0 0.875 0.0 1.4875787774373943 0.5804475364949376 0.9071312409424568
predicting 12 / 50
(192, 13) (192,)
SVM CLASSIC:  [0.6458333333333334, 0.6611721611721612, 0.7026198439241917, 0.6458333333333334, 0.6512485336014748, 0.6304570973688621, [[0.6428571428571429, 0.75, 0.6923076923076923], [0.7692307692307693, 0.43478260869565216, 0.5555555555555556], [0.5714285714285714, 0.9230769230769231, 0.7058823529411765]]]
0.1 0.9166666666666666 1.9791666666666667 0.08333333333333333 0.10416666666666667 0.0 1.0785831766484368 0.3600053566943715 0.7185778199540653
KNN CLASSIC:  [0.5416666666666666, 0.5727813852813853, 0.5855629877369007, 0.5416666666666666, 0.5578865578865578, 0.538073038073038, [[0.42857142857142855, 0.75, 0.5454545454545454], [0.5625, 0.391304347826087, 0.46153846153846156], [0.7272727272727273, 0.6153846153846154, 0.6666666666666666]]]
0.1 1.0 2.9791666666666665 0.0 0.9791666666666666 0.0 1.5270682840024776 0.6112478294084464 0.9158204545940315
predicting 13 / 50
(192, 14) (192,)
SVM CLASSIC:  [0.6458333333333334, 0.6611721611721612, 0.7026198439241917, 0.6458333333333334, 0.6512485336014748, 0.6304570973688621, [[0.6428571428571429, 0.75, 0.6923076923076923], [0.7692307692307693, 0.43478260869565216, 0.5555555555555556], [0.5714285714285714, 0.9230769230769231, 0.7058823529411765]]]
0.1 0.9166666666666666 1.9375 0.10416666666666667 0.08333333333333333 0.0 1.0709452775634798 0.3563826711484017 0.7145626064150781
KNN CLASSIC:  [0.5, 0.5185185185185185, 0.5209959123002602, 0.5, 0.5031813361611878, 0.5000441852244609, [[0.4, 0.6666666666666666, 0.5], [0.5555555555555556, 0.43478260869565216, 0.4878048780487805], [0.6, 0.46153846153846156, 0.5217391304347826]]]
0.1 1.0 3.0 0.0 1.0 0.0 1.564114482531499 0.6385584628545978 0.9255560196769009
predicting 14 / 50
(192, 15) (192,)
SVM CLASSIC:  [0.6458333333333334, 0.6611721611721612, 0.7026198439241917, 0.6458333333333334, 0.6512485336014748, 0.6304570973688621, [[0.6428571428571429, 0.75, 0.6923076923076923], [0.7692307692307693, 0.43478260869565216, 0.5555555555555556], [0.5714285714285714, 0.9230769230769231, 0.7058823529411765]]]
0.1 0.9166666666666666 2.0208333333333335 0.08333333333333333 0.14583333333333334 0.0 1.0604971089472244 0.35545540939939513 0.7050416995478294
KNN CLASSIC:  [0.5625, 0.5967000835421888, 0.5644741731698253, 0.5625, 0.5594888981985756, 0.5669381022203602, [[0.42105263157894735, 0.6666666666666666, 0.5161290322580645], [0.6190476190476191, 0.5652173913043478, 0.5909090909090909], [0.75, 0.46153846153846156, 0.5714285714285714]]]
0.1 0.9791666666666666 2.8958333333333335 0.0 0.8958333333333334 0.0 1.5298854995007893 0.6133505992306816 0.9165349002701076
predicting 15 / 50
(192, 16) (192,)
SVM CLASSIC:  [0.6458333333333334, 0.6611721611721612, 0.7026198439241917, 0.6458333333333334, 0.6512485336014748, 0.6304570973688621, [[0.6428571428571429, 0.75, 0.6923076923076923], [0.7692307692307693, 0.43478260869565216, 0.5555555555555556], [0.5714285714285714, 0.9230769230769231, 0.7058823529411765]]]
0.1 0.9166666666666666 1.9583333333333333 0.10416666666666667 0.10416666666666667 0.0 1.0561713640630421 0.353218885155729 0.7029524789073132
KNN CLASSIC:  [0.5625, 0.5873015873015873, 0.5777591973244148, 0.5625, 0.5587583148558758, 0.5645787139689579, [[0.42857142857142855, 0.75, 0.5454545454545454], [0.6666666666666666, 0.5217391304347826, 0.5853658536585366], [0.6666666666666666, 0.46153846153846156, 0.5454545454545454]]]
0.1 1.0 3.0 0.0 1.0 0.0 1.583049560317411 0.6475298082182892 0.9355197520991214
predicting 16 / 50
(192, 17) (192,)
SVM CLASSIC:  [0.6458333333333334, 0.6495726495726496, 0.6893348197696024, 0.6458333333333334, 0.6487400318979267, 0.6343819776714513, [[0.6153846153846154, 0.6666666666666666, 0.64], [0.7333333333333333, 0.4782608695652174, 0.5789473684210527], [0.6, 0.9230769230769231, 0.7272727272727273]]]
0.1 0.8958333333333334 1.9375 0.10416666666666667 0.08333333333333333 0.0 1.054414088287202 0.3543110634525995 0.7001030248346026
KNN CLASSIC:  [0.5416666666666666, 0.5617167919799498, 0.5521181716833891, 0.5416666666666666, 0.531024531024531, 0.539141414141414, [[0.42857142857142855, 0.75, 0.5454545454545454], [0.631578947368421, 0.5217391304347826, 0.5714285714285714], [0.625, 0.38461538461538464, 0.47619047619047616]]]
0.1 1.0 3.0 0.0 1.0 0.0 1.6088677008287993 0.6457998124263381 0.9630678884024612
predicting 17 / 50
(192, 18) (192,)
SVM CLASSIC:  [0.5833333333333334, 0.5803675856307435, 0.6325715347454478, 0.5833333333333334, 0.5850016683350017, 0.5658627377377378, [[0.4666666666666667, 0.5833333333333334, 0.5185185185185185], [0.6428571428571429, 0.391304347826087, 0.4864864864864865], [0.631578947368421, 0.9230769230769231, 0.75]]]
0.1 0.875 2.0208333333333335 0.08333333333333333 0.14583333333333334 0.0 1.067884034582179 0.3668914956671377 0.7009925389150412
KNN CLASSIC:  [0.4375, 0.4620958751393534, 0.4775176514306949, 0.4375, 0.442010582010582, 0.43062830687830694, [[0.34782608695652173, 0.6666666666666666, 0.45714285714285713], [0.5384615384615384, 0.30434782608695654, 0.3888888888888889], [0.5, 0.46153846153846156, 0.48]]]
0.1 1.0 2.9791666666666665 0.0 0.9791666666666666 0.0 1.6540362446408672 0.7235399142046574 0.93049633043621
predicting 18 / 50
(192, 19) (192,)
SVM CLASSIC:  [0.625, 0.6369969040247677, 0.6881270903010034, 0.625, 0.6283251231527093, 0.6047259852216749, [[0.5294117647058824, 0.75, 0.6206896551724138], [0.75, 0.391304347826087, 0.5142857142857142], [0.631578947368421, 0.9230769230769231, 0.75]]]
0.1 0.8958333333333334 2.1041666666666665 0.0625 0.20833333333333334 0.0 1.1369107179929574 0.40854509843638115 0.7283656195565761
KNN CLASSIC:  [0.4583333333333333, 0.4783549783549783, 0.4920104050538834, 0.4583333333333333, 0.4610068892421834, 0.45485426603073664, [[0.36363636363636365, 0.6666666666666666, 0.47058823529411764], [0.5714285714285714, 0.34782608695652173, 0.43243243243243246], [0.5, 0.46153846153846156, 0.48]]]
0.1 1.0 3.0 0.0 1.0 0.0 1.6335239139946076 0.6926849599727758 0.9408389540218317
predicting 19 / 50
(192, 20) (192,)
SVM CLASSIC:  [0.625, 0.6369969040247677, 0.6881270903010034, 0.625, 0.6283251231527093, 0.6047259852216749, [[0.5294117647058824, 0.75, 0.6206896551724138], [0.75, 0.391304347826087, 0.5142857142857142], [0.631578947368421, 0.9230769230769231, 0.75]]]
0.1 0.8958333333333334 2.0833333333333335 0.0625 0.1875 0.0 1.1385698175385486 0.41065918998634626 0.7279106275522027
KNN CLASSIC:  [0.5416666666666666, 0.5871447393186524, 0.596711259754738, 0.5416666666666666, 0.5505135387488328, 0.5346171802054155, [[0.391304347826087, 0.75, 0.5142857142857142], [0.7272727272727273, 0.34782608695652173, 0.47058823529411764], [0.6428571428571429, 0.6923076923076923, 0.6666666666666666]]]
0.1 1.0 3.0 0.0 1.0 0.0 1.6342984416427615 0.684789927538571 0.9495085141041906
predicting 20 / 50
(192, 21) (192,)
SVM CLASSIC:  [0.6875, 0.7003519356460534, 0.744890375325158, 0.6875, 0.6916532773040004, 0.674915286532361, [[0.5882352941176471, 0.8333333333333334, 0.6896551724137931], [0.8461538461538461, 0.4782608695652174, 0.6111111111111112], [0.6666666666666666, 0.9230769230769231, 0.7741935483870968]]]
0.1 0.9166666666666666 2.125 0.10416666666666667 0.2708333333333333 0.0 1.1263928444534905 0.3961035881777019 0.7302892562757887
KNN CLASSIC:  [0.5208333333333334, 0.5726190476190477, 0.5822185061315496, 0.5208333333333334, 0.5303030303030303, 0.5088383838383838, [[0.375, 0.75, 0.5], [0.7, 0.30434782608695654, 0.42424242424242425], [0.6428571428571429, 0.6923076923076923, 0.6666666666666666]]]
0.1 1.0 3.0 0.0 1.0 0.0 1.5868846764977704 0.6356410430825187 0.9512436334152516
predicting 21 / 50
(192, 22) (192,)
SVM CLASSIC:  [0.6875, 0.7003519356460534, 0.744890375325158, 0.6875, 0.6916532773040004, 0.674915286532361, [[0.5882352941176471, 0.8333333333333334, 0.6896551724137931], [0.8461538461538461, 0.4782608695652174, 0.6111111111111112], [0.6666666666666666, 0.9230769230769231, 0.7741935483870968]]]
0.1 0.9166666666666666 2.0416666666666665 0.08333333333333333 0.16666666666666666 0.0 1.1085295703323614 0.3862548693936126 0.7222747009387489
KNN CLASSIC:  [0.5625, 0.6257575757575757, 0.6133407655146786, 0.5625, 0.5738309738309738, 0.562119262119262, [[0.4, 0.8333333333333334, 0.5405405405405406], [0.75, 0.391304347826087, 0.5142857142857142], [0.7272727272727273, 0.6153846153846154, 0.6666666666666666]]]
0.1 1.0 2.9791666666666665 0.0 0.9791666666666666 0.0 1.5856693635128292 0.6344611768851494 0.9512081866276798
predicting 22 / 50
(192, 23) (192,)
SVM CLASSIC:  [0.6875, 0.7003519356460534, 0.744890375325158, 0.6875, 0.6916532773040004, 0.674915286532361, [[0.5882352941176471, 0.8333333333333334, 0.6896551724137931], [0.8461538461538461, 0.4782608695652174, 0.6111111111111112], [0.6666666666666666, 0.9230769230769231, 0.7741935483870968]]]
0.1 0.9166666666666666 2.0416666666666665 0.08333333333333333 0.16666666666666666 0.0 1.1097251726100787 0.386243075985327 0.7234820966247518
KNN CLASSIC:  [0.5416666666666666, 0.6172839506172839, 0.6121330360460795, 0.5416666666666666, 0.5472008547008547, 0.523994391025641, [[0.4074074074074074, 0.9166666666666666, 0.5641025641025641], [0.7777777777777778, 0.30434782608695654, 0.4375], [0.6666666666666666, 0.6153846153846154, 0.64]]]
0.1 1.0 2.9583333333333335 0.0 0.9583333333333334 0.0 1.6253156673740392 0.7276529616392772 0.8976627057347623
predicting 23 / 50
(192, 24) (192,)
SVM CLASSIC:  [0.6666666666666666, 0.6851851851851851, 0.7303976217019695, 0.6666666666666666, 0.670762928827445, 0.6501536098310292, [[0.5555555555555556, 0.8333333333333334, 0.6666666666666666], [0.8333333333333334, 0.43478260869565216, 0.5714285714285714], [0.6666666666666666, 0.9230769230769231, 0.7741935483870968]]]
0.1 0.9166666666666666 2.0416666666666665 0.10416666666666667 0.1875 0.0 1.1035828637232246 0.3919255912651866 0.7116572724580382
KNN CLASSIC:  [0.5, 0.5479236812570146, 0.5719992567818655, 0.5, 0.5036907536907537, 0.47325417637917644, [[0.4074074074074074, 0.9166666666666666, 0.5641025641025641], [0.6, 0.2608695652173913, 0.36363636363636365], [0.6363636363636364, 0.5384615384615384, 0.5833333333333334]]]
0.1 0.9791666666666666 2.6041666666666665 0.041666666666666664 0.6458333333333334 0.0 1.5204218071463789 0.6092399282635311 0.9111818788828477
predicting 24 / 50
(192, 25) (192,)
SVM CLASSIC:  [0.6666666666666666, 0.6851851851851851, 0.7303976217019695, 0.6666666666666666, 0.670762928827445, 0.6501536098310292, [[0.5555555555555556, 0.8333333333333334, 0.6666666666666666], [0.8333333333333334, 0.43478260869565216, 0.5714285714285714], [0.6666666666666666, 0.9230769230769231, 0.7741935483870968]]]
0.1 0.9166666666666666 2.0208333333333335 0.10416666666666667 0.16666666666666666 0.0 1.0963540237901341 0.38822106285078956 0.7081329609393446
KNN CLASSIC:  [0.5, 0.5479236812570146, 0.5719992567818655, 0.5, 0.5036907536907537, 0.47325417637917644, [[0.4074074074074074, 0.9166666666666666, 0.5641025641025641], [0.6, 0.2608695652173913, 0.36363636363636365], [0.6363636363636364, 0.5384615384615384, 0.5833333333333334]]]
0.1 0.9583333333333334 2.6458333333333335 0.0 0.6666666666666666 0.0 1.5503862818220355 0.6342965073300594 0.9160897744919764
predicting 25 / 50
(192, 26) (192,)
SVM CLASSIC:  [0.6458333333333334, 0.6551030668677728, 0.7026198439241917, 0.6458333333333334, 0.6501462530383554, 0.6310535368516459, [[0.5294117647058824, 0.75, 0.6206896551724138], [0.7692307692307693, 0.43478260869565216, 0.5555555555555556], [0.6666666666666666, 0.9230769230769231, 0.7741935483870968]]]
0.1 0.9375 2.0416666666666665 0.10416666666666667 0.16666666666666666 0.0 1.1062418247257246 0.39746130336557767 0.7087805213601467
KNN CLASSIC:  [0.5, 0.5524475524475525, 0.5587142326272762, 0.5, 0.5071379428964568, 0.48686898004815965, [[0.38461538461538464, 0.8333333333333334, 0.5263157894736842], [0.6363636363636364, 0.30434782608695654, 0.4117647058823529], [0.6363636363636364, 0.5384615384615384, 0.5833333333333334]]]
0.1 0.9375 2.3541666666666665 0.0625 0.4166666666666667 0.0 1.483161625995847 0.571334969528516 0.9118266564673309
predicting 26 / 50
(192, 27) (192,)
SVM CLASSIC:  [0.6458333333333334, 0.6647746818025456, 0.7026198439241917, 0.6458333333333334, 0.6473727422003285, 0.6321069376026273, [[0.5294117647058824, 0.75, 0.6206896551724138], [0.8333333333333334, 0.43478260869565216, 0.5714285714285714], [0.631578947368421, 0.9230769230769231, 0.75]]]
0.1 0.9166666666666666 2.0416666666666665 0.08333333333333333 0.16666666666666666 0.0 1.1110568496266495 0.3942457550584819 0.7168110945681677
KNN CLASSIC:  [0.5, 0.5422494172494172, 0.5454292084726867, 0.5, 0.5092592592592592, 0.4959490740740741, [[0.375, 0.75, 0.5], [0.6153846153846154, 0.34782608695652173, 0.4444444444444444], [0.6363636363636364, 0.5384615384615384, 0.5833333333333334]]]
0.1 0.8958333333333334 2.0208333333333335 0.14583333333333334 0.22916666666666666 0.0 1.4736957913634434 0.5425937750250022 0.9311020163384413
predicting 27 / 50
(192, 28) (192,)
SVM CLASSIC:  [0.625, 0.6336032388663967, 0.674842066146414, 0.625, 0.6256613756613757, 0.6121858465608466, [[0.5, 0.6666666666666666, 0.5714285714285714], [0.7692307692307693, 0.43478260869565216, 0.5555555555555556], [0.631578947368421, 0.9230769230769231, 0.75]]]
0.1 0.9166666666666666 2.0 0.10416666666666667 0.14583333333333334 0.0 1.0974335003312874 0.3789028038309867 0.7185306965003009
KNN CLASSIC:  [0.5208333333333334, 0.5837606837606838, 0.5843552582683018, 0.5208333333333334, 0.5301860712387029, 0.5081951089845828, [[0.38461538461538464, 0.8333333333333334, 0.5263157894736842], [0.7, 0.30434782608695654, 0.42424242424242425], [0.6666666666666666, 0.6153846153846154, 0.64]]]
0.1 0.9375 2.3958333333333335 0.020833333333333332 0.4583333333333333 0.0 1.5099328210405785 0.6093243476778182 0.9006084733627602
predicting 28 / 50
(192, 29) (192,)
SVM CLASSIC:  [0.5833333333333334, 0.5863247863247864, 0.6325715347454478, 0.5833333333333334, 0.5819304152637487, 0.5661826599326599, [[0.4666666666666667, 0.5833333333333334, 0.5185185185185185], [0.6923076923076923, 0.391304347826087, 0.5], [0.6, 0.9230769230769231, 0.7272727272727273]]]
0.1 0.9166666666666666 2.0833333333333335 0.0625 0.1875 0.0 1.1052168072764936 0.3880944038465039 0.7171224034299897
KNN CLASSIC:  [0.4791666666666667, 0.5427350427350427, 0.5197881828316611, 0.4791666666666667, 0.48786106680843516, 0.47911128832181465, [[0.34615384615384615, 0.75, 0.47368421052631576], [0.6153846153846154, 0.34782608695652173, 0.4444444444444444], [0.6666666666666666, 0.46153846153846156, 0.5454545454545454]]]
0.1 0.8958333333333334 2.375 0.041666666666666664 0.4583333333333333 0.0 1.4648185904160747 0.540386195413919 0.9244323950021561
predicting 29 / 50
(192, 30) (192,)
SVM CLASSIC:  [0.6041666666666666, 0.6041771094402674, 0.6470642883686363, 0.6041666666666666, 0.6030196863530196, 0.5917636386386387, [[0.4666666666666667, 0.5833333333333334, 0.5185185185185185], [0.7142857142857143, 0.43478260869565216, 0.5405405405405406], [0.631578947368421, 0.9230769230769231, 0.75]]]
0.1 0.875 1.9166666666666667 0.10416666666666667 0.0625 0.0 1.0800305129123149 0.378399389649598 0.7016311232627168
KNN CLASSIC:  [0.5, 0.5508241758241759, 0.5364176885916017, 0.5, 0.4963309173835489, 0.4936553094447831, [[0.38461538461538464, 0.8333333333333334, 0.5263157894736842], [0.6428571428571429, 0.391304347826087, 0.4864864864864865], [0.625, 0.38461538461538464, 0.47619047619047616]]]
0.1 0.8958333333333334 2.2083333333333335 0.10416666666666667 0.3541666666666667 0.0 1.466123213815461 0.5854102936103934 0.8807129202050673
predicting 30 / 50
(192, 31) (192,)
SVM CLASSIC:  [0.6041666666666666, 0.6169767052119993, 0.6492010405053884, 0.6041666666666666, 0.605652370947143, 0.5963390392617312, [[0.47058823529411764, 0.6666666666666666, 0.5517241379310345], [0.7692307692307693, 0.43478260869565216, 0.5555555555555556], [0.6111111111111112, 0.8461538461538461, 0.7096774193548387]]]
0.1 0.8958333333333334 2.125 0.08333333333333333 0.22916666666666666 0.0 1.0653577611933203 0.37637087022246574 0.6889868909708546
KNN CLASSIC:  [0.5, 0.5565079365079365, 0.5342809364548495, 0.5, 0.5061425061425061, 0.5024570024570024, [[0.36, 0.75, 0.4864864864864865], [0.6428571428571429, 0.391304347826087, 0.4864864864864865], [0.6666666666666666, 0.46153846153846156, 0.5454545454545454]]]
0.1 0.9375 2.3958333333333335 0.125 0.5416666666666666 0.0 1.5332391738833444 0.6403339347690067 0.8929052391143378
predicting 31 / 50
(192, 32) (192,)
SVM CLASSIC:  [0.5833333333333334, 0.5886437908496731, 0.6102749907097733, 0.5833333333333334, 0.5870489663593111, 0.58444118142394, [[0.4117647058823529, 0.5833333333333334, 0.4827586206896552], [0.6875, 0.4782608695652174, 0.5641025641025641], [0.6666666666666666, 0.7692307692307693, 0.7142857142857143]]]
0.1 0.875 2.0833333333333335 0.0625 0.1875 0.0 1.073412842074738 0.3862755889916912 0.6871372530830465
KNN CLASSIC:  [0.5, 0.57, 0.5342809364548495, 0.5, 0.510533089480458, 0.5033572105940526, [[0.36, 0.75, 0.4864864864864865], [0.6, 0.391304347826087, 0.47368421052631576], [0.75, 0.46153846153846156, 0.5714285714285714]]]
0.1 0.9166666666666666 2.2083333333333335 0.10416666666666667 0.3333333333333333 0.0 1.5266438698479916 0.6196210354393786 0.907022834408613
predicting 32 / 50
(192, 33) (192,)
SVM CLASSIC:  [0.5625, 0.5740740740740741, 0.595782237086585, 0.5625, 0.5690893901420218, 0.5623120300751879, [[0.3888888888888889, 0.5833333333333334, 0.4666666666666667], [0.6666666666666666, 0.43478260869565216, 0.5263157894736842], [0.6666666666666666, 0.7692307692307693, 0.7142857142857143]]]
0.1 0.875 2.1875 0.08333333333333333 0.2916666666666667 0.0 1.0982454258074021 0.40167656424675435 0.6965688615606478
KNN CLASSIC:  [0.6041666666666666, 0.6827777777777778, 0.6444630248978075, 0.6041666666666666, 0.6134028765607713, 0.6066164849059587, [[0.44, 0.9166666666666666, 0.5945945945945946], [0.7333333333333333, 0.4782608695652174, 0.5789473684210527], [0.875, 0.5384615384615384, 0.6666666666666666]]]
0.1 0.9583333333333334 2.2083333333333335 0.125 0.3541666666666667 0.0 1.605066260518709 0.6729071528845925 0.9321591076341166
predicting 33 / 50
(192, 34) (192,)
SVM CLASSIC:  [0.5625, 0.5722222222222222, 0.6202155332590116, 0.5625, 0.565079365079365, 0.5424603174603174, [[0.5, 0.6666666666666666, 0.5714285714285714], [0.6666666666666666, 0.34782608695652173, 0.45714285714285713], [0.55, 0.8461538461538461, 0.6666666666666666]]]
0.1 0.875 2.0833333333333335 0.10416666666666667 0.22916666666666666 0.0 1.0599465414478118 0.3571194997783915 0.7028270416694203
KNN CLASSIC:  [0.5625, 0.6243589743589744, 0.6154775176514308, 0.5625, 0.56730957829356, 0.5560204859976027, [[0.4230769230769231, 0.9166666666666666, 0.5789473684210527], [0.75, 0.391304347826087, 0.5142857142857142], [0.7, 0.5384615384615384, 0.6086956521739131]]]
0.1 0.8958333333333334 2.1875 0.125 0.375 0.0 1.6505556121233849 0.7030739467059691 0.9474816654174161
predicting 34 / 50
(192, 35) (192,)
SVM CLASSIC:  [0.5416666666666666, 0.5523809523809523, 0.5924377554812338, 0.5416666666666666, 0.5409067330635958, 0.5239223467164643, [[0.4666666666666667, 0.5833333333333334, 0.5185185185185185], [0.6666666666666666, 0.34782608695652173, 0.45714285714285713], [0.5238095238095238, 0.8461538461538461, 0.6470588235294118]]]
0.1 0.8541666666666666 2.0416666666666665 0.10416666666666667 0.20833333333333334 0.0 1.0564434946992054 0.3538942074030307 0.7025492872961744
KNN CLASSIC:  [0.5, 0.564373897707231, 0.549702712746191, 0.5, 0.49884499884499883, 0.48364951489951497, [[0.4074074074074074, 0.9166666666666666, 0.5641025641025641], [0.5714285714285714, 0.34782608695652173, 0.43243243243243246], [0.7142857142857143, 0.38461538461538464, 0.5]]]
0.1 0.8958333333333334 2.1875 0.125 0.375 0.0 1.6257569422287252 0.6948196900246629 0.9309372522040622
predicting 35 / 50
(192, 36) (192,)
SVM CLASSIC:  [0.5833333333333334, 0.5880952380952381, 0.6214232627276105, 0.5833333333333334, 0.5818895818895818, 0.5741799491799492, [[0.5, 0.5833333333333334, 0.5384615384615384], [0.7142857142857143, 0.43478260869565216, 0.5405405405405406], [0.55, 0.8461538461538461, 0.6666666666666666]]]
0.1 0.8541666666666666 1.9791666666666667 0.14583333333333334 0.1875 0.0 1.0274341160200116 0.347773293448645 0.6796608225713664
KNN CLASSIC:  [0.5625, 0.6289173789173789, 0.6176142697881829, 0.5625, 0.5622710622710623, 0.548191391941392, [[0.4444444444444444, 1.0, 0.6153846153846154], [0.6923076923076923, 0.391304347826087, 0.5], [0.75, 0.46153846153846156, 0.5714285714285714]]]
0.1 0.9375 2.5 0.08333333333333333 0.6041666666666666 0.0 1.7027708719575578 0.748183665641475 0.9545872063160825
predicting 36 / 50
(192, 37) (192,)
SVM CLASSIC:  [0.5833333333333334, 0.5880952380952381, 0.6214232627276105, 0.5833333333333334, 0.5818895818895818, 0.5741799491799492, [[0.5, 0.5833333333333334, 0.5384615384615384], [0.7142857142857143, 0.43478260869565216, 0.5405405405405406], [0.55, 0.8461538461538461, 0.6666666666666666]]]
0.1 0.8541666666666666 2.0625 0.125 0.22916666666666666 0.0 1.0434192652258416 0.3599695091560167 0.6834497560698249
KNN CLASSIC:  [0.5625, 0.5907692307692307, 0.6176142697881829, 0.5625, 0.5567959263611438, 0.5430498433215823, [[0.48, 1.0, 0.6486486486486487], [0.6923076923076923, 0.391304347826087, 0.5], [0.6, 0.46153846153846156, 0.5217391304347826]]]
0.1 0.875 2.1875 0.14583333333333334 0.375 0.0 1.664329147216339 0.6691754017997599 0.9951537454165792
predicting 37 / 50
(192, 38) (192,)
SVM CLASSIC:  [0.5625, 0.5696581196581196, 0.6069305091044223, 0.5625, 0.5617283950617283, 0.5497685185185185, [[0.4666666666666667, 0.5833333333333334, 0.5185185185185185], [0.6923076923076923, 0.391304347826087, 0.5], [0.55, 0.8461538461538461, 0.6666666666666666]]]
0.1 0.875 2.125 0.125 0.3125 0.0 1.0475247941589243 0.36574872126405955 0.6817760728948649
KNN CLASSIC:  [0.5625, 0.6203703703703703, 0.6176142697881829, 0.5625, 0.5583749583749583, 0.548001998001998, [[0.4444444444444444, 1.0, 0.6153846153846154], [0.75, 0.391304347826087, 0.5142857142857142], [0.6666666666666666, 0.46153846153846156, 0.5454545454545454]]]
0.1 0.9375 2.3333333333333335 0.08333333333333333 0.4583333333333333 0.0 1.6237352886783374 0.6568315243588325 0.966903764319505
predicting 38 / 50
(192, 39) (192,)
SVM CLASSIC:  [0.6041666666666666, 0.6037037037037037, 0.635916016350799, 0.6041666666666666, 0.6023811020981367, 0.5992462114066529, [[0.4666666666666667, 0.5833333333333334, 0.5185185185185185], [0.7333333333333333, 0.4782608695652174, 0.5789473684210527], [0.6111111111111112, 0.8461538461538461, 0.7096774193548387]]]
0.1 0.875 2.0625 0.125 0.22916666666666666 0.0 0.9915932892774442 0.3313306282698478 0.6602626610075962
KNN CLASSIC:  [0.5625, 0.6203703703703703, 0.6176142697881829, 0.5625, 0.5583749583749583, 0.548001998001998, [[0.4444444444444444, 1.0, 0.6153846153846154], [0.75, 0.391304347826087, 0.5142857142857142], [0.6666666666666666, 0.46153846153846156, 0.5454545454545454]]]
0.1 0.9375 2.3333333333333335 0.0625 0.4375 0.0 1.675479114901421 0.7080096557963761 0.9674694591050447
predicting 39 / 50
(192, 40) (192,)
SVM CLASSIC:  [0.6041666666666666, 0.6059640522875817, 0.635916016350799, 0.6041666666666666, 0.604093567251462, 0.6010233918128655, [[0.4375, 0.5833333333333334, 0.5], [0.7333333333333333, 0.4782608695652174, 0.5789473684210527], [0.6470588235294118, 0.8461538461538461, 0.7333333333333333]]]
0.1 0.875 1.9375 0.125 0.125 0.0 1.0001445028859928 0.33886040954107033 0.6612840933449223
KNN CLASSIC:  [0.5625, 0.6068376068376068, 0.6176142697881829, 0.5625, 0.5590111642743222, 0.5452053429027113, [[0.46153846153846156, 1.0, 0.631578947368421], [0.6923076923076923, 0.391304347826087, 0.5], [0.6666666666666666, 0.46153846153846156, 0.5454545454545454]]]
0.1 0.9375 2.1875 0.14583333333333334 0.375 0.0 1.7275902431796786 0.7329585873841745 0.9946316557955043
predicting 40 / 50
(192, 41) (192,)
SVM CLASSIC:  [0.5833333333333334, 0.6050944669365722, 0.6235600148643626, 0.5833333333333334, 0.5871132534091378, 0.5820175709636222, [[0.42105263157894735, 0.6666666666666666, 0.5161290322580645], [0.7692307692307693, 0.43478260869565216, 0.5555555555555556], [0.625, 0.7692307692307693, 0.6896551724137931]]]
0.1 0.875 1.9791666666666667 0.10416666666666667 0.10416666666666667 0.0 1.0310085763018937 0.35691458180318997 0.6740939944987036
KNN CLASSIC:  [0.5208333333333334, 0.5772005772005772, 0.5886287625418061, 0.5208333333333334, 0.5190730837789661, 0.4950311942959002, [[0.42857142857142855, 1.0, 0.6], [0.6363636363636364, 0.30434782608695654, 0.4117647058823529], [0.6666666666666666, 0.46153846153846156, 0.5454545454545454]]]
0.1 0.9375 2.2083333333333335 0.14583333333333334 0.375 0.0 1.7660476625838495 0.7256145752019046 1.0404330873819447
predicting 41 / 50
(192, 42) (192,)
SVM CLASSIC:  [0.5625, 0.5992063492063492, 0.6090672612411744, 0.5625, 0.5711399711399712, 0.5610930735930736, [[0.38095238095238093, 0.6666666666666666, 0.48484848484848486], [0.75, 0.391304347826087, 0.5142857142857142], [0.6666666666666666, 0.7692307692307693, 0.7142857142857143]]]
0.1 0.8958333333333334 2.25 0.041666666666666664 0.3125 0.0 1.0405886107669016 0.3517046991344574 0.6888839116324442
KNN CLASSIC:  [0.5208333333333334, 0.5636446886446886, 0.5641954663693795, 0.5208333333333334, 0.5138747770326718, 0.5068132041816252, [[0.4230769230769231, 0.9166666666666666, 0.5789473684210527], [0.6428571428571429, 0.391304347826087, 0.4864864864864865], [0.625, 0.38461538461538464, 0.47619047619047616]]]
0.1 0.9375 2.375 0.041666666666666664 0.4166666666666667 0.0 1.7215040334382332 0.7204316743020663 1.0010723591361668
predicting 42 / 50
(192, 43) (192,)
SVM CLASSIC:  [0.5416666666666666, 0.5858585858585857, 0.5945745076179859, 0.5416666666666666, 0.5518207282913165, 0.5365896358543417, [[0.36363636363636365, 0.6666666666666666, 0.47058823529411764], [0.7272727272727273, 0.34782608695652173, 0.47058823529411764], [0.6666666666666666, 0.7692307692307693, 0.7142857142857143]]]
0.1 0.875 2.2291666666666665 0.041666666666666664 0.2916666666666667 0.0 1.0604845201200828 0.36758773097074854 0.6928967891493342
KNN CLASSIC:  [0.3958333333333333, 0.4265873015873016, 0.4283723522853958, 0.3958333333333333, 0.37857142857142856, 0.3815476190476191, [[0.32142857142857145, 0.75, 0.45], [0.5833333333333334, 0.30434782608695654, 0.4], [0.375, 0.23076923076923078, 0.2857142857142857]]]
0.1 0.9791666666666666 2.6666666666666665 0.020833333333333332 0.6875 0.0 1.7196084093335313 0.7232995743877808 0.9963088349457504
predicting 43 / 50
(192, 44) (192,)
SVM CLASSIC:  [0.5208333333333334, 0.5577200577200577, 0.5689334819769603, 0.5208333333333334, 0.5314659197012138, 0.517250233426704, [[0.36363636363636365, 0.6666666666666666, 0.47058823529411764], [0.6666666666666666, 0.34782608695652173, 0.45714285714285713], [0.6428571428571429, 0.6923076923076923, 0.6666666666666666]]]
0.1 0.875 2.25 0.020833333333333332 0.2916666666666667 0.0 1.0530411976652978 0.36763538986252203 0.6854058078027757
KNN CLASSIC:  [0.4375, 0.4535849952516619, 0.4706428836863619, 0.4375, 0.4143264143264143, 0.41854904354904354, [[0.37037037037037035, 0.8333333333333334, 0.5128205128205128], [0.6153846153846154, 0.34782608695652173, 0.4444444444444444], [0.375, 0.23076923076923078, 0.2857142857142857]]]
0.1 0.9583333333333334 2.8333333333333335 0.0 0.8333333333333334 0.0 1.733477116736543 0.7532690590760774 0.9802080576604658
predicting 44 / 50
(192, 45) (192,)
SVM CLASSIC:  [0.5416666666666666, 0.5696581196581195, 0.5812894834633965, 0.5416666666666666, 0.5505952380952381, 0.5424107142857143, [[0.35, 0.5833333333333334, 0.4375], [0.6923076923076923, 0.391304347826087, 0.5], [0.6666666666666666, 0.7692307692307693, 0.7142857142857143]]]
0.1 0.8541666666666666 2.0625 0.0625 0.14583333333333334 0.0 1.0436065501155778 0.36661826286790716 0.6769882872476707
KNN CLASSIC:  [0.5, 0.5719416386083053, 0.5475659606094389, 0.5, 0.49922299922299923, 0.4959450271950272, [[0.37037037037037035, 0.8333333333333334, 0.5128205128205128], [0.8, 0.34782608695652173, 0.48484848484848486], [0.5454545454545454, 0.46153846153846156, 0.5]]]
0.1 0.9791666666666666 2.6666666666666665 0.020833333333333332 0.6875 0.0 1.6489021131377175 0.6670627381020742 0.9818393750356433
predicting 45 / 50
(192, 46) (192,)
SVM CLASSIC:  [0.5625, 0.5783730158730159, 0.5936454849498327, 0.5625, 0.5663870767319042, 0.5644687791239514, [[0.3333333333333333, 0.5, 0.4], [0.7142857142857143, 0.43478260869565216, 0.5405405405405406], [0.6875, 0.8461538461538461, 0.7586206896551724]]]
0.1 0.875 2.25 0.041666666666666664 0.3125 0.0 1.0558564755547488 0.3871811897161123 0.6686752858386363
KNN CLASSIC:  [0.5, 0.5856960408684547, 0.5608509847640283, 0.5, 0.49860816542948044, 0.4850861059561682, [[0.3793103448275862, 0.9166666666666666, 0.5365853658536586], [0.7777777777777778, 0.30434782608695654, 0.4375], [0.6, 0.46153846153846156, 0.5217391304347826]]]
0.1 0.9166666666666666 2.2916666666666665 0.10416666666666667 0.4375 0.0 1.7252415468089008 0.7329413187846927 0.992300228024208
predicting 46 / 50
(192, 47) (192,)
SVM CLASSIC:  [0.5625, 0.5690359477124183, 0.5824972129319955, 0.5625, 0.5640604606121847, 0.5671998021135952, [[0.35294117647058826, 0.5, 0.41379310344827586], [0.6875, 0.4782608695652174, 0.5641025641025641], [0.6666666666666666, 0.7692307692307693, 0.7142857142857143]]]
0.1 0.8541666666666666 2.0833333333333335 0.08333333333333333 0.1875 0.0 1.0498397291631514 0.37813531706550396 0.6717044120976473
KNN CLASSIC:  [0.4791666666666667, 0.5722222222222223, 0.5463582311408398, 0.4791666666666667, 0.47754847614595164, 0.45774059974620984, [[0.36666666666666664, 0.9166666666666666, 0.5238095238095238], [0.75, 0.2608695652173913, 0.3870967741935484], [0.6, 0.46153846153846156, 0.5217391304347826]]]
0.1 0.9166666666666666 2.2708333333333335 0.10416666666666667 0.4166666666666667 0.0 1.652364818389054 0.658914518029881 0.9934503003591729
predicting 47 / 50
(192, 48) (192,)
SVM CLASSIC:  [0.5625, 0.5690359477124183, 0.5824972129319955, 0.5625, 0.5640604606121847, 0.5671998021135952, [[0.35294117647058826, 0.5, 0.41379310344827586], [0.6875, 0.4782608695652174, 0.5641025641025641], [0.6666666666666666, 0.7692307692307693, 0.7142857142857143]]]
0.1 0.8541666666666666 2.1041666666666665 0.08333333333333333 0.20833333333333334 0.0 1.0486250678546447 0.37665166202405426 0.6719734058305903
KNN CLASSIC:  [0.4791666666666667, 0.5722222222222223, 0.5463582311408398, 0.4791666666666667, 0.47754847614595164, 0.45774059974620984, [[0.36666666666666664, 0.9166666666666666, 0.5238095238095238], [0.75, 0.2608695652173913, 0.3870967741935484], [0.6, 0.46153846153846156, 0.5217391304347826]]]
0.1 0.9166666666666666 2.2708333333333335 0.10416666666666667 0.4166666666666667 0.0 1.680666594527123 0.6808398768268269 0.9998267177002959
predicting 48 / 50
(192, 49) (192,)
SVM CLASSIC:  [0.5833333333333334, 0.611965811965812, 0.6235600148643626, 0.5833333333333334, 0.5899470899470899, 0.5846560846560847, [[0.4, 0.6666666666666666, 0.5], [0.7692307692307693, 0.43478260869565216, 0.5555555555555556], [0.6666666666666666, 0.7692307692307693, 0.7142857142857143]]]
0.1 0.8958333333333334 2.2708333333333335 0.020833333333333332 0.2916666666666667 0.0 1.0773244068394077 0.40680778525558603 0.6705166215838215
KNN CLASSIC:  [0.4583333333333333, 0.546760710553814, 0.5185804533630621, 0.4583333333333333, 0.45830055074744297, 0.44285175714660374, [[0.3448275862068966, 0.8333333333333334, 0.4878048780487805], [0.75, 0.2608695652173913, 0.3870967741935484], [0.5454545454545454, 0.46153846153846156, 0.5]]]
0.1 0.9166666666666666 2.2708333333333335 0.10416666666666667 0.4166666666666667 0.0 1.6631614638964523 0.6683544366148345 0.9948070272816176
predicting 49 / 50
(192, 50) (192,)
SVM CLASSIC:  [0.5833333333333334, 0.6050944669365722, 0.6235600148643626, 0.5833333333333334, 0.5871132534091378, 0.5820175709636222, [[0.42105263157894735, 0.6666666666666666, 0.5161290322580645], [0.7692307692307693, 0.43478260869565216, 0.5555555555555556], [0.625, 0.7692307692307693, 0.6896551724137931]]]
0.1 0.8958333333333334 2.2291666666666665 0.0625 0.2916666666666667 0.0 1.0527030365069956 0.3942798021701454 0.6584232343368501
KNN CLASSIC:  [0.4791666666666667, 0.530952380952381, 0.5352099591230025, 0.4791666666666667, 0.4696750109793588, 0.45853645147123406, [[0.39285714285714285, 0.9166666666666666, 0.55], [0.7, 0.30434782608695654, 0.42424242424242425], [0.5, 0.38461538461538464, 0.43478260869565216]]]
0.1 0.9583333333333334 2.2708333333333335 0.08333333333333333 0.375 0.0 1.6128815725946843 0.6263310278020408 0.9865505447926436
0 / 50
1 / 50
2 / 50
3 / 50
4 / 50
5 / 50
6 / 50
7 / 50
8 / 50
9 / 50
10 / 50
11 / 50
12 / 50
13 / 50
14 / 50
15 / 50
16 / 50
17 / 50
18 / 50
19 / 50
20 / 50
21 / 50
22 / 50
23 / 50
24 / 50
25 / 50
26 / 50
27 / 50
28 / 50
slurmstepd: error: *** STEP 1069534.0 ON nodo11 CANCELLED AT 2024-07-01T10:08:25 ***
