METHOD:  mRMR_MS
CLASSES:  [0, 1, 2]
0 / 50
1 / 50
2 / 50
3 / 50
4 / 50
5 / 50
6 / 50
7 / 50
8 / 50
9 / 50
10 / 50
11 / 50
12 / 50
13 / 50
14 / 50
15 / 50
16 / 50
17 / 50
18 / 50
19 / 50
20 / 50
21 / 50
22 / 50
23 / 50
24 / 50
25 / 50
26 / 50
27 / 50
28 / 50
29 / 50
30 / 50
31 / 50
32 / 50
33 / 50
34 / 50
35 / 50
36 / 50
37 / 50
38 / 50
39 / 50
40 / 50
41 / 50
42 / 50
43 / 50
44 / 50
45 / 50
46 / 50
47 / 50
48 / 50
49 / 50
[[531], [531, 46], [531, 46, 536], [531, 46, 536, 539], [531, 46, 536, 539, 44], [531, 46, 536, 539, 44, 535], [531, 46, 536, 539, 44, 535, 17], [531, 46, 536, 539, 44, 535, 17, 538], [531, 46, 536, 539, 44, 535, 17, 538, 540], [531, 46, 536, 539, 44, 535, 17, 538, 540, 537], [531, 46, 536, 539, 44, 535, 17, 538, 540, 537, 41], [531, 46, 536, 539, 44, 535, 17, 538, 540, 537, 41, 31], [531, 46, 536, 539, 44, 535, 17, 538, 540, 537, 41, 31, 530], [531, 46, 536, 539, 44, 535, 17, 538, 540, 537, 41, 31, 530, 40], [531, 46, 536, 539, 44, 535, 17, 538, 540, 537, 41, 31, 530, 40, 528], [531, 46, 536, 539, 44, 535, 17, 538, 540, 537, 41, 31, 530, 40, 528, 534], [531, 46, 536, 539, 44, 535, 17, 538, 540, 537, 41, 31, 530, 40, 528, 534, 448], [531, 46, 536, 539, 44, 535, 17, 538, 540, 537, 41, 31, 530, 40, 528, 534, 448, 21], [531, 46, 536, 539, 44, 535, 17, 538, 540, 537, 41, 31, 530, 40, 528, 534, 448, 21, 16], [531, 46, 536, 539, 44, 535, 17, 538, 540, 537, 41, 31, 530, 40, 528, 534, 448, 21, 16, 30], [531, 46, 536, 539, 44, 535, 17, 538, 540, 537, 41, 31, 530, 40, 528, 534, 448, 21, 16, 30, 281], [531, 46, 536, 539, 44, 535, 17, 538, 540, 537, 41, 31, 530, 40, 528, 534, 448, 21, 16, 30, 281, 36], [531, 46, 536, 539, 44, 535, 17, 538, 540, 537, 41, 31, 530, 40, 528, 534, 448, 21, 16, 30, 281, 36, 14], [531, 46, 536, 539, 44, 535, 17, 538, 540, 537, 41, 31, 530, 40, 528, 534, 448, 21, 16, 30, 281, 36, 14, 207], [531, 46, 536, 539, 44, 535, 17, 538, 540, 537, 41, 31, 530, 40, 528, 534, 448, 21, 16, 30, 281, 36, 14, 207, 20], [531, 46, 536, 539, 44, 535, 17, 538, 540, 537, 41, 31, 530, 40, 528, 534, 448, 21, 16, 30, 281, 36, 14, 207, 20, 28], [531, 46, 536, 539, 44, 535, 17, 538, 540, 537, 41, 31, 530, 40, 528, 534, 448, 21, 16, 30, 281, 36, 14, 207, 20, 28, 166], [531, 46, 536, 539, 44, 535, 17, 538, 540, 537, 41, 31, 530, 40, 528, 534, 448, 21, 16, 30, 281, 36, 14, 207, 20, 28, 166, 293], [531, 46, 536, 539, 44, 535, 17, 538, 540, 537, 41, 31, 530, 40, 528, 534, 448, 21, 16, 30, 281, 36, 14, 207, 20, 28, 166, 293, 19], [531, 46, 536, 539, 44, 535, 17, 538, 540, 537, 41, 31, 530, 40, 528, 534, 448, 21, 16, 30, 281, 36, 14, 207, 20, 28, 166, 293, 19, 213], [531, 46, 536, 539, 44, 535, 17, 538, 540, 537, 41, 31, 530, 40, 528, 534, 448, 21, 16, 30, 281, 36, 14, 207, 20, 28, 166, 293, 19, 213, 275], [531, 46, 536, 539, 44, 535, 17, 538, 540, 537, 41, 31, 530, 40, 528, 534, 448, 21, 16, 30, 281, 36, 14, 207, 20, 28, 166, 293, 19, 213, 275, 22], [531, 46, 536, 539, 44, 535, 17, 538, 540, 537, 41, 31, 530, 40, 528, 534, 448, 21, 16, 30, 281, 36, 14, 207, 20, 28, 166, 293, 19, 213, 275, 22, 68], [531, 46, 536, 539, 44, 535, 17, 538, 540, 537, 41, 31, 530, 40, 528, 534, 448, 21, 16, 30, 281, 36, 14, 207, 20, 28, 166, 293, 19, 213, 275, 22, 68, 7], [531, 46, 536, 539, 44, 535, 17, 538, 540, 537, 41, 31, 530, 40, 528, 534, 448, 21, 16, 30, 281, 36, 14, 207, 20, 28, 166, 293, 19, 213, 275, 22, 68, 7, 397], [531, 46, 536, 539, 44, 535, 17, 538, 540, 537, 41, 31, 530, 40, 528, 534, 448, 21, 16, 30, 281, 36, 14, 207, 20, 28, 166, 293, 19, 213, 275, 22, 68, 7, 397, 186], [531, 46, 536, 539, 44, 535, 17, 538, 540, 537, 41, 31, 530, 40, 528, 534, 448, 21, 16, 30, 281, 36, 14, 207, 20, 28, 166, 293, 19, 213, 275, 22, 68, 7, 397, 186, 288], [531, 46, 536, 539, 44, 535, 17, 538, 540, 537, 41, 31, 530, 40, 528, 534, 448, 21, 16, 30, 281, 36, 14, 207, 20, 28, 166, 293, 19, 213, 275, 22, 68, 7, 397, 186, 288, 34], [531, 46, 536, 539, 44, 535, 17, 538, 540, 537, 41, 31, 530, 40, 528, 534, 448, 21, 16, 30, 281, 36, 14, 207, 20, 28, 166, 293, 19, 213, 275, 22, 68, 7, 397, 186, 288, 34, 106], [531, 46, 536, 539, 44, 535, 17, 538, 540, 537, 41, 31, 530, 40, 528, 534, 448, 21, 16, 30, 281, 36, 14, 207, 20, 28, 166, 293, 19, 213, 275, 22, 68, 7, 397, 186, 288, 34, 106, 331], [531, 46, 536, 539, 44, 535, 17, 538, 540, 537, 41, 31, 530, 40, 528, 534, 448, 21, 16, 30, 281, 36, 14, 207, 20, 28, 166, 293, 19, 213, 275, 22, 68, 7, 397, 186, 288, 34, 106, 331, 25], [531, 46, 536, 539, 44, 535, 17, 538, 540, 537, 41, 31, 530, 40, 528, 534, 448, 21, 16, 30, 281, 36, 14, 207, 20, 28, 166, 293, 19, 213, 275, 22, 68, 7, 397, 186, 288, 34, 106, 331, 25, 193], [531, 46, 536, 539, 44, 535, 17, 538, 540, 537, 41, 31, 530, 40, 528, 534, 448, 21, 16, 30, 281, 36, 14, 207, 20, 28, 166, 293, 19, 213, 275, 22, 68, 7, 397, 186, 288, 34, 106, 331, 25, 193, 102], [531, 46, 536, 539, 44, 535, 17, 538, 540, 537, 41, 31, 530, 40, 528, 534, 448, 21, 16, 30, 281, 36, 14, 207, 20, 28, 166, 293, 19, 213, 275, 22, 68, 7, 397, 186, 288, 34, 106, 331, 25, 193, 102, 283], [531, 46, 536, 539, 44, 535, 17, 538, 540, 537, 41, 31, 530, 40, 528, 534, 448, 21, 16, 30, 281, 36, 14, 207, 20, 28, 166, 293, 19, 213, 275, 22, 68, 7, 397, 186, 288, 34, 106, 331, 25, 193, 102, 283, 85], [531, 46, 536, 539, 44, 535, 17, 538, 540, 537, 41, 31, 530, 40, 528, 534, 448, 21, 16, 30, 281, 36, 14, 207, 20, 28, 166, 293, 19, 213, 275, 22, 68, 7, 397, 186, 288, 34, 106, 331, 25, 193, 102, 283, 85, 6], [531, 46, 536, 539, 44, 535, 17, 538, 540, 537, 41, 31, 530, 40, 528, 534, 448, 21, 16, 30, 281, 36, 14, 207, 20, 28, 166, 293, 19, 213, 275, 22, 68, 7, 397, 186, 288, 34, 106, 331, 25, 193, 102, 283, 85, 6, 488], [531, 46, 536, 539, 44, 535, 17, 538, 540, 537, 41, 31, 530, 40, 528, 534, 448, 21, 16, 30, 281, 36, 14, 207, 20, 28, 166, 293, 19, 213, 275, 22, 68, 7, 397, 186, 288, 34, 106, 331, 25, 193, 102, 283, 85, 6, 488, 192], [531, 46, 536, 539, 44, 535, 17, 538, 540, 537, 41, 31, 530, 40, 528, 534, 448, 21, 16, 30, 281, 36, 14, 207, 20, 28, 166, 293, 19, 213, 275, 22, 68, 7, 397, 186, 288, 34, 106, 331, 25, 193, 102, 283, 85, 6, 488, 192, 532], [531, 46, 536, 539, 44, 535, 17, 538, 540, 537, 41, 31, 530, 40, 528, 534, 448, 21, 16, 30, 281, 36, 14, 207, 20, 28, 166, 293, 19, 213, 275, 22, 68, 7, 397, 186, 288, 34, 106, 331, 25, 193, 102, 283, 85, 6, 488, 192, 532, 55]]
predicting 0 / 50
(192, 1) (192,)
SVM CLASSIC:  [0.6041666666666666, 0.4351851851851852, 0.5206243032329989, 0.6041666666666666, 0.4659887005649717, 0.5198587570621469, [[0.0, 0.0, 0.0], [0.5555555555555556, 0.8695652173913043, 0.6779661016949152], [0.75, 0.6923076923076923, 0.72]]]
0.1 0.9583333333333334 2.625 0.0625 0.7291666666666666 0.0 1.599926438208799 0.6888282619438165 0.9110981762649825
KNN CLASSIC:  [0.5416666666666666, 0.5626934984520123, 0.5701412114455593, 0.5416666666666666, 0.5596496989600438, 0.5438642583470169, [[0.4117647058823529, 0.5833333333333334, 0.4827586206896552], [0.5263157894736842, 0.43478260869565216, 0.47619047619047616], [0.75, 0.6923076923076923, 0.72]]]
0.1 1.0 3.0 0.0 1.0 0.0 2.178899593644893 1.0571542380870411 1.121745355557852
predicting 1 / 50
(192, 2) (192,)
SVM CLASSIC:  [0.5, 0.34793650793650793, 0.47045707915273133, 0.5, 0.39624183006535946, 0.4347937091503267, [[0.0, 0.0, 0.0], [0.52, 0.5652173913043478, 0.5416666666666666], [0.5238095238095238, 0.8461538461538461, 0.6470588235294118]]]
0.1 0.9375 2.125 0.125 0.3125 0.0 1.1250852901255701 0.41730380106693793 0.7077814890586321
KNN CLASSIC:  [0.5, 0.48148148148148145, 0.5235971757710888, 0.5, 0.49401171431069146, 0.48590348806713873, [[0.3333333333333333, 0.3333333333333333, 0.3333333333333333], [0.5, 0.391304347826087, 0.43902439024390244], [0.6111111111111112, 0.8461538461538461, 0.7096774193548387]]]
0.1 1.0 3.0 0.0 1.0 0.0 1.8334012660473544 0.8342684459342119 0.999132820113143
predicting 2 / 50
(192, 3) (192,)
SVM CLASSIC:  [0.5, 0.5132832080200501, 0.5411557041991825, 0.5, 0.5089674928384605, 0.4942175758708017, [[0.3684210526315789, 0.5833333333333334, 0.45161290322580644], [0.5714285714285714, 0.34782608695652173, 0.43243243243243246], [0.6, 0.6923076923076923, 0.6428571428571429]]]
0.1 0.8958333333333334 2.0833333333333335 0.08333333333333333 0.20833333333333334 0.0 1.0437769620492048 0.3383493380293107 0.7054276240198942
KNN CLASSIC:  [0.5208333333333334, 0.5164835164835164, 0.5157933853586028, 0.5208333333333334, 0.5151515151515151, 0.5257867132867132, [[0.2857142857142857, 0.3333333333333333, 0.3076923076923077], [0.5714285714285714, 0.5217391304347826, 0.5454545454545454], [0.6923076923076923, 0.6923076923076923, 0.6923076923076923]]]
0.1 1.0 3.0 0.0 1.0 0.0 1.8385447787390483 0.8807265727683484 0.9578182059707
predicting 3 / 50
(192, 4) (192,)
SVM CLASSIC:  [0.625, 0.6256613756613757, 0.6525455221107395, 0.625, 0.6253101736972705, 0.6234491315136477, [[0.5714285714285714, 0.6666666666666666, 0.6153846153846154], [0.75, 0.5217391304347826, 0.6153846153846154], [0.5555555555555556, 0.7692307692307693, 0.6451612903225806]]]
0.1 0.8958333333333334 1.9375 0.125 0.10416666666666667 0.0 1.024007385046103 0.34052310437786537 0.6834842806682374
KNN CLASSIC:  [0.5833333333333334, 0.5958032335741313, 0.6145484949832776, 0.5833333333333334, 0.590215053763441, 0.5820362903225806, [[0.47368421052631576, 0.75, 0.5806451612903226], [0.6470588235294118, 0.4782608695652174, 0.55], [0.6666666666666666, 0.6153846153846154, 0.64]]]
0.1 1.0 3.0 0.0 1.0 0.0 1.6148695211530917 0.7093180473548335 0.9055514737982583
predicting 4 / 50
(192, 5) (192,)
SVM CLASSIC:  [0.7291666666666666, 0.7363247863247864, 0.7717391304347826, 0.7291666666666666, 0.7306964380648591, 0.7212347155768208, [[0.6923076923076923, 0.75, 0.72], [0.8666666666666667, 0.5652173913043478, 0.6842105263157895], [0.65, 1.0, 0.7878787878787878]]]
0.1 0.9166666666666666 1.9791666666666667 0.10416666666666667 0.10416666666666667 0.0 1.0577312248996418 0.3631370492433748 0.6945941756562671
KNN CLASSIC:  [0.7083333333333334, 0.6990231990231989, 0.7126532887402451, 0.7083333333333334, 0.7039627039627039, 0.7090617715617715, [[0.6428571428571429, 0.75, 0.6923076923076923], [0.7619047619047619, 0.6956521739130435, 0.7272727272727273], [0.6923076923076923, 0.6923076923076923, 0.6923076923076923]]]
0.1 1.0 3.0 0.0 1.0 0.0 1.5647902295457545 0.656387829238849 0.9084024003069056
predicting 5 / 50
(192, 6) (192,)
SVM CLASSIC:  [0.6875, 0.6884615384615386, 0.7294685990338164, 0.6875, 0.6864859117490697, 0.6760154173312068, [[0.6153846153846154, 0.6666666666666666, 0.64], [0.8, 0.5217391304347826, 0.631578947368421], [0.65, 1.0, 0.7878787878787878]]]
0.1 0.8958333333333334 1.9791666666666667 0.125 0.125 0.0 1.058143326835452 0.3581488902584711 0.699994436576981
KNN CLASSIC:  [0.6666666666666666, 0.6720846233230134, 0.6836677814938685, 0.6666666666666666, 0.6691187739463601, 0.6696168582375478, [[0.5294117647058824, 0.75, 0.6206896551724138], [0.7368421052631579, 0.6086956521739131, 0.6666666666666666], [0.75, 0.6923076923076923, 0.72]]]
0.1 1.0 3.0 0.0 1.0 0.0 1.5293545726110809 0.6531629471251176 0.8761916254859633
predicting 6 / 50
(192, 7) (192,)
SVM CLASSIC:  [0.6875, 0.6884615384615386, 0.7294685990338164, 0.6875, 0.6864859117490697, 0.6760154173312068, [[0.6153846153846154, 0.6666666666666666, 0.64], [0.8, 0.5217391304347826, 0.631578947368421], [0.65, 1.0, 0.7878787878787878]]]
0.1 0.9166666666666666 2.0625 0.0625 0.14583333333333334 0.0 1.0694735828031847 0.36695850840776423 0.7025150743954205
KNN CLASSIC:  [0.6666666666666666, 0.684033315612263, 0.670382757339279, 0.6666666666666666, 0.6658730158730158, 0.6787202380952381, [[0.4444444444444444, 0.6666666666666666, 0.5333333333333333], [0.7894736842105263, 0.6521739130434783, 0.7142857142857143], [0.8181818181818182, 0.6923076923076923, 0.75]]]
0.1 1.0 3.0 0.0 1.0 0.0 1.5142999319438342 0.6672815812504588 0.8470183506933754
predicting 7 / 50
(192, 8) (192,)
SVM CLASSIC:  [0.6041666666666666, 0.6104427736006683, 0.635916016350799, 0.6041666666666666, 0.6002043710377044, 0.6007374562062062, [[0.4666666666666667, 0.5833333333333334, 0.5185185185185185], [0.7857142857142857, 0.4782608695652174, 0.5945945945945946], [0.5789473684210527, 0.8461538461538461, 0.6875]]]
0.1 0.9166666666666666 2.125 0.041666666666666664 0.20833333333333334 0.0 1.0535674312744703 0.3674004748355917 0.6861669564388787
KNN CLASSIC:  [0.625, 0.6420168067226891, 0.6169639539204756, 0.625, 0.6200763254736268, 0.6357999977284085, [[0.4117647058823529, 0.5833333333333334, 0.4827586206896552], [0.7142857142857143, 0.6521739130434783, 0.6818181818181818], [0.8, 0.6153846153846154, 0.6956521739130435]]]
0.1 1.0 2.8958333333333335 0.0 0.8958333333333334 0.0 1.4898372787021597 0.6224635498376861 0.8673737288644737
predicting 8 / 50
(192, 9) (192,)
SVM CLASSIC:  [0.75, 0.7642857142857142, 0.7995169082125604, 0.75, 0.7532707532707533, 0.7424032424032424, [[0.7142857142857143, 0.8333333333333334, 0.7692307692307693], [0.9285714285714286, 0.5652173913043478, 0.7027027027027027], [0.65, 1.0, 0.7878787878787878]]]
0.1 0.9166666666666666 2.0625 0.0625 0.16666666666666666 0.0 1.052775011838398 0.33670561838616875 0.7160693934522294
KNN CLASSIC:  [0.5416666666666666, 0.548430735930736, 0.5478446674098848, 0.5416666666666666, 0.5429292929292929, 0.5443497474747475, [[0.4375, 0.5833333333333334, 0.5], [0.5714285714285714, 0.5217391304347826, 0.5454545454545454], [0.6363636363636364, 0.5384615384615384, 0.5833333333333334]]]
0.1 1.0 2.9166666666666665 0.0 0.9166666666666666 0.0 1.4082176217016418 0.5636797443738252 0.8445378773278166
predicting 9 / 50
(192, 10) (192,)
SVM CLASSIC:  [0.75, 0.7642857142857142, 0.7995169082125604, 0.75, 0.7532707532707533, 0.7424032424032424, [[0.7142857142857143, 0.8333333333333334, 0.7692307692307693], [0.9285714285714286, 0.5652173913043478, 0.7027027027027027], [0.65, 1.0, 0.7878787878787878]]]
0.1 0.9166666666666666 2.0 0.0625 0.10416666666666667 0.0 1.0514599951407795 0.3366942305359124 0.7147657646048672
KNN CLASSIC:  [0.5416666666666666, 0.5703703703703703, 0.5611296915644742, 0.5416666666666666, 0.5484270060091906, 0.5469688936019795, [[0.4, 0.6666666666666666, 0.5], [0.6111111111111112, 0.4782608695652174, 0.5365853658536586], [0.7, 0.5384615384615384, 0.6086956521739131]]]
0.1 1.0 3.0 0.0 1.0 0.0 1.4515498597467513 0.624192896798578 0.8273569629481735
predicting 10 / 50
(192, 11) (192,)
SVM CLASSIC:  [0.75, 0.7642857142857142, 0.7995169082125604, 0.75, 0.7532707532707533, 0.7424032424032424, [[0.7142857142857143, 0.8333333333333334, 0.7692307692307693], [0.9285714285714286, 0.5652173913043478, 0.7027027027027027], [0.65, 1.0, 0.7878787878787878]]]
0.1 0.9166666666666666 2.0625 0.0625 0.16666666666666666 0.0 1.0820011076799392 0.3617371228238913 0.7202639848560479
KNN CLASSIC:  [0.5416666666666666, 0.5689033189033189, 0.5744147157190636, 0.5416666666666666, 0.543317435082141, 0.5430286168521463, [[0.4090909090909091, 0.75, 0.5294117647058824], [0.7142857142857143, 0.43478260869565216, 0.5405405405405406], [0.5833333333333334, 0.5384615384615384, 0.56]]]
0.1 1.0 2.9583333333333335 0.0 0.9583333333333334 0.0 1.4367365489064639 0.5940864779253372 0.8426500709811267
predicting 11 / 50
(192, 12) (192,)
SVM CLASSIC:  [0.6875, 0.6976214574898786, 0.7427536231884058, 0.6875, 0.6888227513227513, 0.6735904431216931, [[0.5625, 0.75, 0.6428571428571429], [0.8461538461538461, 0.4782608695652174, 0.6111111111111112], [0.6842105263157895, 1.0, 0.8125]]]
0.1 0.9375 2.1666666666666665 0.041666666666666664 0.22916666666666666 0.0 1.1040430007477873 0.37555130130714626 0.7284916994406408
KNN CLASSIC:  [0.6041666666666666, 0.6124338624338624, 0.6269044964697138, 0.6041666666666666, 0.6051282051282051, 0.6087606837606838, [[0.4444444444444444, 0.6666666666666666, 0.5333333333333333], [0.75, 0.5217391304347826, 0.6153846153846154], [0.6428571428571429, 0.6923076923076923, 0.6666666666666666]]]
0.1 0.9583333333333334 2.6875 0.020833333333333332 0.7083333333333334 0.0 1.4123554443752881 0.5157618078826496 0.8965936364926385
predicting 12 / 50
(192, 13) (192,)
SVM CLASSIC:  [0.6458333333333334, 0.6647746818025456, 0.7026198439241917, 0.6458333333333334, 0.6473727422003285, 0.6321069376026273, [[0.5294117647058824, 0.75, 0.6206896551724138], [0.8333333333333334, 0.43478260869565216, 0.5714285714285714], [0.631578947368421, 0.9230769230769231, 0.75]]]
0.1 0.9166666666666666 2.125 0.041666666666666664 0.20833333333333334 0.0 1.0958245559587818 0.3642860077411365 0.7315385482176451
KNN CLASSIC:  [0.5416666666666666, 0.561904761904762, 0.5834262356001486, 0.5416666666666666, 0.551051051051051, 0.5386636636636637, [[0.4, 0.6666666666666666, 0.5], [0.6428571428571429, 0.391304347826087, 0.4864864864864865], [0.6428571428571429, 0.6923076923076923, 0.6666666666666666]]]
0.1 0.9791666666666666 2.7291666666666665 0.020833333333333332 0.75 0.0 1.4643636379981657 0.589923586909472 0.8744400510886937
predicting 13 / 50
(192, 14) (192,)
SVM CLASSIC:  [0.6458333333333334, 0.6647746818025456, 0.7026198439241917, 0.6458333333333334, 0.6473727422003285, 0.6321069376026273, [[0.5294117647058824, 0.75, 0.6206896551724138], [0.8333333333333334, 0.43478260869565216, 0.5714285714285714], [0.631578947368421, 0.9230769230769231, 0.75]]]
0.1 0.9166666666666666 2.125 0.041666666666666664 0.20833333333333334 0.0 1.1068648177933647 0.36881673081018346 0.7380480869831815
KNN CLASSIC:  [0.5416666666666666, 0.5606837606837607, 0.5722779635823114, 0.5416666666666666, 0.5472334682860999, 0.543859649122807, [[0.4, 0.6666666666666666, 0.5], [0.6666666666666666, 0.43478260869565216, 0.5263157894736842], [0.6153846153846154, 0.6153846153846154, 0.6153846153846154]]]
0.1 0.9791666666666666 2.75 0.0 0.75 0.0 1.5135842081424775 0.6106207776363618 0.9029634305061162
predicting 14 / 50
(192, 15) (192,)
SVM CLASSIC:  [0.6458333333333334, 0.6502088554720133, 0.6893348197696024, 0.6458333333333334, 0.6457290623957291, 0.6361830580580581, [[0.5333333333333333, 0.6666666666666666, 0.5925925925925926], [0.7857142857142857, 0.4782608695652174, 0.5945945945945946], [0.631578947368421, 0.9230769230769231, 0.75]]]
0.1 0.9166666666666666 2.1458333333333335 0.041666666666666664 0.20833333333333334 0.0 1.0808515150774924 0.3645925317078093 0.7162589833696834
KNN CLASSIC:  [0.4375, 0.4666666666666666, 0.4509476031215162, 0.4375, 0.44525450689289503, 0.4454202014846236, [[0.3, 0.5, 0.375], [0.5, 0.391304347826087, 0.43902439024390244], [0.6, 0.46153846153846156, 0.5217391304347826]]]
0.1 0.9791666666666666 2.875 0.0 0.875 0.0 1.4685814065096146 0.5798912926337109 0.8886901138759035
predicting 15 / 50
(192, 16) (192,)
SVM CLASSIC:  [0.6041666666666666, 0.6041771094402674, 0.6470642883686363, 0.6041666666666666, 0.6030196863530196, 0.5917636386386387, [[0.4666666666666667, 0.5833333333333334, 0.5185185185185185], [0.7142857142857143, 0.43478260869565216, 0.5405405405405406], [0.631578947368421, 0.9230769230769231, 0.75]]]
0.1 0.9166666666666666 2.1458333333333335 0.041666666666666664 0.22916666666666666 0.0 1.0918514406913946 0.3731574204723751 0.7186940202190195
KNN CLASSIC:  [0.4375, 0.4666666666666666, 0.4509476031215162, 0.4375, 0.44525450689289503, 0.4454202014846236, [[0.3, 0.5, 0.375], [0.5, 0.391304347826087, 0.43902439024390244], [0.6, 0.46153846153846156, 0.5217391304347826]]]
0.1 1.0 2.8958333333333335 0.0 0.8958333333333334 0.0 1.518555388212785 0.628609127643268 0.8899462605695169
predicting 16 / 50
(192, 17) (192,)
SVM CLASSIC:  [0.6666666666666666, 0.6626984126984127, 0.7038275733927909, 0.6666666666666666, 0.6683209263854426, 0.6583953680727874, [[0.5714285714285714, 0.6666666666666666, 0.6153846153846154], [0.75, 0.5217391304347826, 0.6153846153846154], [0.6666666666666666, 0.9230769230769231, 0.7741935483870968]]]
0.1 0.9166666666666666 2.0833333333333335 0.041666666666666664 0.16666666666666666 0.0 1.1085328622335624 0.38816413878221817 0.7203687234513442
KNN CLASSIC:  [0.4375, 0.4545454545454546, 0.4775176514306949, 0.4375, 0.44298887122416536, 0.4289533651298358, [[0.36363636363636365, 0.6666666666666666, 0.47058823529411764], [0.5, 0.30434782608695654, 0.3783783783783784], [0.5, 0.46153846153846156, 0.48]]]
0.1 1.0 3.0 0.0 1.0 0.0 1.6396320728730285 0.7609695981572134 0.8786624747158154
predicting 17 / 50
(192, 18) (192,)
SVM CLASSIC:  [0.6041666666666666, 0.6088554720133668, 0.6492010405053884, 0.6041666666666666, 0.6068777110443777, 0.5933550738238238, [[0.5333333333333333, 0.6666666666666666, 0.5925925925925926], [0.7142857142857143, 0.43478260869565216, 0.5405405405405406], [0.5789473684210527, 0.8461538461538461, 0.6875]]]
0.1 0.8958333333333334 2.0625 0.0625 0.16666666666666666 0.0 1.108832310444248 0.3956968885436245 0.7131354219006235
KNN CLASSIC:  [0.4166666666666667, 0.4444444444444444, 0.46302489780750644, 0.4166666666666667, 0.4224338624338624, 0.40539682539682537, [[0.3333333333333333, 0.6666666666666666, 0.4444444444444444], [0.5, 0.2608695652173913, 0.34285714285714286], [0.5, 0.46153846153846156, 0.48]]]
0.1 1.0 3.0 0.0 1.0 0.0 1.6287550444103758 0.7650051851468396 0.8637498592635359
predicting 18 / 50
(192, 19) (192,)
SVM CLASSIC:  [0.625, 0.6279030910609857, 0.6636937941285767, 0.625, 0.6272773279352227, 0.6174563512145749, [[0.5714285714285714, 0.6666666666666666, 0.6153846153846154], [0.7333333333333333, 0.4782608695652174, 0.5789473684210527], [0.5789473684210527, 0.8461538461538461, 0.6875]]]
0.1 0.9166666666666666 2.0416666666666665 0.041666666666666664 0.10416666666666667 0.0 1.1021884957707349 0.3807054500409886 0.7214830457297464
KNN CLASSIC:  [0.4583333333333333, 0.5, 0.5031586770717206, 0.4583333333333333, 0.4681481481481482, 0.4544444444444445, [[0.3333333333333333, 0.6666666666666666, 0.4444444444444444], [0.5833333333333334, 0.30434782608695654, 0.4], [0.5833333333333334, 0.5384615384615384, 0.56]]]
0.1 1.0 2.7916666666666665 0.0 0.7916666666666666 0.0 1.578997475096297 0.7018921490489921 0.877105326047305
predicting 19 / 50
(192, 20) (192,)
SVM CLASSIC:  [0.625, 0.6259259259259259, 0.6636937941285767, 0.625, 0.627072460122828, 0.6177647299251713, [[0.5333333333333333, 0.6666666666666666, 0.5925925925925926], [0.7333333333333333, 0.4782608695652174, 0.5789473684210527], [0.6111111111111112, 0.8461538461538461, 0.7096774193548387]]]
0.1 0.9166666666666666 2.0625 0.041666666666666664 0.125 0.0 1.1055238405270547 0.38747163823086866 0.7180522022961858
KNN CLASSIC:  [0.4583333333333333, 0.4898736529171312, 0.5031586770717206, 0.4583333333333333, 0.46520146520146516, 0.4517857142857143, [[0.34782608695652173, 0.6666666666666666, 0.45714285714285713], [0.5833333333333334, 0.30434782608695654, 0.4], [0.5384615384615384, 0.5384615384615384, 0.5384615384615384]]]
0.1 0.9583333333333334 2.8333333333333335 0.0 0.8541666666666666 0.0 1.6152975986773768 0.6920547279328924 0.9232428707444843
predicting 20 / 50
(192, 21) (192,)
SVM CLASSIC:  [0.6458333333333334, 0.6441798941798942, 0.6781865477517651, 0.6458333333333334, 0.6468155500413565, 0.6409222497932175, [[0.5714285714285714, 0.6666666666666666, 0.6153846153846154], [0.75, 0.5217391304347826, 0.6153846153846154], [0.6111111111111112, 0.8461538461538461, 0.7096774193548387]]]
0.1 0.9375 2.0416666666666665 0.041666666666666664 0.10416666666666667 0.0 1.1146591279783948 0.39263545284545787 0.7220236751329369
KNN CLASSIC:  [0.4375, 0.465034965034965, 0.4753808992939428, 0.4375, 0.4463717110775935, 0.4351171023965142, [[0.3181818181818182, 0.5833333333333334, 0.4117647058823529], [0.5384615384615384, 0.30434782608695654, 0.3888888888888889], [0.5384615384615384, 0.5384615384615384, 0.5384615384615384]]]
0.1 1.0 2.6666666666666665 0.0 0.6666666666666666 0.0 1.5740471235035123 0.6681061738812087 0.9059409496223035
predicting 21 / 50
(192, 22) (192,)
SVM CLASSIC:  [0.625, 0.6279030910609857, 0.6636937941285767, 0.625, 0.6272773279352227, 0.6174563512145749, [[0.5714285714285714, 0.6666666666666666, 0.6153846153846154], [0.7333333333333333, 0.4782608695652174, 0.5789473684210527], [0.5789473684210527, 0.8461538461538461, 0.6875]]]
0.1 0.9375 2.0833333333333335 0.041666666666666664 0.14583333333333334 0.0 1.1169107963860012 0.397893550286665 0.7190172460993364
KNN CLASSIC:  [0.4375, 0.45959595959595956, 0.46423262727610554, 0.4375, 0.44483294483294483, 0.4380584693084693, [[0.3333333333333333, 0.5833333333333334, 0.42424242424242425], [0.5, 0.34782608695652173, 0.41025641025641024], [0.5454545454545454, 0.46153846153846156, 0.5]]]
0.1 1.0 2.9791666666666665 0.0 0.9791666666666666 0.0 1.5637171472179985 0.6630694491376232 0.9006476980803754
predicting 22 / 50
(192, 23) (192,)
SVM CLASSIC:  [0.6458333333333334, 0.6454469507101085, 0.6893348197696024, 0.6458333333333334, 0.648110661268556, 0.6343834345479082, [[0.5714285714285714, 0.6666666666666666, 0.6153846153846154], [0.7333333333333333, 0.4782608695652174, 0.5789473684210527], [0.631578947368421, 0.9230769230769231, 0.75]]]
0.1 0.9375 2.1458333333333335 0.041666666666666664 0.20833333333333334 0.0 1.1351083143725311 0.40063006940083423 0.7344782449716968
KNN CLASSIC:  [0.4375, 0.4517094017094017, 0.4753808992939428, 0.4375, 0.44812753036437253, 0.4317434210526316, [[0.35, 0.5833333333333334, 0.4375], [0.4666666666666667, 0.30434782608695654, 0.3684210526315789], [0.5384615384615384, 0.5384615384615384, 0.5384615384615384]]]
0.1 1.0 2.875 0.0 0.875 0.0 1.6103460541477503 0.6971561094073446 0.9131899447404059
predicting 23 / 50
(192, 24) (192,)
SVM CLASSIC:  [0.6666666666666666, 0.6626984126984127, 0.7038275733927909, 0.6666666666666666, 0.6683209263854426, 0.6583953680727874, [[0.5714285714285714, 0.6666666666666666, 0.6153846153846154], [0.75, 0.5217391304347826, 0.6153846153846154], [0.6666666666666666, 0.9230769230769231, 0.7741935483870968]]]
0.1 0.8958333333333334 2.0833333333333335 0.041666666666666664 0.16666666666666666 0.0 1.1347131319224586 0.40281586792389795 0.7318972639985605
KNN CLASSIC:  [0.4791666666666667, 0.48148148148148145, 0.5287997027127461, 0.4791666666666667, 0.49106098579782786, 0.46463032581453634, [[0.4444444444444444, 0.6666666666666666, 0.5333333333333333], [0.4666666666666667, 0.30434782608695654, 0.3684210526315789], [0.5333333333333333, 0.6153846153846154, 0.5714285714285714]]]
0.1 0.9375 2.8125 0.0 0.8125 0.0 1.5598699159309117 0.6516929883154369 0.9081769276154749
predicting 24 / 50
(192, 25) (192,)
SVM CLASSIC:  [0.6458333333333334, 0.6444444444444444, 0.6893348197696024, 0.6458333333333334, 0.648577836466914, 0.6352378482047412, [[0.5333333333333333, 0.6666666666666666, 0.5925925925925926], [0.7333333333333333, 0.4782608695652174, 0.5789473684210527], [0.6666666666666666, 0.9230769230769231, 0.7741935483870968]]]
0.1 0.8958333333333334 2.1458333333333335 0.041666666666666664 0.22916666666666666 0.0 1.1660379318361112 0.4177266299437239 0.7483113018923871
KNN CLASSIC:  [0.5, 0.5488095238095237, 0.556577480490524, 0.5, 0.5056116722783389, 0.4887766554433221, [[0.375, 0.75, 0.5], [0.7, 0.30434782608695654, 0.42424242424242425], [0.5714285714285714, 0.6153846153846154, 0.5925925925925926]]]
0.1 0.9583333333333334 2.2916666666666665 0.10416666666666667 0.3958333333333333 0.0 1.5201342239167843 0.6239580693368736 0.8961761545799108
predicting 25 / 50
(192, 26) (192,)
SVM CLASSIC:  [0.6458333333333334, 0.6454469507101085, 0.6893348197696024, 0.6458333333333334, 0.648110661268556, 0.6343834345479082, [[0.5714285714285714, 0.6666666666666666, 0.6153846153846154], [0.7333333333333333, 0.4782608695652174, 0.5789473684210527], [0.631578947368421, 0.9230769230769231, 0.75]]]
0.1 0.8958333333333334 2.1875 0.041666666666666664 0.2708333333333333 0.0 1.1550923994383684 0.4103167745141294 0.7447756249242389
KNN CLASSIC:  [0.5, 0.5330321852060983, 0.556577480490524, 0.5, 0.5062143375868865, 0.48636917730054985, [[0.391304347826087, 0.75, 0.5142857142857142], [0.6363636363636364, 0.30434782608695654, 0.4117647058823529], [0.5714285714285714, 0.6153846153846154, 0.5925925925925926]]]
0.1 0.9791666666666666 2.6666666666666665 0.041666666666666664 0.7083333333333334 0.0 1.4856198398250469 0.6159243368039959 0.869695503021051
predicting 26 / 50
(192, 27) (192,)
SVM CLASSIC:  [0.6458333333333334, 0.6454469507101085, 0.6893348197696024, 0.6458333333333334, 0.648110661268556, 0.6343834345479082, [[0.5714285714285714, 0.6666666666666666, 0.6153846153846154], [0.7333333333333333, 0.4782608695652174, 0.5789473684210527], [0.631578947368421, 0.9230769230769231, 0.75]]]
0.1 0.9166666666666666 2.1875 0.041666666666666664 0.25 0.0 1.1479342442626648 0.40802942044580265 0.7399048238168623
KNN CLASSIC:  [0.5, 0.5321441843180974, 0.5454292084726867, 0.5, 0.5032967032967033, 0.4934523809523809, [[0.391304347826087, 0.75, 0.5142857142857142], [0.6666666666666666, 0.34782608695652173, 0.45714285714285713], [0.5384615384615384, 0.5384615384615384, 0.5384615384615384]]]
0.1 0.9791666666666666 2.875 0.0 0.875 0.0 1.4942203213511842 0.6083274482730285 0.8858928730781557
predicting 27 / 50
(192, 28) (192,)
SVM CLASSIC:  [0.6458333333333334, 0.6444444444444444, 0.6893348197696024, 0.6458333333333334, 0.648577836466914, 0.6352378482047412, [[0.5333333333333333, 0.6666666666666666, 0.5925925925925926], [0.7333333333333333, 0.4782608695652174, 0.5789473684210527], [0.6666666666666666, 0.9230769230769231, 0.7741935483870968]]]
0.1 0.9166666666666666 2.2291666666666665 0.041666666666666664 0.2916666666666667 0.0 1.1632859907527433 0.41478694733561494 0.7484990434171284
KNN CLASSIC:  [0.5625, 0.6258741258741258, 0.6154775176514308, 0.5625, 0.5638974888200895, 0.5563994238046096, [[0.4230769230769231, 0.9166666666666666, 0.5789473684210527], [0.8181818181818182, 0.391304347826087, 0.5294117647058824], [0.6363636363636364, 0.5384615384615384, 0.5833333333333334]]]
0.1 0.9583333333333334 2.7916666666666665 0.0 0.7916666666666666 0.0 1.5285581003682462 0.6351096625939785 0.8934484377742677
predicting 28 / 50
(192, 29) (192,)
SVM CLASSIC:  [0.6666666666666666, 0.6630718954248366, 0.7038275733927909, 0.6666666666666666, 0.6693257359924027, 0.6596866096866097, [[0.5333333333333333, 0.6666666666666666, 0.5925925925925926], [0.75, 0.5217391304347826, 0.6153846153846154], [0.7058823529411765, 0.9230769230769231, 0.8]]]
0.1 0.9166666666666666 2.2291666666666665 0.041666666666666664 0.2916666666666667 0.0 1.1540673819891374 0.4086341158201472 0.7454332661689901
KNN CLASSIC:  [0.5208333333333334, 0.5561383061383062, 0.5732069862504644, 0.5208333333333334, 0.5277777777777778, 0.5098379629629629, [[0.4166666666666667, 0.8333333333333334, 0.5555555555555556], [0.6153846153846154, 0.34782608695652173, 0.4444444444444444], [0.6363636363636364, 0.5384615384615384, 0.5833333333333334]]]
0.1 1.0 2.8333333333333335 0.020833333333333332 0.8541666666666666 0.0 1.5347844569646751 0.634752569489287 0.9000318874753881
predicting 29 / 50
(192, 30) (192,)
SVM CLASSIC:  [0.6666666666666666, 0.6736694677871148, 0.7171125975473801, 0.6666666666666666, 0.6717614165890028, 0.65674899036968, [[0.5294117647058824, 0.75, 0.6206896551724138], [0.7857142857142857, 0.4782608695652174, 0.5945945945945946], [0.7058823529411765, 0.9230769230769231, 0.8]]]
0.1 0.9375 2.2291666666666665 0.041666666666666664 0.2708333333333333 0.0 1.1466013941383684 0.40702398515376276 0.7395774089846056
KNN CLASSIC:  [0.5416666666666666, 0.5713344626388105, 0.5876997398736529, 0.5416666666666666, 0.5470827970827972, 0.5339513620763622, [[0.43478260869565216, 0.8333333333333334, 0.5714285714285714], [0.6428571428571429, 0.391304347826087, 0.4864864864864865], [0.6363636363636364, 0.5384615384615384, 0.5833333333333334]]]
0.1 0.9583333333333334 2.5416666666666665 0.020833333333333332 0.5625 0.0 1.4946346110253999 0.6022065683279957 0.8924280426974042
predicting 30 / 50
(192, 31) (192,)
SVM CLASSIC:  [0.6041666666666666, 0.6096405228758169, 0.6380527684875511, 0.6041666666666666, 0.6067755595886267, 0.6021249243799153, [[0.47058823529411764, 0.6666666666666666, 0.5517241379310345], [0.7333333333333333, 0.4782608695652174, 0.5789473684210527], [0.625, 0.7692307692307693, 0.6896551724137931]]]
0.1 0.9375 2.3333333333333335 0.041666666666666664 0.375 0.0 1.150846266940447 0.41003006221988464 0.7408162047205623
KNN CLASSIC:  [0.5208333333333334, 0.5484848484848485, 0.5599219620958751, 0.5208333333333334, 0.5288097695218439, 0.5173127364981079, [[0.4090909090909091, 0.75, 0.5294117647058824], [0.6, 0.391304347826087, 0.47368421052631576], [0.6363636363636364, 0.5384615384615384, 0.5833333333333334]]]
0.1 1.0 2.75 0.0 0.75 0.0 1.612396357542563 0.6653589721712686 0.9470373853712944
predicting 31 / 50
(192, 32) (192,)
SVM CLASSIC:  [0.5833333333333334, 0.5973688620747445, 0.6214232627276105, 0.5833333333333334, 0.5826638652000166, 0.5790976599513863, [[0.4117647058823529, 0.5833333333333334, 0.4827586206896552], [0.7692307692307693, 0.43478260869565216, 0.5555555555555556], [0.6111111111111112, 0.8461538461538461, 0.7096774193548387]]]
0.1 0.9166666666666666 2.2708333333333335 0.041666666666666664 0.3333333333333333 0.0 1.1421388957145844 0.40518351806328434 0.7369553776513001
KNN CLASSIC:  [0.5208333333333334, 0.5373015873015873, 0.5599219620958751, 0.5208333333333334, 0.5263795853269537, 0.5150039872408293, [[0.42857142857142855, 0.75, 0.5454545454545454], [0.6, 0.391304347826087, 0.47368421052631576], [0.5833333333333334, 0.5384615384615384, 0.56]]]
0.1 1.0 2.8958333333333335 0.0 0.8958333333333334 0.0 1.5846266776623532 0.6457441317680928 0.9388825458942606
predicting 32 / 50
(192, 33) (192,)
SVM CLASSIC:  [0.5833333333333334, 0.5973688620747445, 0.6214232627276105, 0.5833333333333334, 0.5826638652000166, 0.5790976599513863, [[0.4117647058823529, 0.5833333333333334, 0.4827586206896552], [0.7692307692307693, 0.43478260869565216, 0.5555555555555556], [0.6111111111111112, 0.8461538461538461, 0.7096774193548387]]]
0.1 0.8958333333333334 2.25 0.020833333333333332 0.3125 0.0 1.131051939217364 0.40404915472479885 0.7270027844925652
KNN CLASSIC:  [0.5208333333333334, 0.5450937950937952, 0.5599219620958751, 0.5208333333333334, 0.525299417064123, 0.5171277159512454, [[0.4090909090909091, 0.75, 0.5294117647058824], [0.6428571428571429, 0.391304347826087, 0.4864864864864865], [0.5833333333333334, 0.5384615384615384, 0.56]]]
0.1 1.0 2.9375 0.0 0.9375 0.0 1.6320413930122408 0.7053325969480492 0.9267087960641919
predicting 33 / 50
(192, 34) (192,)
SVM CLASSIC:  [0.6041666666666666, 0.6148459383753502, 0.635916016350799, 0.6041666666666666, 0.6035621828725276, 0.6042106761934348, [[0.4117647058823529, 0.5833333333333334, 0.4827586206896552], [0.7857142857142857, 0.4782608695652174, 0.5945945945945946], [0.6470588235294118, 0.8461538461538461, 0.7333333333333333]]]
0.1 0.9166666666666666 2.4166666666666665 0.041666666666666664 0.4791666666666667 0.0 1.1348986487275052 0.420513441962076 0.7143852067654293
KNN CLASSIC:  [0.5208333333333334, 0.5373015873015873, 0.5599219620958751, 0.5208333333333334, 0.5263795853269537, 0.5150039872408293, [[0.42857142857142855, 0.75, 0.5454545454545454], [0.6, 0.391304347826087, 0.47368421052631576], [0.5833333333333334, 0.5384615384615384, 0.56]]]
0.1 1.0 2.9583333333333335 0.0 0.9583333333333334 0.0 1.6709713166058784 0.7320702376585156 0.9389010789473629
predicting 34 / 50
(192, 35) (192,)
SVM CLASSIC:  [0.6041666666666666, 0.6148459383753502, 0.635916016350799, 0.6041666666666666, 0.6035621828725276, 0.6042106761934348, [[0.4117647058823529, 0.5833333333333334, 0.4827586206896552], [0.7857142857142857, 0.4782608695652174, 0.5945945945945946], [0.6470588235294118, 0.8461538461538461, 0.7333333333333333]]]
0.1 0.9375 2.3958333333333335 0.041666666666666664 0.4375 0.0 1.1359454104080176 0.41930836298151924 0.7166370474264983
KNN CLASSIC:  [0.5, 0.511265909872721, 0.5321441843180974, 0.5, 0.5087096774193548, 0.4963239247311828, [[0.42105263157894735, 0.6666666666666666, 0.5161290322580645], [0.5294117647058824, 0.391304347826087, 0.45], [0.5833333333333334, 0.5384615384615384, 0.56]]]
0.1 1.0 2.9791666666666665 0.0 0.9791666666666666 0.0 1.6652337994060906 0.7257290066140752 0.9395047927920158
predicting 35 / 50
(192, 36) (192,)
SVM CLASSIC:  [0.6041666666666666, 0.6148459383753502, 0.635916016350799, 0.6041666666666666, 0.6035621828725276, 0.6042106761934348, [[0.4117647058823529, 0.5833333333333334, 0.4827586206896552], [0.7857142857142857, 0.4782608695652174, 0.5945945945945946], [0.6470588235294118, 0.8461538461538461, 0.7333333333333333]]]
0.1 0.9166666666666666 2.3541666666666665 0.041666666666666664 0.4166666666666667 0.0 1.1426161083571762 0.4321013242657133 0.7105147840914628
KNN CLASSIC:  [0.5, 0.5133298933608531, 0.5188591601635081, 0.5, 0.5038709677419355, 0.5041532258064516, [[0.3684210526315789, 0.5833333333333334, 0.45161290322580644], [0.5882352941176471, 0.43478260869565216, 0.5], [0.5833333333333334, 0.5384615384615384, 0.56]]]
0.1 0.9791666666666666 2.9791666666666665 0.0 0.9791666666666666 0.0 1.702484974024367 0.7405621247102857 0.9619228493140812
predicting 36 / 50
(192, 37) (192,)
SVM CLASSIC:  [0.6458333333333334, 0.6560846560846562, 0.6781865477517651, 0.6458333333333334, 0.6432515464773529, 0.6458722547432225, [[0.5, 0.6666666666666666, 0.5714285714285714], [0.8571428571428571, 0.5217391304347826, 0.6486486486486487], [0.6111111111111112, 0.8461538461538461, 0.7096774193548387]]]
0.1 0.8958333333333334 2.4166666666666665 0.041666666666666664 0.4583333333333333 0.0 1.138965242237336 0.40675729532288424 0.7322079469144517
KNN CLASSIC:  [0.5208333333333334, 0.5450937950937952, 0.5599219620958751, 0.5208333333333334, 0.525299417064123, 0.5171277159512454, [[0.4090909090909091, 0.75, 0.5294117647058824], [0.6428571428571429, 0.391304347826087, 0.4864864864864865], [0.5833333333333334, 0.5384615384615384, 0.56]]]
0.1 1.0 3.0 0.0 1.0 0.0 1.6425782265276194 0.69250572721318 0.9500724993144396
predicting 37 / 50
(192, 38) (192,)
SVM CLASSIC:  [0.6458333333333334, 0.6560846560846562, 0.6781865477517651, 0.6458333333333334, 0.6432515464773529, 0.6458722547432225, [[0.5, 0.6666666666666666, 0.5714285714285714], [0.8571428571428571, 0.5217391304347826, 0.6486486486486487], [0.6111111111111112, 0.8461538461538461, 0.7096774193548387]]]
0.1 0.9166666666666666 2.4375 0.041666666666666664 0.4791666666666667 0.0 1.1406761351550927 0.4070571998001977 0.7336189353548951
KNN CLASSIC:  [0.5208333333333334, 0.5450937950937952, 0.5599219620958751, 0.5208333333333334, 0.525299417064123, 0.5171277159512454, [[0.4090909090909091, 0.75, 0.5294117647058824], [0.6428571428571429, 0.391304347826087, 0.4864864864864865], [0.5833333333333334, 0.5384615384615384, 0.56]]]
0.1 1.0 2.9583333333333335 0.0 0.9583333333333334 0.0 1.621592347779225 0.6853092141406324 0.9362831336385925
predicting 38 / 50
(192, 39) (192,)
SVM CLASSIC:  [0.6458333333333334, 0.6582633053221288, 0.6781865477517651, 0.6458333333333334, 0.6445687066376721, 0.6473529564046805, [[0.47058823529411764, 0.6666666666666666, 0.5517241379310345], [0.8571428571428571, 0.5217391304347826, 0.6486486486486487], [0.6470588235294118, 0.8461538461538461, 0.7333333333333333]]]
0.1 0.9166666666666666 2.4375 0.020833333333333332 0.4583333333333333 0.0 1.1290453965571376 0.39561985377065084 0.7334255427864868
KNN CLASSIC:  [0.4791666666666667, 0.5027291549030679, 0.5197881828316611, 0.4791666666666667, 0.48223938223938223, 0.47119530244530244, [[0.391304347826087, 0.75, 0.5142857142857142], [0.5714285714285714, 0.34782608695652173, 0.43243243243243246], [0.5454545454545454, 0.46153846153846156, 0.5]]]
0.1 1.0 3.0 0.0 1.0 0.0 1.6869419420210245 0.7251214740818538 0.9618204679391709
predicting 39 / 50
(192, 40) (192,)
SVM CLASSIC:  [0.6458333333333334, 0.6582633053221288, 0.6781865477517651, 0.6458333333333334, 0.6445687066376721, 0.6473529564046805, [[0.47058823529411764, 0.6666666666666666, 0.5517241379310345], [0.8571428571428571, 0.5217391304347826, 0.6486486486486487], [0.6470588235294118, 0.8461538461538461, 0.7333333333333333]]]
0.1 0.8958333333333334 2.4166666666666665 0.041666666666666664 0.4583333333333333 0.0 1.140470173384077 0.40243794249621595 0.738032230887861
KNN CLASSIC:  [0.5, 0.5181818181818182, 0.5342809364548495, 0.5, 0.5010319917440661, 0.4947432920536636, [[0.4090909090909091, 0.75, 0.5294117647058824], [0.6, 0.391304347826087, 0.47368421052631576], [0.5454545454545454, 0.46153846153846156, 0.5]]]
0.1 1.0 3.0 0.0 1.0 0.0 1.6752828300478413 0.7192095281111044 0.9560733019367366
predicting 40 / 50
(192, 41) (192,)
SVM CLASSIC:  [0.6458333333333334, 0.6582633053221288, 0.6781865477517651, 0.6458333333333334, 0.6445687066376721, 0.6473529564046805, [[0.47058823529411764, 0.6666666666666666, 0.5517241379310345], [0.8571428571428571, 0.5217391304347826, 0.6486486486486487], [0.6470588235294118, 0.8461538461538461, 0.7333333333333333]]]
0.1 0.9166666666666666 2.4375 0.041666666666666664 0.4791666666666667 0.0 1.130385970937909 0.39114462061023286 0.739241350327676
KNN CLASSIC:  [0.5, 0.5300074321813453, 0.5454292084726867, 0.5, 0.5062433862433863, 0.4932010582010582, [[0.391304347826087, 0.75, 0.5142857142857142], [0.6153846153846154, 0.34782608695652173, 0.4444444444444444], [0.5833333333333334, 0.5384615384615384, 0.56]]]
0.1 1.0 3.0 0.0 1.0 0.0 1.6979266246458113 0.7595001911540473 0.9384264334917641
predicting 41 / 50
(192, 42) (192,)
SVM CLASSIC:  [0.6666666666666666, 0.6712418300653594, 0.6926793013749535, 0.6666666666666666, 0.6629908103592315, 0.6693191311612364, [[0.5, 0.6666666666666666, 0.5714285714285714], [0.8666666666666667, 0.5652173913043478, 0.6842105263157895], [0.6470588235294118, 0.8461538461538461, 0.7333333333333333]]]
0.1 0.8958333333333334 2.4166666666666665 0.041666666666666664 0.4583333333333333 0.0 1.137092442184526 0.40114476619560113 0.7359476759889251
KNN CLASSIC:  [0.5, 0.5209790209790209, 0.5454292084726867, 0.5, 0.5041059158706217, 0.49114923747276684, [[0.4090909090909091, 0.75, 0.5294117647058824], [0.6153846153846154, 0.34782608695652173, 0.4444444444444444], [0.5384615384615384, 0.5384615384615384, 0.5384615384615384]]]
0.1 0.9791666666666666 2.8541666666666665 0.0 0.8541666666666666 0.0 1.67229988264725 0.726855394642183 0.9454444880050669
predicting 42 / 50
(192, 43) (192,)
SVM CLASSIC:  [0.6458333333333334, 0.6582633053221288, 0.6781865477517651, 0.6458333333333334, 0.6445687066376721, 0.6473529564046805, [[0.47058823529411764, 0.6666666666666666, 0.5517241379310345], [0.8571428571428571, 0.5217391304347826, 0.6486486486486487], [0.6470588235294118, 0.8461538461538461, 0.7333333333333333]]]
0.1 0.8958333333333334 2.3125 0.041666666666666664 0.3541666666666667 0.0 1.1201109569016918 0.38842394893346377 0.7316870079682282
KNN CLASSIC:  [0.5, 0.5209790209790209, 0.5454292084726867, 0.5, 0.5041059158706217, 0.49114923747276684, [[0.4090909090909091, 0.75, 0.5294117647058824], [0.6153846153846154, 0.34782608695652173, 0.4444444444444444], [0.5384615384615384, 0.5384615384615384, 0.5384615384615384]]]
0.1 0.9791666666666666 2.9166666666666665 0.0 0.9166666666666666 0.0 1.7212508833690077 0.7652851233359376 0.9559657600330702
predicting 43 / 50
(192, 44) (192,)
SVM CLASSIC:  [0.6041666666666666, 0.6338149294805642, 0.6492010405053884, 0.6041666666666666, 0.6069636456733231, 0.6014528929851509, [[0.42105263157894735, 0.6666666666666666, 0.5161290322580645], [0.8333333333333334, 0.43478260869565216, 0.5714285714285714], [0.6470588235294118, 0.8461538461538461, 0.7333333333333333]]]
0.1 0.875 2.375 0.041666666666666664 0.4375 0.0 1.1217672513051444 0.3845775756932903 0.737189675611854
KNN CLASSIC:  [0.4583333333333333, 0.4765886287625418, 0.5052954292084727, 0.4583333333333333, 0.461058201058201, 0.4449140211640212, [[0.391304347826087, 0.75, 0.5142857142857142], [0.5384615384615384, 0.30434782608695654, 0.3888888888888889], [0.5, 0.46153846153846156, 0.48]]]
0.1 0.9583333333333334 2.9166666666666665 0.0 0.9166666666666666 0.0 1.7279005427587968 0.7719612807766616 0.955939261982135
predicting 44 / 50
(192, 45) (192,)
SVM CLASSIC:  [0.6041666666666666, 0.6338149294805642, 0.6492010405053884, 0.6041666666666666, 0.6069636456733231, 0.6014528929851509, [[0.42105263157894735, 0.6666666666666666, 0.5161290322580645], [0.8333333333333334, 0.43478260869565216, 0.5714285714285714], [0.6470588235294118, 0.8461538461538461, 0.7333333333333333]]]
0.1 0.875 2.375 0.041666666666666664 0.4375 0.0 1.120953293410597 0.3808064928641442 0.7401468005464525
KNN CLASSIC:  [0.5208333333333334, 0.5450937950937952, 0.5599219620958751, 0.5208333333333334, 0.525299417064123, 0.5171277159512454, [[0.4090909090909091, 0.75, 0.5294117647058824], [0.6428571428571429, 0.391304347826087, 0.4864864864864865], [0.5833333333333334, 0.5384615384615384, 0.56]]]
0.1 1.0 3.0 0.0 1.0 0.0 1.6906959367617749 0.7647628341388933 0.9259331026228818
predicting 45 / 50
(192, 46) (192,)
SVM CLASSIC:  [0.6458333333333334, 0.6458333333333334, 0.6670382757339279, 0.6458333333333334, 0.6425834701696771, 0.6490831964969895, [[0.5, 0.6666666666666666, 0.5714285714285714], [0.8125, 0.5652173913043478, 0.6666666666666666], [0.625, 0.7692307692307693, 0.6896551724137931]]]
0.1 0.875 2.3333333333333335 0.041666666666666664 0.3958333333333333 0.0 1.1322453644436374 0.3956828149203326 0.7365625495233049
KNN CLASSIC:  [0.4791666666666667, 0.5265656565656566, 0.5309364548494983, 0.4791666666666667, 0.48608373078961314, 0.47059220985691574, [[0.36, 0.75, 0.4864864864864865], [0.6363636363636364, 0.30434782608695654, 0.4117647058823529], [0.5833333333333334, 0.5384615384615384, 0.56]]]
0.1 1.0 3.0 0.0 1.0 0.0 1.769385046240778 0.8026539251261325 0.9667311211146453
predicting 46 / 50
(192, 47) (192,)
SVM CLASSIC:  [0.625, 0.634453781512605, 0.6636937941285767, 0.625, 0.6265506886196541, 0.6214520555037796, [[0.47058823529411764, 0.6666666666666666, 0.5517241379310345], [0.7857142857142857, 0.4782608695652174, 0.5945945945945946], [0.6470588235294118, 0.8461538461538461, 0.7333333333333333]]]
0.1 0.875 2.2708333333333335 0.0625 0.3541666666666667 0.0 1.1724450931478256 0.4251965408954062 0.7472485522524194
KNN CLASSIC:  [0.5, 0.5321441843180974, 0.5454292084726867, 0.5, 0.5032967032967033, 0.4934523809523809, [[0.391304347826087, 0.75, 0.5142857142857142], [0.6666666666666666, 0.34782608695652173, 0.45714285714285713], [0.5384615384615384, 0.5384615384615384, 0.5384615384615384]]]
0.1 0.9791666666666666 2.9791666666666665 0.0 0.9791666666666666 0.0 1.7891989577675866 0.8317367056310276 0.9574622521365588
predicting 47 / 50
(192, 48) (192,)
SVM CLASSIC:  [0.625, 0.634453781512605, 0.6636937941285767, 0.625, 0.6265506886196541, 0.6214520555037796, [[0.47058823529411764, 0.6666666666666666, 0.5517241379310345], [0.7857142857142857, 0.4782608695652174, 0.5945945945945946], [0.6470588235294118, 0.8461538461538461, 0.7333333333333333]]]
0.1 0.875 2.25 0.08333333333333333 0.3541666666666667 0.0 1.169554186628591 0.4257992480388129 0.743754938589778
KNN CLASSIC:  [0.5, 0.5321441843180974, 0.5454292084726867, 0.5, 0.5032967032967033, 0.4934523809523809, [[0.391304347826087, 0.75, 0.5142857142857142], [0.6666666666666666, 0.34782608695652173, 0.45714285714285713], [0.5384615384615384, 0.5384615384615384, 0.5384615384615384]]]
0.1 0.9791666666666666 2.9583333333333335 0.0 0.9583333333333334 0.0 1.7981680815626397 0.8369174501173265 0.9612506314453132
predicting 48 / 50
(192, 49) (192,)
SVM CLASSIC:  [0.6041666666666666, 0.6169767052119993, 0.6492010405053884, 0.6041666666666666, 0.605652370947143, 0.5963390392617312, [[0.47058823529411764, 0.6666666666666666, 0.5517241379310345], [0.7692307692307693, 0.43478260869565216, 0.5555555555555556], [0.6111111111111112, 0.8461538461538461, 0.7096774193548387]]]
0.1 0.875 2.3541666666666665 0.0625 0.4375 0.0 1.1874776635443887 0.4365915006803088 0.7508861628640798
KNN CLASSIC:  [0.5, 0.5321441843180974, 0.5454292084726867, 0.5, 0.5032967032967033, 0.4934523809523809, [[0.391304347826087, 0.75, 0.5142857142857142], [0.6666666666666666, 0.34782608695652173, 0.45714285714285713], [0.5384615384615384, 0.5384615384615384, 0.5384615384615384]]]
0.1 0.9791666666666666 2.8125 0.020833333333333332 0.8333333333333334 0.0 1.7997284476461084 0.8267514886534618 0.9729769589926467
predicting 49 / 50
(192, 50) (192,)
SVM CLASSIC:  [0.625, 0.6294117647058823, 0.6525455221107395, 0.625, 0.6232247284878863, 0.6260442773600667, [[0.5, 0.6666666666666666, 0.5714285714285714], [0.8, 0.5217391304347826, 0.631578947368421], [0.5882352941176471, 0.7692307692307693, 0.6666666666666666]]]
0.1 0.875 2.3541666666666665 0.0625 0.4166666666666667 0.0 1.1767451821008652 0.4414178288143158 0.7353273532865495
KNN CLASSIC:  [0.4583333333333333, 0.4898736529171312, 0.5031586770717206, 0.4583333333333333, 0.46520146520146516, 0.4517857142857143, [[0.34782608695652173, 0.6666666666666666, 0.45714285714285713], [0.5833333333333334, 0.30434782608695654, 0.4], [0.5384615384615384, 0.5384615384615384, 0.5384615384615384]]]
0.1 0.9791666666666666 2.8333333333333335 0.0 0.8333333333333334 0.0 1.8729849405273746 0.8801448360686673 0.9928401044587073
0 / 50
1 / 50
2 / 50
3 / 50
4 / 50
5 / 50
6 / 50
7 / 50
8 / 50
9 / 50
10 / 50
11 / 50
12 / 50
13 / 50
14 / 50
15 / 50
16 / 50
17 / 50
18 / 50
19 / 50
20 / 50
21 / 50
22 / 50
23 / 50
24 / 50
25 / 50
Traceback (most recent call last):
  File "/home/mlopezdecas/code/launcher.py", line 200, in <module>
    salida = sele.mRMR_MS(X_tr, Y_tr,  split_size = 0.5)
             ^^^^^^^^^^^^^^^^^^^^^^^^^^^^^^^^^^^^^^^^^^^
  File "/home/mlopezdecas/code/main.py", line 132, in mRMR_MS
    results[idx] = future.result()
                   ^^^^^^^^^^^^^^^
  File "/home/mlopezdecas/.conda/envs/conformals/lib/python3.12/concurrent/futures/_base.py", line 456, in result
    return self.__get_result()
           ^^^^^^^^^^^^^^^^^^^
  File "/home/mlopezdecas/.conda/envs/conformals/lib/python3.12/concurrent/futures/_base.py", line 401, in __get_result
    raise self._exception
concurrent.futures.process.BrokenProcessPool: A process in the process pool was terminated abruptly while the future was running or pending.
slurmstepd: error: Detected 2098 oom-kill event(s) in step 1069534.2 cgroup. Some of your processes may have been killed by the cgroup out-of-memory handler.
