mRMR
0.6805555555555555 0.19374875547190903
0.9068333333333333 0.017180145733008422
2.0086111111111107 0.7583594250022294
0.3619444444444444 0.30571235875622743
mRMR_MS_linear
0.7555555555555553 0.1890318086761009
0.9061851851851851 0.016987488335393503
1.9840185185185184 0.7485750136742434
0.3685 0.3005059742084663
mRMR_MS_rbf
0.6284722222222221 0.2469479986620865
0.9066851851851851 0.018469184285603495
2.008074074074074 0.7459919754493625
0.36053703703703704 0.2921657452582899
mRMR_MS_poly
0.5729166666666666 0.28898819740733483
0.9045740740740741 0.01937563663275491
2.108425925925926 0.8867441206230429
0.35470370370370374 0.30402826153738255
JMI
0.7097222222222221 0.19214413153659055
0.9061851851851853 0.019703947366914432
2.004611111111111 0.7469741519924609
0.37822222222222224 0.3026075430369849
relax_mRMR
0.5958333333333333 0.1970999229569348
0.9035185185185185 0.019046366066960207
1.9867037037037036 0.7632618427535641
0.3834444444444445 0.3047502991892987
