Variable Names: ['A', 'C', 'D', 'H', 'I', 'O', 'T']
Boundary Sizes: [4, 3, 4, 2, 4, 3, 2]
Boundary Elements: [['C', 'D', 'H', 'O'], ['A', 'D', 'I'], ['A', 'C', 'H', 'I'], ['A', 'D'], ['C', 'D', 'O', 'T'], ['A', 'I', 'T'], ['I', 'O']]
boundary_classification : [['Child', 'Child', 'Child', 'Child'], ['Parent', 'Other Parent', 'Child'], ['Parent', 'Other Parent', 'Parent', 'Child'], ['Parent', 'Child'], ['Parent', 'Parent', 'Other Parent', 'Child'], ['Parent', 'Other Parent', 'Child'], ['Parent', 'Parent']]
0 / 3
1 / 3
2 / 3
0.1 0.8888888888888888 1.3555555555555556 0.5444444444444444 0.0 0.0 0.7121847823492408 0.11535557610501927 0.5968292062442215
0.1 0.9933333333333333 2.968888888888889 0.0 0.9688888888888889 0.0 1.3545291453893884 0.3504450799796296 1.0040840654097585
0.1 0.9022222222222223 1.3466666666666667 0.5688888888888889 0.0 0.0 0.6754879757736243 0.10568944059533382 0.5697985351782904
0.1 0.9977777777777778 2.971111111111111 0.0 0.9711111111111111 0.0 1.3538880710946086 0.34457805787327755 1.0093100132213313
0.1 0.8977777777777778 1.4288888888888889 0.4888888888888889 0.0 0.0 0.7311108996016555 0.1137775373822313 0.6173333622194243
0.1 0.9711111111111111 2.7088888888888887 0.02 0.7355555555555555 0.0 1.3185913746983455 0.2971608003621763 1.0214305743361694
0 / 3
1 / 3
2 / 3
0.1 0.9311111111111111 1.7866666666666666 0.16666666666666666 0.0 0.0 0.7583277192718586 0.1509863466523581 0.6073413726195003
0.1 0.9911111111111112 2.8933333333333335 0.0022222222222222222 0.8955555555555555 0.0 1.3734136317067471 0.3662460625245612 1.0071675691821858
0.1 0.9177777777777778 1.5933333333333333 0.35333333333333333 0.0 0.0 0.726894422833316 0.13308013347656994 0.593814289356746
0.1 0.9733333333333334 2.5155555555555558 0.05333333333333334 0.5755555555555556 0.0 1.293946699253788 0.3229803211071381 0.9709663781466499
0.1 0.9133333333333333 1.52 0.41555555555555557 0.0 0.0 0.6944040893025528 0.11863210448517875 0.575771984817374
0.1 0.9511111111111111 2.2355555555555555 0.12222222222222222 0.37777777777777777 0.0 1.2683485321330057 0.29115678656039495 0.9771917455726108
0 / 3
1 / 3
2 / 3
0.1 0.8977777777777778 1.4066666666666667 0.5088888888888888 0.0044444444444444444 0.0 0.7216873504786182 0.11665480445921055 0.6050325460194078
0.1 1.0 3.0 0.0 1.0 0.0 1.3775423027081797 0.4034220734800668 0.9741202292281129
0.1 0.8888888888888888 1.2977777777777777 0.6044444444444445 0.0 0.0 0.663570568179632 0.09800290406778357 0.5655676641118484
0.1 1.0 3.0 0.0 1.0 0.0 1.4229398273657095 0.41839730719341306 1.0045425201722964
0.1 0.8755555555555555 1.4022222222222223 0.4888888888888889 0.0 0.0 0.7019898206851917 0.1181241147966251 0.5838657058885666
0.1 1.0 3.0 0.0 1.0 0.0 1.3950822452413076 0.3960024800046115 0.9990797652366962
0 / 3
1 / 3
2 / 3
0.1 0.8888888888888888 1.3422222222222222 0.5577777777777778 0.0 0.0 0.6822076363423447 0.10907054602958229 0.5731370903127624
0.1 1.0 3.0 0.0 1.0 0.0 1.416672225535207 0.3941923793653819 1.0224798461698252
0.1 0.8911111111111111 1.3888888888888888 0.5177777777777778 0.0 0.0 0.6829156823000188 0.11240856701242746 0.5705071152875912
0.1 1.0 3.0 0.0 1.0 0.0 1.4014583698261913 0.38117338527501365 1.0202849845511777
0.1 0.9155555555555556 1.488888888888889 0.44 0.0 0.0 0.6932041533241204 0.121606507232658 0.5715976460914624
0.1 1.0 3.0 0.0 1.0 0.0 1.409820920938785 0.37171035393293217 1.038110567005853
0 / 3
1 / 3
2 / 3
0.1 0.8977777777777778 1.4355555555555555 0.48 0.0 0.0 0.7359847784446659 0.13581269750474073 0.6001720809399251
0.1 1.0 3.0 0.0 1.0 0.0 1.3898886491763127 0.38991732553151426 0.9999713236447981
0.1 0.8977777777777778 1.3422222222222222 0.5711111111111111 0.0 0.0 0.7282383694333334 0.12251175273398031 0.6057266166993531
0.1 1.0 3.0 0.0 1.0 0.0 1.386534249817311 0.3702248048002529 1.016309445017058
0.1 0.9022222222222223 1.3711111111111112 0.5444444444444444 0.0 0.0 0.7221679444087173 0.11675988953788156 0.6054080548708357
0.1 1.0 3.0 0.0 1.0 0.0 1.3815246616729422 0.3507977988033876 1.0307268628695547
0 / 3
1 / 3
2 / 3
0.1 0.9111111111111111 1.4222222222222223 0.5066666666666667 0.0 0.0 0.6933974108101651 0.12649467161710723 0.5669027391930579
0.1 1.0 3.0 0.0 1.0 0.0 1.417306438055474 0.42502209250347145 0.9922843455520028
0.1 0.9044444444444445 1.3577777777777778 0.5622222222222222 0.0 0.0 0.6851864064618128 0.10396785125965116 0.5812185552021616
0.1 1.0 2.986666666666667 0.0 0.9866666666666667 0.0 1.386137948695645 0.3880843986228555 0.9980535500727901
0.1 0.9066666666666666 1.46 0.4577777777777778 0.0 0.0 0.7030522801399287 0.10792102495524639 0.5951312551846824
0.1 0.9911111111111112 2.88 0.0022222222222222222 0.8844444444444445 0.0 1.3646469404406987 0.36343702965803926 1.0012099107826593
0 / 3
1 / 3
2 / 3
0.1 0.9266666666666666 1.54 0.40444444444444444 0.0 0.0 0.7480629933724691 0.12940780215213238 0.6186551912203367
0.1 1.0 3.0 0.0 1.0 0.0 1.4689812573569938 0.4839190189742889 0.9850622383827049
0.1 0.9266666666666666 1.451111111111111 0.4866666666666667 0.0 0.0 0.6993060955725565 0.11128937419997303 0.5880167213725835
0.1 1.0 3.0 0.0 1.0 0.0 1.4446596485869014 0.4572023936629603 0.9874572549239411
0.1 0.9177777777777778 1.46 0.4688888888888889 0.0 0.0 0.7450578325785919 0.11926050680694701 0.6257973257716447
0.1 1.0 3.0 0.0 1.0 0.0 1.423625940472496 0.41234227525315054 1.0112836652193458
0 / 3
1 / 3
2 / 3
0.1 0.9266666666666666 1.4777777777777779 0.4666666666666667 0.0 0.0 0.7226037379362954 0.12230385984495133 0.600299878091344
0.1 1.0 3.0 0.0 1.0 0.0 1.458852868823491 0.462091623674106 0.9967612451493849
0.1 0.9266666666666666 1.4377777777777778 0.5022222222222222 0.0 0.0 0.7104838757876647 0.11139272816417309 0.5990911476234918
0.1 1.0 3.0 0.0 1.0 0.0 1.4507885512796115 0.45998879444779056 0.990799756831821
0.1 0.9377777777777778 1.5422222222222222 0.4088888888888889 0.0 0.0 0.7202113094047087 0.1200097885946794 0.6002015208100291
0.1 1.0 3.0 0.0 1.0 0.0 1.4201281301251296 0.40862170020489835 1.0115064299202312
0 / 3
1 / 3
2 / 3
0.1 0.9022222222222223 1.4177777777777778 0.5 0.0 0.0 0.6691853860236509 0.11540132398976861 0.5537840620338822
0.1 1.0 3.0 0.0 1.0 0.0 1.4871718987330216 0.4857028282927864 1.0014690704402354
0.1 0.8977777777777778 1.4111111111111112 0.5022222222222222 0.0 0.0 0.6665855033836736 0.11002258486726252 0.556562918516411
0.1 1.0 3.0 0.0 1.0 0.0 1.5033684100116809 0.5067512808764146 0.9966171291352665
0.1 0.9022222222222223 1.4444444444444444 0.47333333333333333 0.0 0.0 0.6755791388735053 0.11946926898372101 0.5561098698897843
0.1 1.0 3.0 0.0 1.0 0.0 1.4593337424260553 0.4456595699264027 1.0136741724996523
0 / 3
1 / 3
2 / 3
0.1 0.9155555555555556 1.5244444444444445 0.4266666666666667 0.017777777777777778 0.0 0.7088189660248901 0.12806243493147484 0.5807565310934153
0.1 1.0 3.0 0.0 1.0 0.0 1.471163549040739 0.4644433945900342 1.0067201544507047
0.1 0.9044444444444445 1.4377777777777778 0.48444444444444446 0.0 0.0 0.6930234403618247 0.11674593099967923 0.5762775093621455
0.1 1.0 3.0 0.0 1.0 0.0 1.478840438889789 0.45568821037173596 1.023152228518053
0.1 0.9111111111111111 1.5133333333333334 0.4111111111111111 0.0 0.0 0.7166080234318413 0.12543328607081075 0.5911747373610304
0.1 1.0 3.0 0.0 1.0 0.0 1.472092809769358 0.44495656042802745 1.0271362493413303
0 / 3
1 / 3
2 / 3
0.1 0.9155555555555556 1.4577777777777778 0.5066666666666667 0.03333333333333333 0.0 0.705546679017568 0.117610167926812 0.5879365110907561
0.1 1.0 3.0 0.0 1.0 0.0 1.4049007877999125 0.4353121476109747 0.9695886401889376
0.1 0.9133333333333333 1.3777777777777778 0.5577777777777778 0.0022222222222222222 0.0 0.6650076918030514 0.10511711591422684 0.5598905758888246
0.1 1.0 3.0 0.0 1.0 0.0 1.3826680045839475 0.40379124958783724 0.9788767549961102
0.1 0.9155555555555556 1.3755555555555556 0.5622222222222222 0.0022222222222222222 0.0 0.6700048452984002 0.10719157436255153 0.5628132709358488
0.1 1.0 3.0 0.0 1.0 0.0 1.3773440213746657 0.3929500803754969 0.9843939409991688
0 / 3
1 / 3
2 / 3
0.1 0.9088888888888889 1.4355555555555555 0.52 0.03333333333333333 0.0 0.7127470133993193 0.1322110984318101 0.5805359149675092
0.1 1.0 3.0 0.0 1.0 0.0 1.4455333120922145 0.46623057963464654 0.979302732457568
0.1 0.9088888888888889 1.4 0.5422222222222223 0.02 0.0 0.6851995723317087 0.12624127261373755 0.5589582997179712
0.1 1.0 3.0 0.0 1.0 0.0 1.4462800920561585 0.4532608736950817 0.9930192183610766
0.1 0.92 1.5066666666666666 0.4444444444444444 0.017777777777777778 0.0 0.6874865066968951 0.1276308833971029 0.5598556232997922
0.1 1.0 3.0 0.0 1.0 0.0 1.417337777535028 0.4080800391692325 1.0092577383657955
0 / 3
1 / 3
2 / 3
0.1 0.9044444444444445 1.4088888888888889 0.5133333333333333 0.0 0.0 0.7115497962890825 0.11418533288274976 0.5973644634063329
0.1 1.0 3.0 0.0 1.0 0.0 1.527083726262882 0.5199665832135494 1.0071171430493329
0.1 0.9022222222222223 1.3377777777777777 0.58 0.0 0.0 0.6827822218932829 0.10269532692592712 0.5800868949673557
0.1 1.0 3.0 0.0 1.0 0.0 1.5368358887927178 0.5222423575417351 1.0145935312509828
0.1 0.8955555555555555 1.4022222222222223 0.5088888888888888 0.0 0.0 0.6927449757183944 0.10590275138504683 0.5868422243333478
0.1 1.0 3.0 0.0 1.0 0.0 1.433268992936378 0.45392506831280044 0.9793439246235777
0 / 3
1 / 3
2 / 3
0.1 0.9222222222222223 1.5266666666666666 0.41555555555555557 0.0 0.0 0.7158607482808079 0.12879574522941498 0.587065003051393
0.1 1.0 3.0 0.0 1.0 0.0 1.45292797264173 0.4489361916620926 1.003991780979637
0.1 0.9177777777777778 1.4088888888888889 0.5244444444444445 0.0 0.0 0.6882127448151578 0.11530436722145278 0.572908377593705
0.1 1.0 3.0 0.0 1.0 0.0 1.4689131186169515 0.45620884971954523 1.0127042688974062
0.1 0.9266666666666666 1.4777777777777779 0.4666666666666667 0.0 0.0 0.7157979606431526 0.11408391002999858 0.6017140506131539
0.1 1.0 3.0 0.0 1.0 0.0 1.471115558366444 0.42813241977918143 1.0429831385872623
0 / 3
1 / 3
2 / 3
0.1 0.9 1.6577777777777778 0.2911111111111111 0.042222222222222223 0.0 0.7356265708308539 0.1589777649063703 0.5766488059244838
0.1 1.0 3.0 0.0 1.0 0.0 1.4459436349035695 0.4198516929577431 1.0260919419458263
0.1 0.9488888888888889 1.6844444444444444 0.32666666666666666 0.04888888888888889 0.0 0.7334953504596722 0.15713164067874327 0.576363709780929
0.1 0.9888888888888889 2.7022222222222223 0.028888888888888888 0.7311111111111112 0.0 1.3123362328027688 0.3103198192631393 1.0020164135396294
0.1 0.9511111111111111 1.62 0.35555555555555557 0.011111111111111112 0.0 0.7208070058544881 0.14012047269037908 0.580686533164109
0.1 0.9866666666666667 2.688888888888889 0.008888888888888889 0.7 0.0 1.3287532503926607 0.3078466103900246 1.020906640002636
0 / 3
1 / 3
2 / 3
0.1 0.8777777777777778 1.308888888888889 0.5822222222222222 0.0 0.0 0.699109268031979 0.11115606820704894 0.5879531998249301
0.1 1.0 3.0 0.0 1.0 0.0 1.38011138130437 0.3989555053321314 0.9811558759722384
0.1 0.8844444444444445 1.26 0.6355555555555555 0.0 0.0 0.6710598221073849 0.09920412501421225 0.5718556970931726
0.1 1.0 3.0 0.0 1.0 0.0 1.3749782791274758 0.3623410031456106 1.0126372759818654
0.1 0.9022222222222223 1.4044444444444444 0.5133333333333333 0.0 0.0 0.6741743785810039 0.10605481574652452 0.5681195628344793
0.1 0.9955555555555555 2.94 0.0 0.94 0.0 1.3498129911899004 0.3433084961285402 1.0065044950613604
0 / 3
1 / 3
2 / 3
0.1 0.8844444444444445 1.3355555555555556 0.5622222222222222 0.0044444444444444444 0.0 0.7121285303743204 0.11378166259431269 0.5983468677800076
0.1 0.98 2.7444444444444445 0.008888888888888889 0.7577777777777778 0.0 1.3378662886374522 0.35082786163515883 0.9870384270022932
0.1 0.8777777777777778 1.28 0.6066666666666667 0.0 0.0 0.7159618666902725 0.10786237226750908 0.6080994944227635
0.1 0.9844444444444445 2.84 0.0022222222222222222 0.8422222222222222 0.0 1.3690073223214227 0.35219221561866926 1.0168151067027535
0.1 0.8955555555555555 1.4288888888888889 0.4777777777777778 0.0 0.0 0.7159667924326982 0.10762645732023354 0.6083403351124648
0.1 0.9755555555555555 2.548888888888889 0.035555555555555556 0.5911111111111111 0.0 1.3308044730273205 0.3104578265554592 1.0203466464718614
0 / 3
1 / 3
2 / 3
0.1 0.8955555555555555 1.3977777777777778 0.5333333333333333 0.024444444444444446 0.0 0.6981642480692094 0.11740174284129617 0.5807625052279132
0.1 0.9888888888888889 2.882222222222222 0.0022222222222222222 0.8844444444444445 0.0 1.354674224489802 0.4001736508737543 0.9545005736160477
0.1 0.8933333333333333 1.3555555555555556 0.5511111111111111 0.0 0.0 0.68155677117909 0.10787269555913932 0.5736840756199506
0.1 0.9933333333333333 2.8355555555555556 0.008888888888888889 0.8466666666666667 0.0 1.3304261745076742 0.3795650849601876 0.9508610895474863
0.1 0.8777777777777778 1.4622222222222223 0.4311111111111111 0.0 0.0 0.6986189379910719 0.11787340990516419 0.5807455280859077
0.1 0.9933333333333333 2.882222222222222 0.0 0.8822222222222222 0.0 1.3559413287767028 0.3285881345472637 1.0273531942294392
0 / 3
1 / 3
2 / 3
0.1 0.9133333333333333 1.4355555555555555 0.4955555555555556 0.0 0.0 0.7294163062563811 0.1321221448855849 0.5972941613707963
0.1 1.0 3.0 0.0 1.0 0.0 1.3688706760065554 0.4017321737123005 0.9671385022942551
0.1 0.9088888888888889 1.3844444444444444 0.54 0.0 0.0 0.6714190294373995 0.11667641529174891 0.5547426141456506
0.1 1.0 3.0 0.0 1.0 0.0 1.3756763418957587 0.4119132812207933 0.9637630606749656
0.1 0.9177777777777778 1.52 0.41333333333333333 0.0 0.0 0.6854955317016739 0.12535608145483368 0.5601394502468402
0.1 1.0 3.0 0.0 1.0 0.0 1.3688907711062206 0.3696825034848761 0.9992082676213447
0 / 3
1 / 3
2 / 3
0.1 0.9066666666666666 1.6088888888888888 0.3244444444444444 0.013333333333333334 0.0 0.7541030784157864 0.14691423154380326 0.607188846871983
0.1 1.0 3.0 0.0 1.0 0.0 1.3945869651889538 0.3968768930946944 0.9977100720942591
0.1 0.9 1.5577777777777777 0.3711111111111111 0.008888888888888889 0.0 0.7545507477499772 0.13632268371308204 0.6182280640368951
0.1 1.0 3.0 0.0 1.0 0.0 1.3954560566260863 0.3680800000914381 1.027376056534648
0.1 0.8933333333333333 1.508888888888889 0.40444444444444444 0.0 0.0 0.7373655821417117 0.12516756880090402 0.6121980133408076
0.1 1.0 3.0 0.0 1.0 0.0 1.3741057046295644 0.362688932346984 1.0114167722825802
0 / 3
1 / 3
2 / 3
0.1 0.9222222222222223 1.7155555555555555 0.22444444444444445 0.0 0.0 0.740179895313234 0.14996556168347475 0.5902143336297594
0.1 1.0 3.0 0.0 1.0 0.0 1.407025130268407 0.40586708838704666 1.0011580418813602
0.1 0.8955555555555555 1.5422222222222222 0.37555555555555553 0.0 0.0 0.7210249762155013 0.13273588544669054 0.5882890907688109
0.1 1.0 3.0 0.0 1.0 0.0 1.3861450058872753 0.37733290280253096 1.0088121030847441
0.1 0.9022222222222223 1.451111111111111 0.46444444444444444 0.0 0.0 0.6997362771977605 0.11559295979651542 0.5841433174012453
0.1 1.0 3.0 0.0 1.0 0.0 1.3904399379514858 0.3759752877723334 1.0144646501791525
0 / 3
1 / 3
2 / 3
0.1 0.9088888888888889 1.431111111111111 0.5 0.0 0.0 0.7039934923979495 0.12482041707098887 0.5791730753269605
0.1 1.0 3.0 0.0 1.0 0.0 1.3825057440170678 0.411125331878034 0.9713804121390338
0.1 0.9044444444444445 1.3822222222222222 0.5377777777777778 0.0 0.0 0.6438234779650539 0.11154504318709452 0.5322784347779593
0.1 1.0 3.0 0.0 1.0 0.0 1.389206252090336 0.4105679312921859 0.97863832079815
0.1 0.9066666666666666 1.531111111111111 0.3933333333333333 0.0 0.0 0.6661311518016987 0.12524451380137466 0.5408866380003242
0.1 1.0 3.0 0.0 1.0 0.0 1.3746253965389894 0.37228709317974285 1.0023383033592461
0 / 3
1 / 3
2 / 3
0.1 0.9022222222222223 1.6177777777777778 0.3088888888888889 0.0 0.0 0.7218466043279187 0.1450301290906183 0.5768164752373003
0.1 1.0 2.966666666666667 0.0 0.9666666666666667 0.0 1.3311352594202375 0.3518151262888844 0.9793201331313532
0.1 0.8977777777777778 1.5888888888888888 0.3333333333333333 0.0 0.0 0.6848602191798471 0.1349152312429167 0.5499449879369304
0.1 1.0 2.9844444444444442 0.0 0.9844444444444445 0.0 1.3490305781367948 0.3897191585589216 0.9593114195778732
0.1 0.8955555555555555 1.4933333333333334 0.42 0.0 0.0 0.6537438029560024 0.12090875451252417 0.5328350484434783
0.1 1.0 2.968888888888889 0.0 0.9688888888888889 0.0 1.338706391274115 0.37530310014117657 0.9634032911329383
0 / 3
1 / 3
2 / 3
0.1 0.9044444444444445 1.6311111111111112 0.28888888888888886 0.0 0.0 0.7329220587236094 0.1459128778248209 0.5870091808987884
0.1 1.0 3.0 0.0 1.0 0.0 1.4062402743297207 0.40990979121941196 0.996330483110309
0.1 0.8977777777777778 1.5577777777777777 0.36 0.0 0.0 0.724754087044406 0.13616124293819046 0.5885928441062156
0.1 0.9911111111111112 2.8866666666666667 0.0044444444444444444 0.8911111111111111 0.0 1.3665909879438942 0.34581767833635685 1.0207733096075373
0.1 0.8977777777777778 1.5044444444444445 0.40444444444444444 0.0 0.0 0.7076716600620987 0.12639324252025264 0.5812784175418461
0.1 0.9866666666666667 2.891111111111111 0.0044444444444444444 0.8955555555555555 0.0 1.3822838570948868 0.3440454831108544 1.0382383739840324
0 / 3
1 / 3
2 / 3
0.1 0.9044444444444445 1.6622222222222223 0.26666666666666666 0.0 0.0 0.7624883758917917 0.14595947916508598 0.6165288967267057
0.1 1.0 3.0 0.0 1.0 0.0 1.4258298915849037 0.4260162959391022 0.9998135956458016
0.1 0.8888888888888888 1.5177777777777777 0.3977777777777778 0.0 0.0 0.7575058296813311 0.13486498223866106 0.6226408474426701
0.1 1.0 3.0 0.0 1.0 0.0 1.4312142827104601 0.3989143569820941 1.032299925728366
0.1 0.8866666666666667 1.4155555555555555 0.4866666666666667 0.0 0.0 0.7479373862787729 0.12293027852322146 0.6250071077555515
0.1 1.0 3.0 0.0 1.0 0.0 1.4191394284766514 0.3953558855956065 1.0237835428810447
0 / 3
1 / 3
2 / 3
0.1 0.9066666666666666 1.6777777777777778 0.24666666666666667 0.0 0.0 0.7610578643914897 0.1576874876375513 0.6033703767539383
0.1 1.0 3.0 0.0 1.0 0.0 1.3855265734855442 0.4280868741851779 0.9574396993003662
0.1 0.8977777777777778 1.5355555555555556 0.3844444444444444 0.0 0.0 0.7707476959268204 0.14095496780998834 0.6297927281168321
0.1 1.0 3.0 0.0 1.0 0.0 1.383366128793594 0.39186877975181506 0.9914973490417792
0.1 0.8955555555555555 1.4666666666666666 0.4444444444444444 0.0 0.0 0.7519273760327057 0.1308391779417065 0.6210881980909991
0.1 1.0 3.0 0.0 1.0 0.0 1.388612991681117 0.387046941985109 1.0015660496960082
0 / 3
1 / 3
2 / 3
0.1 0.9044444444444445 1.4466666666666668 0.4711111111111111 0.0 0.0 0.7325316238317858 0.13645243809905783 0.596079185732728
0.1 1.0 3.0 0.0 1.0 0.0 1.4266266527943496 0.43181407624032464 0.994812576554025
0.1 0.9111111111111111 1.4333333333333333 0.49333333333333335 0.0 0.0 0.7108431920827467 0.11701994740722291 0.5938232446755238
0.1 1.0 3.0 0.0 1.0 0.0 1.3987591304855984 0.39125232433691615 1.007506806148682
0.1 0.9111111111111111 1.4266666666666667 0.49333333333333335 0.0 0.0 0.717060051702704 0.11646526928760877 0.6005947824150952
0.1 0.9977777777777778 2.977777777777778 0.0 0.9777777777777777 0.0 1.3773052771552203 0.3474152768758594 1.029890000279361
0 / 3
1 / 3
2 / 3
0.1 0.8733333333333333 1.3133333333333332 0.5755555555555556 0.0 0.0 0.6786166721904214 0.10839654954924051 0.5702201226411807
0.1 1.0 3.0 0.0 1.0 0.0 1.3604204317012283 0.4290459817700462 0.931374449931182
0.1 0.8777777777777778 1.211111111111111 0.6733333333333333 0.0 0.0 0.6312484157781482 0.088780156299809 0.5424682594783391
0.1 1.0 3.0 0.0 1.0 0.0 1.365742011025706 0.4296644807915796 0.9360775302341264
0.1 0.9 1.451111111111111 0.46444444444444444 0.0 0.0 0.6629258119387172 0.10092815648248672 0.5619976554562305
0.1 1.0 3.0 0.0 1.0 0.0 1.4031147934247252 0.4206090582671503 0.982505735157575
0 / 3
1 / 3
2 / 3
0.1 0.8977777777777778 1.4222222222222223 0.4955555555555556 0.0 0.0 0.6816168754855442 0.12237123666006719 0.559245638825477
0.1 1.0 2.966666666666667 0.0 0.9666666666666667 0.0 1.334842094428527 0.35313677995369763 0.9817053144748297
0.1 0.8933333333333333 1.3466666666666667 0.56 0.0 0.0 0.6727991181629275 0.10694346705689396 0.5658556511060336
0.1 1.0 3.0 0.0 1.0 0.0 1.3507516994263022 0.36798942717326566 0.9827622722530365
0.1 0.8977777777777778 1.4933333333333334 0.41333333333333333 0.0 0.0 0.685993938524551 0.11668808336060592 0.569305855163945
0.1 1.0 3.0 0.0 1.0 0.0 1.3725770469993783 0.3652038114124129 1.0073732355869651
0 / 3
1 / 3
2 / 3
0.1 0.8977777777777778 1.3311111111111111 0.58 0.0 0.0 0.7245043789933536 0.11659002965521613 0.6079143493381376
0.1 1.0 3.0 0.0 1.0 0.0 1.394435052893647 0.421166433496716 0.9732686193969311
0.1 0.8888888888888888 1.2533333333333334 0.6466666666666666 0.0 0.0 0.6865192456124607 0.10175050484741664 0.584768740765044
0.1 0.9933333333333333 2.928888888888889 0.0 0.9288888888888889 0.0 1.3434808739550415 0.38026608229094044 0.9632147916641014
0.1 0.8866666666666667 1.4244444444444444 0.47333333333333333 0.0 0.0 0.7042443949219842 0.10382412317579486 0.6004202717461893
0.1 0.9866666666666667 2.7333333333333334 0.015555555555555555 0.7511111111111111 0.0 1.3174003437006159 0.3483209487301026 0.9690793949705133
101
The best KBinsDiscretizer strategy is: kmeans
The best bins strategy is: stone, with: 5 bins
The best number of bins for D is: 5. Bins: 5
0 / 4
1 / 4
2 / 4
3 / 4
0.1 0.9222222222222223 1.1733333333333333 0.8488888888888889 0.0 0.051111111111111114 0.6101456314728545 0.08537294572803238 0.524772685744822
0.1 0.9533333333333334 0.9977777777777778 0.9533333333333334 0.0 0.0022222222222222222 1.5609507500670892 0.19744624282140957 1.3635045072456797
0.1 0.9155555555555556 1.1377777777777778 0.8488888888888889 0.0 0.0 0.5821100733004239 0.05576123002427006 0.5263488432761538
0.1 0.9533333333333334 0.9977777777777778 0.9533333333333334 0.0 0.0022222222222222222 1.5488406830698114 0.1962435474548212 1.3525971356149902
0.1 0.9266666666666666 1.208888888888889 0.8177777777777778 0.0 0.0044444444444444444 0.6488728889157688 0.1291541601912569 0.5197187287245117
0.1 0.9355555555555556 0.9444444444444444 0.9355555555555556 0.0 0.05555555555555555 1.5265503109968428 0.11075723883036033 1.4157930721664829
0.1 0.9088888888888889 1.5044444444444445 0.45555555555555555 0.0 0.0 0.642101993804784 0.1112481092379747 0.5308538845668094
0.1 0.9355555555555556 0.9577777777777777 0.9355555555555556 0.0 0.042222222222222223 1.4858616090170425 0.0896255449864928 1.3962360640305496
0 / 4
1 / 4
2 / 4
3 / 4
0.1 0.9244444444444444 1.1333333333333333 0.8577777777777778 0.0 0.04888888888888889 0.5731562541561356 0.06646798722561813 0.5066882669305174
0.1 0.9355555555555556 0.9777777777777777 0.9355555555555556 0.0 0.022222222222222223 1.4469604192422143 0.13461900317196387 1.3123414160702505
0.1 0.9244444444444444 1.0711111111111111 0.8622222222222222 0.0 0.06888888888888889 0.6144391960008991 0.07591563655230073 0.5385235594485982
0.1 0.9533333333333334 1.0066666666666666 0.9377777777777778 0.0 0.008888888888888889 1.4633138092668443 0.11459419289459676 1.3487196163722477
0.1 0.9 0.9777777777777777 0.8888888888888888 0.0 0.03777777777777778 0.5854783766794659 0.04640801777578361 0.5390703589036822
0.1 0.9488888888888889 1.008888888888889 0.9244444444444444 0.0 0.015555555555555555 1.4463812933640754 0.1153163782559443 1.3310649151081313
0.1 0.9044444444444445 0.9844444444444445 0.8911111111111111 0.0 0.03333333333333333 0.5859110605813711 0.04656111016851473 0.5393499504128564
0.1 0.94 0.9533333333333334 0.94 0.0 0.04666666666666667 1.4230805256775294 0.07016620588697779 1.3529143197905518
0 / 4
1 / 4
2 / 4
3 / 4
0.1 0.9222222222222223 1.18 0.8422222222222222 0.0 0.05333333333333334 0.6229906466721289 0.09410242751723079 0.528888219154898
0.1 0.9066666666666666 0.9266666666666666 0.9066666666666666 0.0 0.07333333333333333 1.4484742656664336 0.09156516277837963 1.3569091028880544
0.1 0.9111111111111111 1.0733333333333333 0.8422222222222222 0.0 0.06222222222222222 0.5742124326218363 0.05354265832849151 0.5206697742933447
0.1 0.9088888888888889 0.9311111111111111 0.9088888888888889 0.0 0.06888888888888889 1.4323049471194302 0.09041984923083494 1.3418850978885954
0.1 0.8977777777777778 1.1444444444444444 0.8133333333333334 0.0 0.008888888888888889 0.6403454490526663 0.10276098463674249 0.5375844644159238
0.1 0.9288888888888889 0.9333333333333333 0.9288888888888889 0.0 0.06666666666666667 1.4414016806944974 0.044882070796950384 1.3965196098975468
0.1 0.9133333333333333 1.1644444444444444 0.8177777777777778 0.0 0.022222222222222223 0.6447678749062766 0.10454255694529012 0.5402253179609865
0.1 0.9266666666666666 0.9288888888888889 0.9266666666666666 0.0 0.07111111111111111 1.4297652897989064 0.045425129209112076 1.3843401605897947
0 / 4
1 / 4
2 / 4
3 / 4
0.1 0.8888888888888888 1.0555555555555556 0.8333333333333334 0.0 0.08444444444444445 0.606622296593947 0.07507796117996232 0.5315443354139846
0.1 0.9711111111111111 1.0244444444444445 0.9444444444444444 0.0 0.0044444444444444444 1.4813913604684368 0.1359213331589554 1.3454700273094815
0.1 0.8866666666666667 2.1822222222222223 0.38666666666666666 0.0 0.09777777777777778 0.9760434372380361 0.49516568951745255 0.4808777477205834
0.1 0.9711111111111111 0.9933333333333333 0.9711111111111111 0.0 0.006666666666666667 1.4861194756671723 0.15379779743772934 1.332321678229443
0.1 0.9155555555555556 0.9666666666666667 0.8933333333333333 0.0 0.06 0.5948572821690985 0.10648889002268135 0.48836839214641714
0.1 0.9711111111111111 0.9933333333333333 0.9711111111111111 0.0 0.006666666666666667 1.493555277989728 0.15554022994357727 1.3380150480461512
0.1 0.9066666666666666 1.288888888888889 0.58 0.0 0.03777777777777778 0.6211168514352096 0.1346306309963666 0.4864862204388429
0.1 0.9777777777777777 0.9933333333333333 0.9777777777777777 0.0 0.006666666666666667 1.482187676440442 0.10948622896773808 1.3727014474727037
0 / 4
1 / 4
2 / 4
3 / 4
0.1 0.8844444444444445 1.06 0.8333333333333334 0.0 0.08 0.5770549848091299 0.06677685143263606 0.5102781333764939
0.1 0.9422222222222222 1.008888888888889 0.9244444444444444 0.0 0.013333333333333334 1.3593312943742624 0.03072257915306854 1.3286087152211936
0.1 0.9088888888888889 1.051111111111111 0.8488888888888889 0.0 0.051111111111111114 0.5452534516624225 0.04454186813019136 0.500711583532231
0.1 0.9533333333333334 1.0044444444444445 0.9333333333333333 0.0 0.017777777777777778 1.3493098730432938 0.03057377561022102 1.3187360974330726
0.1 0.9311111111111111 1.16 0.8244444444444444 0.0 0.008888888888888889 0.570402361631808 0.06730134150461944 0.5031010201271887
0.1 0.9622222222222222 0.9933333333333333 0.9622222222222222 0.0 0.006666666666666667 1.4097511536313017 0.04429835434880505 1.3654527992824965
0.1 0.9 0.9733333333333334 0.8844444444444445 0.0 0.044444444444444446 0.5686843015251914 0.07941077457770195 0.4892735269474895
0.1 0.9555555555555556 0.9955555555555555 0.9555555555555556 0.0 0.0044444444444444444 1.498508072359314 0.08934256961080009 1.409165502748514
0 / 4
1 / 4
2 / 4
3 / 4
0.1 0.9177777777777778 1.1622222222222223 0.8444444444444444 0.0 0.05555555555555555 0.6470576841793518 0.09647980606515068 0.5505778781142012
0.1 0.9466666666666667 0.9955555555555555 0.9466666666666667 0.0 0.0044444444444444444 1.4737651798683495 0.17747579031623648 1.296289389552113
0.1 0.9177777777777778 2.1933333333333334 0.5022222222222222 0.0 0.05555555555555555 0.9883776570839905 0.46093946816698084 0.5274381889170097
0.1 0.9555555555555556 0.9977777777777778 0.9555555555555556 0.0 0.0022222222222222222 1.5985148033231498 0.2632160986036341 1.3352987047195157
0.1 0.92 1.68 0.5222222222222223 0.0 0.04888888888888889 0.716214317244059 0.19677891762165348 0.5194353996224056
0.1 0.9555555555555556 0.9977777777777778 0.9555555555555556 0.0 0.0022222222222222222 1.594946531104414 0.263629060721899 1.331317470382515
0.1 0.9155555555555556 2.4644444444444447 0.042222222222222223 0.0 0.022222222222222223 0.8159592590135931 0.29992848108852754 0.5160307779250656
0.1 0.96 1.0 0.96 0.0 0.0 1.6025914402038448 0.2610836673349092 1.3415077728689357
0 / 4
1 / 4
2 / 4
3 / 4
0.1 0.8866666666666667 1.068888888888889 0.8355555555555556 0.0 0.08222222222222222 0.5956735781138763 0.07204701660515757 0.5236265615087189
0.1 0.9511111111111111 0.9733333333333334 0.9511111111111111 0.0 0.02666666666666667 1.4202248449961412 0.07149652245787652 1.3487283225382645
0.1 0.8777777777777778 1.0133333333333334 0.8244444444444444 0.0 0.10666666666666667 0.5861163901474346 0.07452858010618772 0.5115878100412469
0.1 0.9488888888888889 0.9888888888888889 0.9488888888888889 0.0 0.011111111111111112 1.400930215879868 0.046641335263726345 1.3542888806161417
0.1 0.9 0.9311111111111111 0.8888888888888888 0.0 0.08222222222222222 0.5413384157752843 0.0393723895477861 0.5019660262274982
0.1 0.9488888888888889 0.9933333333333333 0.9488888888888889 0.0 0.006666666666666667 1.4211489415426302 0.06809483104122833 1.3530541105014016
0.1 0.8955555555555555 0.9111111111111111 0.8888888888888888 0.0 0.09777777777777778 0.5448812979152874 0.04301042576673184 0.5018708721485556
0.1 0.9444444444444444 0.9577777777777777 0.9444444444444444 0.0 0.042222222222222223 1.4716735289500933 0.044715271025404235 1.426958257924689
0 / 4
1 / 4
2 / 4
3 / 4
0.1 0.9222222222222223 1.1355555555555557 0.8555555555555555 0.0 0.04888888888888889 0.6146759754052257 0.07906287291768133 0.5356131024875443
0.1 0.9444444444444444 1.0044444444444445 0.9333333333333333 0.0 0.011111111111111112 1.555392698647486 0.19943180029291285 1.355960898354573
0.1 0.9222222222222223 1.0911111111111111 0.8644444444444445 0.0 0.05333333333333334 0.6167014713181165 0.1085008595706471 0.5082006117474693
0.1 0.9577777777777777 1.0155555555555555 0.9377777777777778 0.0 0.0044444444444444444 1.4279951634771137 0.09352691107422849 1.3344682524028855
0.1 0.9311111111111111 1.0333333333333334 0.88 0.0 0.024444444444444446 0.5870117615706406 0.0790696007259845 0.507942160844656
0.1 0.9511111111111111 1.0244444444444445 0.9244444444444444 0.0 0.0044444444444444444 1.4402025863839758 0.11470203277699242 1.3255005536069837
0.1 0.9377777777777778 1.0177777777777777 0.8844444444444445 0.0 0.035555555555555556 0.6181873819999505 0.10161535306102203 0.5165720289389285
0.1 0.9511111111111111 0.98 0.9511111111111111 0.0 0.02 1.4305541360786111 0.047701947957149035 1.382852188121462
0 / 4
1 / 4
2 / 4
3 / 4
0.1 0.9133333333333333 1.1044444444444443 0.8511111111111112 0.0 0.06666666666666667 0.599732681569188 0.07657137243605476 0.5231613091331333
0.1 0.9333333333333333 0.9711111111111111 0.9333333333333333 0.0 0.028888888888888888 1.437569759497828 0.1140041858130851 1.323565573684743
0.1 0.9066666666666666 2.2511111111111113 0.4577777777777778 0.0 0.07111111111111111 0.7953428080027196 0.2445403065099383 0.5508025014927813
0.1 0.94 0.9733333333333334 0.94 0.0 0.02666666666666667 1.3703701026530164 0.07350059111889451 1.2968695115341218
0.1 0.9066666666666666 1.0044444444444445 0.8844444444444445 0.0 0.02 0.6364782592754656 0.09515521791336545 0.5413230413621003
0.1 0.94 0.9733333333333334 0.94 0.0 0.02666666666666667 1.3841034433271873 0.09442011748716599 1.2896833258400215
0.1 0.9111111111111111 0.9933333333333333 0.8888888888888888 0.0 0.028888888888888888 0.6382459556015442 0.09855119170502792 0.5396947638965164
0.1 0.9311111111111111 0.9511111111111111 0.9311111111111111 0.0 0.04888888888888889 1.4172700865524408 0.050364585434548526 1.3669055011178923
0 / 4
1 / 4
2 / 4
3 / 4
0.1 0.9 1.1111111111111112 0.8377777777777777 0.0 0.06888888888888889 0.6027416991704766 0.07541173508196237 0.5273299640885142
0.1 0.9377777777777778 0.9666666666666667 0.9377777777777778 0.0 0.03333333333333333 1.537130684740732 0.1553043954155517 1.38182628932518
0.1 0.9 1.048888888888889 0.8488888888888889 0.0 0.08222222222222222 0.6228476232779688 0.09651829571165069 0.5263293275663181
0.1 0.9666666666666667 0.9933333333333333 0.9666666666666667 0.0 0.006666666666666667 1.476459537428492 0.10900636890481813 1.3674531685236737
0.1 0.8911111111111111 0.94 0.8666666666666667 0.0 0.08888888888888889 0.5825937126271141 0.060380941427679004 0.5222127711994351
0.1 0.9644444444444444 0.9933333333333333 0.9644444444444444 0.0 0.006666666666666667 1.4576374743193408 0.11110032938868883 1.346537144930652
0.1 0.9 0.9866666666666667 0.86 0.0 0.05333333333333334 0.6064650055674908 0.08029182337418939 0.5261731821933013
0.1 0.9422222222222222 0.9533333333333334 0.9422222222222222 0.0 0.04666666666666667 1.478789684255787 0.08795839742372318 1.3908312868320638
0 / 4
1 / 4
2 / 4
3 / 4
0.1 0.9155555555555556 1.1622222222222223 0.8422222222222222 0.0 0.057777777777777775 0.6691012048960522 0.09129152553442012 0.5778096793616321
0.1 0.9444444444444444 0.9911111111111112 0.9444444444444444 0.0 0.008888888888888889 1.4354685168648187 0.11093460916842515 1.3245339076963931
0.1 0.9155555555555556 1.0955555555555556 0.8444444444444444 0.0 0.04888888888888889 0.6061835853657631 0.05572282548797152 0.5504607598777916
0.1 0.9466666666666667 0.9888888888888889 0.9466666666666667 0.0 0.011111111111111112 1.4368713949279248 0.11051900590054979 1.326352389027375
0.1 0.9111111111111111 1.06 0.8488888888888889 0.0 0.06666666666666667 0.6183211078128688 0.06893642907628152 0.5493846787365871
0.1 0.9133333333333333 0.9155555555555556 0.9133333333333333 0.0 0.08444444444444445 1.4365583275459328 0.08822064598519452 1.3483376815607382
0.1 0.8977777777777778 1.048888888888889 0.8311111111111111 0.0 0.09111111111111111 0.6555856017127214 0.10486349363183166 0.5507221080808896
0.1 0.9111111111111111 0.9111111111111111 0.9111111111111111 0.0 0.08888888888888889 1.4292228667086322 0.06701825547361241 1.3622046112350197
0 / 4
1 / 4
2 / 4
3 / 4
0.1 0.8955555555555555 1.0733333333333333 0.84 0.0 0.06666666666666667 0.578054019653983 0.07028375929270096 0.5077702603612819
0.1 0.9333333333333333 0.9844444444444445 0.9333333333333333 0.0 0.015555555555555555 1.412110606088314 0.09176059209415058 1.3203500139941633
0.1 0.8866666666666667 0.9977777777777778 0.8377777777777777 0.0 0.08444444444444445 0.5370186505384948 0.04104825814776257 0.4959703923907323
0.1 0.9333333333333333 0.9777777777777777 0.9333333333333333 0.0 0.022222222222222223 1.4121953712205095 0.09180902509124168 1.3203863461292678
0.1 0.8911111111111111 1.08 0.8422222222222222 0.0 0.011111111111111112 0.5439248524244783 0.04514865456415168 0.49877619786032673
0.1 0.9333333333333333 0.9422222222222222 0.9333333333333333 0.0 0.057777777777777775 1.461988105905283 0.06555238627986745 1.3964357196254158
0.1 0.8911111111111111 1.048888888888889 0.8422222222222222 0.0 0.044444444444444446 0.5505709981402952 0.04583121928228168 0.5047397788580135
0.1 0.9355555555555556 0.9466666666666667 0.9355555555555556 0.0 0.05333333333333334 1.4905894018844432 0.06592899806418608 1.4246604038202566
0 / 4
1 / 4
2 / 4
3 / 4
0.1 0.9044444444444445 1.1088888888888888 0.8355555555555556 0.0 0.06666666666666667 0.6071307598803345 0.07782260166066432 0.5293081582196701
0.1 0.9555555555555556 0.9755555555555555 0.9555555555555556 0.0 0.024444444444444446 1.466121282996697 0.11424103109201925 1.3518802519046778
0.1 0.9022222222222223 1.1311111111111112 0.8311111111111111 0.0 0.0 0.5588162527962705 0.05506045252335182 0.5037558002729187
0.1 0.9555555555555556 0.9755555555555555 0.9555555555555556 0.0 0.024444444444444446 1.4438907375430783 0.11560915380878221 1.328281583734296
0.1 0.8977777777777778 1.1466666666666667 0.8266666666666667 0.0 0.011111111111111112 0.5562681343693655 0.05738526240023791 0.49888287196912756
0.1 0.92 0.9266666666666666 0.92 0.0 0.07333333333333333 1.4232003070592054 0.04746756985101872 1.375732737208187
0.1 0.8888888888888888 1.0866666666666667 0.8266666666666667 0.0 0.03777777777777778 0.5611326897443992 0.06287327412966773 0.4982594156147315
0.1 0.9266666666666666 0.9333333333333333 0.9266666666666666 0.0 0.06666666666666667 1.4179253707265287 0.046729214980537156 1.3711961557459917
0 / 4
1 / 4
2 / 4
3 / 4
0.1 0.8977777777777778 1.1288888888888888 0.8266666666666667 0.0 0.08444444444444445 0.6169637803809178 0.09559254058502108 0.5213712397958966
0.1 0.9377777777777778 0.9644444444444444 0.9377777777777778 0.0 0.035555555555555556 1.6019491558113719 0.22026961322211075 1.3816795425892607
0.1 0.8977777777777778 1.6733333333333333 0.4577777777777778 0.0 0.08444444444444445 0.6595399274660725 0.1494578032555747 0.5100821242104978
0.1 0.9488888888888889 0.9933333333333333 0.9488888888888889 0.0 0.006666666666666667 1.5118080076891718 0.15558364819003415 1.3562243594991374
0.1 0.8977777777777778 0.9911111111111112 0.8688888888888889 0.0 0.04666666666666667 0.5779173279752252 0.07479691467680762 0.5031204132984176
0.1 0.9488888888888889 0.9933333333333333 0.9488888888888889 0.0 0.006666666666666667 1.5150811175612116 0.15597857011863095 1.3591025474425806
0.1 0.9066666666666666 1.0133333333333334 0.8688888888888889 0.0 0.02666666666666667 0.5792644175676835 0.07859490736121505 0.5006695102064684
0.1 0.9422222222222222 0.9666666666666667 0.9422222222222222 0.0 0.03333333333333333 1.5574190716772558 0.1550139866700076 1.402405085007248
0 / 4
1 / 4
2 / 4
3 / 4
0.1 0.9244444444444444 1.1511111111111112 0.8555555555555555 0.0 0.04666666666666667 0.5739965987667177 0.08206724699577353 0.4919293517709443
0.1 0.92 0.94 0.92 0.0 0.06 1.426646132638312 0.0901485588727943 1.3364975737655178
0.1 0.9088888888888889 1.0755555555555556 0.8444444444444444 0.0 0.07111111111111111 0.6114832514440013 0.10730224129789602 0.5041810101461053
0.1 0.9355555555555556 0.9577777777777777 0.9355555555555556 0.0 0.042222222222222223 1.4140049120434697 0.06830927294062199 1.3456956391028476
0.1 0.8977777777777778 0.9355555555555556 0.88 0.0 0.08444444444444445 0.5446692437065076 0.04725802433528237 0.4974112193712252
0.1 0.9244444444444444 0.9555555555555556 0.9244444444444444 0.0 0.044444444444444446 1.3773130376173466 0.06721702269723887 1.310096014920108
0.1 0.8955555555555555 0.9622222222222222 0.88 0.0 0.05333333333333334 0.5680327537433226 0.07208012408116996 0.49595262966215264
0.1 0.9311111111111111 0.9466666666666667 0.9311111111111111 0.0 0.05333333333333334 1.409585990292227 0.06753370304109992 1.342052287251127
0 / 4
1 / 4
2 / 4
3 / 4
0.1 0.8866666666666667 1.0777777777777777 0.8333333333333334 0.0 0.08 0.6201650666815647 0.07144291782031587 0.5487221488612488
0.1 0.9555555555555556 0.9977777777777778 0.9555555555555556 0.0 0.0022222222222222222 1.4282967543973881 0.11216532054883241 1.316131433848556
0.1 0.8977777777777778 1.8288888888888888 0.4444444444444444 0.0 0.08 0.7632438476921392 0.20564981183341705 0.5575940358587221
0.1 0.9622222222222222 1.0 0.9622222222222222 0.0 0.0 1.4973724984504952 0.15503088939325874 1.3423416090572367
0.1 0.8955555555555555 0.9288888888888889 0.8866666666666667 0.0 0.08 0.6272388973177174 0.07193909929636766 0.5552997980213499
0.1 0.9622222222222222 1.0 0.9622222222222222 0.0 0.0 1.5333975434840885 0.17619755764757397 1.3571999858365142
0.1 0.8955555555555555 0.9333333333333333 0.8866666666666667 0.0 0.07777777777777778 0.6242513862572096 0.07167053004256588 0.5525808562146437
0.1 0.9711111111111111 0.9911111111111112 0.9711111111111111 0.0 0.008888888888888889 1.4953888434342497 0.13334692955451125 1.3620419138797386
0 / 4
1 / 4
2 / 4
3 / 4
0.1 0.9133333333333333 1.1333333333333333 0.8444444444444444 0.0 0.057777777777777775 0.6160982494812414 0.07107355675587715 0.5450246927253642
0.1 0.9466666666666667 0.9777777777777777 0.9466666666666667 0.0 0.022222222222222223 1.468536543064749 0.11362239026923857 1.3549141527955109
0.1 0.9111111111111111 1.8133333333333332 0.47555555555555556 0.0 0.07333333333333333 0.6911064157933128 0.1826392398948332 0.5084671758984795
0.1 0.9666666666666667 0.9888888888888889 0.9666666666666667 0.0 0.011111111111111112 1.5078046576075141 0.17417148001525526 1.333633177592259
0.1 0.9066666666666666 0.9377777777777778 0.8977777777777778 0.0 0.07111111111111111 0.573954969208872 0.06489371128665557 0.5090612579222163
0.1 0.96 0.9844444444444445 0.96 0.0 0.015555555555555555 1.5341908076858843 0.17550628121460046 1.3586845264712837
0.1 0.9155555555555556 0.94 0.9133333333333333 0.0 0.06222222222222222 0.5697665424648211 0.06528241437429008 0.504484128090531
0.1 0.9466666666666667 0.9555555555555556 0.9466666666666667 0.0 0.044444444444444446 1.4820789824505352 0.11035072274818838 1.3717282597023466
0 / 4
1 / 4
2 / 4
3 / 4
0.1 0.9022222222222223 1.1088888888888888 0.8355555555555556 0.0 0.07333333333333333 0.6120498691744825 0.08160996454296904 0.5304399046315134
0.1 0.9488888888888889 0.9911111111111112 0.9488888888888889 0.0 0.008888888888888889 1.411654820182914 0.07075999752902652 1.3408948226538875
0.1 0.8955555555555555 1.0577777777777777 0.8422222222222222 0.0 0.07777777777777778 0.5924315449585811 0.08806318741437985 0.5043683575442012
0.1 0.9466666666666667 1.0466666666666666 0.9022222222222223 0.0 0.008888888888888889 1.4815454677235302 0.1807028609595305 1.3008426067639995
0.1 0.8955555555555555 1.0644444444444445 0.8177777777777778 0.0 0.08222222222222222 0.5582810348562407 0.05514595425909349 0.5031350805971473
0.1 0.9511111111111111 1.0555555555555556 0.9088888888888889 0.0 0.0 1.495889173133624 0.1821122381748783 1.3137769349587454
0.1 0.9222222222222223 1.1777777777777778 0.7933333333333333 0.0 0.006666666666666667 0.607601959543868 0.09982114271880439 0.5077808168250635
0.1 0.9377777777777778 0.9911111111111112 0.9333333333333333 0.0 0.013333333333333334 1.4943997848366821 0.15713986041902397 1.3372599244176582
0 / 4
1 / 4
2 / 4
3 / 4
0.1 0.8977777777777778 1.0977777777777777 0.8288888888888889 0.0 0.08222222222222222 0.6241780344218233 0.0841830715479524 0.539994962873871
0.1 0.9044444444444445 0.9311111111111111 0.9044444444444445 0.0 0.06888888888888889 1.5165979911451473 0.15360222018894207 1.362995770956205
0.1 0.9088888888888889 1.0955555555555556 0.8422222222222222 0.0 0.02666666666666667 0.5879076296288378 0.05229697749859076 0.5356106521302471
0.1 0.9111111111111111 0.9444444444444444 0.9111111111111111 0.0 0.05555555555555555 1.4957716438831532 0.1538934502514528 1.3418781936317004
0.1 0.9111111111111111 1.2244444444444444 0.7933333333333333 0.0 0.006666666666666667 0.6216816201093884 0.07632995601850595 0.5453516640908824
0.1 0.9311111111111111 0.9377777777777778 0.9311111111111111 0.0 0.06222222222222222 1.4713479977217836 0.06828318149990387 1.4030648162218797
0.1 0.9044444444444445 1.2444444444444445 0.7866666666666666 0.0 0.0044444444444444444 0.6274075210549175 0.07894827196870578 0.5484592490862118
0.1 0.9333333333333333 0.9377777777777778 0.9333333333333333 0.0 0.06222222222222222 1.4777490607033388 0.06871730049470687 1.409031760208632
0 / 4
1 / 4
2 / 4
3 / 4
0.1 0.9044444444444445 1.1333333333333333 0.8333333333333334 0.0 0.07555555555555556 0.6168771382855317 0.09954991074077428 0.5173272275447575
0.1 0.9644444444444444 1.0422222222222222 0.9377777777777778 0.0 0.0022222222222222222 1.4151835564051702 0.07325423875951344 1.3419293176456568
0.1 0.8955555555555555 1.84 0.46 0.0 0.07555555555555556 0.6749799004683531 0.16215423592724174 0.5128256645411114
0.1 0.9555555555555556 0.9933333333333333 0.9555555555555556 0.0 0.006666666666666667 1.4061685986931283 0.07069772492179345 1.3354708737713348
0.1 0.9044444444444445 1.0222222222222221 0.8688888888888889 0.0 0.022222222222222223 0.5833264422877783 0.0716566113314218 0.5116698309563564
0.1 0.9533333333333334 0.9955555555555555 0.9533333333333334 0.0 0.0044444444444444444 1.4172463057030735 0.07039882052198973 1.3468474851810839
0.1 0.8977777777777778 0.9933333333333333 0.8622222222222222 0.0 0.044444444444444446 0.5988337326360273 0.09170955525136154 0.5071241773846659
0.1 0.94 0.9622222222222222 0.94 0.0 0.03777777777777778 1.3935698120413207 0.048525201917228436 1.3450446101240925
0 / 4
1 / 4
2 / 4
3 / 4
0.1 0.9 1.0666666666666667 0.8511111111111112 0.0 0.06444444444444444 0.6127856013293854 0.07082672671168795 0.5419588746176973
0.1 0.9422222222222222 0.9977777777777778 0.9422222222222222 0.0 0.0022222222222222222 1.4727562542955108 0.15673402718414164 1.3160222271113693
0.1 0.9133333333333333 1.0266666666666666 0.8688888888888889 0.0 0.06444444444444444 0.677725178298312 0.13884380844643882 0.5388813698518734
0.1 0.9466666666666667 1.0 0.9466666666666667 0.0 0.0 1.4637885512955202 0.11255882276967198 1.3512297285258483
0.1 0.8955555555555555 0.9555555555555556 0.8777777777777778 0.0 0.07555555555555556 0.6232126031155331 0.09302864604031937 0.5301839570752137
0.1 0.9466666666666667 1.0 0.9466666666666667 0.0 0.0 1.455011053159946 0.11149116043720657 1.3435198927227394
0.1 0.8911111111111111 0.9177777777777778 0.8822222222222222 0.0 0.1 0.6133971605894571 0.08578547764871154 0.5276116829407457
0.1 0.9666666666666667 1.0 0.9666666666666667 0.0 0.0 1.3894518976845918 0.04647095762209492 1.3429809400624966
0 / 4
1 / 4
2 / 4
3 / 4
0.1 0.92 1.1133333333333333 0.8488888888888889 0.0 0.06222222222222222 0.5894480775007939 0.06694715235927584 0.5225009251415181
0.1 0.9711111111111111 0.9977777777777778 0.9711111111111111 0.0 0.0022222222222222222 1.4887476509984998 0.1555012098233545 1.3332464411751455
0.1 0.9022222222222223 1.0755555555555556 0.8444444444444444 0.0 0.03111111111111111 0.5678438565709071 0.05129967172246748 0.5165441848484396
0.1 0.9711111111111111 0.9977777777777778 0.9711111111111111 0.0 0.0022222222222222222 1.5232743470948542 0.15584657321105752 1.3674277738837965
0.1 0.9155555555555556 1.1266666666666667 0.8422222222222222 0.0 0.011111111111111112 0.5934670479642293 0.05771394523017205 0.5357531027340573
0.1 0.9688888888888889 0.98 0.9688888888888889 0.0 0.02 1.4613217323631664 0.06747131204042668 1.3938504203227395
0.1 0.9288888888888889 1.14 0.8422222222222222 0.0 0.008888888888888889 0.5899699470387421 0.05964216909623902 0.5303277779425031
0.1 0.9755555555555555 0.9844444444444445 0.9755555555555555 0.0 0.015555555555555555 1.4691389082135144 0.04546097354458675 1.423677934668928
0 / 4
1 / 4
2 / 4
3 / 4
0.1 0.92 1.16 0.8466666666666667 0.0 0.057777777777777775 0.6500423088133436 0.07785681693578227 0.5721854918775613
0.1 0.9422222222222222 0.9666666666666667 0.9422222222222222 0.0 0.03333333333333333 1.5439182078546787 0.19868539039743616 1.3452328174572423
0.1 0.9177777777777778 1.1111111111111112 0.8444444444444444 0.0 0.07111111111111111 0.6080260815259965 0.07919530510929855 0.528830776416698
0.1 0.9311111111111111 0.9555555555555556 0.9311111111111111 0.0 0.044444444444444446 1.5853652252818085 0.1975167074061107 1.387848517875698
0.1 0.92 0.9644444444444444 0.8888888888888888 0.0 0.06888888888888889 0.5872970675619199 0.0654125781724973 0.5218844893894227
0.1 0.9266666666666666 0.9555555555555556 0.9266666666666666 0.0 0.044444444444444446 1.5981058598005027 0.19634178793581403 1.4017640718646887
0.1 0.8977777777777778 0.9911111111111112 0.8555555555555555 0.0 0.05555555555555555 0.6022235917593564 0.09179915985930263 0.5104244319000537
0.1 0.9377777777777778 0.9577777777777777 0.9377777777777778 0.0 0.042222222222222223 1.5329209783416269 0.13187640949682547 1.4010445688448014
0 / 4
1 / 4
2 / 4
3 / 4
0.1 0.9044444444444445 1.0711111111111111 0.8444444444444444 0.0 0.06888888888888889 0.554262213014211 0.07187130135335093 0.4823909116608602
0.1 0.9288888888888889 0.9555555555555556 0.9288888888888889 0.0 0.044444444444444446 1.5338010289595791 0.1750879993405412 1.358713029619038
0.1 0.8911111111111111 1.0533333333333332 0.8311111111111111 0.0 0.04666666666666667 0.5312561441581299 0.05277646865549405 0.47847967550263587
0.1 0.9222222222222223 0.9511111111111111 0.9222222222222223 0.0 0.04888888888888889 1.5120104883707361 0.1768139033448403 1.3351965850258956
0.1 0.9133333333333333 2.0644444444444443 0.051111111111111114 0.0 0.0 0.6280300874510963 0.1522176379430627 0.47581244950803364
0.1 0.9355555555555556 0.9444444444444444 0.9355555555555556 0.0 0.05555555555555555 1.4815168633889155 0.06576197758122683 1.415754885807689
0.1 0.8911111111111111 1.38 0.5044444444444445 0.0 0.02 0.6403509523044862 0.15299632463684776 0.48735462766763843
0.1 0.9622222222222222 0.9822222222222222 0.9622222222222222 0.0 0.017777777777777778 1.497079181870088 0.08811324016533335 1.4089659417047544
0 / 4
1 / 4
2 / 4
3 / 4
0.1 0.9222222222222223 1.1577777777777778 0.8511111111111112 0.0 0.05333333333333334 0.6323054466066778 0.08763457704069189 0.5446708695659859
0.1 0.9622222222222222 1.0155555555555555 0.94 0.0 0.008888888888888889 1.5768970461141285 0.24356255524817255 1.333334490865956
0.1 0.9266666666666666 2.471111111111111 0.36 0.0 0.057777777777777775 1.0280556642043825 0.5258384722410303 0.5022171919633521
0.1 0.9511111111111111 0.9666666666666667 0.9511111111111111 0.0 0.03333333333333333 1.4474326395838863 0.13533662563613874 1.3120960139477473
0.1 0.9 0.9422222222222222 0.8777777777777778 0.0 0.08222222222222222 0.5611463213867465 0.06300305782640317 0.4981432635603433
0.1 0.96 0.9755555555555555 0.96 0.0 0.024444444444444446 1.4992119897101195 0.1559295632338873 1.343282426476232
0.1 0.9022222222222223 0.9844444444444445 0.8822222222222222 0.0 0.035555555555555556 0.5676278233440613 0.06959441004408923 0.4980334132999721
0.1 0.9333333333333333 0.94 0.9333333333333333 0.0 0.06 1.5376717109848603 0.13322034008178674 1.4044513709030737
0 / 4
1 / 4
2 / 4
3 / 4
0.1 0.8977777777777778 1.1 0.8377777777777777 0.0 0.07777777777777778 0.5960541252059226 0.0716897674145722 0.5243643577913505
0.1 0.94 0.9755555555555555 0.94 0.0 0.024444444444444446 1.478242327155713 0.11452158862675921 1.3637207385289538
0.1 0.9088888888888889 1.951111111111111 0.37555555555555553 0.0 0.07111111111111111 0.9833303673356125 0.4647615547479798 0.5185688125876327
0.1 0.9511111111111111 0.9777777777777777 0.9511111111111111 0.0 0.022222222222222223 1.4069527373925712 0.06940976912244891 1.3375429682701223
0.1 0.8888888888888888 0.9355555555555556 0.8822222222222222 0.0 0.07111111111111111 0.5688948768570263 0.05632645649806103 0.5125684203589653
0.1 0.9533333333333334 0.9777777777777777 0.9533333333333334 0.0 0.022222222222222223 1.413395667464009 0.0695167280216649 1.343878939442344
0.1 0.8911111111111111 0.9822222222222222 0.8822222222222222 0.0 0.035555555555555556 0.5639762364443782 0.05624868178651972 0.5077275546578585
0.1 0.9466666666666667 0.9577777777777777 0.9466666666666667 0.0 0.042222222222222223 1.4115003234228354 0.04561980174314215 1.3658805216796934
0 / 4
1 / 4
2 / 4
3 / 4
0.1 0.9155555555555556 1.1288888888888888 0.8355555555555556 0.0 0.06 0.5782165671035683 0.08240788984661576 0.4958086772569526
0.1 0.9488888888888889 0.9866666666666667 0.9488888888888889 0.0 0.013333333333333334 1.4864242108390764 0.1328454077562839 1.3535788030827927
0.1 0.92 1.1177777777777778 0.8377777777777777 0.0 0.02 0.5452765843159183 0.05355164079715771 0.4917249435187605
0.1 0.9466666666666667 0.9844444444444445 0.9466666666666667 0.0 0.015555555555555555 1.4885667657927653 0.13389244469957792 1.3546743210931873
0.1 0.9088888888888889 1.531111111111111 0.46444444444444444 0.0 0.0 0.6374922306430115 0.1351452956067469 0.5023469350362646
0.1 0.9466666666666667 0.9577777777777777 0.9466666666666667 0.0 0.042222222222222223 1.4665271370446373 0.06711507891525953 1.3994120581293776
0.1 0.9133333333333333 1.3711111111111112 0.6577777777777778 0.0 0.0 0.6553214500809164 0.1391446059453082 0.5161768441356083
0.1 0.9622222222222222 0.9733333333333334 0.9622222222222222 0.0 0.02666666666666667 1.443766532172072 0.045459729144261586 1.3983068030278107
0 / 4
1 / 4
2 / 4
3 / 4
0.1 0.8888888888888888 1.068888888888889 0.8355555555555556 0.0 0.07777777777777778 0.6287946317511726 0.0692447775820883 0.5595498541690842
0.1 0.9511111111111111 0.9911111111111112 0.9466666666666667 0.0 0.013333333333333334 1.487550478564029 0.1350077064808463 1.3525427720831826
0.1 0.9111111111111111 1.0244444444444445 0.86 0.0 0.06888888888888889 0.5890996005302741 0.04287137398487846 0.5462282265453957
0.1 0.9533333333333334 1.0044444444444445 0.9488888888888889 0.0 0.006666666666666667 1.490454138063837 0.13739879463156518 1.353055343432272
0.1 0.9088888888888889 1.0711111111111111 0.8511111111111112 0.0 0.015555555555555555 0.6025517097360268 0.04970910309594 0.5528426066400869
0.1 0.9577777777777777 0.9688888888888889 0.9577777777777777 0.0 0.03111111111111111 1.455197790213639 0.04404814653322129 1.4111496436804176
0.1 0.9044444444444445 0.9955555555555555 0.8711111111111111 0.0 0.042222222222222223 0.5875147012243398 0.05878215639095869 0.5287325448333812
0.1 0.94 0.9488888888888889 0.94 0.0 0.051111111111111114 1.4827482979335112 0.04518225145653422 1.4375660464769768
0 / 4
1 / 4
2 / 4
3 / 4
0.1 0.9022222222222223 1.0911111111111111 0.8422222222222222 0.0 0.06444444444444444 0.6315210203507637 0.07202761692667321 0.5594934034240905
0.1 0.9333333333333333 0.9533333333333334 0.9333333333333333 0.0 0.04666666666666667 1.3945469931627414 0.049224188193773416 1.3453228049689678
0.1 0.9177777777777778 1.1044444444444443 0.8555555555555555 0.0 0.0 0.5910780361484883 0.05121236348038598 0.5398656726681023
0.1 0.94 0.9666666666666667 0.94 0.0 0.03333333333333333 1.41701684799274 0.0491857046381781 1.3678311433545618
0.1 0.9266666666666666 1.1555555555555554 0.8466666666666667 0.0 0.0 0.5968141256889558 0.05332871951363523 0.5434854061753205
0.1 0.9377777777777778 0.9466666666666667 0.9377777777777778 0.0 0.05333333333333334 1.5279786034058958 0.130884808432525 1.3970937949733713
0.1 0.9288888888888889 1.1622222222222223 0.8466666666666667 0.0 0.0 0.6067756887559239 0.060452368786621205 0.5463233199693026
0.1 0.94 0.9444444444444444 0.94 0.0 0.05555555555555555 1.5267198999485416 0.1330135190745497 1.393706380873992
0 / 4
1 / 4
2 / 4
3 / 4
0.1 0.9044444444444445 1.1133333333333333 0.8355555555555556 0.0 0.07111111111111111 0.6194423952340663 0.08540708692788425 0.5340353083061822
0.1 0.9222222222222223 0.94 0.9222222222222223 0.0 0.06 1.6078564648048772 0.21911068325476707 1.38874578155011
0.1 0.9066666666666666 1.0555555555555556 0.84 0.0 0.07333333333333333 0.5743647741054232 0.05056427621337442 0.5238004978920486
0.1 0.9288888888888889 0.9444444444444444 0.9288888888888889 0.0 0.05555555555555555 1.6060603021044892 0.2170646724496675 1.3889956296548216
0.1 0.9066666666666666 1.1311111111111112 0.8444444444444444 0.0 0.006666666666666667 0.5447636886357737 0.0488386397929193 0.4959250488428545
0.1 0.9377777777777778 0.9444444444444444 0.9377777777777778 0.0 0.05555555555555555 1.5094816900173595 0.08810913880554075 1.4213725512118187
0.1 0.9133333333333333 1.1333333333333333 0.8466666666666667 0.0 0.011111111111111112 0.5519326142752087 0.056993213160331506 0.49493940111487705
0.1 0.94 0.9488888888888889 0.94 0.0 0.051111111111111114 1.5034398446603112 0.08819711301199652 1.4152427316483145
12
The best KBinsDiscretizer strategy is: quantile
The best bins strategy is: sturges, with: 5 bins
The best number of bins for I is: 5. Bins: 5
0 / 4
1 / 4
2 / 4
3 / 4
0.1 0.9311111111111111 3.2577777777777777 0.19333333333333333 0.028888888888888888 0.0 1.612230479957703 1.013603578052883 0.5986269019048203
0.1 1.0 5.0 0.0 1.0 0.0 2.6786446302130016 1.757362118750667 0.9212825114623342
0.1 0.9 2.7711111111111113 0.2 0.0 0.0 1.3982151238054743 0.6645193212406724 0.733695802564802
0.1 1.0 5.0 0.0 1.0 0.0 2.5034318490466863 1.5972911831216539 0.906140665925032
0.1 0.9111111111111111 2.8955555555555557 0.2 0.0 0.0 1.3903112727541524 0.6586381766354222 0.7316730961187303
0.1 1.0 5.0 0.0 1.0 0.0 2.3588051250735034 1.4331601317368026 0.925644993336701
0.1 0.9 2.7933333333333334 0.2 0.0 0.0 1.4083484584512487 0.6763047434922388 0.7320437149590099
0.1 1.0 5.0 0.0 1.0 0.0 2.367620950238241 1.4338474911786256 0.9337734590596158
0 / 4
1 / 4
2 / 4
3 / 4
0.1 0.9111111111111111 3.1733333333333333 0.19777777777777777 0.028888888888888888 0.0 1.4787643349642163 0.8928052801123509 0.5859590548518653
0.1 1.0 5.0 0.0 1.0 0.0 2.4392967235363296 1.5075499131964434 0.9317468103398866
0.1 0.9066666666666666 2.871111111111111 0.2 0.0 0.0 1.425582630344333 0.6776802233405134 0.7479024070038197
0.1 1.0 5.0 0.0 1.0 0.0 2.329975011670664 1.392760340623191 0.937214671047473
0.1 0.9244444444444444 3.082222222222222 0.2 0.0 0.0 1.4251874675885563 0.7118118686759193 0.7133755989126374
0.1 1.0 5.0 0.0 1.0 0.0 2.4974215565770757 1.5493077990551682 0.948113757521907
0.1 0.92 2.9755555555555557 0.2 0.0 0.0 1.401119141389452 0.6816658126356165 0.7194533287538354
0.1 1.0 5.0 0.0 1.0 0.0 2.4973749301380597 1.5540809892954268 0.9432939408426327
0 / 4
1 / 4
2 / 4
3 / 4
0.1 0.94 3.3044444444444445 0.18888888888888888 0.035555555555555556 0.0 1.5660532729347552 0.9782912236733593 0.587762049261396
0.1 1.0 5.0 0.0 1.0 0.0 2.2974484488264695 1.3793573112849717 0.9180911375414976
0.1 0.9311111111111111 3.2355555555555555 0.2 0.0 0.0 1.4626892002986038 0.7226576273124857 0.7400315729861182
0.1 1.0 5.0 0.0 1.0 0.0 2.1231738687883297 1.2087862607455555 0.9143876080427743
0.1 0.9244444444444444 3.22 0.2 0.0 0.0 1.4897999945072116 0.7559573367227229 0.7338426577844889
0.1 1.0 5.0 0.0 1.0 0.0 2.2779230306575835 1.3552084170127632 0.9227146136448205
0.1 0.9177777777777778 2.9644444444444447 0.18888888888888888 0.0 0.0 1.4509658547042565 0.7185113819378881 0.7324544727663683
0.1 1.0 5.0 0.0 1.0 0.0 2.2936916495283097 1.3602271169134903 0.9334645326148199
0 / 4
1 / 4
2 / 4
3 / 4
0.1 0.9066666666666666 3.1844444444444444 0.19111111111111112 0.02 0.0 1.4649253268969773 0.879511271941334 0.5854140549556432
0.1 1.0 5.0 0.0 1.0 0.0 2.595489914333613 1.6958206557070783 0.8996692586265349
0.1 0.9022222222222223 3.1844444444444444 0.2 0.0 0.0 1.4676878816824803 0.7161773166141905 0.75151056506829
0.1 1.0 5.0 0.0 1.0 0.0 2.4988219781779155 1.5966059685205314 0.9022160096573846
0.1 0.9244444444444444 3.18 0.2 0.0 0.0 1.5101138478256644 0.7720053077210436 0.7381085401046206
0.1 1.0 5.0 0.0 1.0 0.0 2.3688528718054194 1.450794283119663 0.9180585886857567
0.1 0.9066666666666666 2.971111111111111 0.2 0.0 0.0 1.4393067504251085 0.7277496313367824 0.7115571190883262
0.1 1.0 5.0 0.0 1.0 0.0 2.318530604079989 1.4141028404380782 0.9044277636419108
0 / 4
1 / 4
2 / 4
3 / 4
0.1 0.8977777777777778 3.128888888888889 0.19555555555555557 0.008888888888888889 0.0 1.5657660959202409 0.9694949970328205 0.5962710988874205
0.1 1.0 5.0 0.0 1.0 0.0 2.6541087239852943 1.7243248605857793 0.9297838633995152
0.1 0.9022222222222223 3.1911111111111112 0.2 0.0 0.0 1.4463362799452506 0.7878527444464936 0.658483535498757
0.1 1.0 5.0 0.0 1.0 0.0 2.482775515527133 1.5527244023847766 0.9300511131423568
0.1 0.9222222222222223 3.0733333333333333 0.19111111111111112 0.0 0.0 1.4400589272883737 0.7368935519117731 0.7031653753766007
0.1 1.0 5.0 0.0 1.0 0.0 2.3422553818993626 1.4184145629629135 0.9238408189364491
0.1 0.8911111111111111 3.097777777777778 0.042222222222222223 0.0 0.0 1.4727408671817572 0.7819156653301861 0.6908252018515711
0.1 1.0 5.0 0.0 1.0 0.0 2.3460305538227435 1.4162670497576177 0.9297635040651256
0 / 4
1 / 4
2 / 4
3 / 4
0.1 0.8888888888888888 3.091111111111111 0.2 0.02 0.0 1.6374415225631902 1.015345071825376 0.6220964507378143
0.1 1.0 5.0 0.0 1.0 0.0 2.662444863067134 1.720054667030667 0.9423901960364671
0.1 0.8955555555555555 3.1933333333333334 0.2 0.0 0.0 1.503464525770859 0.8079463134101403 0.6955182123607188
0.1 1.0 5.0 0.0 1.0 0.0 2.504194566184421 1.5639513262135583 0.9402432399708631
0.1 0.9044444444444445 3.046666666666667 0.19555555555555557 0.0 0.0 1.4963759334056752 0.7781051870581197 0.7182707463475554
0.1 1.0 5.0 0.0 1.0 0.0 2.530125269080542 1.5708085480577438 0.9593167210227985
0.1 0.8955555555555555 2.8666666666666667 0.16 0.0 0.0 1.471377440831775 0.7587668987443462 0.7126105420874287
0.1 1.0 5.0 0.0 1.0 0.0 2.5200995425573467 1.5600323315945586 0.9600672109627886
0 / 4
1 / 4
2 / 4
3 / 4
0.1 0.8844444444444445 3.002222222222222 0.21555555555555556 0.0 0.0 1.4996816589219573 0.9137675406987551 0.5859141182232023
0.1 1.0 5.0 0.0 1.0 0.0 2.3888632055238355 1.4396223057240225 0.9492408997998124
0.1 0.8666666666666667 2.7022222222222223 0.2 0.0 0.0 1.3356355820666264 0.5937293491854313 0.7419062328811952
0.1 1.0 5.0 0.0 1.0 0.0 2.3081182838654484 1.3655555356461804 0.9425627482192682
0.1 0.8955555555555555 2.828888888888889 0.18888888888888888 0.0 0.0 1.3554959915328604 0.6220103093216898 0.7334856822111702
0.1 1.0 5.0 0.0 1.0 0.0 2.2181259533129065 1.2912542545849404 0.9268716987279662
0.1 0.8911111111111111 2.8244444444444445 0.18 0.0 0.0 1.3610994797334695 0.6737775329548072 0.687321946778662
0.1 1.0 5.0 0.0 1.0 0.0 2.2403330699567614 1.2986237288112115 0.9417093411455502
0 / 4
1 / 4
2 / 4
3 / 4
0.1 0.9355555555555556 3.2711111111111113 0.19333333333333333 0.04888888888888889 0.0 1.650942642071892 1.024671525934021 0.6262711161378712
0.1 1.0 5.0 0.0 1.0 0.0 2.6800248787420493 1.7406045253144697 0.9394203534275797
0.1 0.8977777777777778 2.7844444444444445 0.2 0.0 0.0 1.4103014713181166 0.6768352653127897 0.7334662060053269
0.1 1.0 5.0 0.0 1.0 0.0 2.6073681559434245 1.6615031935346838 0.9458649624087406
0.1 0.9044444444444445 2.951111111111111 0.2 0.0 0.0 1.402858226217105 0.6703072594435767 0.7325509667735284
0.1 1.0 5.0 0.0 1.0 0.0 2.5736096387859937 1.6320814743476209 0.9415281644383726
0.1 0.88 2.7266666666666666 0.19777777777777777 0.0 0.0 1.3843530385656069 0.6512221490179511 0.733130889547656
0.1 1.0 5.0 0.0 1.0 0.0 2.581207379404267 1.6394282050253923 0.9417791743788745
0 / 4
1 / 4
2 / 4
3 / 4
0.1 0.9 3.171111111111111 0.19777777777777777 0.035555555555555556 0.0 1.5350296512661579 0.9355376944068522 0.5994919568593056
0.1 1.0 5.0 0.0 1.0 0.0 2.705824126592817 1.7710101838379342 0.9348139427548829
0.1 0.8977777777777778 3.2044444444444444 0.2 0.0 0.0 1.4424135150734267 0.7048670056739608 0.7375465093994659
0.1 1.0 5.0 0.0 1.0 0.0 2.5896941540565024 1.6677839384513127 0.9219102156051897
0.1 0.8777777777777778 3.006666666666667 0.18666666666666668 0.0 0.0 1.4218843198815263 0.715452273623749 0.7064320462577774
0.1 1.0 5.0 0.0 1.0 0.0 2.372079498341314 1.453212343737297 0.918867154604017
0.1 0.9022222222222223 2.8933333333333335 0.13111111111111112 0.0 0.0 1.4108277737833623 0.7040759671424381 0.7067518066409243
0.1 1.0 5.0 0.0 1.0 0.0 2.4012456916944434 1.4824827653757529 0.9187629263186904
0 / 4
1 / 4
2 / 4
3 / 4
0.1 0.9044444444444445 3.1666666666666665 0.19555555555555557 0.03333333333333333 0.0 1.580454830483608 0.9662933564017661 0.6141614740818419
0.1 1.0 5.0 0.0 1.0 0.0 2.5599640440053806 1.632006284988246 0.9279577590171346
0.1 0.8955555555555555 3.1755555555555555 0.2 0.0 0.0 1.464698128328474 0.7250449052555125 0.7396532230729614
0.1 1.0 5.0 0.0 1.0 0.0 2.4472717988905286 1.5226096774201956 0.9246621214703336
0.1 0.9155555555555556 3.077777777777778 0.19111111111111112 0.0 0.0 1.4427634095968112 0.7544789685642903 0.6882844410325207
0.1 1.0 5.0 0.0 1.0 0.0 2.4872332281156315 1.5647409650564135 0.9224922630592186
0.1 0.9177777777777778 2.9266666666666667 0.16444444444444445 0.0 0.0 1.413705409607895 0.730335194599504 0.6833702150083909
0.1 1.0 5.0 0.0 1.0 0.0 2.478499445781091 1.5559531136312414 0.9225463321498497
0 / 4
1 / 4
2 / 4
3 / 4
0.1 0.8866666666666667 3.1333333333333333 0.19555555555555557 0.03111111111111111 0.0 1.519048679643527 0.9129259398418588 0.6061227398016682
0.1 1.0 5.0 0.0 1.0 0.0 2.759016333872185 1.8399602679038944 0.91905606596829
0.1 0.8977777777777778 3.1866666666666665 0.2 0.0 0.0 1.4711856055677834 0.7252102970931675 0.7459753084746159
0.1 1.0 5.0 0.0 1.0 0.0 2.5747369902341406 1.660389950099733 0.9143470401344074
0.1 0.8933333333333333 3.017777777777778 0.19111111111111112 0.0 0.0 1.4143776734694342 0.7234144183784136 0.690963255091021
0.1 1.0 5.0 0.0 1.0 0.0 2.444255239277173 1.5183726022813413 0.9258826369958316
0.1 0.9311111111111111 3.1444444444444444 0.06222222222222222 0.0 0.0 1.4211856017127213 0.7255063032507415 0.6956792984619798
0.1 1.0 5.0 0.0 1.0 0.0 2.450145906212198 1.5191957132281753 0.9309501929840229
0 / 4
1 / 4
2 / 4
3 / 4
0.1 0.8666666666666667 2.928888888888889 0.20222222222222222 0.0 0.024444444444444446 1.592445938845902 0.9786889113155887 0.6137570275303135
0.1 1.0 5.0 0.0 1.0 0.0 2.7680480684545192 1.8331982057304788 0.9348498627240398
0.1 0.9155555555555556 2.848888888888889 0.2 0.0 0.0 1.432461074780919 0.6889831423205827 0.7434779324603363
0.1 1.0 5.0 0.0 1.0 0.0 2.5870847366880088 1.659906081785315 0.9271786549026934
0.1 0.8822222222222222 3.0955555555555554 0.14222222222222222 0.0 0.0 1.488191519091145 0.7413865182787345 0.7468050008124105
0.1 1.0 5.0 0.0 1.0 0.0 2.552195056513685 1.603839687173791 0.9483553693398936
0.1 0.9088888888888889 3.1733333333333333 0.0 0.0 0.0 1.5044538264231235 0.7880974423148718 0.7163563841082515
0.1 1.0 5.0 0.0 1.0 0.0 2.5748913787127226 1.6312533300713004 0.9436380486414222
0 / 4
1 / 4
2 / 4
3 / 4
0.1 0.9111111111111111 3.24 0.19555555555555557 0.06888888888888889 0.0 1.622856012405587 1.0058626107749598 0.6169934016306274
0.1 1.0 5.0 0.0 1.0 0.0 2.5311374915227893 1.6138882733123792 0.91724921821041
0.1 0.8755555555555555 3.1644444444444444 0.2 0.0 0.0 1.5102182729982907 0.7559565132071914 0.7542617597910993
0.1 1.0 5.0 0.0 1.0 0.0 2.3916673399976904 1.4631472664215084 0.928520073576182
0.1 0.9222222222222223 3.2088888888888887 0.2 0.0 0.0 1.4679610636622948 0.7525977279026438 0.715363335759651
0.1 1.0 5.0 0.0 1.0 0.0 2.485288138412543 1.565831479983399 0.9194566584291436
0.1 0.9333333333333333 3.033333333333333 0.19777777777777777 0.0 0.0 1.4668619826736922 0.7317371521240867 0.7351248305496054
0.1 1.0 5.0 0.0 1.0 0.0 2.4949630394175317 1.5758029235214852 0.9191601158960465
0 / 4
1 / 4
2 / 4
3 / 4
0.1 0.8977777777777778 3.1622222222222223 0.19333333333333333 0.022222222222222223 0.0 1.5468708510879883 0.9350920576135178 0.6117787934744708
0.1 1.0 5.0 0.0 1.0 0.0 2.510412369217854 1.5930699063475233 0.9173424628703305
0.1 0.9044444444444445 2.8066666666666666 0.2 0.0 0.0 1.4376490183751633 0.6866519624009059 0.7509970559742576
0.1 1.0 5.0 0.0 1.0 0.0 2.4061014742609714 1.488851899432767 0.9172495748282048
0.1 0.9177777777777778 3.1466666666666665 0.18 0.0 0.0 1.4635092471671443 0.7293233136370548 0.7341859335300895
0.1 1.0 5.0 0.0 1.0 0.0 2.3313018047176834 1.4067210366158756 0.9245807681018079
0.1 0.9 2.9044444444444446 0.14888888888888888 0.0 0.0 1.426076538779805 0.7301473870216801 0.6959291517581248
0.1 1.0 5.0 0.0 1.0 0.0 2.335867379430794 1.4145621437658886 0.9213052356649057
0 / 4
1 / 4
2 / 4
3 / 4
0.1 0.9066666666666666 3.1755555555555555 0.19111111111111112 0.03111111111111111 0.0 1.6068208411909604 0.9876746221765293 0.6191462190144308
0.1 1.0 5.0 0.0 1.0 0.0 2.515317752966622 1.6036759580446525 0.9116417949219692
0.1 0.8911111111111111 2.7911111111111113 0.2 0.0 0.0 1.4254468878076376 0.6890974557964661 0.7363494320111715
0.1 1.0 5.0 0.0 1.0 0.0 2.468143362526012 1.5453944502106793 0.9227489123153323
0.1 0.8911111111111111 2.891111111111111 0.13555555555555557 0.0 0.0 1.4510207588580226 0.7255843230044764 0.7254364358535464
0.1 1.0 5.0 0.0 1.0 0.0 2.233455928249442 1.302303544771365 0.931152383478077
0.1 0.8866666666666667 2.88 0.14666666666666667 0.0 0.0 1.4103115416221106 0.7037145773466489 0.7065969642754615
0.1 1.0 5.0 0.0 1.0 0.0 2.304446230119649 1.368837860683982 0.935608369435667
0 / 4
1 / 4
2 / 4
3 / 4
0.1 0.8866666666666667 3.102222222222222 0.19333333333333333 0.02666666666666667 0.0 1.4585085010249992 0.8724962731664818 0.5860122278585174
0.1 1.0 5.0 0.0 1.0 0.0 2.617714950477352 1.6979869399508392 0.9197280105265132
0.1 0.8844444444444445 3.1644444444444444 0.2 0.0 0.0 1.442330716379008 0.6843096940365003 0.7580210223425075
0.1 1.0 5.0 0.0 1.0 0.0 2.4897253354250974 1.584040347926359 0.9056849874987384
0.1 0.8666666666666667 2.973333333333333 0.18666666666666668 0.0 0.0 1.4104631397419598 0.6752782751009163 0.7351848646410435
0.1 1.0 5.0 0.0 1.0 0.0 2.40524588384786 1.502208289702638 0.9030375941452216
0.1 0.9 2.948888888888889 0.11333333333333333 0.0 0.0 1.44865542666125 0.715785671902703 0.7328697547585468
0.1 1.0 5.0 0.0 1.0 0.0 2.4022615467207844 1.4971199361767822 0.905141610544002
0 / 4
1 / 4
2 / 4
3 / 4
0.1 0.9377777777777778 3.2844444444444445 0.19111111111111112 0.044444444444444446 0.0 1.5914194616024537 0.9862818506310825 0.6051376109713712
0.1 1.0 5.0 0.0 1.0 0.0 2.5620036345714006 1.6165651554831943 0.9454384790882064
0.1 0.9311111111111111 3.2244444444444444 0.2 0.0 0.0 1.479728638015535 0.7406123825775408 0.7391162554379941
0.1 1.0 5.0 0.0 1.0 0.0 2.4566093853050197 1.520909740161605 0.935699645143415
0.1 0.9355555555555556 3.0755555555555554 0.2 0.0 0.0 1.4929610298149323 0.7748612817710104 0.7180997480439222
0.1 1.0 5.0 0.0 1.0 0.0 2.41428159860618 1.4728870405710601 0.9413945580351204
0.1 0.9088888888888889 2.9266666666666667 0.2 0.0 0.0 1.4457584616567405 0.7250088207087539 0.7207496409479864
0.1 1.0 5.0 0.0 1.0 0.0 2.442320391332314 1.5005935883201413 0.9417268030121727
0 / 4
1 / 4
2 / 4
3 / 4
0.1 0.8844444444444445 3.097777777777778 0.19333333333333333 0.006666666666666667 0.0 1.4885993641239772 0.8900787069153687 0.5985206572086087
0.1 1.0 5.0 0.0 1.0 0.0 2.6842930176507287 1.7626885955742495 0.9216044220764789
0.1 0.9288888888888889 3.0244444444444443 0.2 0.0 0.0 1.4108961914232274 0.6668636679165881 0.7440325235066393
0.1 1.0 5.0 0.0 1.0 0.0 2.595359683380813 1.6748834651487485 0.9204762182320644
0.1 0.9133333333333333 3.033333333333333 0.19777777777777777 0.0 0.0 1.4088103277855337 0.6762324415272012 0.7325778862583325
0.1 1.0 5.0 0.0 1.0 0.0 2.6710677628386024 1.724439490985972 0.9466282718526304
0.1 0.94 3.0866666666666664 0.17333333333333334 0.0 0.0 1.4187857979277063 0.6947834644789656 0.7240023334487409
0.1 1.0 5.0 0.0 1.0 0.0 2.6651295668472326 1.7085715545976259 0.9565580122496073
0 / 4
1 / 4
2 / 4
3 / 4
0.1 0.9466666666666667 3.2911111111111113 0.19111111111111112 0.04 0.0 1.6303598526036416 1.011313699324188 0.6190461532794536
0.1 1.0 5.0 0.0 1.0 0.0 2.3768561454687975 1.43462175801313 0.9422343874556678
0.1 0.9177777777777778 2.911111111111111 0.19777777777777777 0.0 0.0 1.4567803569015652 0.7394767036666166 0.7173036532349485
0.1 1.0 5.0 0.0 1.0 0.0 2.2829309850937243 1.3462663851764243 0.9366645999173001
0.1 0.9088888888888889 2.8777777777777778 0.19777777777777777 0.0 0.0 1.4062957615235299 0.6611901396573323 0.7451056218661976
0.1 1.0 5.0 0.0 1.0 0.0 2.3466401770729832 1.417788584194103 0.9288515928788803
0.1 0.9111111111111111 2.933333333333333 0.19777777777777777 0.0 0.0 1.3817994402468365 0.63753538721183 0.7442640530350066
0.1 1.0 5.0 0.0 1.0 0.0 2.348129708524111 1.4205459787049266 0.9275837298191848
0 / 4
1 / 4
2 / 4
3 / 4
0.1 0.9 3.1222222222222222 0.19777777777777777 0.008888888888888889 0.0 1.5425983504067435 0.9454532157755295 0.5971451346312143
0.1 1.0 5.0 0.0 1.0 0.0 2.414979754825599 1.4824335174729857 0.9325462373526132
0.1 0.8888888888888888 3.16 0.2 0.0 0.0 1.4937758600643127 0.7377746208915282 0.7560012391727843
0.1 1.0 5.0 0.0 1.0 0.0 2.2926798796067978 1.3591475843903102 0.9335322952164875
0.1 0.9088888888888889 3.037777777777778 0.19777777777777777 0.0 0.0 1.4207648261261623 0.7263438898226627 0.6944209363034993
0.1 1.0 5.0 0.0 1.0 0.0 2.4236923904448555 1.47952488553876 0.9441675049060952
0.1 0.9 2.8244444444444445 0.18888888888888888 0.0 0.0 1.417581207383502 0.7257109754578791 0.691870231925623
0.1 1.0 5.0 0.0 1.0 0.0 2.420414084317626 1.477837373206995 0.9425767111106306
0 / 4
1 / 4
2 / 4
3 / 4
0.1 0.9133333333333333 3.1933333333333334 0.19555555555555557 0.024444444444444446 0.0 1.5493270154707994 0.937525775821558 0.6118012396492414
0.1 1.0 5.0 0.0 1.0 0.0 2.724463833135443 1.7981246319176833 0.9263392012177593
0.1 0.94 2.917777777777778 0.2 0.0 0.0 1.4430746732478072 0.6990885736715988 0.7439860995762082
0.1 1.0 5.0 0.0 1.0 0.0 2.630840405166496 1.7072586731484363 0.9235817320180596
0.1 0.9377777777777778 3.026666666666667 0.19777777777777777 0.0 0.0 1.4715762394791694 0.7428099722303154 0.7287662672488541
0.1 1.0 5.0 0.0 1.0 0.0 2.375388993120612 1.462019021593104 0.9133699715275083
0.1 0.9288888888888889 3.042222222222222 0.18666666666666668 0.0 0.0 1.4536476656399622 0.7231070305843522 0.73054063505561
0.1 1.0 5.0 0.0 1.0 0.0 2.3910761893349557 1.4703149563496731 0.9207612329852829
0 / 4
1 / 4
2 / 4
3 / 4
0.1 0.9177777777777778 3.2488888888888887 0.18666666666666668 0.03777777777777778 0.0 1.4889147441674608 0.8967050479836238 0.5922096961838368
0.1 1.0 5.0 0.0 1.0 0.0 2.6089058784537564 1.6855801928470922 0.9233256856066644
0.1 0.9022222222222223 3.1755555555555555 0.2 0.0 0.0 1.4796499171769677 0.728855483768689 0.7507944334082787
0.1 1.0 5.0 0.0 1.0 0.0 2.5525528438467444 1.6438443258212854 0.9087085180254587
0.1 0.8844444444444445 3.031111111111111 0.19777777777777777 0.0 0.0 1.3972892701864517 0.6911663138098143 0.7061229563766372
0.1 1.0 5.0 0.0 1.0 0.0 2.5103692737683208 1.6067343575281747 0.9036349162401459
0.1 0.9177777777777778 2.9444444444444446 0.19555555555555557 0.0 0.0 1.3950931793619747 0.7146579001240886 0.6804352792378858
0.1 1.0 5.0 0.0 1.0 0.0 2.5181959953587723 1.622238060376004 0.8959579349827679
0 / 4
1 / 4
2 / 4
3 / 4
0.1 0.9066666666666666 3.16 0.19333333333333333 0.006666666666666667 0.0 1.483925137096172 0.896817243629846 0.5871078934663259
0.1 1.0 5.0 0.0 1.0 0.0 2.4573446749142516 1.559632758040954 0.8977119168732979
0.1 0.8733333333333333 2.908888888888889 0.19777777777777777 0.0 0.0 1.4202765865765015 0.7425186170914283 0.6777579694850733
0.1 1.0 5.0 0.0 1.0 0.0 2.417398478857909 1.5154835526173283 0.9019149262405805
0.1 0.8955555555555555 2.8955555555555557 0.1711111111111111 0.0 0.0 1.389107168572021 0.6701074668919431 0.7189997016800779
0.1 1.0 5.0 0.0 1.0 0.0 2.4861697537381477 1.5874006038187303 0.8987691499194174
0.1 0.8977777777777778 2.8533333333333335 0.18666666666666668 0.0 0.0 1.3752660160017807 0.6592777761713342 0.7159882398304461
0.1 1.0 5.0 0.0 1.0 0.0 2.487251671332092 1.58166060794243 0.9055910633896623
0 / 4
1 / 4
2 / 4
3 / 4
0.1 0.8822222222222222 3.077777777777778 0.19777777777777777 0.0022222222222222222 0.0 1.4755389806909787 0.8794446662698081 0.5960943144211707
0.1 1.0 5.0 0.0 1.0 0.0 2.6013144500546583 1.663378558845744 0.9379358912089145
0.1 0.8888888888888888 3.1444444444444444 0.2 0.0 0.0 1.491894527996514 0.749307856505591 0.7425866714909226
0.1 1.0 5.0 0.0 1.0 0.0 2.4992932758085127 1.5459489403383782 0.9533443354701341
0.1 0.9022222222222223 3.0244444444444443 0.18 0.0 0.0 1.4665755419965507 0.7294055382395489 0.737170003757002
0.1 1.0 5.0 0.0 1.0 0.0 2.4921995348059154 1.5533600233771498 0.9388395114287651
0.1 0.9133333333333333 3.2177777777777776 0.0 0.0 0.0 1.4678014573549913 0.732067460068529 0.7357339972864624
0.1 1.0 5.0 0.0 1.0 0.0 2.4892017707110665 1.547615370375151 0.9415864003359151
0 / 4
1 / 4
2 / 4
3 / 4
0.1 0.8977777777777778 3.1466666666666665 0.19111111111111112 0.022222222222222223 0.0 1.5340751435763746 0.9318158226515488 0.602259320924826
0.1 1.0 5.0 0.0 1.0 0.0 2.386686406874004 1.454748866829518 0.931937540044486
0.1 0.9177777777777778 3.22 0.2 0.0 0.0 1.4781889975377158 0.7346565144230658 0.74353248311465
0.1 1.0 5.0 0.0 1.0 0.0 2.3013467977133533 1.366923201432193 0.9344235962811601
0.1 0.8977777777777778 3.04 0.19111111111111112 0.0 0.0 1.4481362203766452 0.7089237799616047 0.7392124404150408
0.1 1.0 5.0 0.0 1.0 0.0 2.2583901176516763 1.3270826851777326 0.9313074324739438
0.1 0.8822222222222222 2.8266666666666667 0.17333333333333334 0.0 0.0 1.4031752980915362 0.6911665453232091 0.712008752768327
0.1 1.0 5.0 0.0 1.0 0.0 2.2693598936033457 1.338053436794768 0.9313064568085777
0 / 4
1 / 4
2 / 4
3 / 4
0.1 0.9244444444444444 3.22 0.19111111111111112 0.013333333333333334 0.0 1.6018319029837005 1.0084574688908037 0.5933744340928966
0.1 1.0 5.0 0.0 1.0 0.0 2.460125487568736 1.5474417693095777 0.9126837182591586
0.1 0.9177777777777778 3.2266666666666666 0.2 0.0 0.0 1.4850030946083397 0.7451218243827771 0.7398812702255625
0.1 1.0 5.0 0.0 1.0 0.0 2.3166392561999114 1.4054540468412033 0.9111852093587083
0.1 0.9155555555555556 3.06 0.2 0.0 0.0 1.4436261899883396 0.7260762985540944 0.7175498914342451
0.1 1.0 5.0 0.0 1.0 0.0 2.350198936906856 1.4496841089136538 0.9005148279932019
0.1 0.9066666666666666 2.8666666666666667 0.18888888888888888 0.0 0.0 1.4024974485655903 0.6976557352639674 0.704841713301623
0.1 1.0 5.0 0.0 1.0 0.0 2.3526739255933937 1.4576785441129823 0.8949953814804116
0 / 4
1 / 4
2 / 4
3 / 4
0.1 0.9155555555555556 3.151111111111111 0.19555555555555557 0.0044444444444444444 0.0 1.5436468701338713 0.9522240834832919 0.5914227866505792
0.1 1.0 5.0 0.0 1.0 0.0 2.586758196240205 1.6734836037901222 0.9132745924500831
0.1 0.9111111111111111 2.966666666666667 0.2 0.0 0.0 1.4035472913866256 0.7325599455951337 0.6709873457914916
0.1 1.0 5.0 0.0 1.0 0.0 2.3831850972816397 1.4738193966018753 0.9093657006797642
0.1 0.8866666666666667 2.7888888888888888 0.19777777777777777 0.0 0.0 1.424166978117759 0.7121269025015607 0.7120400756161982
0.1 1.0 5.0 0.0 1.0 0.0 2.4169850337149383 1.499361430083972 0.9176236036309665
0.1 0.8844444444444445 2.7933333333333334 0.19333333333333333 0.0 0.0 1.4214951874546538 0.7139426400624254 0.7075525473922284
0.1 1.0 5.0 0.0 1.0 0.0 2.4229031550700975 1.4986515037790695 0.9242516512910278
0 / 4
1 / 4
2 / 4
3 / 4
0.1 0.9044444444444445 3.1822222222222223 0.19333333333333333 0.0022222222222222222 0.0 1.4891582681148086 0.9038520394145262 0.5853062287002826
0.1 1.0 5.0 0.0 1.0 0.0 2.458691032658639 1.5514888451084374 0.9072021875502008
0.1 0.8733333333333333 3.0844444444444443 0.2 0.0 0.0 1.4357662671969404 0.698262535828653 0.7375037313682878
0.1 1.0 5.0 0.0 1.0 0.0 2.389851321928631 1.4785879320515964 0.9112633898770346
0.1 0.9177777777777778 3.16 0.2 0.0 0.0 1.4996022147865318 0.7666075503012898 0.7329946644852422
0.1 1.0 5.0 0.0 1.0 0.0 2.2807284859517325 1.3478405876626909 0.9328878982890416
0.1 0.94 2.971111111111111 0.18444444444444444 0.0 0.0 1.477898539608178 0.7450041213711636 0.7328944182370148
0.1 1.0 5.0 0.0 1.0 0.0 2.2876108739712597 1.3556260104468316 0.9319848635244278
0 / 4
1 / 4
2 / 4
3 / 4
0.1 0.9222222222222223 3.2111111111111112 0.19111111111111112 0.024444444444444446 0.0 1.5323695051992485 0.926747533838955 0.6056219713602934
0.1 1.0 5.0 0.0 1.0 0.0 2.3777389468002954 1.4831887492028566 0.8945501975974387
0.1 0.8911111111111111 3.1733333333333333 0.2 0.0 0.0 1.4638214704919226 0.7200047461371393 0.7438167243547833
0.1 1.0 5.0 0.0 1.0 0.0 2.17915474004557 1.2864678609723013 0.8926868790732687
0.1 0.8866666666666667 2.993333333333333 0.18888888888888888 0.0 0.0 1.4318686711435011 0.7033309814545262 0.728537689688975
0.1 1.0 5.0 0.0 1.0 0.0 2.1890379660644825 1.2870049403324737 0.9020330257320089
0.1 0.9222222222222223 3.008888888888889 0.14666666666666667 0.0 0.0 1.4384605372407722 0.7097005050165122 0.72876003222426
0.1 1.0 5.0 0.0 1.0 0.0 2.205688881140142 1.3023427008155881 0.9033461803245539
0 / 4
1 / 4
2 / 4
3 / 4
0.1 0.9 3.1755555555555555 0.19333333333333333 0.04666666666666667 0.0 1.41537774876942 0.8410860586277951 0.5742916901416248
0.1 1.0 5.0 0.0 1.0 0.0 2.204593460891435 1.2852146973181704 0.9193787635732645
0.1 0.8866666666666667 3.171111111111111 0.2 0.0 0.0 1.4628577033983523 0.7067899659750934 0.7560677374232592
0.1 1.0 5.0 0.0 1.0 0.0 2.1334341644132038 1.238036223163384 0.8953979412498201
0.1 0.9177777777777778 3.1555555555555554 0.19777777777777777 0.0 0.0 1.4429535876256727 0.721786459942915 0.7211671276827577
0.1 1.0 5.0 0.0 1.0 0.0 2.1497213551357657 1.2446416554511741 0.9050796996845915
0.1 0.9266666666666666 2.968888888888889 0.14444444444444443 0.0 0.0 1.4262679678105623 0.7056123551794624 0.7206556126310996
0.1 1.0 5.0 0.0 1.0 0.0 2.1622310438747205 1.248890473721143 0.9133405701535778
12
The best KBinsDiscretizer strategy is: quantile
The best bins strategy is: sturges, with: 5 bins
The best number of bins for O is: 5. Bins: 5
0 / 3
1 / 3
2 / 3
0.1 0.9444444444444444 2.5444444444444443 0.0 0.0 0.0 1.7137901526993093 0.8633686222691758 0.8504215304301334
0.1 0.9688888888888889 2.28 0.17555555555555555 0.0 0.0 2.2713066745488955 1.1975116346298629 1.0737950399190321
0.1 0.9488888888888889 2.6066666666666665 0.0 0.0 0.0 1.6072187649146574 0.8225463571084413 0.7846724078062163
0.1 1.0 5.0 0.0 1.0 0.0 2.632207392827287 1.622180954800289 1.0100264380269979
0.1 0.9111111111111111 2.397777777777778 0.06 0.0 0.0 1.2684365252794052 0.6365818232639726 0.6318547020154324
0.1 1.0 5.0 0.0 1.0 0.0 2.138726776042319 1.1469290825628147 0.9917976934795042
0 / 3
1 / 3
2 / 3
0.1 0.9622222222222222 2.562222222222222 0.0 0.0 0.0 1.9182086971262573 1.059606069987385 0.8586026271388725
0.1 1.0 5.0 0.0 1.0 0.0 2.6626225522395592 1.6525966328703043 1.0100259193692551
0.1 0.96 2.6244444444444444 0.0 0.0 0.0 1.5548256448057827 0.7731156217324949 0.7817100230732879
0.1 1.0 5.0 0.0 1.0 0.0 2.420745832743271 1.4367292705040502 0.9840165622392203
0.1 0.9244444444444444 2.542222222222222 0.042222222222222223 0.0 0.0 1.2141571645582538 0.5990582678868951 0.6150988966713584
0.1 1.0 5.0 0.0 1.0 0.0 2.0464262879107125 1.0674855379873733 0.9789407499233388
0 / 3
1 / 3
2 / 3
0.1 0.9533333333333334 2.5533333333333332 0.0 0.0 0.0 1.879499884997357 1.0277667494935248 0.851733135503832
0.1 0.9555555555555556 1.9355555555555555 0.14666666666666667 0.0 0.0 1.8037406749879472 0.7512761037175092 1.0524645712704381
0.1 0.9244444444444444 2.42 0.057777777777777775 0.0 0.0 1.3298649578743615 0.7355331857918559 0.5943317720825055
0.1 1.0 5.0 0.0 1.0 0.0 2.258371575779821 1.2832485986169628 0.9751229771628585
0.1 0.8666666666666667 2.382222222222222 0.03777777777777778 0.0 0.0 1.3141959541031714 0.7028420277243137 0.6113539263788575
0.1 1.0 5.0 0.0 1.0 0.0 2.333515328411117 1.3608868856818266 0.9726284427292899
0 / 3
1 / 3
2 / 3
0.1 0.9533333333333334 2.5533333333333332 0.0 0.0 0.0 1.916678836254565 1.0520641041383842 0.8646147321161809
0.1 1.0 5.0 0.0 1.0 0.0 2.6277323524089327 1.5969150542199435 1.0308172981889892
0.1 0.9488888888888889 2.6444444444444444 0.0 0.0 0.0 1.577831890986612 0.78816762924767 0.7896642617389416
0.1 1.0 5.0 0.0 1.0 0.0 2.841382585716665 1.764762851441741 1.0766197342749235
0.1 0.9 2.4444444444444446 0.06444444444444444 0.0 0.0 1.3679885953004118 0.7232604866207354 0.6447281086796763
0.1 1.0 5.0 0.0 1.0 0.0 2.098597420987351 1.126576670955814 0.972020750031537
0 / 3
1 / 3
2 / 3
0.1 0.9488888888888889 2.548888888888889 0.0 0.0 0.0 1.8761496356783498 1.0270415859303703 0.8491080497479797
0.1 1.0 5.0 0.0 1.0 0.0 2.8479583359377103 1.7639305201794004 1.08402781575831
0.1 0.9466666666666667 2.62 0.0 0.0 0.0 1.542410097997043 0.7749794243062132 0.7674306736908296
0.1 0.9933333333333333 4.835555555555556 0.0 0.8488888888888889 0.0 1.9079423998144835 0.9101784814817883 0.9977639183326953
0.1 0.9044444444444445 2.368888888888889 0.07777777777777778 0.0 0.0 1.3095215535510003 0.6923986632018947 0.6171228903491053
0.1 1.0 5.0 0.0 1.0 0.0 2.0640589126654882 1.1135223063188182 0.9505366063466704
0 / 3
1 / 3
2 / 3
0.1 0.96 2.56 0.0 0.0 0.0 1.9231651787899693 1.0609503972005883 0.8622147815893807
0.1 0.9688888888888889 2.7288888888888887 0.044444444444444446 0.015555555555555555 0.0 1.808477304019988 0.7767869302084025 1.0316903738115857
0.1 0.9288888888888889 2.482222222222222 0.042222222222222223 0.0 0.0 1.6600547550435591 0.8581843699687951 0.801870385074764
0.1 0.9711111111111111 2.7822222222222224 0.02666666666666667 0.024444444444444446 0.0 1.820431829490382 0.7802318631491327 1.0401999663412496
0.1 0.9088888888888889 2.7444444444444445 0.042222222222222223 0.0 0.0 1.3192365394662808 0.713344210960963 0.6058923285053183
0.1 1.0 5.0 0.0 1.0 0.0 2.015438052666502 1.0413346924047298 0.9741033602617722
0 / 3
1 / 3
2 / 3
0.1 0.9466666666666667 2.546666666666667 0.0 0.0 0.0 1.6639368332784503 0.8099406190073883 0.8539962142710621
0.1 0.9466666666666667 1.8244444444444445 0.17555555555555555 0.0 0.0 1.7739990574908793 0.74294574124581 1.0310533162450692
0.1 0.9222222222222223 2.477777777777778 0.051111111111111114 0.0 0.0 1.4130254810565253 0.7519147408443762 0.6611107402121494
0.1 1.0 5.0 0.0 1.0 0.0 1.9906573486950951 0.9980015453600244 0.9926558033350709
0.1 0.8955555555555555 2.462222222222222 0.03777777777777778 0.0 0.0 1.363754577391446 0.725949522696679 0.6378050546947668
0.1 1.0 5.0 0.0 1.0 0.0 2.0769695293528887 1.0819777909298973 0.9949917384229914
0 / 3
1 / 3
2 / 3
0.1 0.9488888888888889 2.548888888888889 0.0 0.0 0.0 1.8722778259926804 1.0220024867109199 0.8502753392817605
0.1 1.0 5.0 0.0 1.0 0.0 2.4437603278137154 1.4613734341667743 0.9823868936469409
0.1 0.8733333333333333 2.3022222222222224 0.10888888888888888 0.0 0.0 1.3110610672777125 0.7197687933484169 0.5912922739292954
0.1 1.0 5.0 0.0 1.0 0.0 2.074773350697728 1.1171425494234368 0.9576308012742913
0.1 0.9111111111111111 2.5155555555555558 0.013333333333333334 0.0 0.0 1.3494198423787211 0.734309534671232 0.6151103077074893
0.1 1.0 5.0 0.0 1.0 0.0 2.126678195359077 1.1547066694299872 0.9719715259290895
0 / 3
1 / 3
2 / 3
0.1 0.9577777777777777 2.557777777777778 0.0 0.0 0.0 1.9007263484897283 1.0451890115709828 0.8555373369187457
0.1 0.9622222222222222 1.9533333333333334 0.14444444444444443 0.0 0.0 1.8042247997063385 0.7808586461372634 1.0233661535690755
0.1 0.9377777777777778 2.486666666666667 0.06444444444444444 0.0 0.0 1.4319084645683764 0.787541789215665 0.6443666753527111
0.1 1.0 5.0 0.0 1.0 0.0 1.9579216281542582 0.9869178611329377 0.9710037670213205
0.1 0.9155555555555556 2.566666666666667 0.015555555555555555 0.0 0.0 1.2238398754370816 0.5756759271506611 0.6481639482864209
0.1 0.9933333333333333 4.802222222222222 0.0 0.82 0.0 1.9081853802569064 0.9470438576819226 0.9611415225749838
0 / 3
1 / 3
2 / 3
0.1 0.9577777777777777 2.557777777777778 0.0 0.0 0.0 1.7266816593039782 0.8786452288550242 0.848036430448954
0.1 1.0 5.0 0.0 1.0 0.0 2.475235029148844 1.4818359877535363 0.9933990413953077
0.1 0.9533333333333334 2.6666666666666665 0.0 0.0 0.0 1.5016789855809127 0.7514392001901103 0.7502397853908024
0.1 1.0 5.0 0.0 1.0 0.0 3.2384543847573504 2.2490525998867397 0.9894017848706106
0.1 0.9133333333333333 2.466666666666667 0.06222222222222222 0.0 0.0 1.3503189651523664 0.7457985349649774 0.6045204301873893
0.1 1.0 5.0 0.0 1.0 0.0 2.1530488959826846 1.1961762653061179 0.9568726306765666
0 / 3
1 / 3
2 / 3
0.1 0.9622222222222222 2.628888888888889 0.0 0.0 0.0 1.8669763749705215 1.003582096247209 0.8633942787233124
0.1 0.9888888888888889 3.7377777777777776 0.0044444444444444444 0.21777777777777776 0.0 1.918071255676704 0.8993999755565376 1.0186712801201665
0.1 0.9466666666666667 2.473333333333333 0.06888888888888889 0.0 0.0 1.4322845954667733 0.7865089458217277 0.6457756496450454
0.1 1.0 5.0 0.0 1.0 0.0 1.8558515588838675 0.902740512431395 0.9531110464524725
0.1 0.9155555555555556 2.68 0.022222222222222223 0.0 0.0 1.3974807037724648 0.7461019233152054 0.651378780457259
0.1 1.0 5.0 0.0 1.0 0.0 2.024191214285941 1.03465015514642 0.9895410591395211
0 / 3
1 / 3
2 / 3
0.1 0.9488888888888889 2.548888888888889 0.0 0.0 0.0 1.8682657521381973 1.0222155884391833 0.8460501636990138
0.1 0.9733333333333334 2.2755555555555556 0.17555555555555555 0.0 0.0 2.296559894186142 1.2178016079475003 1.0787582862386418
0.1 0.9511111111111111 2.6422222222222222 0.0 0.0 0.0 1.456733430421792 0.7127952419727515 0.7439381884490407
0.1 1.0 5.0 0.0 1.0 0.0 2.4198487761782883 1.3628630324085882 1.0569857437697003
0.1 0.9266666666666666 2.453333333333333 0.044444444444444446 0.0 0.0 1.3549551554547816 0.7427551408024056 0.6122000146523758
0.1 1.0 5.0 0.0 1.0 0.0 2.189948505365148 1.2139059643579144 0.9760425410072339
0 / 3
1 / 3
2 / 3
0.1 0.9622222222222222 2.562222222222222 0.0 0.0 0.0 1.913857302850161 1.0511890426600883 0.8626682601900726
0.1 1.0 5.0 0.0 1.0 0.0 2.429230147894457 1.438610515938383 0.9906196319560739
0.1 0.9488888888888889 2.502222222222222 0.03111111111111111 0.0 0.0 1.3633980709780886 0.7662571449851748 0.5971409259929137
0.1 1.0 5.0 0.0 1.0 0.0 2.1132152153226644 1.1512399621009146 0.96197525322175
0.1 0.9377777777777778 2.468888888888889 0.03777777777777778 0.0 0.0 1.276332780834012 0.6604456703352435 0.6158871104987684
0.1 1.0 5.0 0.0 1.0 0.0 2.2990061020193138 1.33809122615384 0.9609148758654733
0 / 3
1 / 3
2 / 3
0.1 0.9466666666666667 2.546666666666667 0.0 0.0 0.0 1.9007531790891856 1.04161533672943 0.8591378423597555
0.1 0.9466666666666667 1.8311111111111111 0.1688888888888889 0.0 0.0 1.760409374797881 0.7439571174340132 1.016452257363868
0.1 0.8577777777777778 2.1933333333333334 0.20444444444444446 0.0 0.0 1.2760975032236481 0.6936385200222688 0.5824589832013793
0.1 1.0 5.0 0.0 1.0 0.0 2.038157413462635 1.0726383175870569 0.965519095875578
0.1 0.9088888888888889 2.4444444444444446 0.04 0.0 0.0 1.2926890451469424 0.6855800615721711 0.6071089835747712
0.1 1.0 5.0 0.0 1.0 0.0 2.174669371152002 1.214601339568469 0.9600680315835333
0 / 3
1 / 3
2 / 3
0.1 0.9577777777777777 2.557777777777778 0.0 0.0 0.0 1.8458499445694532 1.003857696960315 0.8419922476091382
0.1 0.9577777777777777 1.8177777777777777 0.18222222222222223 0.0 0.0 1.7049565925896852 0.6734257360985286 1.0315308564911563
0.1 0.9666666666666667 3.002222222222222 0.0 0.0 0.0 1.4949994738425056 0.7326437872027226 0.762355686639783
0.1 0.9577777777777777 1.8977777777777778 0.18222222222222223 0.0 0.0 1.7104495201055885 0.6985487937376796 1.011900726367909
0.1 0.9 2.471111111111111 0.04888888888888889 0.0 0.0 1.169541970979235 0.5521228804766586 0.6174190905025765
0.1 1.0 5.0 0.0 1.0 0.0 2.1158228921769284 1.194142023031651 0.921680869145277
0 / 3
1 / 3
2 / 3
0.1 0.9533333333333334 2.5533333333333332 0.0 0.0 0.0 1.908066119618459 1.05020667312904 0.8578594464894187
0.1 0.9688888888888889 2.7066666666666666 0.057777777777777775 0.02666666666666667 0.0 1.8282234566096132 0.7885590442033021 1.039664412406311
0.1 0.9333333333333333 2.5933333333333333 0.011111111111111112 0.0 0.0 1.6683906693834178 0.8980502560316089 0.7703404133518086
0.1 0.9977777777777778 4.822222222222222 0.0 0.8244444444444444 0.0 1.911389719284498 0.8906628562668814 1.0207268630176165
0.1 0.9177777777777778 2.4 0.07111111111111111 0.0 0.0 1.3589479882268087 0.7454168227091942 0.6135311655176141
0.1 1.0 5.0 0.0 1.0 0.0 2.1006578828937355 1.125582891960665 0.9750749909330706
0 / 3
1 / 3
2 / 3
0.1 0.9488888888888889 2.548888888888889 0.0 0.0 0.0 1.8381407481236138 0.9978258012811057 0.8403149468425083
0.1 1.0 5.0 0.0 1.0 0.0 2.508620915702689 1.4626955221435258 1.0459253935591628
0.1 0.9444444444444444 2.6577777777777776 0.0 0.0 0.0 1.4790816979817503 0.7195609271712177 0.7595207708105324
0.1 1.0 5.0 0.0 1.0 0.0 2.322869272499054 1.3506052784986255 0.9722639940004284
0.1 0.8733333333333333 2.371111111111111 0.06444444444444444 0.0 0.0 1.252524666178569 0.6453944155436746 0.6071302506348945
0.1 1.0 5.0 0.0 1.0 0.0 2.1855093851714145 1.206663584269644 0.97884580090177
0 / 3
1 / 3
2 / 3
0.1 0.9533333333333334 2.5533333333333332 0.0 0.0 0.0 1.8672376108478157 1.0212477781339857 0.8459898327138302
0.1 0.9533333333333334 1.9155555555555555 0.15555555555555556 0.0 0.0 1.8281577523818577 0.7778232941862765 1.0503344581955811
0.1 0.9 2.3755555555555556 0.08222222222222222 0.0 0.0 1.3028073025343385 0.7123044390656418 0.5905028634686967
0.1 1.0 5.0 0.0 1.0 0.0 1.9747955676337203 1.011346222300359 0.9634493453333612
0.1 0.8711111111111111 2.368888888888889 0.03333333333333333 0.0 0.0 1.2226042671794732 0.614385581940001 0.6082186852394721
0.1 1.0 5.0 0.0 1.0 0.0 1.9988149618482742 1.019928027337084 0.9788869345111902
0 / 3
1 / 3
2 / 3
0.1 0.9533333333333334 2.5533333333333332 0.0 0.0 0.0 1.8851450547123492 1.031752724972259 0.8533923297400905
0.1 1.0 5.0 0.0 1.0 0.0 2.541695084845857 1.5205025913322814 1.0211924935135759
0.1 0.9533333333333334 2.5533333333333332 0.0 0.0 0.0 1.665964814915179 0.8658621032274789 0.8001027116877
0.1 0.9911111111111112 4.224444444444444 0.0 0.4066666666666667 0.0 2.099447821364691 1.1433330163227156 0.9561148050419755
0.1 0.86 2.6822222222222223 0.03777777777777778 0.0 0.0 1.306926064553833 0.7363196828596466 0.5706063816941863
0.1 1.0 5.0 0.0 1.0 0.0 2.1218611363785365 1.146372221522744 0.9754889148557926
0 / 3
1 / 3
2 / 3
0.1 0.9488888888888889 2.548888888888889 0.0 0.0 0.0 1.870794014120252 1.0196226502697492 0.851171363850503
0.1 1.0 5.0 0.0 1.0 0.0 2.5363165957760176 1.5223464938936662 1.013970101882351
0.1 0.9466666666666667 2.62 0.0022222222222222222 0.0 0.0 1.6853775953667682 0.9159785973314043 0.7693989980353639
0.1 1.0 5.0 0.0 1.0 0.0 2.433650986302308 1.4156519122592293 1.0179990740430784
0.1 0.9422222222222222 2.6133333333333333 0.017777777777777778 0.0 0.0 1.3436819978433339 0.72790373195086 0.6157782658924738
0.1 1.0 5.0 0.0 1.0 0.0 2.1364685448830323 1.175839362554426 0.9606291823286062
0 / 3
1 / 3
2 / 3
0.1 0.9622222222222222 2.562222222222222 0.0 0.0 0.0 1.8954992446320915 1.0355319704293287 0.8599672742027628
0.1 0.9622222222222222 1.8177777777777777 0.18222222222222223 0.0 0.0 1.7548628790797638 0.7194093674914419 1.0354535115883217
0.1 0.9644444444444444 2.6822222222222223 0.0 0.0 0.0 1.609771351935152 0.812281619563905 0.7974897323712469
0.1 1.0 5.0 0.0 1.0 0.0 2.0111844602950453 1.0049920727926729 1.006192387502372
0.1 0.9066666666666666 2.433333333333333 0.05555555555555555 0.0 0.0 1.294671188974119 0.6987436208756476 0.5959275680984715
0.1 1.0 5.0 0.0 1.0 0.0 2.160682500418408 1.2099102655627005 0.9507722348557076
0 / 3
1 / 3
2 / 3
0.1 0.9466666666666667 2.546666666666667 0.0 0.0 0.0 1.8661707169964044 1.0114516551241064 0.8547190618722981
0.1 1.0 5.0 0.0 1.0 0.0 2.460338357931288 1.4461172560630444 1.014221101868243
0.1 0.9444444444444444 2.6355555555555554 0.0 0.0 0.0 1.4534595921503333 0.7003193673303247 0.7531402248200084
0.1 0.9377777777777778 1.8222222222222222 0.18444444444444444 0.0 0.0 1.6435174442096407 0.6229206796695593 1.0205967645400813
0.1 0.8711111111111111 2.3377777777777777 0.09111111111111111 0.0 0.0 1.2868327045298857 0.7008150695744945 0.5860176349553914
0.1 1.0 5.0 0.0 1.0 0.0 2.048864918734954 1.0966721373382229 0.9521927813967311
0 / 3
1 / 3
2 / 3
0.1 0.96 2.56 0.0 0.0 0.0 1.9191498204218282 1.0615999785027233 0.8575498419191048
0.1 0.9733333333333334 2.2666666666666666 0.17333333333333334 0.0 0.0 2.2393819346331068 1.186607738915499 1.0527741957176078
0.1 0.8933333333333333 2.3444444444444446 0.08444444444444445 0.0 0.006666666666666667 1.3924866875866027 0.7619844204519536 0.630502267134649
0.1 1.0 5.0 0.0 1.0 0.0 2.0824292201488426 1.1238878313611826 0.9585413887876599
0.1 0.9066666666666666 2.448888888888889 0.044444444444444446 0.0 0.0 1.3420445423093947 0.727912231630185 0.6141323106792096
0.1 1.0 5.0 0.0 1.0 0.0 2.150888739676824 1.2053192431227242 0.9455694965540998
0 / 3
1 / 3
2 / 3
0.1 0.9555555555555556 2.5555555555555554 0.0 0.0 0.0 1.8634738279396712 1.016766910406565 0.8467069175331062
0.1 1.0 5.0 0.0 1.0 0.0 2.5296426421898874 1.505360952755603 1.0242816894342837
0.1 0.8911111111111111 2.391111111111111 0.06666666666666667 0.0 0.0 1.3877813966833825 0.7340766860275807 0.6537047106558018
0.1 1.0 5.0 0.0 1.0 0.0 1.9625970067384477 1.0185707971889266 0.944026209549521
0.1 0.9 2.5355555555555553 0.03777777777777778 0.0 0.0 1.2892906935117026 0.6555402868723763 0.633750406639326
0.1 1.0 5.0 0.0 1.0 0.0 2.112255997060767 1.1657371988858878 0.946518798174879
0 / 3
1 / 3
2 / 3
0.1 0.9733333333333334 2.7222222222222223 0.0 0.0 0.0 1.9500927765247327 1.0825081086967634 0.8675846678279694
0.1 1.0 5.0 0.0 1.0 0.0 2.49082480557315 1.5034770433051634 0.9873477622679866
0.1 0.9688888888888889 2.6222222222222222 0.0 0.0 0.0 1.7587292956780902 0.9472471204741121 0.811482175203978
0.1 1.0 5.0 0.0 1.0 0.0 3.331462866615789 2.158808059400528 1.172654807215261
0.1 0.9377777777777778 2.8022222222222224 0.04 0.0 0.0 1.3753766244170493 0.7610062583436851 0.6143703660733644
0.1 1.0 5.0 0.0 1.0 0.0 2.3600704406642623 1.3577326226223512 1.002337818041911
0 / 3
1 / 3
2 / 3
0.1 0.9533333333333334 2.5533333333333332 0.0 0.0 0.0 1.760422845999457 0.8992785594911508 0.8611442865083063
0.1 1.0 5.0 0.0 1.0 0.0 3.8141502293942247 2.511251599127224 1.3028986302670005
0.1 0.9311111111111111 2.4266666666666667 0.05333333333333334 0.0 0.0 1.3461424885477336 0.7487840134545627 0.5973584750931711
0.1 1.0 5.0 0.0 1.0 0.0 2.024081751875162 1.0838519705920897 0.9402297812830723
0.1 0.9355555555555556 2.431111111111111 0.06888888888888889 0.0 0.0 1.345662553624703 0.7180011855488705 0.6276613680758325
0.1 1.0 5.0 0.0 1.0 0.0 2.08422249634646 1.1418582085060194 0.9423642878404407
0 / 3
1 / 3
2 / 3
0.1 0.9622222222222222 2.562222222222222 0.0 0.0 0.0 1.882971225089486 1.0267536389233378 0.856217586166148
0.1 1.0 5.0 0.0 1.0 0.0 2.5551193441341273 1.5464452705209255 1.0086740736132018
0.1 0.8688888888888889 2.2577777777777777 0.13777777777777778 0.0 0.0 1.3429008267401608 0.7370249762769544 0.6058758504632061
0.1 1.0 5.0 0.0 1.0 0.0 2.0774650266998487 1.106865163758184 0.9705998629416649
0.1 0.8911111111111111 2.431111111111111 0.07333333333333333 0.0 0.0 1.4107528367036177 0.7574515968091713 0.6533012398944462
0.1 1.0 5.0 0.0 1.0 0.0 2.228666292859951 1.2739474551335155 0.9547188377264355
0 / 3
1 / 3
2 / 3
0.1 0.9666666666666667 2.566666666666667 0.0 0.0 0.0 1.8858465180782025 1.034147139974879 0.8516993781033236
0.1 1.0 5.0 0.0 1.0 0.0 2.549643310545111 1.50527183680277 1.044371473742341
0.1 0.9688888888888889 2.671111111111111 0.0 0.0 0.0 1.6702351604493388 0.87530541085292 0.7949297495964189
0.1 1.0 5.0 0.0 1.0 0.0 2.6682246859450416 1.6469996047762845 1.0212250811687564
0.1 0.94 2.562222222222222 0.04666666666666667 0.0 0.0 1.3403779723622895 0.7532876221640656 0.5870903501982239
0.1 1.0 5.0 0.0 1.0 0.0 2.2395642061393795 1.2748919176924371 0.9646722884469421
0 / 3
1 / 3
2 / 3
0.1 0.9466666666666667 2.546666666666667 0.0 0.0 0.0 1.8498602153997323 1.0042397686060274 0.845620446793705
0.1 0.9466666666666667 1.8222222222222222 0.17777777777777778 0.0 0.0 1.719649515895867 0.6922071517135492 1.0274423641823178
0.1 0.8977777777777778 2.371111111111111 0.06 0.0 0.0 1.3307871270575793 0.6979172019457361 0.632869925111843
0.1 1.0 5.0 0.0 1.0 0.0 2.0176816857520383 1.071288667443713 0.9463930183083253
0.1 0.9044444444444445 2.493333333333333 0.006666666666666667 0.0 0.0 1.3144545297293597 0.6936618582704566 0.6207926714589033
0.1 1.0 5.0 0.0 1.0 0.0 2.038495771212434 1.0874648340760886 0.9510309371363458
0 / 3
1 / 3
2 / 3
0.1 0.96 2.56 0.0 0.0 0.0 1.890299662522559 1.038971791531785 0.8513278709907736
0.1 1.0 5.0 0.0 1.0 0.0 2.5959884178800188 1.579620271543166 1.0163681463368532
0.1 0.9533333333333334 2.66 0.0 0.0 0.0 1.508322853811109 0.7484139035223943 0.7599089502887146
0.1 0.9955555555555555 4.7 0.0 0.74 0.0 2.5011144658173623 1.4383887486925455 1.0627257171248174
0.1 0.9333333333333333 2.533333333333333 0.015555555555555555 0.0 0.0 1.3495313654034506 0.7357203943952688 0.6138109710081817
0.1 1.0 5.0 0.0 1.0 0.0 2.2704692920056453 1.305714687274668 0.9647546047309773
