Variable Names: ['A', 'C', 'D', 'H', 'I', 'O', 'T']
Boundary Sizes: [4, 3, 4, 2, 4, 3, 2]
Boundary Elements: [['C', 'D', 'H', 'O'], ['A', 'D', 'I'], ['A', 'C', 'H', 'I'], ['A', 'D'], ['C', 'D', 'O', 'T'], ['A', 'I', 'T'], ['I', 'O']]
boundary_classification : [['Child', 'Child', 'Child', 'Child'], ['Parent', 'Other Parent', 'Child'], ['Parent', 'Other Parent', 'Parent', 'Child'], ['Parent', 'Child'], ['Parent', 'Parent', 'Other Parent', 'Child'], ['Parent', 'Other Parent', 'Child'], ['Parent', 'Parent']]
0 / 3
1 / 3
2 / 3
0.1 0.8888888888888888 1.3555555555555556 0.5444444444444444 0.0 0.0 0.7121847823492408 0.11535557610501927 0.5968292062442215
0.1 0.9933333333333333 2.968888888888889 0.0 0.9688888888888889 0.0 1.3545291453893884 0.3504450799796296 1.0040840654097585
0.1 0.8911111111111111 1.2177777777777778 0.68 0.0 0.0 0.6596172687029171 0.0886340688622713 0.5709831998406458
0.1 0.9777777777777777 2.7111111111111112 0.017777777777777778 0.7377777777777778 0.0 1.3189088946103864 0.2949144368048124 1.0239944578055742
0.1 0.9066666666666666 1.3244444444444445 0.5955555555555555 0.0 0.0 0.664436152126908 0.09485427808341268 0.5695818740434953
0.1 0.9755555555555555 2.7044444444444444 0.02 0.7311111111111112 0.0 1.3241162854371165 0.2967875495486473 1.027328735888469
0 / 3
1 / 3
2 / 3
0.1 0.9311111111111111 1.7866666666666666 0.16666666666666666 0.0 0.0 0.7583277192718586 0.1509863466523581 0.6073413726195003
0.1 0.9911111111111112 2.8933333333333335 0.0022222222222222222 0.8955555555555555 0.0 1.3734136317067471 0.3662460625245612 1.0071675691821858
0.1 0.9377777777777778 1.791111111111111 0.1622222222222222 0.0 0.0 0.7364701804090736 0.1448441409549615 0.5916260394541121
0.1 0.9822222222222222 2.7577777777777777 0.022222222222222223 0.78 0.0 1.3205943208816524 0.31205279327443297 1.0085415276072196
0.1 0.8888888888888888 1.2266666666666666 0.6777777777777778 0.0 0.0 0.6481737862722498 0.0951426422824181 0.5530311439898318
0.1 0.9844444444444445 2.84 0.0022222222222222222 0.8444444444444444 0.0 1.2917153704407496 0.3319274699864975 0.9597879004542522
0 / 3
1 / 3
2 / 3
0.1 0.8977777777777778 1.4066666666666667 0.5088888888888888 0.0044444444444444444 0.0 0.7216873504786182 0.11665480445921055 0.6050325460194078
0.1 1.0 3.0 0.0 1.0 0.0 1.3775423027081797 0.4034220734800668 0.9741202292281129
0.1 0.9044444444444445 1.3422222222222222 0.5688888888888889 0.0022222222222222222 0.0 0.695029154038218 0.10051739657663732 0.5945117574615807
0.1 1.0 3.0 0.0 1.0 0.0 1.4120291161402203 0.4076549644127126 1.0043741517275078
0.1 0.8955555555555555 1.2866666666666666 0.6177777777777778 0.0 0.0 0.6580383055336764 0.09394298739306449 0.5640953181406121
0.1 1.0 3.0 0.0 1.0 0.0 1.4193696725539091 0.4103163366885148 1.0090533358653944
0 / 3
1 / 3
2 / 3
0.1 0.8888888888888888 1.3422222222222222 0.5577777777777778 0.0 0.0 0.6822076363423447 0.10907054602958229 0.5731370903127624
0.1 1.0 3.0 0.0 1.0 0.0 1.416672225535207 0.3941923793653819 1.0224798461698252
0.1 0.8844444444444445 1.2533333333333334 0.64 0.0 0.0 0.6407338641182003 0.09223064137922471 0.5485032227389758
0.1 0.9866666666666667 2.76 0.015555555555555555 0.7777777777777778 0.0 1.3477841833212652 0.3100439155436198 1.0377402677776453
0.1 0.8933333333333333 1.3044444444444445 0.6 0.0 0.0 0.6602991028190698 0.10048008322718642 0.5598190195918833
0.1 0.9777777777777777 2.7622222222222224 0.011111111111111112 0.7733333333333333 0.0 1.3484790499332084 0.3127086442017345 1.0357704057314738
0 / 3
1 / 3
2 / 3
0.1 0.8977777777777778 1.4355555555555555 0.48 0.0 0.0 0.7359847784446659 0.13581269750474073 0.6001720809399251
0.1 1.0 3.0 0.0 1.0 0.0 1.3898886491763127 0.38991732553151426 0.9999713236447981
0.1 0.9 1.36 0.5533333333333333 0.0 0.0 0.6993171573121213 0.11529443796398704 0.5840227193481342
0.1 0.9977777777777778 2.9266666666666667 0.0022222222222222222 0.9288888888888889 0.0 1.3746889507266244 0.3306802074148416 1.0440087433117828
0.1 0.8955555555555555 1.3022222222222222 0.6066666666666667 0.0 0.0 0.6920911767319496 0.10965446290817782 0.5824367138237718
0.1 0.9955555555555555 2.908888888888889 0.006666666666666667 0.9155555555555556 0.0 1.35434586798899 0.32768617743212164 1.026659690556868
0 / 3
1 / 3
2 / 3
0.1 0.9111111111111111 1.4222222222222223 0.5066666666666667 0.0 0.0 0.6933974108101651 0.12649467161710723 0.5669027391930579
0.1 1.0 3.0 0.0 1.0 0.0 1.417306438055474 0.42502209250347145 0.9922843455520028
0.1 0.9133333333333333 1.56 0.3711111111111111 0.0 0.0 0.7200874165628229 0.13256086333527548 0.5875265532275477
0.1 0.9933333333333333 2.917777777777778 0.0 0.9177777777777778 0.0 1.388649444933284 0.3754157249849094 1.0132337199483745
0.1 0.8977777777777778 1.4244444444444444 0.5 0.0 0.0 0.6946159165035651 0.12024159575233802 0.5743743207512272
0.1 0.9977777777777778 2.962222222222222 0.0 0.9622222222222222 0.0 1.3215872341344048 0.35440448249934975 0.9671827516350555
0 / 3
1 / 3
2 / 3
0.1 0.9266666666666666 1.54 0.40444444444444444 0.0 0.0 0.7480629933724691 0.12940780215213238 0.6186551912203367
0.1 1.0 3.0 0.0 1.0 0.0 1.4689812573569938 0.4839190189742889 0.9850622383827049
0.1 0.9266666666666666 1.448888888888889 0.4866666666666667 0.0 0.0 0.6951121561786171 0.11002458190985641 0.5850875742687607
0.1 1.0 3.0 0.0 1.0 0.0 1.3806435742999565 0.3922212042140096 0.9884223700859471
0.1 0.9244444444444444 1.4 0.5333333333333333 0.0 0.0 0.6906255093462687 0.10402655158034534 0.5865989577659234
0.1 1.0 3.0 0.0 1.0 0.0 1.388603094797656 0.3946357158032447 0.9939673789944112
0 / 3
1 / 3
2 / 3
0.1 0.9266666666666666 1.4777777777777779 0.4666666666666667 0.0 0.0 0.7226037379362954 0.12230385984495133 0.600299878091344
0.1 1.0 3.0 0.0 1.0 0.0 1.458852868823491 0.462091623674106 0.9967612451493849
0.1 0.9333333333333333 1.451111111111111 0.4955555555555556 0.0 0.0 0.7012879161917053 0.10789185552590982 0.5933960606657954
0.1 1.0 3.0 0.0 1.0 0.0 1.4225682696595707 0.409329358108725 1.0132389115508458
0.1 0.9311111111111111 1.4533333333333334 0.4911111111111111 0.0 0.0 0.7014799962733953 0.10669388834693987 0.5947861079264556
0.1 1.0 3.0 0.0 1.0 0.0 1.428032284453329 0.4111405432822101 1.0168917411711191
0 / 3
1 / 3
2 / 3
0.1 0.9022222222222223 1.4177777777777778 0.5 0.0 0.0 0.6691853860236509 0.11540132398976861 0.5537840620338822
0.1 1.0 3.0 0.0 1.0 0.0 1.4871718987330216 0.4857028282927864 1.0014690704402354
0.1 0.8977777777777778 1.4 0.5111111111111111 0.0 0.0 0.6575673215654918 0.10652354448544359 0.5510437770800483
0.1 1.0 3.0 0.0 1.0 0.0 1.4814132008985803 0.43585697952646973 1.0455562213721106
0.1 0.9 1.3844444444444444 0.5288888888888889 0.0 0.0 0.6553043913987577 0.10427818630159903 0.5510262050971587
0.1 1.0 3.0 0.0 1.0 0.0 1.4785946622856494 0.4342985237119832 1.0442961385736664
0 / 3
1 / 3
2 / 3
0.1 0.9155555555555556 1.5244444444444445 0.4266666666666667 0.017777777777777778 0.0 0.7088189660248901 0.12806243493147484 0.5807565310934153
0.1 1.0 3.0 0.0 1.0 0.0 1.471163549040739 0.4644433945900342 1.0067201544507047
0.1 0.9066666666666666 1.44 0.4866666666666667 0.0044444444444444444 0.0 0.6737749555133399 0.10924630986550332 0.5645286456478366
0.1 1.0 3.0 0.0 1.0 0.0 1.4569111361841305 0.3994508747130323 1.057460261471098
0.1 0.9133333333333333 1.4111111111111112 0.52 0.0 0.0 0.6717433769671948 0.10969413999817852 0.5620492369690162
0.1 1.0 3.0 0.0 1.0 0.0 1.472948772917915 0.4037052021682324 1.0692435707496823
0 / 3
1 / 3
2 / 3
0.1 0.9155555555555556 1.4577777777777778 0.5066666666666667 0.03333333333333333 0.0 0.705546679017568 0.117610167926812 0.5879365110907561
0.1 1.0 3.0 0.0 1.0 0.0 1.4049007877999125 0.4353121476109747 0.9695886401889376
0.1 0.9177777777777778 1.3111111111111111 0.64 0.017777777777777778 0.0 0.6523935503889101 0.09643291388605708 0.555960636502853
0.1 0.9955555555555555 2.9066666666666667 0.0022222222222222222 0.9111111111111111 0.0 1.3467816481176944 0.3566368353033824 0.990144812814312
0.1 0.9177777777777778 1.32 0.6244444444444445 0.011111111111111112 0.0 0.6484614109549658 0.09618714630631928 0.5522742646486466
0.1 0.9911111111111112 2.88 0.0022222222222222222 0.8822222222222222 0.0 1.3482912774758795 0.35478091915587423 0.993510358320005
0 / 3
1 / 3
2 / 3
0.1 0.9088888888888889 1.4355555555555555 0.52 0.03333333333333333 0.0 0.7127470133993193 0.1322110984318101 0.5805359149675092
0.1 1.0 3.0 0.0 1.0 0.0 1.4455333120922145 0.46623057963464654 0.979302732457568
0.1 0.9088888888888889 1.3955555555555557 0.54 0.013333333333333334 0.0 0.6832682592003956 0.12267510201011333 0.5605931571902822
0.1 1.0 3.0 0.0 1.0 0.0 1.4695154201952665 0.4240570834832582 1.0454583367120083
0.1 0.9088888888888889 1.4155555555555555 0.5244444444444445 0.017777777777777778 0.0 0.7008521632625517 0.12574780997203902 0.5751043532905127
0.1 1.0 3.0 0.0 1.0 0.0 1.4700058395844113 0.42290480648496387 1.0471010330994475
0 / 3
1 / 3
2 / 3
0.1 0.9044444444444445 1.4088888888888889 0.5133333333333333 0.0 0.0 0.7115497962890825 0.11418533288274976 0.5973644634063329
0.1 1.0 3.0 0.0 1.0 0.0 1.527083726262882 0.5199665832135494 1.0071171430493329
0.1 0.9022222222222223 1.3644444444444443 0.5511111111111111 0.0 0.0 0.6788468683579294 0.10006355410129253 0.5787833142566369
0.1 1.0 3.0 0.0 1.0 0.0 1.4637773427887466 0.4140543910498255 1.049722951738921
0.1 0.9022222222222223 1.34 0.5755555555555556 0.0 0.0 0.6692944706678895 0.0964271843576217 0.572867286310268
0.1 1.0 3.0 0.0 1.0 0.0 1.4656631349097844 0.41630357274746443 1.0493595621623204
0 / 3
1 / 3
2 / 3
0.1 0.9222222222222223 1.5266666666666666 0.41555555555555557 0.0 0.0 0.7158607482808079 0.12879574522941498 0.587065003051393
0.1 1.0 3.0 0.0 1.0 0.0 1.45292797264173 0.4489361916620926 1.003991780979637
0.1 0.92 1.3777777777777778 0.5555555555555556 0.0 0.0 0.6488996135020264 0.10426786760323625 0.5446317458987903
0.1 1.0 3.0 0.0 1.0 0.0 1.4618764772734256 0.4341357698154721 1.0277407074579537
0.1 0.92 1.3777777777777778 0.5555555555555556 0.0 0.0 0.668452506097698 0.10307067384504459 0.5653818322526535
0.1 1.0 3.0 0.0 1.0 0.0 1.4596292141431924 0.43556922277303534 1.024059991370157
0 / 3
1 / 3
2 / 3
0.1 0.9 1.6577777777777778 0.2911111111111111 0.042222222222222223 0.0 0.7356265708308539 0.1589777649063703 0.5766488059244838
0.1 1.0 3.0 0.0 1.0 0.0 1.4459436349035695 0.4198516929577431 1.0260919419458263
0.1 0.9644444444444444 1.7422222222222221 0.32222222222222224 0.08 0.0 0.6864246433889651 0.16021404991871804 0.5262105934702471
0.1 1.0 3.0 0.0 1.0 0.0 1.4301868293476216 0.4273930682268332 1.0027937611207882
0.1 0.9555555555555556 1.6644444444444444 0.33111111111111113 0.02 0.0 0.7066009452484276 0.15107105338478613 0.5555298918636413
0.1 1.0 3.0 0.0 1.0 0.0 1.4471231256383428 0.4265591207948622 1.0205640048434805
0 / 3
1 / 3
2 / 3
0.1 0.8777777777777778 1.308888888888889 0.5822222222222222 0.0 0.0 0.699109268031979 0.11115606820704894 0.5879531998249301
0.1 1.0 3.0 0.0 1.0 0.0 1.38011138130437 0.3989555053321314 0.9811558759722384
0.1 0.88 1.2333333333333334 0.6555555555555556 0.0 0.0 0.6525466907942536 0.09367342452441338 0.5588732662698402
0.1 0.9866666666666667 2.828888888888889 0.0022222222222222222 0.8333333333333334 0.0 1.3501205935253442 0.3193213736881469 1.0307992198371974
0.1 0.8777777777777778 1.1933333333333334 0.6933333333333334 0.0 0.0 0.6424895300961554 0.09187620101243267 0.5506133290837226
0.1 0.9888888888888889 2.8666666666666667 0.0044444444444444444 0.8733333333333333 0.0 1.346186098703309 0.32006155842443357 1.0261245402788755
0 / 3
1 / 3
2 / 3
0.1 0.8844444444444445 1.3355555555555556 0.5622222222222222 0.0044444444444444444 0.0 0.7121285303743204 0.11378166259431269 0.5983468677800076
0.1 0.98 2.7444444444444445 0.008888888888888889 0.7577777777777778 0.0 1.3378662886374522 0.35082786163515883 0.9870384270022932
0.1 0.8844444444444445 1.3155555555555556 0.5777777777777777 0.0 0.0 0.6966810586094645 0.10268854640517099 0.5939925122042935
0.1 0.9755555555555555 2.6977777777777776 0.006666666666666667 0.7088888888888889 0.0 1.3865426874706706 0.30907334561519584 1.077469341855475
0.1 0.88 1.2622222222222221 0.6266666666666667 0.0 0.0 0.6975102267761325 0.09591117339947722 0.6015990533766554
0.1 0.98 2.6244444444444444 0.03333333333333333 0.6622222222222223 0.0 1.363929928699729 0.305909267985784 1.0580206607139453
0 / 3
1 / 3
2 / 3
0.1 0.8955555555555555 1.3977777777777778 0.5333333333333333 0.024444444444444446 0.0 0.6981642480692094 0.11740174284129617 0.5807625052279132
0.1 0.9888888888888889 2.882222222222222 0.0022222222222222222 0.8844444444444445 0.0 1.354674224489802 0.4001736508737543 0.9545005736160477
0.1 0.8955555555555555 1.3688888888888888 0.5422222222222223 0.0044444444444444444 0.0 0.6756820237043424 0.10723270595185609 0.5684493177524863
0.1 0.9666666666666667 2.58 0.028888888888888888 0.62 0.0 1.2906004164107834 0.29041203963260803 1.0001883767781752
0.1 0.8955555555555555 1.3422222222222222 0.5644444444444444 0.0 0.0 0.67019873597087 0.10200328203963901 0.5681954539312309
0.1 0.98 2.6044444444444443 0.04666666666666667 0.6533333333333333 0.0 1.2973724991034483 0.2916256442464072 1.005746854857041
0 / 3
1 / 3
2 / 3
0.1 0.9133333333333333 1.4355555555555555 0.4955555555555556 0.0 0.0 0.7294163062563811 0.1321221448855849 0.5972941613707963
0.1 1.0 3.0 0.0 1.0 0.0 1.3688706760065554 0.4017321737123005 0.9671385022942551
0.1 0.9133333333333333 1.4088888888888889 0.5155555555555555 0.0 0.0 0.6808331708515409 0.11899101242582662 0.5618421584257144
0.1 1.0 3.0 0.0 1.0 0.0 1.3635260237147395 0.38085556250934816 0.9826704612053914
0.1 0.9111111111111111 1.36 0.5644444444444444 0.0 0.0 0.6569379559440981 0.11359930058551808 0.54333865535858
0.1 1.0 3.0 0.0 1.0 0.0 1.370257043858428 0.37834250736572755 0.9919145364927007
0 / 3
1 / 3
2 / 3
0.1 0.9066666666666666 1.6088888888888888 0.3244444444444444 0.013333333333333334 0.0 0.7541030784157864 0.14691423154380326 0.607188846871983
0.1 1.0 3.0 0.0 1.0 0.0 1.3945869651889538 0.3968768930946944 0.9977100720942591
0.1 0.9044444444444445 1.5622222222222222 0.3622222222222222 0.0 0.0 0.7734194346186641 0.14593050066755975 0.6274889339511044
0.1 1.0 3.0 0.0 1.0 0.0 1.4014250540976652 0.3655021582715782 1.0359228958260869
0.1 0.9088888888888889 1.5888888888888888 0.3511111111111111 0.008888888888888889 0.0 0.7817777033538328 0.1566564030972894 0.6251213002565436
0.1 1.0 3.0 0.0 1.0 0.0 1.3829610075434988 0.3618280503190863 1.0211329572244123
0 / 3
1 / 3
2 / 3
0.1 0.9222222222222223 1.7155555555555555 0.22444444444444445 0.0 0.0 0.740179895313234 0.14996556168347475 0.5902143336297594
0.1 1.0 3.0 0.0 1.0 0.0 1.407025130268407 0.40586708838704666 1.0011580418813602
0.1 0.8955555555555555 1.5422222222222222 0.37555555555555553 0.0 0.0 0.7210249762155013 0.13273588544669054 0.5882890907688109
0.1 1.0 3.0 0.0 1.0 0.0 1.3861450058872753 0.37733290280253096 1.0088121030847441
0.1 0.9022222222222223 1.451111111111111 0.46444444444444444 0.0 0.0 0.6997362771977605 0.11559295979651542 0.5841433174012453
0.1 1.0 3.0 0.0 1.0 0.0 1.3904399379514858 0.3759752877723334 1.0144646501791525
0 / 3
1 / 3
2 / 3
0.1 0.9088888888888889 1.431111111111111 0.5 0.0 0.0 0.7039934923979495 0.12482041707098887 0.5791730753269605
0.1 1.0 3.0 0.0 1.0 0.0 1.3825057440170678 0.411125331878034 0.9713804121390338
0.1 0.9155555555555556 1.4066666666666667 0.5222222222222223 0.0 0.0 0.6493184274600033 0.10891956780755824 0.540398859652445
0.1 1.0 3.0 0.0 1.0 0.0 1.3740498206072624 0.37360357435265285 1.0004462462546095
0.1 0.9155555555555556 1.3822222222222222 0.5466666666666666 0.0 0.0 0.6397877174582645 0.10806276681493106 0.5317249506433334
0.1 1.0 3.0 0.0 1.0 0.0 1.3760462725435219 0.37417050578609773 1.001875766757424
0 / 3
1 / 3
2 / 3
0.1 0.9022222222222223 1.6177777777777778 0.3088888888888889 0.0 0.0 0.7218466043279187 0.1450301290906183 0.5768164752373003
0.1 1.0 2.966666666666667 0.0 0.9666666666666667 0.0 1.3311352594202375 0.3518151262888844 0.9793201331313532
0.1 0.8911111111111111 1.511111111111111 0.4 0.0 0.0 0.6797773908970187 0.13513203776652433 0.5446453531304944
0.1 1.0 3.0 0.0 1.0 0.0 1.3925492652626952 0.39102205259739775 1.0015272126652974
0.1 0.9 1.6311111111111112 0.29777777777777775 0.0 0.0 0.7125801665923662 0.14915197385523812 0.563428192737128
0.1 1.0 3.0 0.0 1.0 0.0 1.4019116371505207 0.3887647595612688 1.013146877589252
0 / 3
1 / 3
2 / 3
0.1 0.9044444444444445 1.6311111111111112 0.28888888888888886 0.0 0.0 0.7329220587236094 0.1459128778248209 0.5870091808987884
0.1 1.0 3.0 0.0 1.0 0.0 1.4062402743297207 0.40990979121941196 0.996330483110309
0.1 0.8977777777777778 1.5577777777777777 0.36 0.0 0.0 0.724754087044406 0.13616124293819046 0.5885928441062156
0.1 0.9911111111111112 2.8866666666666667 0.0044444444444444444 0.8911111111111111 0.0 1.3665909879438942 0.34581767833635685 1.0207733096075373
0.1 0.8977777777777778 1.5044444444444445 0.40444444444444444 0.0 0.0 0.7076716600620987 0.12639324252025264 0.5812784175418461
0.1 0.9866666666666667 2.891111111111111 0.0044444444444444444 0.8955555555555555 0.0 1.3822838570948868 0.3440454831108544 1.0382383739840324
0 / 3
1 / 3
2 / 3
0.1 0.9044444444444445 1.6622222222222223 0.26666666666666666 0.0 0.0 0.7624883758917917 0.14595947916508598 0.6165288967267057
0.1 1.0 3.0 0.0 1.0 0.0 1.4258298915849037 0.4260162959391022 0.9998135956458016
0.1 0.9088888888888889 1.6466666666666667 0.2777777777777778 0.0 0.0 0.7441078498833513 0.14516755981383872 0.5989402900695125
0.1 1.0 3.0 0.0 1.0 0.0 1.3891133939320766 0.3523515816098307 1.0367618123222457
0.1 0.8866666666666667 1.4866666666666666 0.4177777777777778 0.0 0.0 0.7410444569858436 0.12648246000176924 0.6145619969840744
0.1 1.0 3.0 0.0 1.0 0.0 1.4003908570904322 0.366926323504261 1.0334645335861712
0 / 3
1 / 3
2 / 3
0.1 0.9066666666666666 1.6777777777777778 0.24666666666666667 0.0 0.0 0.7610578643914897 0.1576874876375513 0.6033703767539383
0.1 1.0 3.0 0.0 1.0 0.0 1.3855265734855442 0.4280868741851779 0.9574396993003662
0.1 0.8977777777777778 1.5355555555555556 0.3844444444444444 0.0 0.0 0.7707476959268204 0.14095496780998834 0.6297927281168321
0.1 1.0 3.0 0.0 1.0 0.0 1.383366128793594 0.39186877975181506 0.9914973490417792
0.1 0.8955555555555555 1.4666666666666666 0.4444444444444444 0.0 0.0 0.7519273760327057 0.1308391779417065 0.6210881980909991
0.1 1.0 3.0 0.0 1.0 0.0 1.388612991681117 0.387046941985109 1.0015660496960082
0 / 3
1 / 3
2 / 3
0.1 0.9044444444444445 1.4466666666666668 0.4711111111111111 0.0 0.0 0.7325316238317858 0.13645243809905783 0.596079185732728
0.1 1.0 3.0 0.0 1.0 0.0 1.4266266527943496 0.43181407624032464 0.994812576554025
0.1 0.9 1.4022222222222223 0.5088888888888888 0.0 0.0 0.6846209698605245 0.10380053199074846 0.5808204378697759
0.1 1.0 3.0 0.0 1.0 0.0 1.369215051392499 0.3328521562739713 1.0363628951185275
0.1 0.9066666666666666 1.3622222222222222 0.5577777777777778 0.0 0.0 0.6857954052380575 0.10069994542766182 0.5850954598103958
0.1 1.0 3.0 0.0 1.0 0.0 1.371328554708746 0.33662938655207225 1.0346991681566737
0 / 3
1 / 3
2 / 3
0.1 0.8733333333333333 1.3133333333333332 0.5755555555555556 0.0 0.0 0.6786166721904214 0.10839654954924051 0.5702201226411807
0.1 1.0 3.0 0.0 1.0 0.0 1.3604204317012283 0.4290459817700462 0.931374449931182
0.1 0.8755555555555555 1.1711111111111112 0.7111111111111111 0.0 0.0 0.6415918501215825 0.08817567942879921 0.5534161706927833
0.1 1.0 3.0 0.0 1.0 0.0 1.315583607218927 0.3714674990008694 0.9441161082180579
0.1 0.8733333333333333 1.1666666666666667 0.7133333333333334 0.0 0.0 0.6313783371912425 0.08471480800542948 0.546663529185813
0.1 1.0 3.0 0.0 1.0 0.0 1.3126288411017448 0.37221290623086495 0.9404159348708798
0 / 3
1 / 3
2 / 3
0.1 0.8977777777777778 1.4222222222222223 0.4955555555555556 0.0 0.0 0.6816168754855442 0.12237123666006719 0.559245638825477
0.1 1.0 2.966666666666667 0.0 0.9666666666666667 0.0 1.334842094428527 0.35313677995369763 0.9817053144748297
0.1 0.8955555555555555 1.551111111111111 0.36444444444444446 0.0 0.0 0.7015183100821194 0.12840640497484923 0.5731119051072703
0.1 1.0 3.0 0.0 1.0 0.0 1.3723581097782103 0.37109942054511774 1.0012586892330926
0.1 0.8977777777777778 1.4933333333333334 0.41333333333333333 0.0 0.0 0.685993938524551 0.11668808336060592 0.569305855163945
0.1 1.0 3.0 0.0 1.0 0.0 1.3725770469993783 0.3652038114124129 1.0073732355869651
0 / 3
1 / 3
2 / 3
0.1 0.8977777777777778 1.3311111111111111 0.58 0.0 0.0 0.7245043789933536 0.11659002965521613 0.6079143493381376
0.1 1.0 3.0 0.0 1.0 0.0 1.394435052893647 0.421166433496716 0.9732686193969311
0.1 0.8955555555555555 1.291111111111111 0.6133333333333333 0.0 0.0 0.6964667203599354 0.10479431187009254 0.5916724084898429
0.1 0.9933333333333333 2.928888888888889 0.0 0.9288888888888889 0.0 1.3240982771986687 0.360680933230099 0.9634173439685696
0.1 0.8955555555555555 1.2533333333333334 0.6511111111111111 0.0 0.0 0.6806969201745093 0.09983358377634506 0.5808633363981643
0.1 0.9888888888888889 2.897777777777778 0.0022222222222222222 0.9 0.0 1.3164898736707022 0.35669343900360745 0.9597964346670946
101
The best KBinsDiscretizer strategy is: kmeans
The best bins strategy is: stone, with: 5 bins
The best number of bins for D is: 5. Bins: 5
0 / 4
1 / 4
2 / 4
3 / 4
0.1 0.9222222222222223 1.1733333333333333 0.8488888888888889 0.0 0.051111111111111114 0.6101456314728545 0.08537294572803238 0.524772685744822
0.1 0.9533333333333334 0.9977777777777778 0.9533333333333334 0.0 0.0022222222222222222 1.5609507500670892 0.19744624282140957 1.3635045072456797
0.1 0.9177777777777778 1.14 0.8466666666666667 0.0 0.05333333333333334 0.6036454268357775 0.08359899089111053 0.5200464359446668
0.1 0.9533333333333334 1.0177777777777777 0.9377777777777778 0.0 0.0 1.482552729831822 0.17846605015616512 1.304086679675657
0.1 0.9222222222222223 1.1866666666666668 0.8266666666666667 0.0 0.04666666666666667 0.6107395555824353 0.08950555522088385 0.5212340003615514
0.1 0.9466666666666667 1.02 0.9244444444444444 0.0 0.006666666666666667 1.4604069717694939 0.11542408899046014 1.3449828827790338
0.1 0.92 1.191111111111111 0.8244444444444444 0.0 0.0022222222222222222 0.5996939129967033 0.07137544263197225 0.528318470364731
0.1 0.9466666666666667 1.0266666666666666 0.9266666666666666 0.0 0.0022222222222222222 1.4480889358271118 0.11551977370762974 1.3325691621194822
0 / 4
1 / 4
2 / 4
3 / 4
0.1 0.9244444444444444 1.1333333333333333 0.8577777777777778 0.0 0.04888888888888889 0.5731562541561356 0.06646798722561813 0.5066882669305174
0.1 0.9355555555555556 0.9777777777777777 0.9355555555555556 0.0 0.022222222222222223 1.4469604192422143 0.13461900317196387 1.3123414160702505
0.1 0.9311111111111111 1.1155555555555556 0.8666666666666667 0.0 0.044444444444444446 0.6090735394352423 0.07653640580468847 0.5325371336305539
0.1 0.9577777777777777 1.0022222222222221 0.9488888888888889 0.0 0.006666666666666667 1.4968362976652385 0.2000428253772303 1.2967934722880081
0.1 0.9 1.0222222222222221 0.8377777777777777 0.0 0.09111111111111111 0.5936884776895669 0.051763810404897234 0.5419246672846696
0.1 0.9511111111111111 0.9911111111111112 0.9511111111111111 0.0 0.008888888888888889 1.487662081035547 0.20099640812256167 1.2866656729129853
0.1 0.9066666666666666 1.0822222222222222 0.8244444444444444 0.0 0.05555555555555555 0.6003029797732903 0.05678955108882196 0.5435134286844683
0.1 0.9488888888888889 0.9933333333333333 0.9488888888888889 0.0 0.006666666666666667 1.4387887772812304 0.13498611993501441 1.3038026573462158
0 / 4
1 / 4
2 / 4
3 / 4
0.1 0.9222222222222223 1.18 0.8422222222222222 0.0 0.05333333333333334 0.6229906466721289 0.09410242751723079 0.528888219154898
0.1 0.9066666666666666 0.9266666666666666 0.9066666666666666 0.0 0.07333333333333333 1.4484742656664336 0.09156516277837963 1.3569091028880544
0.1 0.9133333333333333 1.0977777777777777 0.8466666666666667 0.0 0.06222222222222222 0.6228588972683009 0.08636487923810705 0.5364940180301938
0.1 0.9333333333333333 0.9377777777777778 0.9333333333333333 0.0 0.06222222222222222 1.417608868296983 0.044779437116295576 1.3728294311806872
0.1 0.8977777777777778 1.1444444444444444 0.8133333333333334 0.0 0.008888888888888889 0.6403454490526663 0.10276098463674249 0.5375844644159238
0.1 0.9288888888888889 0.9333333333333333 0.9288888888888889 0.0 0.06666666666666667 1.4414016806944974 0.044882070796950384 1.3965196098975468
0.1 0.8888888888888888 1.2955555555555556 0.5444444444444444 0.0 0.05555555555555555 0.6025294910678928 0.09565484972878444 0.5068746413391083
0.1 0.9422222222222222 0.9688888888888889 0.9422222222222222 0.0 0.03111111111111111 1.5937716659239716 0.1543384008252253 1.4394332650987463
0 / 4
1 / 4
2 / 4
3 / 4
0.1 0.8888888888888888 1.0555555555555556 0.8333333333333334 0.0 0.08444444444444445 0.606622296593947 0.07507796117996232 0.5315443354139846
0.1 0.9711111111111111 1.0244444444444445 0.9444444444444444 0.0 0.0044444444444444444 1.4813913604684368 0.1359213331589554 1.3454700273094815
0.1 0.9022222222222223 1.0355555555555556 0.8577777777777778 0.0 0.07111111111111111 0.5898696998642986 0.06833450812422767 0.5215351917400709
0.1 0.9622222222222222 0.98 0.9622222222222222 0.0 0.02 1.4221749398288936 0.0457377312825238 1.3764372085463699
0.1 0.8911111111111111 2.2333333333333334 0.36666666666666664 0.0 0.10222222222222223 0.970081524593341 0.4805785345612787 0.4895029900320622
0.1 0.9688888888888889 0.9866666666666667 0.9688888888888889 0.0 0.013333333333333334 1.4407855859561995 0.11383140369838807 1.3269541822578115
0.1 0.9066666666666666 1.288888888888889 0.58 0.0 0.03777777777777778 0.6211168514352096 0.1346306309963666 0.4864862204388429
0.1 0.9777777777777777 0.9933333333333333 0.9777777777777777 0.0 0.006666666666666667 1.482187676440442 0.10948622896773808 1.3727014474727037
0 / 4
1 / 4
2 / 4
3 / 4
0.1 0.8844444444444445 1.06 0.8333333333333334 0.0 0.08 0.5770549848091299 0.06677685143263606 0.5102781333764939
0.1 0.9422222222222222 1.008888888888889 0.9244444444444444 0.0 0.013333333333333334 1.3593312943742624 0.03072257915306854 1.3286087152211936
0.1 0.8822222222222222 1.0333333333333334 0.8311111111111111 0.0 0.08444444444444445 0.5709504213593921 0.07090749023615078 0.5000429311232413
0.1 0.9266666666666666 0.9888888888888889 0.9266666666666666 0.0 0.011111111111111112 1.4354282087790695 0.13595965686975472 1.2994685519093148
0.1 0.8866666666666667 0.98 0.8444444444444444 0.0 0.08444444444444445 0.5574165030459496 0.06472457851560207 0.4926919245303475
0.1 0.96 1.0555555555555556 0.9088888888888889 0.0 0.0022222222222222222 1.4917539519201313 0.15975731492633835 1.331996636993793
0.1 0.9244444444444444 1.0933333333333333 0.8555555555555555 0.0 0.02666666666666667 0.550559048999939 0.04724804360621396 0.503311005393725
0.1 0.9577777777777777 1.048888888888889 0.9133333333333333 0.0 0.0 1.5153169464437755 0.15920883861612406 1.3561081078276513
0 / 4
1 / 4
2 / 4
3 / 4
0.1 0.9177777777777778 1.1622222222222223 0.8444444444444444 0.0 0.05555555555555555 0.6470576841793518 0.09647980606515068 0.5505778781142012
0.1 0.9466666666666667 0.9955555555555555 0.9466666666666667 0.0 0.0044444444444444444 1.4737651798683495 0.17747579031623648 1.296289389552113
0.1 0.9066666666666666 1.0911111111111111 0.8444444444444444 0.0 0.07333333333333333 0.6394968490031824 0.094371457517253 0.5451253914859294
0.1 0.9622222222222222 0.9977777777777778 0.9622222222222222 0.0 0.0022222222222222222 1.563874543298369 0.19777883523198708 1.3660957080663818
0.1 0.9177777777777778 1.7933333333333332 0.5088888888888888 0.0 0.057777777777777775 0.7948486606784023 0.26958599083314033 0.5252626698452622
0.1 0.9577777777777777 1.0 0.9577777777777777 0.0 0.0 1.6134012403020168 0.26356739729406387 1.3498338430079528
0.1 0.9155555555555556 2.4644444444444447 0.042222222222222223 0.0 0.022222222222222223 0.8159592590135931 0.29992848108852754 0.5160307779250656
0.1 0.96 1.0 0.96 0.0 0.0 1.6025914402038448 0.2610836673349092 1.3415077728689357
0 / 4
1 / 4
2 / 4
3 / 4
0.1 0.8866666666666667 1.068888888888889 0.8355555555555556 0.0 0.08222222222222222 0.5956735781138763 0.07204701660515757 0.5236265615087189
0.1 0.9511111111111111 0.9733333333333334 0.9511111111111111 0.0 0.02666666666666667 1.4202248449961412 0.07149652245787652 1.3487283225382645
0.1 0.8955555555555555 1.08 0.8511111111111112 0.0 0.06666666666666667 0.5856396224706668 0.0673016436685743 0.5183379788020925
0.1 0.9577777777777777 0.9666666666666667 0.9577777777777777 0.0 0.03333333333333333 1.4096928742102 0.023290798140748248 1.386402076069452
0.1 0.8866666666666667 1.0222222222222221 0.8444444444444444 0.0 0.08222222222222222 0.5717464965833651 0.05701572879476703 0.514730767788598
0.1 0.9466666666666667 0.9644444444444444 0.9466666666666667 0.0 0.035555555555555556 1.4153305428307184 0.022875157688316147 1.392455385142402
0.1 0.8955555555555555 0.9111111111111111 0.8888888888888888 0.0 0.09777777777777778 0.5448812979152874 0.04301042576673184 0.5018708721485556
0.1 0.9444444444444444 0.9577777777777777 0.9444444444444444 0.0 0.042222222222222223 1.4716735289500933 0.044715271025404235 1.426958257924689
0 / 4
1 / 4
2 / 4
3 / 4
0.1 0.9222222222222223 1.1355555555555557 0.8555555555555555 0.0 0.04888888888888889 0.6146759754052257 0.07906287291768133 0.5356131024875443
0.1 0.9444444444444444 1.0044444444444445 0.9333333333333333 0.0 0.011111111111111112 1.555392698647486 0.19943180029291285 1.355960898354573
0.1 0.9133333333333333 1.1 0.8644444444444445 0.0 0.044444444444444446 0.6095257137423589 0.07387594989547432 0.5356497638468846
0.1 0.9355555555555556 0.9355555555555556 0.9355555555555556 0.0 0.06444444444444444 1.4074120075904415 0.024434529304245743 1.3829774782861957
0.1 0.9133333333333333 1.0555555555555556 0.8644444444444445 0.0 0.05555555555555555 0.6054764080352869 0.08655081246966534 0.5189255955656216
0.1 0.9577777777777777 0.98 0.9577777777777777 0.0 0.02 1.3789956629395637 0.026329050591306604 1.3526666123482574
0.1 0.9377777777777778 1.0177777777777777 0.8844444444444445 0.0 0.035555555555555556 0.6181873819999505 0.10161535306102203 0.5165720289389285
0.1 0.9511111111111111 0.98 0.9511111111111111 0.0 0.02 1.4305541360786111 0.047701947957149035 1.382852188121462
0 / 4
1 / 4
2 / 4
3 / 4
0.1 0.9133333333333333 1.1044444444444443 0.8511111111111112 0.0 0.06666666666666667 0.599732681569188 0.07657137243605476 0.5231613091331333
0.1 0.9333333333333333 0.9711111111111111 0.9333333333333333 0.0 0.028888888888888888 1.437569759497828 0.1140041858130851 1.323565573684743
0.1 0.9044444444444445 1.0533333333333332 0.8577777777777778 0.0 0.06666666666666667 0.5957549292148409 0.06927868900912433 0.5264762402057165
0.1 0.9377777777777778 0.9577777777777777 0.9377777777777778 0.0 0.042222222222222223 1.3936963382711909 0.048274187630704485 1.3454221506404862
0.1 0.9044444444444445 2.168888888888889 0.46444444444444444 0.0 0.07777777777777778 0.7723004814976879 0.222325872202625 0.5499746092950629
0.1 0.9311111111111111 0.9511111111111111 0.9311111111111111 0.0 0.04888888888888889 1.4453512374084312 0.11358692502008985 1.3317643123883414
0.1 0.9111111111111111 0.9933333333333333 0.8888888888888888 0.0 0.028888888888888888 0.6382459556015442 0.09855119170502792 0.5396947638965164
0.1 0.9311111111111111 0.9511111111111111 0.9311111111111111 0.0 0.04888888888888889 1.4172700865524408 0.050364585434548526 1.3669055011178923
0 / 4
1 / 4
2 / 4
3 / 4
0.1 0.9 1.1111111111111112 0.8377777777777777 0.0 0.06888888888888889 0.6027416991704766 0.07541173508196237 0.5273299640885142
0.1 0.9377777777777778 0.9666666666666667 0.9377777777777778 0.0 0.03333333333333333 1.537130684740732 0.1553043954155517 1.38182628932518
0.1 0.9111111111111111 1.0577777777777777 0.8644444444444445 0.0 0.06222222222222222 0.5848920677224132 0.06247976684851117 0.522412300873902
0.1 0.96 0.9711111111111111 0.96 0.0 0.028888888888888888 1.5635704090827405 0.10841279262573206 1.4551576164570084
0.1 0.9 1.011111111111111 0.8666666666666667 0.0 0.07555555555555556 0.5883310863644877 0.06122159404558077 0.5271094923189071
0.1 0.9466666666666667 0.9577777777777777 0.9466666666666667 0.0 0.042222222222222223 1.5028281989007994 0.08940722093615247 1.4134209779646467
0.1 0.9 0.9866666666666667 0.86 0.0 0.05333333333333334 0.6064650055674908 0.08029182337418939 0.5261731821933013
0.1 0.9422222222222222 0.9533333333333334 0.9422222222222222 0.0 0.04666666666666667 1.478789684255787 0.08795839742372318 1.3908312868320638
0 / 4
1 / 4
2 / 4
3 / 4
0.1 0.9155555555555556 1.1622222222222223 0.8422222222222222 0.0 0.057777777777777775 0.6691012048960522 0.09129152553442012 0.5778096793616321
0.1 0.9444444444444444 0.9911111111111112 0.9444444444444444 0.0 0.008888888888888889 1.4354685168648187 0.11093460916842515 1.3245339076963931
0.1 0.9155555555555556 1.1466666666666667 0.8444444444444444 0.0 0.06222222222222222 0.6647047974869753 0.09499861034902143 0.5697061871379538
0.1 0.9155555555555556 0.9288888888888889 0.9155555555555556 0.0 0.07111111111111111 1.4475312086176957 0.08702888505951692 1.3605023235581788
0.1 0.9111111111111111 1.06 0.8488888888888889 0.0 0.06666666666666667 0.6183211078128688 0.06893642907628152 0.5493846787365871
0.1 0.9133333333333333 0.9155555555555556 0.9133333333333333 0.0 0.08444444444444445 1.4365583275459328 0.08822064598519452 1.3483376815607382
0.1 0.9 1.008888888888889 0.8555555555555555 0.0 0.05333333333333334 0.6646280259551456 0.12269108815543575 0.5419369377997098
0.1 0.9244444444444444 0.9377777777777778 0.9244444444444444 0.0 0.06222222222222222 1.5728988789636458 0.17458390875381705 1.3983149702098288
0 / 4
1 / 4
2 / 4
3 / 4
0.1 0.8955555555555555 1.0733333333333333 0.84 0.0 0.06666666666666667 0.578054019653983 0.07028375929270096 0.5077702603612819
0.1 0.9333333333333333 0.9844444444444445 0.9333333333333333 0.0 0.015555555555555555 1.412110606088314 0.09176059209415058 1.3203500139941633
0.1 0.8955555555555555 1.0 0.8533333333333334 0.0 0.07777777777777778 0.5693984485182928 0.06537177296511266 0.5040266755531801
0.1 0.9355555555555556 0.9444444444444444 0.9355555555555556 0.0 0.05555555555555555 1.4632099462649188 0.06570298561957437 1.3975069606453443
0.1 0.8911111111111111 1.08 0.8422222222222222 0.0 0.011111111111111112 0.5439248524244783 0.04514865456415168 0.49877619786032673
0.1 0.9333333333333333 0.9422222222222222 0.9333333333333333 0.0 0.057777777777777775 1.461988105905283 0.06555238627986745 1.3964357196254158
0.1 0.8933333333333333 0.9577777777777777 0.8888888888888888 0.0 0.04666666666666667 0.5773750385443356 0.06851456902650682 0.5088604695178287
0.1 0.9288888888888889 0.9377777777777778 0.9288888888888889 0.0 0.06222222222222222 1.4777552404269818 0.08740463677937642 1.3903506036476054
0 / 4
1 / 4
2 / 4
3 / 4
0.1 0.9044444444444445 1.1088888888888888 0.8355555555555556 0.0 0.06666666666666667 0.6071307598803345 0.07782260166066432 0.5293081582196701
0.1 0.9555555555555556 0.9755555555555555 0.9555555555555556 0.0 0.024444444444444446 1.466121282996697 0.11424103109201925 1.3518802519046778
0.1 0.9155555555555556 1.0777777777777777 0.8533333333333334 0.0 0.06 0.6149617073417252 0.0764327762610205 0.5385289310807045
0.1 0.9222222222222223 0.9288888888888889 0.9222222222222223 0.0 0.07111111111111111 1.4157195733878951 0.04739491832136889 1.3683246550665262
0.1 0.8977777777777778 1.1466666666666667 0.8266666666666667 0.0 0.011111111111111112 0.5562681343693655 0.05738526240023791 0.49888287196912756
0.1 0.92 0.9266666666666666 0.92 0.0 0.07333333333333333 1.4232003070592054 0.04746756985101872 1.375732737208187
0.1 0.9066666666666666 0.9466666666666667 0.8933333333333333 0.0 0.06888888888888889 0.5597831947949042 0.06491349400881109 0.49486970078609316
0.1 0.92 0.9333333333333333 0.92 0.0 0.06666666666666667 1.3957560165728238 0.02401538411773132 1.3717406324550923
0 / 4
1 / 4
2 / 4
3 / 4
0.1 0.8977777777777778 1.1288888888888888 0.8266666666666667 0.0 0.08444444444444445 0.6169637803809178 0.09559254058502108 0.5213712397958966
0.1 0.9377777777777778 0.9644444444444444 0.9377777777777778 0.0 0.035555555555555556 1.6019491558113719 0.22026961322211075 1.3816795425892607
0.1 0.9088888888888889 1.1333333333333333 0.8422222222222222 0.0 0.07111111111111111 0.5944409375670827 0.08138214013462176 0.5130587974324609
0.1 0.9577777777777777 0.9733333333333334 0.9577777777777777 0.0 0.02666666666666667 1.6115026234276941 0.21806782100477742 1.3934348024229166
0.1 0.9 1.1066666666666667 0.8133333333333334 0.0 0.07777777777777778 0.6244466209045181 0.11764593235538338 0.5068006885491346
0.1 0.9533333333333334 0.9844444444444445 0.9533333333333334 0.0 0.015555555555555555 1.5668992556153212 0.19890600350424129 1.36799325211108
0.1 0.9066666666666666 1.0133333333333334 0.8688888888888889 0.0 0.02666666666666667 0.5792644175676835 0.07859490736121505 0.5006695102064684
0.1 0.9422222222222222 0.9666666666666667 0.9422222222222222 0.0 0.03333333333333333 1.5574190716772558 0.1550139866700076 1.402405085007248
0 / 4
1 / 4
2 / 4
3 / 4
0.1 0.9244444444444444 1.1511111111111112 0.8555555555555555 0.0 0.04666666666666667 0.5739965987667177 0.08206724699577353 0.4919293517709443
0.1 0.92 0.94 0.92 0.0 0.06 1.426646132638312 0.0901485588727943 1.3364975737655178
0.1 0.9155555555555556 1.1266666666666667 0.84 0.0 0.06 0.5955883019490518 0.08920946498195999 0.5063788369670917
0.1 0.9355555555555556 0.9866666666666667 0.9355555555555556 0.0 0.013333333333333334 1.4589305792116347 0.15861115353342398 1.3003194256782107
0.1 0.9 1.0955555555555556 0.8177777777777778 0.0 0.05555555555555555 0.5635621729994369 0.06072498879021545 0.5028371842092215
0.1 0.9355555555555556 0.9866666666666667 0.9355555555555556 0.0 0.013333333333333334 1.4449713377330753 0.17757124429114646 1.267400093441929
0.1 0.9044444444444445 1.1288888888888888 0.82 0.0 0.02666666666666667 0.5640731577837266 0.0600652731608768 0.5040078846228498
0.1 0.9488888888888889 1.0066666666666666 0.9377777777777778 0.0 0.0044444444444444444 1.3819215209907207 0.09560598305387019 1.2863155379368505
0 / 4
1 / 4
2 / 4
3 / 4
0.1 0.8866666666666667 1.0777777777777777 0.8333333333333334 0.0 0.08 0.6201650666815647 0.07144291782031587 0.5487221488612488
0.1 0.9555555555555556 0.9977777777777778 0.9555555555555556 0.0 0.0022222222222222222 1.4282967543973881 0.11216532054883241 1.316131433848556
0.1 0.8844444444444445 1.0644444444444445 0.84 0.0 0.07555555555555556 0.6150660699143614 0.06625236823642182 0.5488137016779395
0.1 0.9622222222222222 0.9733333333333334 0.9622222222222222 0.0 0.02666666666666667 1.4013332050478138 0.02389030327138179 1.377442901776432
0.1 0.9 1.8222222222222222 0.44666666666666666 0.0 0.08222222222222222 0.7579217256005457 0.20018870376196943 0.5577330218385763
0.1 0.9666666666666667 0.9866666666666667 0.9666666666666667 0.0 0.013333333333333334 1.5044884973872104 0.11159498906126089 1.3928935083259497
0.1 0.8955555555555555 0.9333333333333333 0.8866666666666667 0.0 0.07777777777777778 0.6242513862572096 0.07167053004256588 0.5525808562146437
0.1 0.9711111111111111 0.9911111111111112 0.9711111111111111 0.0 0.008888888888888889 1.4953888434342497 0.13334692955451125 1.3620419138797386
0 / 4
1 / 4
2 / 4
3 / 4
0.1 0.9133333333333333 1.1333333333333333 0.8444444444444444 0.0 0.057777777777777775 0.6160982494812414 0.07107355675587715 0.5450246927253642
0.1 0.9466666666666667 0.9777777777777777 0.9466666666666667 0.0 0.022222222222222223 1.468536543064749 0.11362239026923857 1.3549141527955109
0.1 0.9044444444444445 1.0933333333333333 0.8511111111111112 0.0 0.06444444444444444 0.6062256077125047 0.0681855224574329 0.5380400852550717
0.1 0.9622222222222222 0.9644444444444444 0.9622222222222222 0.0 0.035555555555555556 1.4317788652710057 0.08776248534431241 1.344016379926693
0.1 0.9111111111111111 1.7844444444444445 0.4777777777777778 0.0 0.08222222222222222 0.6863428479967506 0.18169184342957104 0.5046510045671796
0.1 0.9533333333333334 0.9644444444444444 0.9533333333333334 0.0 0.035555555555555556 1.4970122347363348 0.13285648306242176 1.3641557516739133
0.1 0.9155555555555556 0.94 0.9133333333333333 0.0 0.06222222222222222 0.5697665424648211 0.06528241437429008 0.504484128090531
0.1 0.9466666666666667 0.9555555555555556 0.9466666666666667 0.0 0.044444444444444446 1.4820789824505352 0.11035072274818838 1.3717282597023466
0 / 4
1 / 4
2 / 4
3 / 4
0.1 0.9022222222222223 1.1088888888888888 0.8355555555555556 0.0 0.07333333333333333 0.6120498691744825 0.08160996454296904 0.5304399046315134
0.1 0.9488888888888889 0.9911111111111112 0.9488888888888889 0.0 0.008888888888888889 1.411654820182914 0.07075999752902652 1.3408948226538875
0.1 0.8933333333333333 1.0222222222222221 0.8488888888888889 0.0 0.08 0.6361567974838335 0.11169905502083569 0.5244577424629978
0.1 0.94 0.9444444444444444 0.94 0.0 0.05555555555555555 1.4039809962563496 0.02383487758304737 1.3801461186733024
0.1 0.9 1.008888888888889 0.8511111111111112 0.0 0.07555555555555556 0.6166163883915944 0.12030609267237645 0.49631029571921786
0.1 0.9466666666666667 1.0266666666666666 0.9266666666666666 0.0 0.0022222222222222222 1.4902571555315058 0.15904191488508582 1.33121524064642
0.1 0.9222222222222223 1.1777777777777778 0.7933333333333333 0.0 0.006666666666666667 0.607601959543868 0.09982114271880439 0.5077808168250635
0.1 0.9377777777777778 0.9911111111111112 0.9333333333333333 0.0 0.013333333333333334 1.4943997848366821 0.15713986041902397 1.3372599244176582
0 / 4
1 / 4
2 / 4
3 / 4
0.1 0.8977777777777778 1.0977777777777777 0.8288888888888889 0.0 0.08222222222222222 0.6241780344218233 0.0841830715479524 0.539994962873871
0.1 0.9044444444444445 0.9311111111111111 0.9044444444444445 0.0 0.06888888888888889 1.5165979911451473 0.15360222018894207 1.362995770956205
0.1 0.9044444444444445 1.1044444444444443 0.8333333333333334 0.0 0.06222222222222222 0.6135157104369184 0.07527677946652508 0.5382389309703935
0.1 0.9533333333333334 1.0377777777777777 0.92 0.0 0.0 1.3722574669584513 0.0735745451617224 1.2986829217967286
0.1 0.9 1.028888888888889 0.8444444444444444 0.0 0.07111111111111111 0.6098109130386812 0.0649689238717976 0.5448419891668838
0.1 0.9355555555555556 1.0 0.9288888888888889 0.0 0.011111111111111112 1.4966823879653217 0.13477365892518783 1.3619087290401342
0.1 0.9066666666666666 1.0933333333333333 0.8333333333333334 0.0 0.04666666666666667 0.5738156018629983 0.0497144876468654 0.5241011142161329
0.1 0.9622222222222222 1.0355555555555556 0.9333333333333333 0.0 0.0022222222222222222 1.4385116316773467 0.07340116252051093 1.3651104691568359
0 / 4
1 / 4
2 / 4
3 / 4
0.1 0.9044444444444445 1.1333333333333333 0.8333333333333334 0.0 0.07555555555555556 0.6168771382855317 0.09954991074077428 0.5173272275447575
0.1 0.9644444444444444 1.0422222222222222 0.9377777777777778 0.0 0.0022222222222222222 1.4151835564051702 0.07325423875951344 1.3419293176456568
0.1 0.9155555555555556 1.1266666666666667 0.8511111111111112 0.0 0.057777777777777775 0.5914001024885551 0.08454989420253906 0.5068502082860161
0.1 0.9533333333333334 0.98 0.9533333333333334 0.0 0.02 1.4041586181446621 0.0252124479250529 1.3789461702196093
0.1 0.8911111111111111 1.4266666666666667 0.4666666666666667 0.0 0.07555555555555556 0.6481264422877783 0.13296219214488952 0.5151642501428888
0.1 0.9511111111111111 0.9822222222222222 0.9511111111111111 0.0 0.017777777777777778 1.386777302532171 0.050040187344755065 1.336737115187416
0.1 0.8977777777777778 0.9933333333333333 0.8622222222222222 0.0 0.044444444444444446 0.5988337326360273 0.09170955525136154 0.5071241773846659
0.1 0.94 0.9622222222222222 0.94 0.0 0.03777777777777778 1.3935698120413207 0.048525201917228436 1.3450446101240925
0 / 4
1 / 4
2 / 4
3 / 4
0.1 0.9 1.0666666666666667 0.8511111111111112 0.0 0.06444444444444444 0.6127856013293854 0.07082672671168795 0.5419588746176973
0.1 0.9422222222222222 0.9977777777777778 0.9422222222222222 0.0 0.0022222222222222222 1.4727562542955108 0.15673402718414164 1.3160222271113693
0.1 0.9 1.0333333333333334 0.86 0.0 0.07111111111111111 0.6153251782983122 0.06775677977209285 0.5475683985262193
0.1 0.9666666666666667 0.9911111111111112 0.9666666666666667 0.0 0.008888888888888889 1.4250031195389354 0.045604735181496464 1.379398384357439
0.1 0.9088888888888889 1.1622222222222223 0.8377777777777777 0.0 0.0 0.5923439162468462 0.0611960089520853 0.531147907294761
0.1 0.9688888888888889 1.0 0.9688888888888889 0.0 0.0 1.4495220554092794 0.08837965580363681 1.3611423996056424
0.1 0.8911111111111111 0.9177777777777778 0.8822222222222222 0.0 0.1 0.6133971605894571 0.08578547764871154 0.5276116829407457
0.1 0.9666666666666667 1.0 0.9666666666666667 0.0 0.0 1.3894518976845918 0.04647095762209492 1.3429809400624966
0 / 4
1 / 4
2 / 4
3 / 4
0.1 0.92 1.1133333333333333 0.8488888888888889 0.0 0.06222222222222222 0.5894480775007939 0.06694715235927584 0.5225009251415181
0.1 0.9711111111111111 0.9977777777777778 0.9711111111111111 0.0 0.0022222222222222222 1.4887476509984998 0.1555012098233545 1.3332464411751455
0.1 0.9044444444444445 1.04 0.8577777777777778 0.0 0.07111111111111111 0.6032943616214121 0.06488659506305117 0.5384077665583609
0.1 0.9622222222222222 0.9733333333333334 0.9622222222222222 0.0 0.02666666666666667 1.521842510596939 0.08874578708114035 1.4330967235157985
0.1 0.9155555555555556 1.1266666666666667 0.8422222222222222 0.0 0.011111111111111112 0.5934670479642293 0.05771394523017205 0.5357531027340573
0.1 0.9688888888888889 0.98 0.9688888888888889 0.0 0.02 1.4613217323631664 0.06747131204042668 1.3938504203227395
0.1 0.8933333333333333 0.9555555555555556 0.8866666666666667 0.0 0.051111111111111114 0.5719497450185401 0.06942583791901091 0.5025239070995292
0.1 0.9666666666666667 0.9777777777777777 0.9666666666666667 0.0 0.022222222222222223 1.521833649523094 0.08902836026053207 1.4328052892625622
0 / 4
1 / 4
2 / 4
3 / 4
0.1 0.92 1.16 0.8466666666666667 0.0 0.057777777777777775 0.6500423088133436 0.07785681693578227 0.5721854918775613
0.1 0.9422222222222222 0.9666666666666667 0.9422222222222222 0.0 0.03333333333333333 1.5439182078546787 0.19868539039743616 1.3452328174572423
0.1 0.9155555555555556 1.1222222222222222 0.8466666666666667 0.0 0.057777777777777775 0.5956866875866025 0.08020477893140211 0.5154819086552004
0.1 0.94 1.008888888888889 0.9333333333333333 0.0 0.0 1.4848615238436742 0.17988152838044982 1.3049799954632244
0.1 0.8844444444444445 1.1711111111111112 0.7511111111111111 0.0 0.013333333333333334 0.5822223200871726 0.08278209023225637 0.4994402298549161
0.1 0.94 1.0 0.94 0.0 0.0 1.4903048092109672 0.17819228078179356 1.3121125284291735
0.1 0.8844444444444445 1.451111111111111 0.5866666666666667 0.0 0.008888888888888889 0.6074922786280432 0.11099593976252713 0.4964963388655159
0.1 0.9377777777777778 1.0 0.9377777777777778 0.0 0.0 1.4704973355701552 0.15586803049734474 1.3146293050728104
0 / 4
1 / 4
2 / 4
3 / 4
0.1 0.9044444444444445 1.0711111111111111 0.8444444444444444 0.0 0.06888888888888889 0.554262213014211 0.07187130135335093 0.4823909116608602
0.1 0.9288888888888889 0.9555555555555556 0.9288888888888889 0.0 0.044444444444444446 1.5338010289595791 0.1750879993405412 1.358713029619038
0.1 0.9022222222222223 1.0177777777777777 0.8644444444444445 0.0 0.06444444444444444 0.5575753360773218 0.07231241258369257 0.48526292349362926
0.1 0.9422222222222222 0.9577777777777777 0.9422222222222222 0.0 0.042222222222222223 1.4896671102106418 0.08742515290672205 1.4022419573039193
0.1 0.9133333333333333 2.0644444444444443 0.051111111111111114 0.0 0.0 0.6280300874510963 0.1522176379430627 0.47581244950803364
0.1 0.9355555555555556 0.9444444444444444 0.9355555555555556 0.0 0.05555555555555555 1.4815168633889155 0.06576197758122683 1.415754885807689
0.1 0.8911111111111111 1.38 0.5044444444444445 0.0 0.02 0.6403509523044862 0.15299632463684776 0.48735462766763843
0.1 0.9622222222222222 0.9822222222222222 0.9622222222222222 0.0 0.017777777777777778 1.497079181870088 0.08811324016533335 1.4089659417047544
0 / 4
1 / 4
2 / 4
3 / 4
0.1 0.9222222222222223 1.1577777777777778 0.8511111111111112 0.0 0.05333333333333334 0.6323054466066778 0.08763457704069189 0.5446708695659859
0.1 0.9622222222222222 1.0155555555555555 0.94 0.0 0.008888888888888889 1.5768970461141285 0.24356255524817255 1.333334490865956
0.1 0.92 1.14 0.8577777777777778 0.0 0.04888888888888889 0.6168879874367058 0.08283108415910531 0.5340569032776004
0.1 0.94 0.9466666666666667 0.94 0.0 0.05333333333333334 1.4659291466723605 0.08906390381023033 1.3768652428621302
0.1 0.9266666666666666 2.3466666666666667 0.37333333333333335 0.0 0.06444444444444444 1.0074170284574535 0.5055407105304988 0.5018763179269548
0.1 0.9288888888888889 0.9355555555555556 0.9288888888888889 0.0 0.06444444444444444 1.5458117312598603 0.15419143823237422 1.3916202930274861
0.1 0.9022222222222223 0.9844444444444445 0.8822222222222222 0.0 0.035555555555555556 0.5676278233440613 0.06959441004408923 0.4980334132999721
0.1 0.9333333333333333 0.94 0.9333333333333333 0.0 0.06 1.5376717109848603 0.13322034008178674 1.4044513709030737
0 / 4
1 / 4
2 / 4
3 / 4
0.1 0.8977777777777778 1.1 0.8377777777777777 0.0 0.07777777777777778 0.5960541252059226 0.0716897674145722 0.5243643577913505
0.1 0.94 0.9755555555555555 0.94 0.0 0.024444444444444446 1.478242327155713 0.11452158862675921 1.3637207385289538
0.1 0.9 1.06 0.8488888888888889 0.0 0.07333333333333333 0.6103364279416731 0.07510820614545992 0.5352282217962132
0.1 0.9444444444444444 0.9844444444444445 0.9444444444444444 0.0 0.015555555555555555 1.4394818072395412 0.1332378818427577 1.3062439253967837
0.1 0.9 1.0866666666666667 0.8244444444444444 0.0 0.08666666666666667 0.5860181091802587 0.057076847829577594 0.528941261350681
0.1 0.9422222222222222 0.9866666666666667 0.9422222222222222 0.0 0.013333333333333334 1.4476990016973776 0.13341447177786256 1.314284529919515
0.1 0.9088888888888889 1.1044444444444443 0.8311111111111111 0.0 0.057777777777777775 0.5856651253332671 0.056866851075560006 0.5287982742577071
0.1 0.9511111111111111 0.9844444444444445 0.9511111111111111 0.0 0.015555555555555555 1.412196729254986 0.08845638087747526 1.3237403483775108
0 / 4
1 / 4
2 / 4
3 / 4
0.1 0.9155555555555556 1.1288888888888888 0.8355555555555556 0.0 0.06 0.5782165671035683 0.08240788984661576 0.4958086772569526
0.1 0.9488888888888889 0.9866666666666667 0.9488888888888889 0.0 0.013333333333333334 1.4864242108390764 0.1328454077562839 1.3535788030827927
0.1 0.9088888888888889 1.0266666666666666 0.8555555555555555 0.0 0.06222222222222222 0.5894382004775345 0.08145838256131453 0.5079798179162199
0.1 0.9422222222222222 0.9511111111111111 0.9422222222222222 0.0 0.04888888888888889 1.4620429552139331 0.06659251237512907 1.395450442838804
0.1 0.9088888888888889 1.531111111111111 0.46444444444444444 0.0 0.0 0.6374922306430115 0.1351452956067469 0.5023469350362646
0.1 0.9466666666666667 0.9577777777777777 0.9466666666666667 0.0 0.042222222222222223 1.4665271370446373 0.06711507891525953 1.3994120581293776
0.1 0.8888888888888888 1.4222222222222223 0.4777777777777778 0.0 0.03777777777777778 0.628436601596068 0.1445596098717923 0.4838769917242756
0.1 0.9244444444444444 0.9333333333333333 0.9244444444444444 0.0 0.06666666666666667 1.5264353705823446 0.13234490487131712 1.3940904657110276
0 / 4
1 / 4
2 / 4
3 / 4
0.1 0.8888888888888888 1.068888888888889 0.8355555555555556 0.0 0.07777777777777778 0.6287946317511726 0.0692447775820883 0.5595498541690842
0.1 0.9511111111111111 0.9911111111111112 0.9466666666666667 0.0 0.013333333333333334 1.487550478564029 0.1350077064808463 1.3525427720831826
0.1 0.9088888888888889 1.0244444444444445 0.8555555555555555 0.0 0.06888888888888889 0.6286228328535064 0.07583623927860325 0.5527865935749032
0.1 0.9755555555555555 0.9933333333333333 0.9755555555555555 0.0 0.006666666666666667 1.4195459815911697 0.04528906721645337 1.374256914374716
0.1 0.9088888888888889 1.0711111111111111 0.8511111111111112 0.0 0.015555555555555555 0.6025517097360268 0.04970910309594 0.5528426066400869
0.1 0.9577777777777777 0.9688888888888889 0.9577777777777777 0.0 0.03111111111111111 1.455197790213639 0.04404814653322129 1.4111496436804176
0.1 0.9044444444444445 0.9955555555555555 0.8711111111111111 0.0 0.042222222222222223 0.5875147012243398 0.05878215639095869 0.5287325448333812
0.1 0.94 0.9488888888888889 0.94 0.0 0.051111111111111114 1.4827482979335112 0.04518225145653422 1.4375660464769768
0 / 4
1 / 4
2 / 4
3 / 4
0.1 0.9022222222222223 1.0911111111111111 0.8422222222222222 0.0 0.06444444444444444 0.6315210203507637 0.07202761692667321 0.5594934034240905
0.1 0.9333333333333333 0.9533333333333334 0.9333333333333333 0.0 0.04666666666666667 1.3945469931627414 0.049224188193773416 1.3453228049689678
0.1 0.9022222222222223 1.0555555555555556 0.8422222222222222 0.0 0.06 0.6172760159464681 0.07488522124574246 0.5423907947007256
0.1 0.92 0.9644444444444444 0.92 0.0 0.035555555555555556 1.4454225264146503 0.13557493154053651 1.3098475948741137
0.1 0.8888888888888888 1.0177777777777777 0.84 0.0 0.07777777777777778 0.621387863062693 0.08068755161064498 0.540700311452048
0.1 0.9088888888888889 0.9555555555555556 0.9088888888888889 0.0 0.044444444444444446 1.3947974121667421 0.09254264855208394 1.302254763614658
0.1 0.9288888888888889 1.1244444444444444 0.8422222222222222 0.0 0.028888888888888888 0.5890706382508734 0.06032602015625082 0.5287446180946226
0.1 0.9177777777777778 0.9577777777777777 0.9177777777777778 0.0 0.042222222222222223 1.4890393078032882 0.17932317813443055 1.3097161296688575
0 / 4
1 / 4
2 / 4
3 / 4
0.1 0.9044444444444445 1.1133333333333333 0.8355555555555556 0.0 0.07111111111111111 0.6194423952340663 0.08540708692788425 0.5340353083061822
0.1 0.9222222222222223 0.94 0.9222222222222223 0.0 0.06 1.6078564648048772 0.21911068325476707 1.38874578155011
0.1 0.9066666666666666 1.0711111111111111 0.8466666666666667 0.0 0.07111111111111111 0.6022920468326959 0.08167842450819668 0.5206136223244991
0.1 0.9377777777777778 0.9444444444444444 0.9377777777777778 0.0 0.05555555555555555 1.4959261439209326 0.0877221396751873 1.4082040042457453
0.1 0.9066666666666666 1.1311111111111112 0.8444444444444444 0.0 0.006666666666666667 0.5447636886357737 0.0488386397929193 0.4959250488428545
0.1 0.9377777777777778 0.9444444444444444 0.9377777777777778 0.0 0.05555555555555555 1.5094816900173595 0.08810913880554075 1.4213725512118187
0.1 0.9222222222222223 1.7733333333333334 0.5111111111111111 0.0 0.0044444444444444444 0.723035644578239 0.19356162521022313 0.5294740193680157
0.1 0.9333333333333333 0.9466666666666667 0.9333333333333333 0.0 0.05333333333333334 1.5335142436693927 0.10983374922171268 1.4236804944476797
12
The best KBinsDiscretizer strategy is: quantile
The best bins strategy is: sturges, with: 5 bins
The best number of bins for I is: 5. Bins: 5
0 / 4
1 / 4
2 / 4
3 / 4
0.1 0.9311111111111111 3.2577777777777777 0.19333333333333333 0.028888888888888888 0.0 1.612230479957703 1.013603578052883 0.5986269019048203
0.1 1.0 5.0 0.0 1.0 0.0 2.6786446302130016 1.757362118750667 0.9212825114623342
0.1 0.9066666666666666 3.471111111111111 0.16666666666666666 0.3422222222222222 0.0 1.6872494672398177 0.9353419669716586 0.7519075002681592
0.1 1.0 5.0 0.0 1.0 0.0 2.2069370093175746 1.2934792633188656 0.9134577459987088
0.1 0.8955555555555555 2.831111111111111 0.17555555555555555 0.0 0.0 1.4742385454814253 0.8078305679313164 0.6664079775501088
0.1 1.0 5.0 0.0 1.0 0.0 2.222926406084303 1.2989386857548508 0.9239877203294522
0.1 0.9088888888888889 2.84 0.16666666666666666 0.0 0.0 1.4661262362290266 0.8052069737386126 0.6609192624904139
0.1 1.0 5.0 0.0 1.0 0.0 2.1941496272285224 1.2638986783194524 0.9302509489090701
0 / 4
1 / 4
2 / 4
3 / 4
0.1 0.9111111111111111 3.1733333333333333 0.19777777777777777 0.028888888888888888 0.0 1.4787643349642163 0.8928052801123509 0.5859590548518653
0.1 1.0 5.0 0.0 1.0 0.0 2.4392967235363296 1.5075499131964434 0.9317468103398866
0.1 0.9355555555555556 3.4355555555555557 0.16666666666666666 0.29333333333333333 0.0 1.685582630344333 0.9396513702200612 0.745931260124272
0.1 1.0 5.0 0.0 1.0 0.0 2.1815814022610143 1.238182997805745 0.9433984044552693
0.1 0.9133333333333333 3.0844444444444443 0.2 0.0 0.0 1.4343349423360314 0.7448574287473493 0.6894775135886821
0.1 1.0 5.0 0.0 1.0 0.0 2.203228100386719 1.2619985033735788 0.9412295970131401
0.1 0.9177777777777778 2.971111111111111 0.2 0.0 0.0 1.4614746969450072 0.7707606568215292 0.6907140401234783
0.1 1.0 5.0 0.0 1.0 0.0 2.4057003965735313 1.4559984504360541 0.949701946137477
0 / 4
1 / 4
2 / 4
3 / 4
0.1 0.94 3.3044444444444445 0.18888888888888888 0.035555555555555556 0.0 1.5660532729347552 0.9782912236733593 0.587762049261396
0.1 1.0 5.0 0.0 1.0 0.0 2.2974484488264695 1.3793573112849717 0.9180911375414976
0.1 0.8644444444444445 3.168888888888889 0.1711111111111111 0.051111111111111114 0.0 1.5409679881773917 0.8287008577031961 0.7122671304741958
0.1 1.0 5.0 0.0 1.0 0.0 1.9421710421211213 1.0271119566463354 0.9150590854747862
0.1 0.8777777777777778 2.98 0.17333333333333334 0.0 0.0 1.5018323177395352 0.9072634373544841 0.5945688803850511
0.1 1.0 5.0 0.0 1.0 0.0 1.9416501574573328 1.0170841681806233 0.9245659892767093
0.1 0.8911111111111111 3.0044444444444443 0.1711111111111111 0.0 0.0 1.4985941375325393 0.8790159244336655 0.6195782130988737
0.1 1.0 5.0 0.0 1.0 0.0 2.1398879797522246 1.1997614366870122 0.9401265430652123
0 / 4
1 / 4
2 / 4
3 / 4
0.1 0.9066666666666666 3.1844444444444444 0.19111111111111112 0.02 0.0 1.4649253268969773 0.879511271941334 0.5854140549556432
0.1 1.0 5.0 0.0 1.0 0.0 2.595489914333613 1.6958206557070783 0.8996692586265349
0.1 0.9266666666666666 3.408888888888889 0.17777777777777778 0.27111111111111114 0.0 1.6324070736016727 0.9216610767715694 0.710745996830103
0.1 1.0 5.0 0.0 1.0 0.0 2.380540662042623 1.4630508901923895 0.9174897718502331
0.1 0.8777777777777778 2.848888888888889 0.2 0.0 0.0 1.3404815245933408 0.7491231924715219 0.591358332121819
0.1 1.0 5.0 0.0 1.0 0.0 2.39265741911497 1.4782424578180304 0.9144149612969394
0.1 0.8755555555555555 2.7377777777777776 0.20444444444444446 0.0 0.0 1.3740380635564218 0.729144283012043 0.6448937805443787
0.1 1.0 5.0 0.0 1.0 0.0 2.165381269832981 1.2460992088780298 0.9192820609549512
0 / 4
1 / 4
2 / 4
3 / 4
0.1 0.8977777777777778 3.128888888888889 0.19555555555555557 0.008888888888888889 0.0 1.5657660959202409 0.9694949970328205 0.5962710988874205
0.1 1.0 5.0 0.0 1.0 0.0 2.6541087239852943 1.7243248605857793 0.9297838633995152
0.1 0.9088888888888889 3.4066666666666667 0.1711111111111111 0.051111111111111114 0.0 1.6709423405513113 0.9544171667312665 0.7165251738200448
0.1 1.0 5.0 0.0 1.0 0.0 2.2281399140173797 1.3042018432251 0.9239380707922794
0.1 0.8888888888888888 2.953333333333333 0.1688888888888889 0.0 0.0 1.4834124626419094 0.8756148809680983 0.6077975816738108
0.1 1.0 5.0 0.0 1.0 0.0 2.2317919682420384 1.3077074166583909 0.9240845515836474
0.1 0.9111111111111111 3.0044444444444443 0.1688888888888889 0.0 0.0 1.5073105641514541 0.8854153540555688 0.6218952100958853
0.1 1.0 5.0 0.0 1.0 0.0 2.116904699622797 1.1967548302344002 0.9201498693883967
0 / 4
1 / 4
2 / 4
3 / 4
0.1 0.8888888888888888 3.091111111111111 0.2 0.02 0.0 1.6374415225631902 1.015345071825376 0.6220964507378143
0.1 1.0 5.0 0.0 1.0 0.0 2.662444863067134 1.720054667030667 0.9423901960364671
0.1 0.8822222222222222 3.32 0.17777777777777778 0.23333333333333334 0.0 1.685201899508233 0.9564903767568818 0.728711522751351
0.1 1.0 5.0 0.0 1.0 0.0 2.220140089408409 1.286946133022858 0.9331939563855508
0.1 0.9333333333333333 3.2022222222222223 0.18222222222222223 0.0 0.0 1.6209496707794127 0.9879030777248263 0.6330465930545862
0.1 1.0 5.0 0.0 1.0 0.0 2.2200957566410446 1.2877535718037738 0.9323421848372709
0.1 0.9288888888888889 3.108888888888889 0.17777777777777778 0.0 0.0 1.6488723903267244 0.9804528055445635 0.6684195847821609
0.1 1.0 5.0 0.0 1.0 0.0 2.3474834211339877 1.3916334360226357 0.9558499851113518
0 / 4
1 / 4
2 / 4
3 / 4
0.1 0.8844444444444445 3.002222222222222 0.21555555555555556 0.0 0.0 1.4996816589219573 0.9137675406987551 0.5859141182232023
0.1 1.0 5.0 0.0 1.0 0.0 2.3888632055238355 1.4396223057240225 0.9492408997998124
0.1 0.8977777777777778 3.2555555555555555 0.18 0.1511111111111111 0.0 1.588694167925212 0.8998133915761917 0.6888807763490208
0.1 1.0 5.0 0.0 1.0 0.0 1.977598581048337 1.0399129984824522 0.9376855825658845
0.1 0.9155555555555556 3.28 0.17333333333333334 0.024444444444444446 0.0 1.617637405674274 0.8958486496000636 0.7217887560742107
0.1 1.0 5.0 0.0 1.0 0.0 2.019145809627573 1.0838233135490762 0.9353224960784969
0.1 0.9044444444444445 2.962222222222222 0.18444444444444444 0.0 0.0 1.4095277625617524 0.7395745505057642 0.6699532120559881
0.1 1.0 5.0 0.0 1.0 0.0 2.0108145241728854 1.0519978976004734 0.958816626572412
0 / 4
1 / 4
2 / 4
3 / 4
0.1 0.9355555555555556 3.2711111111111113 0.19333333333333333 0.04888888888888889 0.0 1.650942642071892 1.024671525934021 0.6262711161378712
0.1 1.0 5.0 0.0 1.0 0.0 2.6800248787420493 1.7406045253144697 0.9394203534275797
0.1 0.8911111111111111 3.3577777777777778 0.1711111111111111 0.23333333333333334 0.0 1.651844905661551 0.9294728465436943 0.7223720591178565
0.1 1.0 5.0 0.0 1.0 0.0 2.3668880923454854 1.4162430848256145 0.9506450075198707
0.1 0.9133333333333333 3.013333333333333 0.19777777777777777 0.0 0.0 1.4971450949039737 0.8267863449910278 0.670358749912946
0.1 1.0 5.0 0.0 1.0 0.0 2.355762304896816 1.4167286377263437 0.939033667170472
0.1 0.8733333333333333 2.9644444444444447 0.18888888888888888 0.0 0.0 1.4462358668484354 0.7619523960929487 0.6842834707554868
0.1 1.0 5.0 0.0 1.0 0.0 2.343301864268219 1.4022821626015594 0.94101970166666
0 / 4
1 / 4
2 / 4
3 / 4
0.1 0.9 3.171111111111111 0.19777777777777777 0.035555555555555556 0.0 1.5350296512661579 0.9355376944068522 0.5994919568593056
0.1 1.0 5.0 0.0 1.0 0.0 2.705824126592817 1.7710101838379342 0.9348139427548829
0.1 0.92 3.2266666666666666 0.18 0.0044444444444444444 0.0 1.58194482820474 0.9376636815436035 0.6442811466611363
0.1 1.0 5.0 0.0 1.0 0.0 2.286745387905561 1.380230808258338 0.9065145796472229
0.1 0.9044444444444445 2.942222222222222 0.2 0.0 0.0 1.4845348249320314 0.865470764298639 0.6190640606333925
0.1 1.0 5.0 0.0 1.0 0.0 2.3003831752479567 1.3897165088378 0.9106666664101568
0.1 0.8911111111111111 2.9755555555555557 0.19333333333333333 0.0 0.0 1.4608641374197262 0.8162813093873996 0.6445828280323266
0.1 1.0 5.0 0.0 1.0 0.0 2.184583950091924 1.2752772098882865 0.9093067402036378
0 / 4
1 / 4
2 / 4
3 / 4
0.1 0.9044444444444445 3.1666666666666665 0.19555555555555557 0.03333333333333333 0.0 1.580454830483608 0.9662933564017661 0.6141614740818419
0.1 1.0 5.0 0.0 1.0 0.0 2.5599640440053806 1.632006284988246 0.9279577590171346
0.1 0.8888888888888888 3.068888888888889 0.18666666666666668 0.05333333333333334 0.0 1.5841324717628174 0.86472796685467 0.7194045049081473
0.1 1.0 5.0 0.0 1.0 0.0 2.16355665137277 1.233120159345799 0.930436492026971
0.1 0.9066666666666666 3.0 0.2 0.0 0.0 1.4829654297988313 0.8381713167243359 0.6447941130744953
0.1 1.0 5.0 0.0 1.0 0.0 2.2030291031057865 1.267787005819698 0.9352420972860885
0.1 0.8977777777777778 2.991111111111111 0.19555555555555557 0.0 0.0 1.5226751065775919 0.8601514933452502 0.6625236132323415
0.1 1.0 5.0 0.0 1.0 0.0 2.1657695060873996 1.248565856086337 0.9172036500010625
0 / 4
1 / 4
2 / 4
3 / 4
0.1 0.8866666666666667 3.1333333333333333 0.19555555555555557 0.03111111111111111 0.0 1.519048679643527 0.9129259398418588 0.6061227398016682
0.1 1.0 5.0 0.0 1.0 0.0 2.759016333872185 1.8399602679038944 0.91905606596829
0.1 0.9155555555555556 3.6066666666666665 0.18 0.24444444444444444 0.0 1.6106684338506116 0.903446356546383 0.7072220773042285
0.1 1.0 5.0 0.0 1.0 0.0 2.256600902834639 1.344125639235705 0.912475263598934
0.1 0.8866666666666667 3.12 0.16666666666666666 0.013333333333333334 0.0 1.6565190876108484 0.9039999583612257 0.7525191292496226
0.1 1.0 5.0 0.0 1.0 0.0 2.400742634727577 1.4767224096769578 0.9240202250506195
0.1 0.8866666666666667 2.9066666666666667 0.17777777777777778 0.0 0.0 1.4541876219147414 0.840989893727416 0.6131977281873255
0.1 1.0 5.0 0.0 1.0 0.0 2.33672231569337 1.4058499523803476 0.9308723633130223
0 / 4
1 / 4
2 / 4
3 / 4
0.1 0.8666666666666667 2.928888888888889 0.20222222222222222 0.0 0.024444444444444446 1.592445938845902 0.9786889113155887 0.6137570275303135
0.1 1.0 5.0 0.0 1.0 0.0 2.7680480684545192 1.8331982057304788 0.9348498627240398
0.1 0.9333333333333333 3.506666666666667 0.17777777777777778 0.10888888888888888 0.0 1.6343277414475856 0.908622197730749 0.7257055437168367
0.1 1.0 5.0 0.0 1.0 0.0 2.3748671441116382 1.4447469503267325 0.9301201937849056
0.1 0.9222222222222223 3.097777777777778 0.17777777777777778 0.0 0.0 1.5865915190911453 0.9501584093919785 0.6364331096991666
0.1 1.0 5.0 0.0 1.0 0.0 2.3747392399888168 1.4424805611319151 0.9322586788569017
0.1 0.9 3.046666666666667 0.17333333333333334 0.0 0.0 1.6187245334938305 0.9237451705140997 0.694979362979731
0.1 1.0 5.0 0.0 1.0 0.0 2.3476958593063757 1.4070455785054548 0.9406502808009214
0 / 4
1 / 4
2 / 4
3 / 4
0.1 0.9111111111111111 3.24 0.19555555555555557 0.06888888888888889 0.0 1.622856012405587 1.0058626107749598 0.6169934016306274
0.1 1.0 5.0 0.0 1.0 0.0 2.5311374915227893 1.6138882733123792 0.91724921821041
0.1 0.8911111111111111 3.2777777777777777 0.17555555555555555 0.18888888888888888 0.0 1.628020293200311 0.9077905368080165 0.7202297563922944
0.1 1.0 5.0 0.0 1.0 0.0 2.0995562724464247 1.192664288321964 0.9068919841244608
0.1 0.9088888888888889 2.991111111111111 0.2 0.0 0.0 1.5134640939653248 0.9002354862728026 0.6132286076925224
0.1 1.0 5.0 0.0 1.0 0.0 2.0929530142130304 1.1885381815389795 0.9044148326740511
0.1 0.9066666666666666 3.042222222222222 0.17333333333333334 0.0 0.0 1.5051326897443993 0.8680439437104795 0.6370887460339196
0.1 1.0 5.0 0.0 1.0 0.0 2.349524608301664 1.4368285341529554 0.9126960741487083
0 / 4
1 / 4
2 / 4
3 / 4
0.1 0.8977777777777778 3.1622222222222223 0.19333333333333333 0.022222222222222223 0.0 1.5468708510879883 0.9350920576135178 0.6117787934744708
0.1 1.0 5.0 0.0 1.0 0.0 2.510412369217854 1.5930699063475233 0.9173424628703305
0.1 0.92 3.2977777777777777 0.18222222222222223 0.08666666666666667 0.0 1.6278389173650623 0.9035726183841251 0.7242662989809373
0.1 1.0 5.0 0.0 1.0 0.0 2.3172721005681725 1.3860206779208522 0.931251422647321
0.1 0.9155555555555556 2.982222222222222 0.2 0.0 0.0 1.470183994641892 0.8217797505185384 0.6484042441233535
0.1 1.0 5.0 0.0 1.0 0.0 2.301072962115962 1.3733461872696378 0.9277267748463245
0.1 0.9222222222222223 3.0355555555555553 0.17777777777777778 0.0 0.0 1.4543997711030372 0.7806648234363472 0.6737349476666898
0.1 1.0 5.0 0.0 1.0 0.0 2.182896776093666 1.2564165763286077 0.9264801997650587
0 / 4
1 / 4
2 / 4
3 / 4
0.1 0.9066666666666666 3.1755555555555555 0.19111111111111112 0.03111111111111111 0.0 1.6068208411909604 0.9876746221765293 0.6191462190144308
0.1 1.0 5.0 0.0 1.0 0.0 2.515317752966622 1.6036759580446525 0.9116417949219692
0.1 0.8977777777777778 3.1066666666666665 0.17555555555555555 0.03111111111111111 0.0 1.6106590090197586 0.8837863472152513 0.7268726618045075
0.1 1.0 5.0 0.0 1.0 0.0 2.1979169735654147 1.280030196485044 0.9178867770803714
0.1 0.9244444444444444 2.9644444444444447 0.19777777777777777 0.0 0.0 1.4794732841105482 0.8228388815913382 0.6566344025192099
0.1 1.0 5.0 0.0 1.0 0.0 2.1711031312337696 1.2540031051226534 0.9171000261111161
0.1 0.92 3.117777777777778 0.1511111111111111 0.0 0.0 1.4780933598039288 0.7755416145894382 0.7025517452144906
0.1 1.0 5.0 0.0 1.0 0.0 2.118419813680627 1.1869304602350472 0.9314893534455796
0 / 4
1 / 4
2 / 4
3 / 4
0.1 0.8866666666666667 3.102222222222222 0.19333333333333333 0.02666666666666667 0.0 1.4585085010249992 0.8724962731664818 0.5860122278585174
0.1 1.0 5.0 0.0 1.0 0.0 2.617714950477352 1.6979869399508392 0.9197280105265132
0.1 0.88 3.18 0.17777777777777778 0.02 0.0 1.5878983931466848 0.8613312932586701 0.7265670998880147
0.1 1.0 5.0 0.0 1.0 0.0 2.127935209519584 1.2309700374734465 0.8969651720461378
0.1 0.8822222222222222 2.7933333333333334 0.17777777777777778 0.0 0.0 1.3547782912571114 0.7787157469590059 0.5760625442981055
0.1 1.0 5.0 0.0 1.0 0.0 2.126426155123633 1.235861880075747 0.8905642750478859
0.1 0.8533333333333334 2.8133333333333335 0.1711111111111111 0.0 0.0 1.3564291640349873 0.7395698377758834 0.6168593262591041
0.1 1.0 5.0 0.0 1.0 0.0 2.1204157726827315 1.2167879143278726 0.9036278583548589
0 / 4
1 / 4
2 / 4
3 / 4
0.1 0.9377777777777778 3.2844444444444445 0.19111111111111112 0.044444444444444446 0.0 1.5914194616024537 0.9862818506310825 0.6051376109713712
0.1 1.0 5.0 0.0 1.0 0.0 2.5620036345714006 1.6165651554831943 0.9454384790882064
0.1 0.8955555555555555 3.2511111111111113 0.18 0.1511111111111111 0.0 1.586661971348868 0.8647891857202812 0.7218727856285871
0.1 1.0 5.0 0.0 1.0 0.0 2.291678405741189 1.3509552755206333 0.9407231302205553
0.1 0.8911111111111111 2.96 0.2 0.0 0.0 1.498472140926044 0.879443539046174 0.6190286018798696
0.1 1.0 5.0 0.0 1.0 0.0 2.3061989089201465 1.360575043674554 0.9456238652455926
0.1 0.9 2.9155555555555557 0.18 0.0 0.0 1.5142433101415889 0.8865015983003421 0.6277417118412465
0.1 1.0 5.0 0.0 1.0 0.0 2.26510524761207 1.3239362310553824 0.9411690165566877
0 / 4
1 / 4
2 / 4
3 / 4
0.1 0.8844444444444445 3.097777777777778 0.19333333333333333 0.006666666666666667 0.0 1.4885993641239772 0.8900787069153687 0.5985206572086087
0.1 1.0 5.0 0.0 1.0 0.0 2.6842930176507287 1.7626885955742495 0.9216044220764789
0.1 0.9244444444444444 3.4244444444444446 0.1711111111111111 0.06444444444444444 0.0 1.623841645968682 0.9455636065933632 0.6782780393753187
0.1 1.0 5.0 0.0 1.0 0.0 2.2582829625660095 1.3336911558425208 0.9245918067234887
0.1 0.8622222222222222 2.8088888888888888 0.2 0.0 0.0 1.3479537621289681 0.777543737375382 0.570410024753586
0.1 1.0 5.0 0.0 1.0 0.0 2.29190802585651 1.364771645863865 0.9271363799926453
0.1 0.86 2.8733333333333335 0.1711111111111111 0.0 0.0 1.387092868634777 0.8012907186566349 0.5858021499781422
0.1 1.0 5.0 0.0 1.0 0.0 2.440013239334242 1.4932092198252682 0.9468040195089743
0 / 4
1 / 4
2 / 4
3 / 4
0.1 0.9466666666666667 3.2911111111111113 0.19111111111111112 0.04 0.0 1.6303598526036416 1.011313699324188 0.6190461532794536
0.1 1.0 5.0 0.0 1.0 0.0 2.3768561454687975 1.43462175801313 0.9422343874556678
0.1 0.9444444444444444 3.2066666666666666 0.1711111111111111 0.0 0.0 1.6343965185177267 0.898808198627304 0.7355883198904227
0.1 1.0 5.0 0.0 1.0 0.0 1.9943787686655934 1.0644225454190617 0.9299562232465317
0.1 0.9222222222222223 3.082222222222222 0.19777777777777777 0.0 0.0 1.4511523271800955 0.7474584905918752 0.7036938365882202
0.1 1.0 5.0 0.0 1.0 0.0 2.003831760969626 1.073527167603064 0.930304593366562
0.1 0.8888888888888888 2.7422222222222223 0.19777777777777777 0.0 0.0 1.3843772180246146 0.644705614757457 0.7396716032671575
0.1 1.0 5.0 0.0 1.0 0.0 2.1942859732440048 1.2696864661485243 0.9245995070954801
0 / 4
1 / 4
2 / 4
3 / 4
0.1 0.9 3.1222222222222222 0.19777777777777777 0.008888888888888889 0.0 1.5425983504067435 0.9454532157755295 0.5971451346312143
0.1 1.0 5.0 0.0 1.0 0.0 2.414979754825599 1.4824335174729857 0.9325462373526132
0.1 0.8955555555555555 3.2044444444444444 0.17777777777777778 0.13111111111111112 0.0 1.695440506528959 0.9659925064719602 0.729448000056999
0.1 1.0 5.0 0.0 1.0 0.0 2.124705431834333 1.1866863014588382 0.9380191303754943
0.1 0.9333333333333333 3.077777777777778 0.17777777777777778 0.0 0.0 1.5110759372372733 0.89353235211205 0.6175435851252231
0.1 1.0 5.0 0.0 1.0 0.0 2.1196791920418834 1.1820931861849877 0.9375860058568954
0.1 0.9177777777777778 3.0155555555555558 0.19555555555555557 0.0 0.0 1.5158842376865325 0.8975609685362826 0.6183232691502498
0.1 1.0 5.0 0.0 1.0 0.0 2.2844549575803286 1.3398391019561515 0.9446158556241772
0 / 4
1 / 4
2 / 4
3 / 4
0.1 0.9133333333333333 3.1933333333333334 0.19555555555555557 0.024444444444444446 0.0 1.5493270154707994 0.937525775821558 0.6118012396492414
0.1 1.0 5.0 0.0 1.0 0.0 2.724463833135443 1.7981246319176833 0.9263392012177593
0.1 0.9088888888888889 3.3644444444444446 0.18444444444444444 0.006666666666666667 0.0 1.5249979055710396 0.8194239558160833 0.7055739497549562
0.1 1.0 5.0 0.0 1.0 0.0 2.187484896963569 1.2611710511612186 0.9263138458023505
0.1 0.8844444444444445 2.7755555555555556 0.19777777777777777 0.0 0.0 1.3874469465498764 0.7860367124424152 0.6014102341074613
0.1 1.0 5.0 0.0 1.0 0.0 2.1667748882490976 1.25435123090995 0.9124236573391474
0.1 0.8733333333333333 2.953333333333333 0.18444444444444444 0.0 0.0 1.405574938367235 0.741314934107399 0.664260004259836
0.1 1.0 5.0 0.0 1.0 0.0 2.088610562398976 1.1771774756529279 0.9114330867460485
0 / 4
1 / 4
2 / 4
3 / 4
0.1 0.9177777777777778 3.2488888888888887 0.18666666666666668 0.03777777777777778 0.0 1.4889147441674608 0.8967050479836238 0.5922096961838368
0.1 1.0 5.0 0.0 1.0 0.0 2.6089058784537564 1.6855801928470922 0.9233256856066644
0.1 0.8755555555555555 3.1733333333333333 0.17777777777777778 0.011111111111111112 0.0 1.4902923414193918 0.7741390242528049 0.7161533171665871
0.1 1.0 5.0 0.0 1.0 0.0 2.2785600055511086 1.3629854144923874 0.9155745910587216
0.1 0.88 2.831111111111111 0.17555555555555555 0.0 0.0 1.4593498762470576 0.8708611956239656 0.5884886806230921
0.1 1.0 5.0 0.0 1.0 0.0 2.2740484857763357 1.3500976764468542 0.9239508093294814
0.1 0.8577777777777778 2.897777777777778 0.19333333333333333 0.0 0.022222222222222223 1.4735174217862166 0.8496324249625431 0.6238849968236736
0.1 1.0 5.0 0.0 1.0 0.0 2.287744445885323 1.3982477592830904 0.8894966866022326
0 / 4
1 / 4
2 / 4
3 / 4
0.1 0.9066666666666666 3.16 0.19333333333333333 0.006666666666666667 0.0 1.483925137096172 0.896817243629846 0.5871078934663259
0.1 1.0 5.0 0.0 1.0 0.0 2.4573446749142516 1.559632758040954 0.8977119168732979
0.1 0.9022222222222223 3.2511111111111113 0.1711111111111111 0.015555555555555555 0.0 1.5414483037482185 0.8667483841401135 0.6746999196081053
0.1 1.0 5.0 0.0 1.0 0.0 2.147420510549529 1.2374696088774342 0.9099509016720946
0.1 0.8822222222222222 2.828888888888889 0.19777777777777777 0.0 0.0 1.4167596938245461 0.792634017279651 0.6241256765448953
0.1 1.0 5.0 0.0 1.0 0.0 2.1663844120349314 1.264372482490415 0.9020119295445164
0.1 0.8844444444444445 2.8044444444444445 0.19111111111111112 0.0 0.0 1.379872076607841 0.7025578758493484 0.6773142007584928
0.1 1.0 5.0 0.0 1.0 0.0 2.274085416914665 1.3688180582852547 0.9052673586294101
0 / 4
1 / 4
2 / 4
3 / 4
0.1 0.8822222222222222 3.077777777777778 0.19777777777777777 0.0022222222222222222 0.0 1.4755389806909787 0.8794446662698081 0.5960943144211707
0.1 1.0 5.0 0.0 1.0 0.0 2.6013144500546583 1.663378558845744 0.9379358912089145
0.1 0.9088888888888889 3.151111111111111 0.17555555555555555 0.0 0.0 1.5368399825419683 0.8629765623522571 0.6738634201897111
0.1 1.0 5.0 0.0 1.0 0.0 2.161521469132694 1.209485342595357 0.9520361265373376
0.1 0.8866666666666667 2.8644444444444446 0.2 0.0 0.0 1.450446249067258 0.8614502199674504 0.5889960290998075
0.1 1.0 5.0 0.0 1.0 0.0 2.16488851489407 1.2207464949852218 0.9441420199088479
0.1 0.8777777777777778 2.897777777777778 0.19333333333333333 0.0 0.0 1.4548560028095368 0.8552977441544706 0.5995582586550662
0.1 1.0 5.0 0.0 1.0 0.0 2.183295320031738 1.2377537933611338 0.9455415266706045
0 / 4
1 / 4
2 / 4
3 / 4
0.1 0.8977777777777778 3.1466666666666665 0.19111111111111112 0.022222222222222223 0.0 1.5340751435763746 0.9318158226515488 0.602259320924826
0.1 1.0 5.0 0.0 1.0 0.0 2.386686406874004 1.454748866829518 0.931937540044486
0.1 0.9422222222222222 3.4555555555555557 0.1688888888888889 0.26222222222222225 0.0 1.661170815719534 0.9447445955003273 0.7164262202192067
0.1 1.0 5.0 0.0 1.0 0.0 2.097529257675551 1.169860222619797 0.927669035055754
0.1 0.9355555555555556 3.1666666666666665 0.16444444444444445 0.0 0.0 1.5107059173463424 0.9119073035176744 0.5987986138286681
0.1 1.0 5.0 0.0 1.0 0.0 2.1023738806818413 1.1752622304257418 0.9271116502560994
0.1 0.9311111111111111 3.128888888888889 0.14444444444444443 0.0 0.0 1.5324116617278998 0.8996624167111542 0.6327492450167455
0.1 1.0 5.0 0.0 1.0 0.0 2.1121547889399097 1.1718880284784887 0.9402667604614211
0 / 4
1 / 4
2 / 4
3 / 4
0.1 0.9244444444444444 3.22 0.19111111111111112 0.013333333333333334 0.0 1.6018319029837005 1.0084574688908037 0.5933744340928966
0.1 1.0 5.0 0.0 1.0 0.0 2.460125487568736 1.5474417693095777 0.9126837182591586
0.1 0.9555555555555556 3.311111111111111 0.17777777777777778 0.0044444444444444444 0.0 1.6038960239012692 0.8895343519095466 0.7143616719917226
0.1 1.0 5.0 0.0 1.0 0.0 2.0508171988130983 1.1466220190305845 0.9041951797825135
0.1 0.9133333333333333 2.9466666666666668 0.2 0.0 0.0 1.4389069980691476 0.8391674049595387 0.5997395931096089
0.1 1.0 5.0 0.0 1.0 0.0 2.061898839618522 1.143750165038604 0.9181486745799184
0.1 0.8955555555555555 2.942222222222222 0.19777777777777777 0.0 0.0 1.4684368425049843 0.838285037999715 0.6301518045052693
0.1 1.0 5.0 0.0 1.0 0.0 2.1114900777517716 1.218149541628476 0.8933405361232959
0 / 4
1 / 4
2 / 4
3 / 4
0.1 0.9155555555555556 3.151111111111111 0.19555555555555557 0.0044444444444444444 0.0 1.5436468701338713 0.9522240834832919 0.5914227866505792
0.1 1.0 5.0 0.0 1.0 0.0 2.586758196240205 1.6734836037901222 0.9132745924500831
0.1 0.9177777777777778 3.3333333333333335 0.17333333333333334 0.03111111111111111 0.0 1.5874099176492515 0.907286986331472 0.6801229313177798
0.1 1.0 5.0 0.0 1.0 0.0 2.0977200878468674 1.1912885886512796 0.9064314991955877
0.1 0.9066666666666666 2.8333333333333335 0.20444444444444446 0.0 0.0 1.4416700084207894 0.770294932713752 0.6713750757070371
0.1 1.0 5.0 0.0 1.0 0.0 2.112055578583788 1.211560762912749 0.9004948156710394
0.1 0.9111111111111111 2.993333333333333 0.19111111111111112 0.0 0.0 1.417495187454654 0.7348744407896571 0.6826207466649967
0.1 1.0 5.0 0.0 1.0 0.0 2.241155902156017 1.3189249839792951 0.922230918176722
0 / 4
1 / 4
2 / 4
3 / 4
0.1 0.9044444444444445 3.1822222222222223 0.19333333333333333 0.0022222222222222222 0.0 1.4891582681148086 0.9038520394145262 0.5853062287002826
0.1 1.0 5.0 0.0 1.0 0.0 2.458691032658639 1.5514888451084374 0.9072021875502008
0.1 0.9155555555555556 3.2711111111111113 0.1688888888888889 0.12222222222222222 0.0 1.6186834389141125 0.9020234994572341 0.7166599394568782
0.1 1.0 5.0 0.0 1.0 0.0 2.1506551663040843 1.2367613398852881 0.9138938264187959
0.1 0.88 2.988888888888889 0.19555555555555557 0.0 0.0 1.4190850430693602 0.8085209191496118 0.6105641239197485
0.1 1.0 5.0 0.0 1.0 0.0 2.123860786222794 1.2178524391515262 0.9060083470712679
0.1 0.8711111111111111 2.871111111111111 0.19333333333333333 0.0 0.0 1.4504480345576733 0.7827829788904284 0.6676650556672449
0.1 1.0 5.0 0.0 1.0 0.0 2.1436487098190664 1.2272777003986766 0.91637100942039
0 / 4
1 / 4
2 / 4
3 / 4
0.1 0.9222222222222223 3.2111111111111112 0.19111111111111112 0.024444444444444446 0.0 1.5323695051992485 0.926747533838955 0.6056219713602934
0.1 1.0 5.0 0.0 1.0 0.0 2.3777389468002954 1.4831887492028566 0.8945501975974387
0.1 0.9288888888888889 3.6466666666666665 0.15555555555555556 0.46 0.0 1.757849753320205 1.0044292809282718 0.7534204723919335
0.1 1.0 5.0 0.0 1.0 0.0 1.98151691299665 1.0834268109356986 0.8980901020609513
0.1 0.9044444444444445 2.951111111111111 0.1711111111111111 0.0 0.0 1.4766282671030972 0.8187028829406722 0.6579253841624249
0.1 1.0 5.0 0.0 1.0 0.0 1.958929341490515 1.0486192158726582 0.9103101256178566
0.1 0.9111111111111111 2.988888888888889 0.18 0.0 0.0 1.4690544766347118 0.7832599601428576 0.6857945164918542
0.1 1.0 5.0 0.0 1.0 0.0 1.9504142899141101 1.0430990161932145 0.9073152737208955
0 / 4
1 / 4
2 / 4
3 / 4
0.1 0.9 3.1755555555555555 0.19333333333333333 0.04666666666666667 0.0 1.41537774876942 0.8410860586277951 0.5742916901416248
0.1 1.0 5.0 0.0 1.0 0.0 2.204593460891435 1.2852146973181704 0.9193787635732645
0.1 0.94 3.5933333333333333 0.1711111111111111 0.4022222222222222 0.0 1.6146880064286555 0.8896903226194555 0.7249976838091998
0.1 1.0 5.0 0.0 1.0 0.0 2.068047849289132 1.152811249104913 0.9152366001842188
0.1 0.9133333333333333 2.997777777777778 0.17333333333333334 0.0 0.0 1.3723354058074908 0.8082918005021881 0.5640436053053028
0.1 1.0 5.0 0.0 1.0 0.0 2.0971279997613297 1.1781342367006764 0.9189937630606533
0.1 0.9066666666666666 3.0 0.1711111111111111 0.0 0.0 1.3961023112449056 0.8010338110779807 0.5950685001669251
0.1 1.0 5.0 0.0 1.0 0.0 2.090154934266138 1.1755163785529137 0.9146385557132243
12
The best KBinsDiscretizer strategy is: quantile
The best bins strategy is: sturges, with: 5 bins
The best number of bins for O is: 5. Bins: 5
0 / 3
1 / 3
2 / 3
0.1 0.9444444444444444 2.5444444444444443 0.0 0.0 0.0 1.7137901526993093 0.8633686222691758 0.8504215304301334
0.1 0.9688888888888889 2.28 0.17555555555555555 0.0 0.0 2.2713066745488955 1.1975116346298629 1.0737950399190321
0.1 0.8844444444444445 2.3933333333333335 0.06666666666666667 0.0 0.0 1.3426999722903226 0.7234240792916439 0.6192758929986789
0.1 1.0 5.0 0.0 1.0 0.0 2.2078094409245055 1.2357848075490792 0.9720246333754264
0.1 0.9111111111111111 2.397777777777778 0.06 0.0 0.0 1.2684365252794052 0.6365818232639726 0.6318547020154324
0.1 1.0 5.0 0.0 1.0 0.0 2.138726776042319 1.1469290825628147 0.9917976934795042
0 / 3
1 / 3
2 / 3
0.1 0.9622222222222222 2.562222222222222 0.0 0.0 0.0 1.9182086971262573 1.059606069987385 0.8586026271388725
0.1 1.0 5.0 0.0 1.0 0.0 2.6626225522395592 1.6525966328703043 1.0100259193692551
0.1 0.9222222222222223 2.4244444444444446 0.07333333333333333 0.0 0.0 1.4034573778190806 0.7472183012830381 0.6562390765360425
0.1 1.0 5.0 0.0 1.0 0.0 2.090838060536531 1.1151734260051036 0.9756646345314274
0.1 0.9244444444444444 2.542222222222222 0.042222222222222223 0.0 0.0 1.2141571645582538 0.5990582678868951 0.6150988966713584
0.1 1.0 5.0 0.0 1.0 0.0 2.0464262879107125 1.0674855379873733 0.9789407499233388
0 / 3
1 / 3
2 / 3
0.1 0.9533333333333334 2.5533333333333332 0.0 0.0 0.0 1.879499884997357 1.0277667494935248 0.851733135503832
0.1 0.9555555555555556 1.9355555555555555 0.14666666666666667 0.0 0.0 1.8037406749879472 0.7512761037175092 1.0524645712704381
0.1 0.9266666666666666 2.437777777777778 0.051111111111111114 0.0 0.0 1.2955457659551695 0.7186447502841137 0.576901015671056
0.1 1.0 5.0 0.0 1.0 0.0 2.11347149203752 1.1807119242371953 0.9327595678003248
0.1 0.8666666666666667 2.3577777777777778 0.05555555555555555 0.0 0.0 1.2852100955173127 0.6866568919279465 0.5985532035893663
0.1 1.0 5.0 0.0 1.0 0.0 2.117589705912099 1.170118834452301 0.9474708714597981
0 / 3
1 / 3
2 / 3
0.1 0.9533333333333334 2.5533333333333332 0.0 0.0 0.0 1.916678836254565 1.0520641041383842 0.8646147321161809
0.1 1.0 5.0 0.0 1.0 0.0 2.6277323524089327 1.5969150542199435 1.0308172981889892
0.1 0.9133333333333333 2.468888888888889 0.022222222222222223 0.0 0.0 1.3424272756218742 0.7501296025555826 0.5922976730662918
0.1 1.0 5.0 0.0 1.0 0.0 2.088309002274633 1.121963384459191 0.9663456178154424
0.1 0.9 2.4444444444444446 0.06444444444444444 0.0 0.0 1.3679885953004118 0.7232604866207354 0.6447281086796763
0.1 1.0 5.0 0.0 1.0 0.0 2.098597420987351 1.126576670955814 0.972020750031537
0 / 3
1 / 3
2 / 3
0.1 0.9488888888888889 2.548888888888889 0.0 0.0 0.0 1.8761496356783498 1.0270415859303703 0.8491080497479797
0.1 1.0 5.0 0.0 1.0 0.0 2.8479583359377103 1.7639305201794004 1.08402781575831
0.1 0.9066666666666666 2.3577777777777778 0.08888888888888889 0.0 0.0 1.3164534516624224 0.7153532019149154 0.6011002497475071
0.1 1.0 5.0 0.0 1.0 0.0 1.9476951828764013 0.9918926455791883 0.955802537297213
0.1 0.9044444444444445 2.368888888888889 0.07777777777777778 0.0 0.0 1.3095215535510003 0.6923986632018947 0.6171228903491053
0.1 1.0 5.0 0.0 1.0 0.0 2.0640589126654882 1.1135223063188182 0.9505366063466704
0 / 3
1 / 3
2 / 3
0.1 0.96 2.56 0.0 0.0 0.0 1.9231651787899693 1.0609503972005883 0.8622147815893807
0.1 0.9688888888888889 2.7288888888888887 0.044444444444444446 0.015555555555555555 0.0 1.808477304019988 0.7767869302084025 1.0316903738115857
0.1 0.8977777777777778 2.3955555555555557 0.06888888888888889 0.0 0.0 1.3888625055688388 0.741694596423338 0.647167909145501
0.1 1.0 5.0 0.0 1.0 0.0 2.0184286498888557 1.0388889224485092 0.979539727440347
0.1 0.9111111111111111 2.4955555555555557 0.044444444444444446 0.0 0.0 1.2630910849208266 0.643217166359511 0.6198739185613157
0.1 1.0 5.0 0.0 1.0 0.0 2.007618937157806 1.0347582649171818 0.9728606722406241
0 / 3
1 / 3
2 / 3
0.1 0.9466666666666667 2.546666666666667 0.0 0.0 0.0 1.6639368332784503 0.8099406190073883 0.8539962142710621
0.1 0.9466666666666667 1.8244444444444445 0.17555555555555555 0.0 0.0 1.7739990574908793 0.74294574124581 1.0310533162450692
0.1 0.9088888888888889 2.408888888888889 0.06666666666666667 0.0 0.0 1.4161689153999597 0.7570458423288343 0.6591230730711254
0.1 1.0 5.0 0.0 1.0 0.0 2.0119834658621905 1.0741793839132692 0.9378040819489211
0.1 0.9066666666666666 2.468888888888889 0.04666666666666667 0.0 0.0 1.3484333652702338 0.7203904666455434 0.6280428986246905
0.1 1.0 5.0 0.0 1.0 0.0 2.009919413331652 1.0584312320340827 0.9514881812975694
0 / 3
1 / 3
2 / 3
0.1 0.9488888888888889 2.548888888888889 0.0 0.0 0.0 1.8722778259926804 1.0220024867109199 0.8502753392817605
0.1 1.0 5.0 0.0 1.0 0.0 2.4437603278137154 1.4613734341667743 0.9823868936469409
0.1 0.8733333333333333 2.3022222222222224 0.10888888888888888 0.0 0.0 1.3110610672777125 0.7197687933484169 0.5912922739292954
0.1 1.0 5.0 0.0 1.0 0.0 2.074773350697728 1.1171425494234368 0.9576308012742913
0.1 0.9111111111111111 2.5155555555555558 0.013333333333333334 0.0 0.0 1.3494198423787211 0.734309534671232 0.6151103077074893
0.1 1.0 5.0 0.0 1.0 0.0 2.126678195359077 1.1547066694299872 0.9719715259290895
0 / 3
1 / 3
2 / 3
0.1 0.9577777777777777 2.557777777777778 0.0 0.0 0.0 1.9007263484897283 1.0451890115709828 0.8555373369187457
0.1 0.9622222222222222 1.9533333333333334 0.14444444444444443 0.0 0.0 1.8042247997063385 0.7808586461372634 1.0233661535690755
0.1 0.9266666666666666 2.422222222222222 0.06666666666666667 0.0 0.0 1.4095246261845376 0.7568870184147755 0.6526376077697622
0.1 1.0 5.0 0.0 1.0 0.0 2.178607848805487 1.2128175945565653 0.9657902542489217
0.1 0.9177777777777778 2.522222222222222 0.035555555555555556 0.0 0.0 1.2177954309926375 0.5795347659037963 0.6382606650888412
0.1 1.0 5.0 0.0 1.0 0.0 2.0843961338239674 1.149006063285803 0.9353900705381644
0 / 3
1 / 3
2 / 3
0.1 0.9577777777777777 2.557777777777778 0.0 0.0 0.0 1.7266816593039782 0.8786452288550242 0.848036430448954
0.1 1.0 5.0 0.0 1.0 0.0 2.475235029148844 1.4818359877535363 0.9933990413953077
0.1 0.9377777777777778 2.5355555555555553 0.02 0.0 0.0 1.3439466131769586 0.7555600930135354 0.5883865201634234
0.1 1.0 5.0 0.0 1.0 0.0 2.1327247548682275 1.1761255644887731 0.9565991903794548
0.1 0.9133333333333333 2.466666666666667 0.06222222222222222 0.0 0.0 1.3503189651523664 0.7457985349649774 0.6045204301873893
0.1 1.0 5.0 0.0 1.0 0.0 2.1530488959826846 1.1961762653061179 0.9568726306765666
0 / 3
1 / 3
2 / 3
0.1 0.9622222222222222 2.628888888888889 0.0 0.0 0.0 1.8669763749705215 1.003582096247209 0.8633942787233124
0.1 0.9888888888888889 3.7377777777777776 0.0044444444444444444 0.21777777777777776 0.0 1.918071255676704 0.8993999755565376 1.0186712801201665
0.1 0.9466666666666667 2.473333333333333 0.06888888888888889 0.0 0.0 1.4322845954667733 0.7865089458217277 0.6457756496450454
0.1 1.0 5.0 0.0 1.0 0.0 1.8558515588838675 0.902740512431395 0.9531110464524725
0.1 0.9155555555555556 2.68 0.022222222222222223 0.0 0.0 1.3974807037724648 0.7461019233152054 0.651378780457259
0.1 1.0 5.0 0.0 1.0 0.0 2.024191214285941 1.03465015514642 0.9895410591395211
0 / 3
1 / 3
2 / 3
0.1 0.9488888888888889 2.548888888888889 0.0 0.0 0.0 1.8682657521381973 1.0222155884391833 0.8460501636990138
0.1 0.9733333333333334 2.2755555555555556 0.17555555555555555 0.0 0.0 2.296559894186142 1.2178016079475003 1.0787582862386418
0.1 0.92 2.5155555555555558 0.008888888888888889 0.0 0.0 1.347022690942535 0.7539965276711446 0.5930261632713908
0.1 1.0 5.0 0.0 1.0 0.0 2.1180965553681093 1.1446367339370151 0.9734598214310944
0.1 0.9266666666666666 2.453333333333333 0.044444444444444446 0.0 0.0 1.3549551554547816 0.7427551408024056 0.6122000146523758
0.1 1.0 5.0 0.0 1.0 0.0 2.189948505365148 1.2139059643579144 0.9760425410072339
0 / 3
1 / 3
2 / 3
0.1 0.9622222222222222 2.562222222222222 0.0 0.0 0.0 1.913857302850161 1.0511890426600883 0.8626682601900726
0.1 1.0 5.0 0.0 1.0 0.0 2.429230147894457 1.438610515938383 0.9906196319560739
0.1 0.9488888888888889 2.502222222222222 0.03111111111111111 0.0 0.0 1.3633980709780886 0.7662571449851748 0.5971409259929137
0.1 1.0 5.0 0.0 1.0 0.0 2.1132152153226644 1.1512399621009146 0.96197525322175
0.1 0.9377777777777778 2.468888888888889 0.03777777777777778 0.0 0.0 1.276332780834012 0.6604456703352435 0.6158871104987684
0.1 1.0 5.0 0.0 1.0 0.0 2.2990061020193138 1.33809122615384 0.9609148758654733
0 / 3
1 / 3
2 / 3
0.1 0.9466666666666667 2.546666666666667 0.0 0.0 0.0 1.9007531790891856 1.04161533672943 0.8591378423597555
0.1 0.9466666666666667 1.8311111111111111 0.1688888888888889 0.0 0.0 1.760409374797881 0.7439571174340132 1.016452257363868
0.1 0.8577777777777778 2.1933333333333334 0.20444444444444446 0.0 0.0 1.2760975032236481 0.6936385200222688 0.5824589832013793
0.1 1.0 5.0 0.0 1.0 0.0 2.038157413462635 1.0726383175870569 0.965519095875578
0.1 0.9088888888888889 2.4444444444444446 0.04 0.0 0.0 1.2926890451469424 0.6855800615721711 0.6071089835747712
0.1 1.0 5.0 0.0 1.0 0.0 2.174669371152002 1.214601339568469 0.9600680315835333
0 / 3
1 / 3
2 / 3
0.1 0.9577777777777777 2.557777777777778 0.0 0.0 0.0 1.8458499445694532 1.003857696960315 0.8419922476091382
0.1 0.9577777777777777 1.8177777777777777 0.18222222222222223 0.0 0.0 1.7049565925896852 0.6734257360985286 1.0315308564911563
0.1 0.9111111111111111 2.3155555555555556 0.11555555555555555 0.0 0.0 1.3009539585147083 0.6968069818524216 0.6041469766622866
0.1 1.0 5.0 0.0 1.0 0.0 2.161855000673988 1.2407017401848004 0.9211532604891876
0.1 0.9 2.471111111111111 0.04888888888888889 0.0 0.0 1.169541970979235 0.5521228804766586 0.6174190905025765
0.1 1.0 5.0 0.0 1.0 0.0 2.1158228921769284 1.194142023031651 0.921680869145277
0 / 3
1 / 3
2 / 3
0.1 0.9533333333333334 2.5533333333333332 0.0 0.0 0.0 1.908066119618459 1.05020667312904 0.8578594464894187
0.1 0.9688888888888889 2.7066666666666666 0.057777777777777775 0.02666666666666667 0.0 1.8282234566096132 0.7885590442033021 1.039664412406311
0.1 0.9311111111111111 2.506666666666667 0.02666666666666667 0.0 0.0 1.3447953628436542 0.7506526620759695 0.5941427007676849
0.1 1.0 5.0 0.0 1.0 0.0 2.153889279528034 1.1693447379037303 0.9845445416243038
0.1 0.9177777777777778 2.4 0.07111111111111111 0.0 0.0 1.3589479882268087 0.7454168227091942 0.6135311655176141
0.1 1.0 5.0 0.0 1.0 0.0 2.1006578828937355 1.125582891960665 0.9750749909330706
0 / 3
1 / 3
2 / 3
0.1 0.9488888888888889 2.548888888888889 0.0 0.0 0.0 1.8381407481236138 0.9978258012811057 0.8403149468425083
0.1 1.0 5.0 0.0 1.0 0.0 2.508620915702689 1.4626955221435258 1.0459253935591628
0.1 0.9022222222222223 2.3555555555555556 0.08888888888888889 0.0 0.0 1.3469205572074543 0.7099861602047085 0.6369343970027457
0.1 1.0 5.0 0.0 1.0 0.0 2.0377727978413174 1.0567653034654174 0.9810074943759002
0.1 0.8733333333333333 2.371111111111111 0.06444444444444444 0.0 0.0 1.252524666178569 0.6453944155436746 0.6071302506348945
0.1 1.0 5.0 0.0 1.0 0.0 2.1855093851714145 1.206663584269644 0.97884580090177
0 / 3
1 / 3
2 / 3
0.1 0.9533333333333334 2.5533333333333332 0.0 0.0 0.0 1.8672376108478157 1.0212477781339857 0.8459898327138302
0.1 0.9533333333333334 1.9155555555555555 0.15555555555555556 0.0 0.0 1.8281577523818577 0.7778232941862765 1.0503344581955811
0.1 0.9 2.3755555555555556 0.08222222222222222 0.0 0.0 1.3028073025343385 0.7123044390656418 0.5905028634686967
0.1 1.0 5.0 0.0 1.0 0.0 1.9747955676337203 1.011346222300359 0.9634493453333612
0.1 0.8711111111111111 2.368888888888889 0.03333333333333333 0.0 0.0 1.2226042671794732 0.614385581940001 0.6082186852394721
0.1 1.0 5.0 0.0 1.0 0.0 1.9988149618482742 1.019928027337084 0.9788869345111902
0 / 3
1 / 3
2 / 3
0.1 0.9533333333333334 2.5533333333333332 0.0 0.0 0.0 1.8851450547123492 1.031752724972259 0.8533923297400905
0.1 1.0 5.0 0.0 1.0 0.0 2.541695084845857 1.5205025913322814 1.0211924935135759
0.1 0.9088888888888889 2.3266666666666667 0.11333333333333333 0.0 0.0 1.2956732861944946 0.7225932346885083 0.5730800515059861
0.1 1.0 5.0 0.0 1.0 0.0 2.1025564058299118 1.1277857815760857 0.9747706242538262
0.1 0.9 2.3555555555555556 0.04666666666666667 0.0 0.044444444444444446 1.3036775797053481 0.7164792799619547 0.5871982997433933
0.1 1.0 5.0 0.0 1.0 0.0 2.1279462336172963 1.160073141694034 0.9678730919232628
0 / 3
1 / 3
2 / 3
0.1 0.9488888888888889 2.548888888888889 0.0 0.0 0.0 1.870794014120252 1.0196226502697492 0.851171363850503
0.1 1.0 5.0 0.0 1.0 0.0 2.5363165957760176 1.5223464938936662 1.013970101882351
0.1 0.9044444444444445 2.3377777777777777 0.10888888888888888 0.0 0.0 1.300288991377444 0.7044961604490961 0.595792830928348
0.1 1.0 5.0 0.0 1.0 0.0 2.1472201168048066 1.1894172975689263 0.9578028192358802
0.1 0.9422222222222222 2.6133333333333333 0.017777777777777778 0.0 0.0 1.3436819978433339 0.72790373195086 0.6157782658924738
0.1 1.0 5.0 0.0 1.0 0.0 2.1364685448830323 1.175839362554426 0.9606291823286062
0 / 3
1 / 3
2 / 3
0.1 0.9622222222222222 2.562222222222222 0.0 0.0 0.0 1.8954992446320915 1.0355319704293287 0.8599672742027628
0.1 0.9622222222222222 1.8177777777777777 0.18222222222222223 0.0 0.0 1.7548628790797638 0.7194093674914419 1.0354535115883217
0.1 0.8866666666666667 2.3022222222222224 0.14 0.0 0.0 1.3354302288033628 0.7242895353641916 0.6111406934391711
0.1 1.0 5.0 0.0 1.0 0.0 2.1762383866468062 1.2105836166521602 0.9656547699946465
0.1 0.88 2.3444444444444446 0.07777777777777778 0.0 0.0 1.270242906145836 0.6566063992380062 0.6136365069078301
0.1 1.0 5.0 0.0 1.0 0.0 2.0989796678990573 1.1404936705631066 0.958485997335951
0 / 3
1 / 3
2 / 3
0.1 0.9466666666666667 2.546666666666667 0.0 0.0 0.0 1.8661707169964044 1.0114516551241064 0.8547190618722981
0.1 1.0 5.0 0.0 1.0 0.0 2.460338357931288 1.4461172560630444 1.014221101868243
0.1 0.8844444444444445 2.3022222222222224 0.12444444444444444 0.0 0.0 1.292142846469897 0.7118930524209774 0.5802497940489195
0.1 1.0 5.0 0.0 1.0 0.0 2.1749992618059606 1.239242098003272 0.9357571638026889
0.1 0.8711111111111111 2.3377777777777777 0.09111111111111111 0.0 0.0 1.2868327045298857 0.7008150695744945 0.5860176349553914
0.1 1.0 5.0 0.0 1.0 0.0 2.048864918734954 1.0966721373382229 0.9521927813967311
0 / 3
1 / 3
2 / 3
0.1 0.96 2.56 0.0 0.0 0.0 1.9191498204218282 1.0615999785027233 0.8575498419191048
0.1 0.9733333333333334 2.2666666666666666 0.17333333333333334 0.0 0.0 2.2393819346331068 1.186607738915499 1.0527741957176078
0.1 0.8977777777777778 2.348888888888889 0.09111111111111111 0.0 0.0 1.3490442633441782 0.7647798505662159 0.5842644127779623
0.1 1.0 5.0 0.0 1.0 0.0 1.9126544238021426 0.9211280538042406 0.9915263699979022
0.1 0.9 2.38 0.08 0.0 0.0 1.3282506029154553 0.7252538558789978 0.6029967470364576
0.1 1.0 5.0 0.0 1.0 0.0 1.9786370193043235 0.9963400068130095 0.982297012491314
0 / 3
1 / 3
2 / 3
0.1 0.9555555555555556 2.5555555555555554 0.0 0.0 0.0 1.8634738279396712 1.016766910406565 0.8467069175331062
0.1 1.0 5.0 0.0 1.0 0.0 2.5296426421898874 1.505360952755603 1.0242816894342837
0.1 0.9 2.3933333333333335 0.07111111111111111 0.0 0.0 1.3350137199157057 0.7254481158734087 0.609565604042297
0.1 1.0 5.0 0.0 1.0 0.0 1.8439353410493005 0.8811926578479109 0.9627426832013893
0.1 0.9066666666666666 2.471111111111111 0.03777777777777778 0.0 0.0 1.2957634207844297 0.6596505294546731 0.6361128913297565
0.1 0.9955555555555555 4.9511111111111115 0.0 0.9511111111111111 0.0 1.813881924515288 0.8494349945671792 0.9644469299481087
0 / 3
1 / 3
2 / 3
0.1 0.9733333333333334 2.7222222222222223 0.0 0.0 0.0 1.9500927765247327 1.0825081086967634 0.8675846678279694
0.1 1.0 5.0 0.0 1.0 0.0 2.49082480557315 1.5034770433051634 0.9873477622679866
0.1 0.9577777777777777 2.56 0.024444444444444446 0.0 0.0 1.393178896527615 0.7787463861816174 0.6144325103459973
0.1 1.0 5.0 0.0 1.0 0.0 2.373988350504892 1.3836622683538347 0.9903260821510571
0.1 0.9577777777777777 2.528888888888889 0.044444444444444446 0.0 0.0 1.3945604628008879 0.7583410748494104 0.6362193879514775
0.1 1.0 5.0 0.0 1.0 0.0 2.337383750240127 1.3304512136733728 1.0069325365667539
0 / 3
1 / 3
2 / 3
0.1 0.9533333333333334 2.5533333333333332 0.0 0.0 0.0 1.760422845999457 0.8992785594911508 0.8611442865083063
0.1 1.0 5.0 0.0 1.0 0.0 3.8141502293942247 2.511251599127224 1.3028986302670005
0.1 0.9311111111111111 2.4266666666666667 0.05333333333333334 0.0 0.0 1.3461424885477336 0.7487840134545627 0.5973584750931711
0.1 1.0 5.0 0.0 1.0 0.0 2.024081751875162 1.0838519705920897 0.9402297812830723
0.1 0.9355555555555556 2.431111111111111 0.06888888888888889 0.0 0.0 1.345662553624703 0.7180011855488705 0.6276613680758325
0.1 1.0 5.0 0.0 1.0 0.0 2.08422249634646 1.1418582085060194 0.9423642878404407
0 / 3
1 / 3
2 / 3
0.1 0.9622222222222222 2.562222222222222 0.0 0.0 0.0 1.882971225089486 1.0267536389233378 0.856217586166148
0.1 1.0 5.0 0.0 1.0 0.0 2.5551193441341273 1.5464452705209255 1.0086740736132018
0.1 0.8688888888888889 2.2355555555555555 0.1688888888888889 0.0 0.0 1.3245816348209685 0.7279131688228014 0.5966684659981674
0.1 1.0 5.0 0.0 1.0 0.0 2.030511894248423 1.0394531285860265 0.9910587656623966
0.1 0.8911111111111111 2.4444444444444446 0.05333333333333334 0.0 0.0 1.3792134427642238 0.7303870537008152 0.6488263890634084
0.1 1.0 5.0 0.0 1.0 0.0 2.0736348904259465 1.1057951829358441 0.9678397074901025
0 / 3
1 / 3
2 / 3
0.1 0.9666666666666667 2.566666666666667 0.0 0.0 0.0 1.8858465180782025 1.034147139974879 0.8516993781033236
0.1 1.0 5.0 0.0 1.0 0.0 2.549643310545111 1.50527183680277 1.044371473742341
0.1 0.9422222222222222 2.528888888888889 0.011111111111111112 0.0 0.0 1.3528490954797692 0.7619569313116785 0.5908921641680908
0.1 1.0 5.0 0.0 1.0 0.0 2.3018674499788894 1.3240593441578479 0.9778081058210417
0.1 0.9377777777777778 2.4955555555555557 0.04888888888888889 0.0 0.0 1.3194648410491583 0.7017583922699953 0.6177064487791628
0.1 1.0 5.0 0.0 1.0 0.0 2.3128658464667873 1.3413276722998724 0.9715381741669148
0 / 3
1 / 3
2 / 3
0.1 0.9466666666666667 2.546666666666667 0.0 0.0 0.0 1.8498602153997323 1.0042397686060274 0.845620446793705
0.1 0.9466666666666667 1.8222222222222222 0.17777777777777778 0.0 0.0 1.719649515895867 0.6922071517135492 1.0274423641823178
0.1 0.9044444444444445 2.32 0.10888888888888888 0.0 0.0 1.2653325816030339 0.683234130495082 0.5820984511079516
0.1 1.0 5.0 0.0 1.0 0.0 1.994237946376694 1.063413081724496 0.9308248646521985
0.1 0.9066666666666666 2.477777777777778 0.028888888888888888 0.0 0.0 1.2672545297293598 0.6545132966334359 0.6127412330959238
0.1 1.0 5.0 0.0 1.0 0.0 1.9006758794011256 0.9773145128955204 0.9233613665056052
0 / 3
1 / 3
2 / 3
0.1 0.96 2.56 0.0 0.0 0.0 1.890299662522559 1.038971791531785 0.8513278709907736
0.1 1.0 5.0 0.0 1.0 0.0 2.5959884178800188 1.579620271543166 1.0163681463368532
0.1 0.9044444444444445 2.3155555555555556 0.12444444444444444 0.0 0.0 1.3263890165296655 0.7349913329389057 0.5913976835907596
0.1 1.0 5.0 0.0 1.0 0.0 2.2124832928490146 1.2514574510855618 0.9610258417634528
0.1 0.9333333333333333 2.533333333333333 0.015555555555555555 0.0 0.0 1.3495313654034506 0.7357203943952688 0.6138109710081817
0.1 1.0 5.0 0.0 1.0 0.0 2.2704692920056453 1.305714687274668 0.9647546047309773
