Variable Names: ['A', 'C', 'D', 'H', 'I', 'O', 'T']
Boundary Sizes: [4, 3, 4, 2, 4, 3, 2]
Boundary Elements: [['C', 'D', 'H', 'O'], ['A', 'D', 'I'], ['A', 'C', 'H', 'I'], ['A', 'D'], ['C', 'D', 'O', 'T'], ['A', 'I', 'T'], ['I', 'O']]
boundary_classification : [['Child', 'Child', 'Child', 'Child'], ['Parent', 'Other Parent', 'Child'], ['Parent', 'Other Parent', 'Parent', 'Child'], ['Parent', 'Child'], ['Parent', 'Parent', 'Other Parent', 'Child'], ['Parent', 'Other Parent', 'Child'], ['Parent', 'Parent']]
0 / 3
1 / 3
2 / 3
0.1 0.8888888888888888 1.3577777777777778 0.5422222222222223 0.0 0.0 0.7123093454697564 0.1154843335117474 0.596825011958009
0.1 1.0 2.9755555555555557 0.0 0.9755555555555555 0.0 1.3481916899122888 0.34757512206646174 1.0006165678458272
0.1 0.9022222222222223 1.3466666666666667 0.5688888888888889 0.0 0.0 0.6755538295467857 0.10569306392182987 0.5698607656249558
0.1 1.0 2.98 0.0 0.98 0.0 1.334954290192717 0.34418394954607845 0.9907703406466385
0.1 0.9044444444444445 1.3244444444444445 0.5933333333333334 0.0 0.0 0.6644115248411158 0.09481871849869263 0.569592806342423
0.1 0.9733333333333334 2.7333333333333334 0.013333333333333334 0.7466666666666667 0.0 1.3132539892164325 0.29658262393883145 1.016671365277601
0 / 3
1 / 3
2 / 3
0.1 0.9311111111111111 1.7933333333333332 0.16 0.0 0.0 0.7583405845597317 0.1509755531346252 0.6073650314251066
0.1 0.9933333333333333 2.917777777777778 0.0022222222222222222 0.92 0.0 1.3718351294164512 0.3687189934624926 1.0031161359539587
0.1 0.9266666666666666 1.6933333333333334 0.24888888888888888 0.0 0.0 0.7142121384488079 0.13334303643589188 0.5808691020129162
0.1 0.9933333333333333 2.7733333333333334 0.011111111111111112 0.7844444444444445 0.0 1.3586540831829563 0.3457291583799177 1.0129249248030385
0.1 0.9155555555555556 1.4155555555555555 0.5222222222222223 0.0 0.0 0.6667689481877984 0.10146865222909413 0.5653002959587043
0.1 0.9955555555555555 2.888888888888889 0.0044444444444444444 0.8933333333333333 0.0 1.3025685522344328 0.3349383327353909 0.967630219499042
0 / 3
1 / 3
2 / 3
0.1 0.8977777777777778 1.4044444444444444 0.5133333333333333 0.0044444444444444444 0.0 0.7218269846331774 0.11681491604848239 0.6050120685846951
0.1 1.0 3.0 0.0 1.0 0.0 1.3827205343094273 0.40271738407787844 0.980003150231549
0.1 0.8866666666666667 1.2933333333333332 0.6066666666666667 0.0 0.0 0.6633767914472533 0.09781421647300675 0.5655625749742464
0.1 1.0 3.0 0.0 1.0 0.0 1.4199383399313041 0.4174976525752774 1.0024406873560268
0.1 0.8977777777777778 1.2866666666666666 0.62 0.0 0.0 0.6579330109525635 0.093939162677857 0.5639938482747066
0.1 1.0 3.0 0.0 1.0 0.0 1.4165595936539164 0.4074417534449434 1.009117840208973
0 / 3
1 / 3
2 / 3
0.1 0.8888888888888888 1.3422222222222222 0.5577777777777778 0.0 0.0 0.6821868409062573 0.10904828766866932 0.5731385532375881
0.1 1.0 3.0 0.0 1.0 0.0 1.4137976897933924 0.39213056740908603 1.0216671223843063
0.1 0.8933333333333333 1.3888888888888888 0.52 0.0 0.0 0.6829941369734628 0.11244818579680022 0.5705459511766627
0.1 1.0 3.0 0.0 1.0 0.0 1.40126534066425 0.38117581552406515 1.0200895251401847
0.1 0.8933333333333333 1.3022222222222222 0.6022222222222222 0.0 0.0 0.6601772678079713 0.10039521116190331 0.5597820566460681
0.1 0.9733333333333334 2.7688888888888887 0.006666666666666667 0.7777777777777778 0.0 1.3503352737055032 0.31106900501430845 1.0392662686911949
0 / 3
1 / 3
2 / 3
0.1 0.8977777777777778 1.431111111111111 0.48444444444444446 0.0 0.0 0.7359306088149686 0.13577259831279292 0.6001580105021757
0.1 1.0 3.0 0.0 1.0 0.0 1.395717303420183 0.39003216192757856 1.0056851414926045
0.1 0.8977777777777778 1.3622222222222222 0.5488888888888889 0.0 0.0 0.6993648287909794 0.11534813732739445 0.5840166914635848
0.1 0.9955555555555555 2.8755555555555556 0.0044444444444444444 0.88 0.0 1.3615115332544807 0.3244995551500833 1.0370119781043976
0.1 0.8977777777777778 1.3022222222222222 0.6088888888888889 0.0 0.0 0.6921123761232659 0.10960546395490235 0.5825069121683635
0.1 0.9933333333333333 2.8933333333333335 0.0 0.8933333333333333 0.0 1.364684730686024 0.32688292027513055 1.0378018104108935
0 / 3
1 / 3
2 / 3
0.1 0.9066666666666666 1.4355555555555555 0.4911111111111111 0.0 0.0 0.6935072439021406 0.12655679353559526 0.5669504503665455
0.1 1.0 3.0 0.0 1.0 0.0 1.4167759486365539 0.42495951330058307 0.9918164353359707
0.1 0.9066666666666666 1.36 0.5622222222222222 0.0 0.0 0.6850997673918309 0.10393032457323004 0.581169442818601
0.1 0.9977777777777778 2.973333333333333 0.0 0.9733333333333334 0.0 1.3645078346283543 0.3827829269171823 0.981724907711172
0.1 0.9022222222222223 1.308888888888889 0.6066666666666667 0.0 0.0 0.6766251377456804 0.10097224489237984 0.5756528928533007
0.1 1.0 2.8177777777777777 0.0044444444444444444 0.8222222222222222 0.0 1.3627004108777523 0.3450802712410046 1.0176201396367475
0 / 3
1 / 3
2 / 3
0.1 0.9266666666666666 1.54 0.40444444444444444 0.0 0.0 0.7481127396551572 0.12932454383643088 0.6187881958187263
0.1 1.0 3.0 0.0 1.0 0.0 1.4703845077503688 0.48033276211449966 0.9900517456358693
0.1 0.9266666666666666 1.448888888888889 0.4866666666666667 0.0 0.0 0.6950810956493316 0.10997681649445368 0.5851042791548781
0.1 1.0 3.0 0.0 1.0 0.0 1.3782613832521997 0.3962341995711202 0.9820271836810794
0.1 0.9266666666666666 1.4222222222222223 0.5177777777777778 0.0 0.0 0.7030014273797892 0.10910301421181913 0.5938984131679701
0.1 0.9911111111111112 2.84 0.0044444444444444444 0.8466666666666667 0.0 1.3597684158788073 0.3704725322836507 0.9892958835951566
0 / 3
1 / 3
2 / 3
0.1 0.9266666666666666 1.4777777777777779 0.4666666666666667 0.0 0.0 0.7226071015918867 0.12230467384863791 0.6003024277432487
0.1 1.0 3.0 0.0 1.0 0.0 1.452482703067993 0.4593502621054688 0.993132440962524
0.1 0.9266666666666666 1.4377777777777778 0.5022222222222222 0.0 0.0 0.7104913971237761 0.1112744261682738 0.5992169709555023
0.1 1.0 3.0 0.0 1.0 0.0 1.4586571539921522 0.46190110929582867 0.9967560446963237
0.1 0.9333333333333333 1.4555555555555555 0.4911111111111111 0.0 0.0 0.7015102817512204 0.10670503402961323 0.5948052477216073
0.1 1.0 3.0 0.0 1.0 0.0 1.4310824720441577 0.40952066841986445 1.0215618036242933
0 / 3
1 / 3
2 / 3
0.1 0.9 1.4177777777777778 0.49777777777777776 0.0 0.0 0.6694486208524386 0.11555074493996004 0.5538978759124786
0.1 1.0 3.0 0.0 1.0 0.0 1.4780561062149895 0.4893116659228697 0.9887444402921197
0.1 0.9 1.4088888888888889 0.5066666666666667 0.0 0.0 0.6666615792080777 0.11008388620107666 0.5565776930070009
0.1 1.0 3.0 0.0 1.0 0.0 1.505193034912139 0.507494818796953 0.9976982161151862
0.1 0.9 1.3866666666666667 0.5266666666666666 0.0 0.0 0.655171007921568 0.10414279461624779 0.5510282133053205
0.1 1.0 3.0 0.0 1.0 0.0 1.4917050474453113 0.43606062219925534 1.0556444252460557
0 / 3
1 / 3
2 / 3
0.1 0.9155555555555556 1.5244444444444445 0.4266666666666667 0.017777777777777778 0.0 0.7087644362287845 0.12795647636808746 0.5808079598606969
0.1 1.0 3.0 0.0 1.0 0.0 1.4540332486428562 0.4612065186972467 0.9928267299456095
0.1 0.9044444444444445 1.4333333333333333 0.4888888888888889 0.0 0.0 0.6932544759314871 0.11690283640337677 0.5763516395281104
0.1 1.0 3.0 0.0 1.0 0.0 1.4875639070611204 0.46284923394467115 1.0247146731164496
0.1 0.9133333333333333 1.4133333333333333 0.5177777777777778 0.0 0.0 0.6715754406391582 0.10963604698747237 0.5619393936516859
0.1 1.0 3.0 0.0 1.0 0.0 1.4708589023970753 0.4049780735112395 1.065880828885836
0 / 3
1 / 3
2 / 3
0.1 0.9155555555555556 1.46 0.5044444444444445 0.03333333333333333 0.0 0.7053624377786547 0.11738561804218917 0.5879768197364655
0.1 1.0 3.0 0.0 1.0 0.0 1.4137325083890537 0.43719390553067544 0.9765386028583783
0.1 0.9133333333333333 1.3777777777777778 0.5577777777777778 0.0022222222222222222 0.0 0.6651957537986546 0.10518448012441486 0.5600112736742398
0.1 1.0 3.0 0.0 1.0 0.0 1.3745219794354444 0.40314264094626484 0.9713793384891793
0.1 0.9177777777777778 1.3155555555555556 0.6288888888888889 0.011111111111111112 0.0 0.6483815672393914 0.09603487407950066 0.5523466931598906
0.1 0.9977777777777778 2.922222222222222 0.0 0.9222222222222223 0.0 1.350694681071463 0.3538740748505334 0.9968206062209295
0 / 3
1 / 3
2 / 3
0.1 0.9088888888888889 1.4333333333333333 0.5222222222222223 0.03333333333333333 0.0 0.7126595750655066 0.13215479178760203 0.5805047832779047
0.1 1.0 3.0 0.0 1.0 0.0 1.452800782761583 0.4636320839092265 0.9891686988523563
0.1 0.9088888888888889 1.4022222222222223 0.54 0.02 0.0 0.6852884533545441 0.12629477767981548 0.5589936756747287
0.1 1.0 3.0 0.0 1.0 0.0 1.439227330697241 0.45517718899778414 0.9840501416994567
0.1 0.8955555555555555 1.4288888888888889 0.4888888888888889 0.0 0.0 0.6671072242605063 0.11568603868267754 0.5514211855778286
0.1 1.0 3.0 0.0 1.0 0.0 1.3438059205264203 0.3775044672321086 0.9663014532943117
0 / 3
1 / 3
2 / 3
0.1 0.9022222222222223 1.4088888888888889 0.5111111111111111 0.0 0.0 0.7115030362205681 0.11419248144627094 0.5973105547742972
0.1 1.0 3.0 0.0 1.0 0.0 1.5303092776024783 0.5187842744838636 1.0115250031186145
0.1 0.9022222222222223 1.34 0.5777777777777777 0.0 0.0 0.6827563429056562 0.10272011778721159 0.5800362251184447
0.1 1.0 3.0 0.0 1.0 0.0 1.534811012041834 0.5253034218881273 1.0095075901537065
0.1 0.9 1.3377777777777777 0.5755555555555556 0.0 0.0 0.6690942737437002 0.0962413473421033 0.5728529264015969
0.1 1.0 3.0 0.0 1.0 0.0 1.464910733677793 0.4123863951468722 1.0525243385309206
0 / 3
1 / 3
2 / 3
0.1 0.9222222222222223 1.5222222222222221 0.42 0.0 0.0 0.7158859762140947 0.12880023197043763 0.587085744243657
0.1 1.0 3.0 0.0 1.0 0.0 1.4402044972208934 0.44103713536586425 0.9991673618550293
0.1 0.9177777777777778 1.4022222222222223 0.5311111111111111 0.0 0.0 0.6881463482336326 0.11522405845931757 0.5729222897743149
0.1 1.0 3.0 0.0 1.0 0.0 1.4647972807453455 0.4536201028469552 1.0111771778983905
0.1 0.92 1.38 0.5533333333333333 0.0 0.0 0.6686558589996321 0.10328817750520615 0.565367681494426
0.1 1.0 3.0 0.0 1.0 0.0 1.4667445252739073 0.43256218522573453 1.0341823400481729
0 / 3
1 / 3
2 / 3
0.1 0.9 1.66 0.28888888888888886 0.042222222222222223 0.0 0.735639308205369 0.15886572678900893 0.57677358141636
0.1 1.0 3.0 0.0 1.0 0.0 1.4376708880617206 0.4177450754308814 1.0199258126308395
0.1 0.8911111111111111 1.54 0.36444444444444446 0.0022222222222222222 0.0 0.7311243915498562 0.13793240427817582 0.5931919872716803
0.1 1.0 3.0 0.0 1.0 0.0 1.4386962301046278 0.4076098877482962 1.0310863423563315
0.1 0.9555555555555556 1.6644444444444444 0.33111111111111113 0.02 0.0 0.7069475342969584 0.1512413436492451 0.5557061906477134
0.1 1.0 3.0 0.0 1.0 0.0 1.4375889781597209 0.42415685083739013 1.0134321273223306
0 / 3
1 / 3
2 / 3
0.1 0.8777777777777778 1.308888888888889 0.5822222222222222 0.0 0.0 0.6991548812883639 0.11120131140758657 0.5879535698807773
0.1 1.0 3.0 0.0 1.0 0.0 1.393860161373487 0.39970475241332837 0.9941554089601583
0.1 0.8844444444444445 1.26 0.6355555555555555 0.0 0.0 0.6711536408255279 0.09921989169406462 0.5719337491314632
0.1 1.0 3.0 0.0 1.0 0.0 1.3795272086900738 0.3625372479777996 1.0169899607122743
0.1 0.9244444444444444 1.5822222222222222 0.3688888888888889 0.0 0.0 0.7069345157037846 0.1433553653254284 0.5635791503783563
0.1 1.0 3.0 0.0 1.0 0.0 1.3968081781235693 0.3692127902891376 1.0275953878344317
0 / 3
1 / 3
2 / 3
0.1 0.8844444444444445 1.3377777777777777 0.56 0.0044444444444444444 0.0 0.712164721746524 0.11382953302606665 0.5983351887204574
0.1 0.9755555555555555 2.7688888888888887 0.013333333333333334 0.7844444444444445 0.0 1.3561130591524777 0.35604872443519847 1.0000643347172793
0.1 0.8777777777777778 1.28 0.6066666666666667 0.0 0.0 0.7158585471493362 0.10774242688529448 0.6081161202640416
0.1 0.9888888888888889 2.8355555555555556 0.006666666666666667 0.8422222222222222 0.0 1.3582865626975484 0.35088344684968975 1.0074031158478587
0.1 0.88 1.2644444444444445 0.6244444444444445 0.0 0.0 0.6974340212128552 0.09583013338984311 0.601603887823012
0.1 0.9755555555555555 2.62 0.02666666666666667 0.6466666666666666 0.0 1.3798305031827844 0.30967545612325725 1.0701550470595274
0 / 3
1 / 3
2 / 3
0.1 0.9666666666666667 2.0 0.0 0.0 0.0 1.4639954242905746 0.3161561252436623 1.1478392990469128
0.1 0.9933333333333333 2.8422222222222224 0.0 0.8422222222222222 0.0 1.5452113290316036 0.414503802869075 1.1307075261625286
0.1 0.9377777777777778 1.6533333333333333 0.31555555555555553 0.0 0.0 1.0218917375046466 0.20034452496847668 0.8215472125361699
0.1 0.9666666666666667 2.3155555555555556 0.08666666666666667 0.4088888888888889 0.0 1.2995868083221258 0.32484251494766403 0.9747442933744618
0.1 0.9355555555555556 1.6244444444444444 0.3422222222222222 0.0 0.0 0.9945759864262823 0.1912873652657874 0.8032886211604948
0.1 0.9911111111111112 2.7933333333333334 0.0044444444444444444 0.7977777777777778 0.0 1.3360145038532343 0.3789572476867272 0.957057256166507
0 / 3
1 / 3
2 / 3
0.1 0.9133333333333333 1.4377777777777778 0.49333333333333335 0.0 0.0 0.7294132011101336 0.1321256005364839 0.5972876005736495
0.1 1.0 3.0 0.0 1.0 0.0 1.357807385469703 0.3995924262121625 0.9582149592575403
0.1 0.9066666666666666 1.38 0.54 0.0 0.0 0.6715309699453172 0.11677112158903102 0.5547598483562862
0.1 1.0 3.0 0.0 1.0 0.0 1.3802796909295114 0.407906755984119 0.9723729349453923
0.1 0.9133333333333333 1.3622222222222222 0.5622222222222222 0.0 0.0 0.656752630386692 0.11346181799009006 0.5432908123966019
0.1 1.0 3.0 0.0 1.0 0.0 1.3643187392279106 0.3794802936077167 0.9848384456201937
0 / 3
1 / 3
2 / 3
0.1 0.9044444444444445 1.6 0.33111111111111113 0.013333333333333334 0.0 0.7539518184072571 0.1468979229935496 0.6070538954137076
0.1 1.0 3.0 0.0 1.0 0.0 1.3999946557074112 0.3969336664490552 1.0030609892583562
0.1 0.9022222222222223 1.5844444444444445 0.3333333333333333 0.0 0.0 0.7235944117238402 0.13490124377696538 0.5886931679468748
0.1 1.0 3.0 0.0 1.0 0.0 1.375388183845294 0.37760438827217324 0.9977837955731208
0.1 0.8933333333333333 1.508888888888889 0.40444444444444444 0.0 0.0 0.7372051213301178 0.12501665237973286 0.6121884689503849
0.1 1.0 3.0 0.0 1.0 0.0 1.3848903947875468 0.3645175448656902 1.0203728499218563
0 / 3
1 / 3
2 / 3
0.1 0.9222222222222223 1.7133333333333334 0.22666666666666666 0.0 0.0 0.7400958776296155 0.1497979032219371 0.5902979744076784
0.1 1.0 3.0 0.0 1.0 0.0 1.4052048811990545 0.4006266840063421 1.0045781971927124
0.1 0.92 1.5844444444444445 0.3488888888888889 0.0 0.0 0.7179159236724122 0.12814732931705658 0.5897685943553557
0.1 1.0 3.0 0.0 1.0 0.0 1.3967822298209804 0.38988639506518824 1.0068958347557924
0.1 0.9066666666666666 1.46 0.4666666666666667 0.0 0.0 0.7232890364441301 0.12730847660664385 0.5959805598374863
0.1 1.0 3.0 0.0 1.0 0.0 1.4017132654496807 0.3897026054053136 1.012010660044367
0 / 3
1 / 3
2 / 3
0.1 0.9088888888888889 1.4333333333333333 0.49777777777777776 0.0 0.0 0.7038494017517387 0.1247571184269085 0.5790922833248303
0.1 1.0 3.0 0.0 1.0 0.0 1.3986339632128697 0.4130032112522113 0.9856307519606584
0.1 0.9133333333333333 1.4133333333333333 0.5133333333333333 0.0 0.0 0.6493037563588201 0.1088967470004954 0.5404070093583248
0.1 1.0 3.0 0.0 1.0 0.0 1.3741671775627122 0.3729405002625912 1.0012266773001213
0.1 0.9133333333333333 1.38 0.5466666666666666 0.0 0.0 0.6399620264897254 0.10817193470164775 0.5317900917880778
0.1 1.0 3.0 0.0 1.0 0.0 1.3762144469523996 0.37519889640870574 1.0010155505436935
0 / 3
1 / 3
2 / 3
0.1 0.9044444444444445 1.62 0.3088888888888889 0.0 0.0 0.7217726791571563 0.1449840834441195 0.5767885957130368
0.1 1.0 2.96 0.0 0.96 0.0 1.33579807876085 0.3516173118595446 0.9841807669013056
0.1 0.9022222222222223 1.4955555555555555 0.42444444444444446 0.0 0.0 0.6874920234830096 0.1286285047224875 0.5588635187605222
0.1 1.0 2.9755555555555557 0.0 0.9755555555555555 0.0 1.3288188978320912 0.343464366570585 0.9853545312615063
0.1 0.9022222222222223 1.6355555555555557 0.29555555555555557 0.0 0.0 0.712556956447149 0.14923499519856906 0.5633219612485799
0.1 1.0 3.0 0.0 1.0 0.0 1.3997039195877252 0.39073557863384506 1.00896834095388
0 / 3
1 / 3
2 / 3
0.1 0.8977777777777778 1.6244444444444444 0.28888888888888886 0.0 0.0 0.732898130543363 0.1460145913195148 0.5868835392238482
0.1 1.0 3.0 0.0 1.0 0.0 1.4226574033226926 0.4077794564454958 1.014877946877197
0.1 0.9088888888888889 1.6044444444444443 0.31555555555555553 0.0 0.0 0.6982768158698914 0.13141605731567932 0.5668607585542121
0.1 1.0 3.0 0.0 1.0 0.0 1.3832488494454906 0.3800052517983887 1.0032435976471017
0.1 0.8777777777777778 1.4777777777777779 0.41333333333333333 0.0 0.0 0.6757708609012403 0.11292869667163004 0.5628421642296102
0.1 0.9955555555555555 2.8577777777777778 0.0044444444444444444 0.8622222222222222 0.0 1.3092434377952906 0.3350310504176582 0.9742123873776324
0 / 3
1 / 3
2 / 3
0.1 0.9044444444444445 1.66 0.26666666666666666 0.0 0.0 0.762620018906653 0.14607041952885227 0.6165495993778007
0.1 1.0 3.0 0.0 1.0 0.0 1.4351760352238285 0.427838159826068 1.0073378753977607
0.1 0.9088888888888889 1.5644444444444445 0.36 0.0 0.0 0.7529753313636826 0.1338212556851105 0.6191540756785718
0.1 1.0 3.0 0.0 1.0 0.0 1.447058719420542 0.4236248505171971 1.0234338689033449
0.1 0.9088888888888889 1.488888888888889 0.44222222222222224 0.0 0.0 0.7499484584268 0.13357472946185764 0.6163737289649422
0.1 1.0 3.0 0.0 1.0 0.0 1.4470546421250092 0.38925242363025364 1.0578022184947555
0 / 3
1 / 3
2 / 3
0.1 0.9088888888888889 1.6777777777777778 0.24888888888888888 0.0 0.0 0.7611030840858111 0.157695139948188 0.6034079441376231
0.1 1.0 3.0 0.0 1.0 0.0 1.405416046341908 0.4346339696754125 0.9707820766664955
0.1 0.9088888888888889 1.6444444444444444 0.2777777777777778 0.0 0.0 0.7403212380961923 0.14608199744387385 0.5942392406523186
0.1 1.0 3.0 0.0 1.0 0.0 1.3806701920429936 0.4155363923291725 0.9651337997138213
0.1 0.9044444444444445 1.6044444444444443 0.31333333333333335 0.0 0.0 0.7306947852193538 0.14303947950848883 0.587655305710865
0.1 1.0 3.0 0.0 1.0 0.0 1.3787740849576873 0.37251064383266125 1.0062634411250262
0 / 3
1 / 3
2 / 3
0.1 0.9044444444444445 1.4555555555555555 0.46444444444444444 0.0 0.0 0.7326251313467891 0.13651836062865014 0.596106770718139
0.1 1.0 3.0 0.0 1.0 0.0 1.425602616840108 0.4296557030798261 0.9959469137602817
0.1 0.9088888888888889 1.4288888888888889 0.4955555555555556 0.0 0.0 0.7107552798871255 0.11694436978949167 0.5938109100976339
0.1 1.0 3.0 0.0 1.0 0.0 1.4004284256739297 0.39575744424875003 1.0046709814251797
0.1 0.9066666666666666 1.3622222222222222 0.5577777777777778 0.0 0.0 0.6857841142020382 0.10062935585252158 0.5851547583495166
0.1 1.0 3.0 0.0 1.0 0.0 1.3576068771646073 0.3363848927850054 1.021221984379602
0 / 3
1 / 3
2 / 3
0.1 0.8733333333333333 1.308888888888889 0.58 0.0 0.0 0.6783803414143015 0.10824010994324179 0.5701402314710595
0.1 1.0 3.0 0.0 1.0 0.0 1.3625778994123245 0.4292853633392463 0.9332925360730784
0.1 0.88 1.2155555555555555 0.6711111111111111 0.0 0.0 0.6314330666934903 0.08889419702278532 0.5425388696707052
0.1 1.0 3.0 0.0 1.0 0.0 1.3559907943893093 0.428148013777937 0.9278427806113723
0.1 0.8733333333333333 1.1755555555555555 0.7044444444444444 0.0 0.0 0.6316749207768839 0.0849156586221213 0.5467592621547626
0.1 1.0 3.0 0.0 1.0 0.0 1.3148796744606503 0.3697296268807538 0.9451500475798966
0 / 3
1 / 3
2 / 3
0.1 0.8977777777777778 1.42 0.49777777777777776 0.0 0.0 0.6813648022718621 0.12219472835452615 0.5591700739173359
0.1 1.0 2.9755555555555557 0.0 0.9755555555555555 0.0 1.335410533517384 0.35437189537661634 0.9810386381407676
0.1 0.8933333333333333 1.3533333333333333 0.5533333333333333 0.0 0.0 0.6728680768817281 0.1069934676089071 0.5658746092728208
0.1 1.0 3.0 0.0 1.0 0.0 1.3533716384127252 0.36415401191422686 0.9892176264984982
0.1 0.8977777777777778 1.3222222222222222 0.5866666666666667 0.0 0.0 0.6736461393108977 0.10355646747705613 0.5700896718338415
0.1 0.9911111111111112 2.8755555555555556 0.0022222222222222222 0.88 0.0 1.3313072452366035 0.32613777874245303 1.0051694664941506
0 / 3
1 / 3
2 / 3
0.1 0.9 1.5666666666666667 0.35333333333333333 0.0 0.0 0.7568847258005409 0.14186017809376403 0.6150245477067768
0.1 1.0 3.0 0.0 1.0 0.0 1.369413467370513 0.3939341603277374 0.9754793070427753
0.1 0.8977777777777778 1.488888888888889 0.42444444444444446 0.0 0.0 0.7340534644187113 0.12628650660452387 0.6077669578141873
0.1 1.0 3.0 0.0 1.0 0.0 1.3484239104033684 0.3694445013776172 0.9789794090257509
0.1 0.8844444444444445 1.3955555555555557 0.5044444444444445 0.0 0.0 0.7096220285539909 0.10680573809052775 0.6028162904634633
0.1 1.0 3.0 0.0 1.0 0.0 1.4022014638131208 0.41505878148862013 0.9871426823245006
101
The best KBinsDiscretizer strategy is: kmeans
The best bins strategy is: stone, with: 5 bins
The best number of bins for D is: 5. Bins: 5
0 / 4
1 / 4
2 / 4
3 / 4
0.1 0.9488888888888889 1.3622222222222222 0.7933333333333333 0.0 0.0 1.2624147533352554 0.0964721437039003 1.1659426096313552
0.1 1.0 5.0 0.0 1.0 0.0 1.9670814619040236 0.8006388949895424 1.166442566914481
0.1 0.9288888888888889 1.1111111111111112 0.82 0.0 0.0 0.8259436134972888 0.051079316653320196 0.7748642968439685
0.1 0.9844444444444445 4.591111111111111 0.0 0.6555555555555556 0.0 1.9132682671565049 0.5456998229865824 1.3675684441699225
0.1 0.9 0.9711111111111111 0.8733333333333333 0.0 0.05555555555555555 0.5698482340909689 0.03973561450371968 0.5301126195872492
0.1 0.9533333333333334 0.9955555555555555 0.9533333333333334 0.0 0.0044444444444444444 1.5172429639753147 0.1549153537483367 1.3623276102269781
0.1 0.9133333333333333 1.5377777777777777 0.39111111111111113 0.0 0.051111111111111114 0.6282928189862422 0.10547381205116967 0.5228190069350724
0.1 0.9444444444444444 1.0244444444444445 0.92 0.0 0.006666666666666667 1.4657754940110759 0.15880684057620537 1.3069686534348703
0 / 4
1 / 4
2 / 4
3 / 4
0.1 0.9422222222222222 1.3422222222222222 0.7866666666666666 0.0 0.0 1.2457518271937775 0.10115330395590603 1.1445985232378715
0.1 0.9733333333333334 3.7066666666666666 0.015555555555555555 0.20666666666666667 0.0 1.65939820323295 0.5105106511461891 1.1488875520867607
0.1 0.9444444444444444 1.0733333333333333 0.8266666666666667 0.0 0.04666666666666667 0.8667186709271262 0.07419234845856854 0.7925263224685576
0.1 0.9955555555555555 1.2733333333333334 0.7866666666666666 0.0 0.0 1.2386424117796322 0.06959289117398505 1.1690495206056468
0.1 0.9 0.9777777777777777 0.8888888888888888 0.0 0.03777777777777778 0.5858685208617279 0.046711893098845145 0.5391566277628826
0.1 0.9377777777777778 0.9911111111111112 0.9288888888888889 0.0 0.017777777777777778 1.4309198053440033 0.11447363247862063 1.3164461728653827
0.1 0.9022222222222223 0.9466666666666667 0.88 0.0 0.07777777777777778 0.599579172558427 0.057740957207459524 0.5418382153509674
0.1 0.9488888888888889 1.0133333333333334 0.9377777777777778 0.0 0.0022222222222222222 1.4592447783460334 0.11446923130141279 1.3447755470446205
0 / 4
1 / 4
2 / 4
3 / 4
0.1 0.9444444444444444 1.2955555555555556 0.7955555555555556 0.0 0.0 1.257673440448996 0.09170396340179261 1.1659694770472036
0.1 0.9555555555555556 1.4088888888888889 0.7955555555555556 0.0 0.0 1.5526633198018873 0.36366595579863187 1.1889973640032556
0.1 0.9222222222222223 1.1044444444444443 0.82 0.0 0.0 0.8047490828684969 0.055544607351532285 0.7492044755169647
0.1 0.96 1.1666666666666667 0.8222222222222222 0.0 0.0 1.3376587821767976 0.12793599249597207 1.2097227896808251
0.1 0.9133333333333333 1.04 0.8355555555555556 0.0 0.04 0.752806837113602 0.07354274529464927 0.6792640918189528
0.1 0.98 3.5866666666666664 0.015555555555555555 0.17333333333333334 0.0 1.777921279809759 0.440681289396558 1.3372399904132009
0.1 0.8888888888888888 1.3022222222222222 0.5466666666666666 0.0 0.04888888888888889 0.5961669918310772 0.09209447475040929 0.5040725170806679
0.1 0.94 0.9666666666666667 0.94 0.0 0.03333333333333333 1.5872857161929685 0.15166562260819072 1.4356200935847776
0 / 4
1 / 4
2 / 4
3 / 4
0.1 0.9266666666666666 1.2066666666666668 0.7933333333333333 0.0 0.0 1.2481624058389884 0.08649955289571276 1.1616628529432758
0.1 1.0 5.0 0.0 1.0 0.0 2.0725025747423573 0.8987760878435602 1.173726486898797
0.1 0.9511111111111111 1.1466666666666667 0.8222222222222222 0.0 0.0 0.8305715098808435 0.09166728371902483 0.7389042261618186
0.1 0.9866666666666667 1.1777777777777778 0.8222222222222222 0.0 0.0 1.4520307437565207 0.25297740633871046 1.1990533374178103
0.1 0.9155555555555556 0.9666666666666667 0.8933333333333333 0.0 0.06 0.5951874535592276 0.10671784266567244 0.48846961089355523
0.1 0.9711111111111111 0.9933333333333333 0.9711111111111111 0.0 0.006666666666666667 1.4790446050288564 0.1539772341550657 1.325067370873791
0.1 0.9066666666666666 1.288888888888889 0.58 0.0 0.03777777777777778 0.6209675585347835 0.13443361860905376 0.4865339399257297
0.1 0.9733333333333334 0.9911111111111112 0.9733333333333334 0.0 0.008888888888888889 1.4814665618626164 0.11019959426556568 1.3712669675970508
0 / 4
1 / 4
2 / 4
3 / 4
0.1 0.9466666666666667 1.3577777777777778 0.7933333333333333 0.0 0.0 1.2641500534010732 0.09601920502937389 1.1681308483716992
0.1 0.9933333333333333 4.466666666666667 0.0 0.5688888888888889 0.0 1.6959035100076525 0.5310384904867516 1.164865019520901
0.1 0.9266666666666666 1.1088888888888888 0.82 0.0 0.0 0.8178135247585058 0.06565236131542841 0.7521611634430772
0.1 0.9711111111111111 1.1755555555555555 0.82 0.0 0.0 1.3745348468715721 0.1721263678374215 1.2024084790341512
0.1 0.8755555555555555 0.9266666666666666 0.8688888888888889 0.0 0.08 0.5488540838834193 0.061844148276968915 0.4870099356064504
0.1 0.9511111111111111 0.9955555555555555 0.9511111111111111 0.0 0.0044444444444444444 1.415284972871078 0.09088526036316255 1.3243997125079154
0.1 0.9 0.9733333333333334 0.8844444444444445 0.0 0.044444444444444446 0.5669622650536384 0.07716038911282158 0.4898018759408168
0.1 0.9555555555555556 0.9822222222222222 0.9555555555555556 0.0 0.017777777777777778 1.4937547865537044 0.08935999300275276 1.4043947935509515
0 / 4
1 / 4
2 / 4
3 / 4
0.1 0.9355555555555556 1.3444444444444446 0.7822222222222223 0.0 0.0 1.2402221619761673 0.10181316729967527 1.1384089946764917
0.1 1.0 5.0 0.0 1.0 0.0 1.900653673084488 0.7342887281905529 1.166364944893935
0.1 0.9644444444444444 1.9 0.4622222222222222 0.0 0.0 0.9931479219334428 0.22959159263280696 0.763556329300636
0.1 0.9911111111111112 4.637777777777778 0.0 0.6777777777777778 0.0 1.831460601211696 0.5443899241906881 1.2870706770210079
0.1 0.92 1.68 0.5222222222222223 0.0 0.04888888888888889 0.7161410794865664 0.1966938566239813 0.519447222862585
0.1 0.9555555555555556 0.9977777777777778 0.9555555555555556 0.0 0.0022222222222222222 1.6055490801153665 0.26299455826988316 1.3425545218454833
0.1 0.9177777777777778 2.46 0.04888888888888889 0.0 0.017777777777777778 0.8157959519632804 0.2997264296946677 0.5160695222686128
0.1 0.96 1.0 0.96 0.0 0.0 1.6175203168286882 0.26120399348624995 1.356316323342438
0 / 4
1 / 4
2 / 4
3 / 4
0.1 0.9377777777777778 1.3 0.7844444444444445 0.0 0.0 1.2464928355661928 0.09434241102148883 1.152150424544704
0.1 0.9911111111111112 4.102222222222222 0.0044444444444444444 0.33555555555555555 0.0 1.642734693491525 0.4995780629698524 1.143156630521672
0.1 0.9311111111111111 1.0422222222222222 0.8222222222222222 0.0 0.06666666666666667 0.8291018878801848 0.06615207443371612 0.7629498134464686
0.1 0.9644444444444444 3.3044444444444445 0.03111111111111111 0.10444444444444445 0.0 1.7864940307017494 0.42182151092904 1.3646725197727092
0.1 0.9 0.9311111111111111 0.8888888888888888 0.0 0.08222222222222222 0.5412694233258453 0.039347005392022544 0.5019224179338228
0.1 0.9511111111111111 0.9977777777777778 0.9511111111111111 0.0 0.0022222222222222222 1.4249906481252106 0.06825968276292378 1.3567309653622865
0.1 0.9044444444444445 1.2066666666666668 0.7422222222222222 0.0 0.03777777777777778 0.6113100874251054 0.09980664245301991 0.5115034449720856
0.1 0.9577777777777777 0.9955555555555555 0.9577777777777777 0.0 0.0044444444444444444 1.407503600592283 0.09339773504075086 1.314105865551532
0 / 4
1 / 4
2 / 4
3 / 4
0.1 0.9533333333333334 1.3933333333333333 0.7933333333333333 0.0 0.0 1.2547480232079695 0.09888281435353125 1.155865208854438
0.1 0.9555555555555556 1.4133333333333333 0.7933333333333333 0.0 0.0 1.5596672272413177 0.37496690320140147 1.1847003240399159
0.1 0.9488888888888889 1.0777777777777777 0.8333333333333334 0.0 0.03777777777777778 0.8509125324783521 0.0834483057313109 0.7674642267470411
0.1 0.9666666666666667 1.2377777777777779 0.7466666666666667 0.0 0.0 1.5766710005815103 0.3124554702177981 1.264215530363712
0.1 0.9311111111111111 1.0333333333333334 0.88 0.0 0.024444444444444446 0.5868771062713556 0.07905840525861142 0.5078187010127441
0.1 0.96 1.0377777777777777 0.9288888888888889 0.0 0.0 1.4358960600354604 0.11493206341324917 1.3209639966222115
0.1 0.9222222222222223 1.4644444444444444 0.47555555555555556 0.0 0.03111111111111111 0.6586273209149307 0.14202540549487833 0.5166019154200524
0.1 0.96 1.0444444444444445 0.92 0.0 0.0 1.5195707706995785 0.20114207573592757 1.3184286949636508
0 / 4
1 / 4
2 / 4
3 / 4
0.1 0.9355555555555556 1.3755555555555556 0.7822222222222223 0.0 0.0 1.2533457616043506 0.10247070314247335 1.1508750584618774
0.1 0.9644444444444444 3.6222222222222222 0.013333333333333334 0.19111111111111112 0.0 1.6743307007751982 0.5112960746602745 1.1630346261149236
0.1 0.9488888888888889 1.0777777777777777 0.8333333333333334 0.0 0.03777777777777778 0.8488864014913577 0.07236093656713292 0.7765254649242248
0.1 0.9755555555555555 2.5533333333333332 0.14444444444444443 0.015555555555555555 0.0 1.6459731725882654 0.37577624790630604 1.2701969246819593
0.1 0.9066666666666666 1.0044444444444445 0.8844444444444445 0.0 0.02 0.6364792323633005 0.0952097297029611 0.5412695026603396
0.1 0.94 0.9733333333333334 0.94 0.0 0.02666666666666667 1.3880946390163253 0.09346355188053884 1.2946310871357865
0.1 0.9111111111111111 0.9911111111111112 0.8911111111111111 0.0 0.028888888888888888 0.6384104379715707 0.09853412890962308 0.5398763090619478
0.1 0.9288888888888889 0.94 0.9288888888888889 0.0 0.06 1.3945148368554465 0.0502848144056393 1.3442300224498074
0 / 4
1 / 4
2 / 4
3 / 4
0.1 0.9266666666666666 1.28 0.7822222222222223 0.0 0.0 1.2367853407136962 0.09267067720209238 1.1441146635116037
0.1 0.9711111111111111 3.7711111111111113 0.0022222222222222222 0.23333333333333334 0.0 1.6085161272174207 0.4652323537063396 1.143283773511081
0.1 0.9355555555555556 1.048888888888889 0.8222222222222222 0.0 0.06444444444444444 0.8302268596608186 0.0626697424833041 0.7675571171775144
0.1 0.9444444444444444 1.1733333333333333 0.7977777777777778 0.0 0.0 1.3409050620165637 0.19056958617622743 1.1503354758403361
0.1 0.8911111111111111 0.94 0.8666666666666667 0.0 0.08888888888888889 0.5826677677782653 0.0604206961137515 0.5222470716645139
0.1 0.9555555555555556 0.9844444444444445 0.9555555555555556 0.0 0.015555555555555555 1.4576083205877925 0.11053015651863766 1.347078164069155
0.1 0.8977777777777778 0.9866666666666667 0.8577777777777778 0.0 0.05333333333333334 0.6063364415512787 0.08021886668526877 0.5261175748660101
0.1 0.94 0.9511111111111111 0.94 0.0 0.04888888888888889 1.5099156404532539 0.08793902397053605 1.4219766164827181
0 / 4
1 / 4
2 / 4
3 / 4
0.1 0.9355555555555556 1.2955555555555556 0.7911111111111111 0.0 0.0 1.2561812647163613 0.0923602329712453 1.163821031745116
0.1 1.0 5.0 0.0 1.0 0.0 1.9344224158957528 0.7647946430754741 1.169627772820279
0.1 0.9333333333333333 1.0422222222222222 0.8266666666666667 0.0 0.06444444444444444 0.8485256091760736 0.06756121227463838 0.7809643969014353
0.1 0.9955555555555555 4.737777777777778 0.0 0.7622222222222222 0.0 1.9217252622112007 0.561005141512295 1.3607201206989061
0.1 0.9022222222222223 0.9955555555555555 0.8711111111111111 0.0 0.04 0.6110463636722291 0.06603485585441933 0.5450115078178098
0.1 0.9444444444444444 0.9933333333333333 0.9444444444444444 0.0 0.006666666666666667 1.4710579257482923 0.1319161423218939 1.339141783426399
0.1 0.9022222222222223 1.0555555555555556 0.8555555555555555 0.0 0.011111111111111112 0.6552675596675636 0.10855996103330123 0.5467075986342623
0.1 0.9266666666666666 0.94 0.9266666666666666 0.0 0.06 1.5284387372413746 0.15476514175326175 1.373673595488113
0 / 4
1 / 4
2 / 4
3 / 4
0.1 0.9266666666666666 1.2644444444444445 0.7888888888888889 0.0 0.0 1.2517119930050706 0.09030981233770556 1.1614021806673651
0.1 1.0 5.0 0.0 1.0 0.0 1.8622259262245013 0.6885543233685034 1.1736716028559977
0.1 0.9377777777777778 1.1244444444444444 0.82 0.0 0.0 0.8460183183267602 0.07523213228919026 0.77078618603757
0.1 0.9911111111111112 1.24 0.82 0.0 0.0 1.32920013835226 0.10437898398707472 1.2248211543651855
0.1 0.88 0.9155555555555556 0.8777777777777778 0.0 0.08666666666666667 0.5651526831597798 0.05253006044761853 0.5126226227121612
0.1 0.9466666666666667 0.9933333333333333 0.9466666666666667 0.0 0.006666666666666667 1.4127225799332372 0.09304383583336298 1.319678744099874
0.1 0.9 1.14 0.7911111111111111 0.0 0.06 0.6028239554839133 0.09079053480801481 0.5120334206758985
0.1 0.9244444444444444 0.9888888888888889 0.9244444444444444 0.0 0.011111111111111112 1.3768340522687423 0.09190956089890878 1.2849244913698337
0 / 4
1 / 4
2 / 4
3 / 4
0.1 0.9177777777777778 1.231111111111111 0.78 0.0 0.0 1.2574542048722939 0.09310279911096407 1.1643514057613296
0.1 0.9555555555555556 1.44 0.78 0.0 0.0 1.5441041244379843 0.3733623832164086 1.1707417412215757
0.1 0.9266666666666666 1.1511111111111112 0.78 0.0 0.0 0.8269981842476108 0.07442545066266196 0.752572733584949
0.1 0.9733333333333334 1.1733333333333333 0.8222222222222222 0.0 0.0 1.3363301801043634 0.13226108962874686 1.2040690904756164
0.1 0.9022222222222223 0.9777777777777777 0.8666666666666667 0.0 0.06666666666666667 0.5732885122202693 0.07930231309141453 0.4939861991288548
0.1 0.9666666666666667 0.9977777777777778 0.9666666666666667 0.0 0.0022222222222222222 1.3747348908561277 0.07081947460552471 1.303915416250603
0.1 0.9088888888888889 0.9488888888888889 0.8955555555555555 0.0 0.06666666666666667 0.5697595347525074 0.07562869870651825 0.4941308360459891
0.1 0.9377777777777778 0.9555555555555556 0.9377777777777778 0.0 0.044444444444444446 1.4139774993510132 0.024391789188303696 1.3895857101627098
0 / 4
1 / 4
2 / 4
3 / 4
0.1 0.9177777777777778 1.2155555555555555 0.7844444444444445 0.0 0.0 1.2356844369760076 0.08660033993897717 1.1490840970370304
0.1 0.9555555555555556 1.431111111111111 0.7844444444444445 0.0 0.0 1.5450346517576592 0.3669261735454962 1.1781084782121631
0.1 0.9333333333333333 1.1133333333333333 0.8222222222222222 0.0 0.0 0.8379386847589032 0.07840315817509899 0.7595355265838041
0.1 0.9977777777777778 1.2422222222222221 0.8222222222222222 0.0 0.0 1.3050510568356495 0.10454926863661629 1.2005017881990332
0.1 0.8977777777777778 0.9844444444444445 0.8688888888888889 0.0 0.051111111111111114 0.5780885721439799 0.07496537697827206 0.5031231951657079
0.1 0.9444444444444444 0.9844444444444445 0.9444444444444444 0.0 0.015555555555555555 1.4976154408977491 0.15592729661640936 1.3416881442813398
0.1 0.9088888888888889 1.0133333333333334 0.8688888888888889 0.0 0.028888888888888888 0.5793741273088397 0.07853672680953862 0.500837400499301
0.1 0.9444444444444444 0.9644444444444444 0.9444444444444444 0.0 0.035555555555555556 1.523592830555344 0.15501128484892857 1.368581545706415
0 / 4
1 / 4
2 / 4
3 / 4
0.1 0.9266666666666666 1.3 0.7844444444444445 0.0 0.0 1.242773535955977 0.0946066866148621 1.148166849341115
0.1 1.0 5.0 0.0 1.0 0.0 1.8137324339916359 0.6620607998989512 1.1516716340926847
0.1 0.9266666666666666 1.0333333333333334 0.8222222222222222 0.0 0.07111111111111111 0.8277866728653359 0.06345570362139198 0.7643309692439437
0.1 0.9688888888888889 1.1866666666666668 0.7977777777777778 0.0 0.0 1.331397297553493 0.1720205795093757 1.1593767180441172
0.1 0.8955555555555555 0.9333333333333333 0.8777777777777778 0.0 0.08666666666666667 0.5442805132076903 0.04708048600368435 0.497200027204006
0.1 0.9155555555555556 0.9422222222222222 0.9155555555555556 0.0 0.057777777777777775 1.4020291643472746 0.0677646280558897 1.334264536291385
0.1 0.9 1.4088888888888889 0.4622222222222222 0.0 0.03111111111111111 0.6472782199523579 0.1337954026077563 0.5134828173446015
0.1 0.9355555555555556 0.9866666666666667 0.9355555555555556 0.0 0.013333333333333334 1.4673014240636217 0.1790371222785336 1.2882643017850877
0 / 4
1 / 4
2 / 4
3 / 4
0.1 0.9622222222222222 1.4666666666666666 0.7911111111111111 0.0 0.0 1.2551049938631296 0.10416680288442105 1.1509381909787086
0.1 0.9555555555555556 1.4177777777777778 0.7911111111111111 0.0 0.0 1.5451533144783045 0.3796503902511631 1.1655029242271413
0.1 0.94 1.0666666666666667 0.8288888888888889 0.0 0.044444444444444446 0.8852316421785433 0.08519267704074192 0.8000389651378014
0.1 0.9777777777777777 1.1755555555555555 0.8222222222222222 0.0 0.0 1.4174859796805879 0.21621206400461548 1.2012739156759724
0.1 0.8955555555555555 0.9288888888888889 0.8866666666666667 0.0 0.08 0.6273359124178589 0.07201302374191318 0.5553228886759457
0.1 0.9622222222222222 1.0 0.9622222222222222 0.0 0.0 1.5265834189790712 0.1738183064118716 1.3527651125671996
0.1 0.8955555555555555 0.9355555555555556 0.8888888888888888 0.0 0.07333333333333333 0.6242791856820914 0.07170988930238902 0.5525692963797023
0.1 0.9711111111111111 0.9911111111111112 0.9711111111111111 0.0 0.008888888888888889 1.5129850378479661 0.13240982739835588 1.3805752104496105
0 / 4
1 / 4
2 / 4
3 / 4
0.1 0.9422222222222222 1.3288888888888888 0.7933333333333333 0.0 0.0 1.262551720192314 0.09274272045238366 1.1698089997399301
0.1 0.9955555555555555 4.9222222222222225 0.0 0.9244444444444444 0.0 1.8019709479731278 0.6367673208704974 1.1652036271026307
0.1 0.9333333333333333 1.0622222222222222 0.82 0.0 0.05333333333333334 0.8335567313997063 0.08052444935346857 0.7530322820462374
0.1 0.9955555555555555 1.2444444444444445 0.82 0.0 0.0 1.3224651954760989 0.12306950335989868 1.1993956921162
0.1 0.9222222222222223 1.0355555555555556 0.82 0.0 0.06888888888888889 0.7786676850751686 0.08677656175862807 0.6918911233165405
0.1 0.9777777777777777 1.1977777777777778 0.8177777777777778 0.0 0.0 1.392196013042778 0.19152651605132753 1.2006694969914504
0.1 0.9155555555555556 0.94 0.9133333333333333 0.0 0.06222222222222222 0.5697644894518036 0.06532677655023421 0.5044377129015695
0.1 0.9511111111111111 0.96 0.9511111111111111 0.0 0.04 1.4987813292395933 0.10982048377342457 1.3889608454661688
0 / 4
1 / 4
2 / 4
3 / 4
0.1 0.9466666666666667 1.3666666666666667 0.8 0.0 0.0 1.236927332335046 0.09594014937032964 1.1409871829647165
0.1 1.0 5.0 0.0 1.0 0.0 1.8895605535537712 0.7203135235307067 1.1692470300230646
0.1 0.9377777777777778 1.1533333333333333 0.8 0.0 0.0 0.8900828309883984 0.10873635725684759 0.7813464737315508
0.1 0.9733333333333334 1.1622222222222223 0.8311111111111111 0.0 0.0 1.4295882750554316 0.21151641816659789 1.2180718568888336
0.1 0.9155555555555556 1.7266666666666666 0.5355555555555556 0.0 0.0 0.7136593307858803 0.18887726944244113 0.5247820613434391
0.1 0.9333333333333333 0.9777777777777777 0.9333333333333333 0.0 0.022222222222222223 1.490918944931511 0.13461530140656056 1.3563036435249505
0.1 0.9155555555555556 2.013333333333333 0.38222222222222224 0.0 0.006666666666666667 0.783082709569131 0.255112601984753 0.5279701075843779
0.1 0.9333333333333333 0.9466666666666667 0.9333333333333333 0.0 0.05333333333333334 1.527335376948815 0.13272696159670622 1.3946084153521088
0 / 4
1 / 4
2 / 4
3 / 4
0.1 0.9444444444444444 1.3222222222222222 0.7888888888888889 0.0 0.0 1.2380396613669928 0.09416629139852876 1.143873369968464
0.1 0.9555555555555556 1.4222222222222223 0.7888888888888889 0.0 0.0 1.5468387173012685 0.3763485488432279 1.1704901684580407
0.1 0.9222222222222223 1.1044444444444443 0.82 0.0 0.0 0.8124603193206074 0.05152094403268353 0.7609393752879239
0.1 0.9888888888888889 4.2844444444444445 0.0044444444444444444 0.4711111111111111 0.0 1.8585285352037464 0.5033234427577723 1.3552050924459742
0.1 0.9044444444444445 0.9666666666666667 0.8822222222222222 0.0 0.057777777777777775 0.5569698168971117 0.03739395020023274 0.5195758666968788
0.1 0.92 0.9688888888888889 0.92 0.0 0.03111111111111111 1.4136248909768245 0.0687597699009702 1.3448651210758542
0.1 0.8777777777777778 1.32 0.4955555555555556 0.0 0.08 0.6698982812840445 0.14685268339001598 0.5230455978940284
0.1 0.9288888888888889 0.9422222222222222 0.9288888888888889 0.0 0.057777777777777775 1.4760979100102634 0.06938469668774452 1.4067132133225189
0 / 4
1 / 4
2 / 4
3 / 4
0.1 0.9444444444444444 1.3266666666666667 0.7911111111111111 0.0 0.0 1.2583827540559993 0.09440732317447015 1.1639754308815293
0.1 0.9733333333333334 3.417777777777778 0.02 0.11333333333333333 0.0 1.674904536586905 0.48792377450489566 1.1869807620820094
0.1 0.9288888888888889 1.0422222222222222 0.8222222222222222 0.0 0.06666666666666667 0.839612456814035 0.06690020664954392 0.7727122501644911
0.1 0.9711111111111111 1.18 0.82 0.0 0.0 1.3702543344547025 0.1733957392727671 1.196858595181935
0.1 0.9066666666666666 1.0244444444444445 0.8688888888888889 0.0 0.022222222222222223 0.5831817320526794 0.0715371590025851 0.5116445730500943
0.1 0.9533333333333334 0.9955555555555555 0.9533333333333334 0.0 0.0044444444444444444 1.4047602816572033 0.07074164425777367 1.3340186373994296
0.1 0.8977777777777778 0.9933333333333333 0.8622222222222222 0.0 0.044444444444444446 0.5987509554852103 0.09160292053620703 0.5071480349490033
0.1 0.9555555555555556 0.9866666666666667 0.9555555555555556 0.0 0.013333333333333334 1.3787735148329159 0.04878382373253988 1.329989691100376
0 / 4
1 / 4
2 / 4
3 / 4
0.1 0.94 1.3777777777777778 0.78 0.0 0.0 1.240550272020965 0.10212721284618016 1.1384230591747848
0.1 0.9644444444444444 3.88 0.008888888888888889 0.27555555555555555 0.0 1.702234318430818 0.527945702186661 1.1742886162441568
0.1 0.9333333333333333 1.0555555555555556 0.82 0.0 0.06 0.833940811786066 0.05693504438732258 0.7770057673987435
0.1 0.9777777777777777 1.22 0.78 0.0 0.0 1.3114857789643184 0.15825388150499384 1.1532318974593248
0.1 0.9133333333333333 1.011111111111111 0.82 0.0 0.08444444444444445 0.756154237651799 0.058070595161915164 0.6980836424898839
0.1 0.98 1.2177777777777778 0.78 0.0 0.0 1.328405792688242 0.1759016122149283 1.1525041804733138
0.1 0.8933333333333333 0.92 0.8844444444444445 0.0 0.09777777777777778 0.6135794614355348 0.08587031167286543 0.5277091497626694
0.1 0.9666666666666667 1.0 0.9666666666666667 0.0 0.0 1.4046033580378292 0.04637060461502975 1.3582327534227998
0 / 4
1 / 4
2 / 4
3 / 4
0.1 0.9444444444444444 1.3488888888888888 0.7911111111111111 0.0 0.0 1.2579375434694662 0.09603339416189684 1.1619041493075692
0.1 1.0 5.0 0.0 1.0 0.0 1.8595010016863818 0.6946791130629706 1.1648218886234112
0.1 0.9377777777777778 1.068888888888889 0.8244444444444444 0.0 0.04666666666666667 0.8274474263964708 0.07346864881341876 0.7539787775830519
0.1 0.9933333333333333 1.24 0.82 0.0 0.0 1.3097309384075455 0.10532823339271552 1.20440270501483
0.1 0.9 0.9222222222222223 0.8888888888888888 0.0 0.08888888888888889 0.5713658672995424 0.06519194787220836 0.506173919427334
0.1 0.9688888888888889 0.9977777777777778 0.9688888888888889 0.0 0.0022222222222222222 1.5357642660761075 0.1328323372601557 1.4029319288159519
0.1 0.9044444444444445 0.9711111111111111 0.8888888888888888 0.0 0.044444444444444446 0.5684576200732442 0.06762837052689716 0.500829249546347
0.1 0.9577777777777777 0.9733333333333334 0.9577777777777777 0.0 0.02666666666666667 1.4907037568525576 0.0887398453876898 1.4019639114648674
0 / 4
1 / 4
2 / 4
3 / 4
0.1 0.9177777777777778 1.3222222222222222 0.7733333333333333 0.0 0.0 1.2470094826310185 0.10296072127106459 1.144048761359954
0.1 1.0 5.0 0.0 1.0 0.0 1.7926570807155444 0.6529796583161291 1.1396774223994155
0.1 0.94 1.1044444444444443 0.78 0.0 0.057777777777777775 0.8213071185026911 0.07295368736199587 0.7483534311406952
0.1 0.9488888888888889 2.6444444444444444 0.11555555555555555 0.03111111111111111 0.0 1.6655526214133116 0.38217754209571597 1.283375079317596
0.1 0.92 0.9644444444444444 0.8888888888888888 0.0 0.06888888888888889 0.5872416745591544 0.06543565542374728 0.5218060191354074
0.1 0.9266666666666666 0.9555555555555556 0.9266666666666666 0.0 0.044444444444444446 1.5880481676304516 0.1972888073202481 1.3907593603102038
0.1 0.8977777777777778 0.9911111111111112 0.8555555555555555 0.0 0.05555555555555555 0.602232792527677 0.09178450720303746 0.5104482853246394
0.1 0.9377777777777778 0.9577777777777777 0.9377777777777778 0.0 0.042222222222222223 1.544489677735555 0.13126374312604439 1.4132259346095108
0 / 4
1 / 4
2 / 4
3 / 4
0.1 0.9244444444444444 1.2622222222222221 0.7822222222222223 0.0 0.0 1.254363325575376 0.09354104282561455 1.1608222827497614
0.1 1.0 5.0 0.0 1.0 0.0 1.8312314299021935 0.6537243150772468 1.177507114824947
0.1 0.9444444444444444 1.0777777777777777 0.8288888888888889 0.0 0.04 0.7951171092381262 0.06608882651019361 0.7290282827279326
0.1 0.9911111111111112 3.997777777777778 0.0044444444444444444 0.3288888888888889 0.0 1.8542430795584952 0.4778206799175185 1.3764223996409768
0.1 0.9133333333333333 0.9933333333333333 0.8933333333333333 0.0 0.028888888888888888 0.5310375247531338 0.0544051868661694 0.47663233788696446
0.1 0.9533333333333334 0.9866666666666667 0.9533333333333334 0.0 0.013333333333333334 1.4207137633525182 0.09216384890402199 1.3285499144484962
0.1 0.8888888888888888 1.3822222222222222 0.5022222222222222 0.0 0.02 0.6346968010369423 0.15091088021345658 0.4837859208234857
0.1 0.9622222222222222 0.9911111111111112 0.9622222222222222 0.0 0.008888888888888889 1.488052212004961 0.08838896899879882 1.3996632430061624
0 / 4
1 / 4
2 / 4
3 / 4
0.1 0.9466666666666667 1.3488888888888888 0.7933333333333333 0.0 0.0 1.267269521737509 0.09746572753176505 1.1698037942057438
0.1 1.0 5.0 0.0 1.0 0.0 2.3847073771364378 0.9560676989591937 1.4286396781772435
0.1 0.9244444444444444 1.1022222222222222 0.8222222222222222 0.0 0.0 0.8241238464673892 0.07216157506299542 0.751962271404394
0.1 0.9777777777777777 1.1733333333333333 0.8222222222222222 0.0 0.0 1.4113549493448256 0.19833024756595327 1.2130247017788724
0.1 0.9 0.9422222222222222 0.8777777777777778 0.0 0.08222222222222222 0.5610160620375101 0.0628550487378361 0.498161013299674
0.1 0.9466666666666667 0.9666666666666667 0.9466666666666667 0.0 0.03333333333333333 1.5041676045413048 0.15650352706087245 1.3476640774804325
0.1 0.9022222222222223 0.9844444444444445 0.8822222222222222 0.0 0.035555555555555556 0.5677520455628905 0.06973135266851836 0.4980206928943722
0.1 0.9333333333333333 0.94 0.9333333333333333 0.0 0.06 1.5195481293804274 0.13148573271268332 1.388062396667744
0 / 4
1 / 4
2 / 4
3 / 4
0.1 0.9288888888888889 1.2933333333333332 0.7888888888888889 0.0 0.0 1.2428948574051162 0.09165615227411188 1.1512387051310042
0.1 0.98 3.8955555555555557 0.013333333333333334 0.2866666666666667 0.0 1.6906597535208785 0.5214081759742605 1.169251577546618
0.1 0.9222222222222223 1.1044444444444443 0.82 0.0 0.0 0.8404612605463224 0.06321698301591727 0.7772442775304053
0.1 0.9911111111111112 1.251111111111111 0.82 0.0 0.0 1.2703240498764012 0.0827976987599683 1.187526351116433
0.1 0.9133333333333333 1.0444444444444445 0.82 0.0 0.051111111111111114 0.7473786131319329 0.06167537932522884 0.685703233806704
0.1 0.9755555555555555 3.517777777777778 0.024444444444444446 0.14222222222222222 0.0 1.7722348833173305 0.4381043818636472 1.3341305014536833
0.1 0.8911111111111111 0.9822222222222222 0.8822222222222222 0.0 0.035555555555555556 0.5637540932333498 0.056060467147494936 0.5076936260858549
0.1 0.9422222222222222 0.9511111111111111 0.9422222222222222 0.0 0.04888888888888889 1.4310163297642435 0.045645218783986106 1.3853711109802576
0 / 4
1 / 4
2 / 4
3 / 4
0.1 0.9511111111111111 1.3777777777777778 0.7955555555555556 0.0 0.0 1.2427306780426475 0.09688552601310009 1.1458451520295472
0.1 0.9955555555555555 4.622222222222222 0.0 0.6755555555555556 0.0 1.7781526769525562 0.6036992538785367 1.1744534230740193
0.1 0.9311111111111111 1.1422222222222222 0.7955555555555556 0.0 0.0 0.8519591355302127 0.10224240368984333 0.7497167318403695
0.1 0.9755555555555555 1.2866666666666666 0.8222222222222222 0.0 0.0 1.436681308313699 0.22254789757806084 1.214133410735638
0.1 0.9 1.2955555555555556 0.5488888888888889 0.0 0.06888888888888889 0.6267268877254131 0.13761915128975105 0.48910773643566197
0.1 0.9577777777777777 1.0 0.9577777777777777 0.0 0.0 1.5012712092475577 0.1737654635146788 1.327505745732879
0.1 0.8911111111111111 1.4288888888888889 0.4777777777777778 0.0 0.03333333333333333 0.6328494694720878 0.14653478760124336 0.4863146818708444
0.1 0.9244444444444444 0.9422222222222222 0.9244444444444444 0.0 0.057777777777777775 1.5158000608611417 0.1306004915656031 1.3851995692955388
0 / 4
1 / 4
2 / 4
3 / 4
0.1 0.9444444444444444 1.288888888888889 0.7977777777777778 0.0 0.0 1.250717013933284 0.08951655006985698 1.1612004638634268
0.1 0.9955555555555555 4.793333333333333 0.0 0.8088888888888889 0.0 1.8051297570514138 0.6139950489749781 1.1911347080764354
0.1 0.9311111111111111 1.048888888888889 0.82 0.0 0.06444444444444444 0.8449431043930368 0.06981247654123891 0.7751306278517978
0.1 0.9622222222222222 2.6666666666666665 0.12222222222222222 0.02 0.0 1.773393766328961 0.3795808249411963 1.3938129413877647
0.1 0.9266666666666666 1.0644444444444445 0.82 0.0 0.04666666666666667 0.7745279272138669 0.06753654709249747 0.7069913801213695
0.1 0.9844444444444445 4.386666666666667 0.0 0.52 0.0 1.8306330860420283 0.521924381745544 1.308708704296484
0.1 0.9088888888888889 1.0 0.8688888888888889 0.0 0.044444444444444446 0.5912778877397045 0.061310943087039896 0.5299669446526647
0.1 0.9444444444444444 0.9577777777777777 0.9444444444444444 0.0 0.042222222222222223 1.4641861020355766 0.045331876261273746 1.418854225774303
0 / 4
1 / 4
2 / 4
3 / 4
0.1 0.9666666666666667 1.4933333333333334 0.7911111111111111 0.0 0.0 1.2747001321728784 0.10650295708412143 1.1681971750887565
0.1 1.0 5.0 0.0 1.0 0.0 2.1136365524436496 0.9464313084337899 1.1672052440098595
0.1 0.9266666666666666 1.0333333333333334 0.8222222222222222 0.0 0.07111111111111111 0.8444737006935297 0.08322811262954885 0.7612455880639808
0.1 0.9911111111111112 4.58 0.0 0.6355555555555555 0.0 1.8993567147910335 0.5397395581025749 1.3596171566884585
0.1 0.8888888888888888 0.9577777777777777 0.8622222222222222 0.0 0.07111111111111111 0.5917977827997121 0.07335757624789888 0.5184402065518132
0.1 0.9466666666666667 0.9822222222222222 0.9466666666666667 0.0 0.017777777777777778 1.451775103143266 0.11155677107974099 1.3402183320635253
0.1 0.8977777777777778 0.96 0.8977777777777778 0.0 0.04 0.6150417009726142 0.096279175994832 0.5187625249777822
0.1 0.9244444444444444 0.9266666666666666 0.9244444444444444 0.0 0.07333333333333333 1.4846330906790925 0.10968300400268453 1.3749500866764077
0 / 4
1 / 4
2 / 4
3 / 4
0.1 0.94 1.32 0.7955555555555556 0.0 0.0 1.2584783629653078 0.09148830355772648 1.1669900594075813
0.1 0.9866666666666667 4.22 0.0 0.4088888888888889 0.0 1.6771831740313794 0.5169008484971181 1.1602823255342616
0.1 0.9466666666666667 1.1288888888888888 0.8222222222222222 0.0 0.0 0.8527230474909366 0.08162678628591197 0.7710962612050247
0.1 0.9822222222222222 1.2355555555555555 0.8222222222222222 0.0 0.0 1.3718329176467852 0.1637467935516587 1.2080861240951266
0.1 0.9222222222222223 1.7555555555555555 0.5222222222222223 0.0 0.0 0.6515847311579911 0.13546039488436182 0.5161243362736293
0.1 0.94 0.9755555555555555 0.94 0.0 0.024444444444444446 1.6584412595714104 0.2192660068625359 1.4391752527088746
0.1 0.9222222222222223 1.82 0.48 0.0 0.0022222222222222222 0.7148086488111929 0.186680870839231 0.5281277779719619
0.1 0.9377777777777778 0.9533333333333334 0.9377777777777778 0.0 0.04666666666666667 1.51105643043331 0.11009306062814583 1.4009633698051644
12
The best KBinsDiscretizer strategy is: quantile
The best bins strategy is: sturges, with: 5 bins
The best number of bins for I is: 5. Bins: 5
0 / 4
1 / 4
2 / 4
3 / 4
0.1 0.9844444444444445 3.3533333333333335 0.2 0.0 0.0 2.144095011242287 1.1960600544444233 0.9480349567978638
0.1 1.0 5.0 0.0 1.0 0.0 3.51692471740616 2.575281703109005 0.9416430142971551
0.1 0.8977777777777778 2.7688888888888887 0.2 0.0 0.0 1.3979867355735054 0.6642657116705867 0.7337210239029188
0.1 1.0 5.0 0.0 1.0 0.0 2.523738748632035 1.610374028190878 0.913364720441157
0.1 0.8977777777777778 2.7666666666666666 0.2 0.0 0.0 1.3889547141432916 0.6548601908130431 0.7340945233302484
0.1 1.0 5.0 0.0 1.0 0.0 2.523351467793271 1.610965815036631 0.9123856527566404
0.1 0.8977777777777778 2.7822222222222224 0.1711111111111111 0.0 0.0 1.43400775749524 0.7546670197350749 0.6793407377601649
0.1 1.0 5.0 0.0 1.0 0.0 2.2313572059885867 1.3075069941693234 0.9238502118192633
0 / 4
1 / 4
2 / 4
3 / 4
0.1 0.9911111111111112 3.3733333333333335 0.2 0.0 0.0 2.1596615751580344 1.215542556112727 0.9441190190453073
0.1 1.0 5.0 0.0 1.0 0.0 3.5109613573984455 2.5615774870024266 0.9493838703960195
0.1 0.9088888888888889 2.8733333333333335 0.2 0.0 0.0 1.4257799998733833 0.6778166947757264 0.7479633050976571
0.1 1.0 5.0 0.0 1.0 0.0 2.339426890401247 1.4003270005103645 0.9390998898908819
0.1 0.9066666666666666 2.868888888888889 0.2 0.0 0.0 1.4095720966519867 0.6616811712217289 0.7478909254302577
0.1 1.0 5.0 0.0 1.0 0.0 2.320488969624968 1.3869407079610583 0.9335482616639097
0.1 0.92 2.988888888888889 0.2 0.0 0.0 1.401222575239329 0.6816506137306408 0.7195719615086883
0.1 1.0 5.0 0.0 1.0 0.0 2.4979498592332714 1.5456622158651003 0.952287643368171
0 / 4
1 / 4
2 / 4
3 / 4
0.1 0.9888888888888889 3.3666666666666667 0.2 0.0 0.0 2.1586622669333333 1.2138385194312025 0.9448237475021307
0.1 1.0 5.0 0.0 1.0 0.0 3.4761452532286157 2.5319291058798297 0.9442161473487853
0.1 0.9311111111111111 3.2355555555555555 0.2 0.0 0.0 1.4628677817223508 0.7228095491302414 0.7400582325921093
0.1 1.0 5.0 0.0 1.0 0.0 2.127848312584826 1.2192422999163661 0.9086060126684599
0.1 0.9066666666666666 2.7977777777777777 0.18222222222222223 0.0 0.0 1.4029735060026542 0.6627301620983799 0.7402433439042744
0.1 1.0 5.0 0.0 1.0 0.0 2.1249444142311136 1.2129021129540585 0.9120423012770552
0.1 0.8844444444444445 2.957777777777778 0.18222222222222223 0.0 0.0 1.461476082740168 0.8610360373264914 0.6004400454136766
0.1 1.0 5.0 0.0 1.0 0.0 1.9254902767353776 1.0060955673035878 0.9193947094317897
0 / 4
1 / 4
2 / 4
3 / 4
0.1 0.9888888888888889 3.3666666666666667 0.2 0.0 0.0 2.1467946489303813 1.1996963146736663 0.9470983342567151
0.1 1.0 5.0 0.0 1.0 0.0 3.4862402756925976 2.5402079195931746 0.9460323560994228
0.1 0.9022222222222223 3.1844444444444444 0.2 0.0 0.0 1.467737439968045 0.7162771989225944 0.7514602410454505
0.1 1.0 5.0 0.0 1.0 0.0 2.4992847196124415 1.5985621561281216 0.9007225634843196
0.1 0.9022222222222223 2.84 0.2 0.0 0.0 1.3918258373976113 0.7285145101956184 0.6633113272019929
0.1 1.0 5.0 0.0 1.0 0.0 2.4718760625745624 1.5761995770943056 0.8956764854802568
0.1 0.9066666666666666 2.971111111111111 0.2 0.0 0.0 1.439181699948925 0.7276887025028079 0.7114929974461168
0.1 1.0 5.0 0.0 1.0 0.0 2.3306018275636022 1.413389998976164 0.9172118285874379
0 / 4
1 / 4
2 / 4
3 / 4
0.1 0.9888888888888889 3.3666666666666667 0.2 0.0 0.0 2.1631597600182824 1.2111127324190916 0.9520470275991906
0.1 1.0 5.0 0.0 1.0 0.0 3.4473936273281995 2.503645096014792 0.943748531313408
0.1 0.9022222222222223 3.188888888888889 0.2 0.0 0.0 1.4461605518013387 0.7875959712318348 0.6585645805695041
0.1 1.0 5.0 0.0 1.0 0.0 2.487264909770451 1.5558681548804008 0.9313967548900502
0.1 0.9088888888888889 2.84 0.18222222222222223 0.0 0.0 1.3929005693573417 0.7938826416969315 0.5990179276604105
0.1 1.0 5.0 0.0 1.0 0.0 2.49281198550186 1.5627777159509078 0.9300342695509514
0.1 0.9 3.022222222222222 0.13555555555555557 0.0 0.0 1.4811113832763965 0.8465447454774208 0.6345666377989757
0.1 1.0 5.0 0.0 1.0 0.0 2.243484777728943 1.3093552169992224 0.9341295607297205
0 / 4
1 / 4
2 / 4
3 / 4
0.1 0.9888888888888889 3.3666666666666667 0.2 0.0 0.0 2.1457067728538326 1.198566362662396 0.9471404101914366
0.1 1.0 5.0 0.0 1.0 0.0 3.4372267461776183 2.4892093053970292 0.9480174407805895
0.1 0.8955555555555555 3.1933333333333334 0.2 0.0 0.0 1.5033478918163172 0.8078590230781494 0.695488868738168
0.1 1.0 5.0 0.0 1.0 0.0 2.492029092163948 1.5571160672134088 0.9349130249505392
0.1 0.9133333333333333 2.8022222222222224 0.18666666666666668 0.0 0.0 1.4418242383521227 0.7632945462277947 0.678529692124328
0.1 1.0 5.0 0.0 1.0 0.0 2.5165291603784214 1.5750289898561236 0.9415001705222984
0.1 0.9333333333333333 3.1822222222222223 0.12666666666666668 0.0 0.0 1.5448242965263042 0.853756892243808 0.6910674042824964
0.1 1.0 5.0 0.0 1.0 0.0 2.218302216237607 1.2881297524055675 0.9301724638320396
0 / 4
1 / 4
2 / 4
3 / 4
0.1 0.9822222222222222 3.3466666666666667 0.2 0.0 0.0 2.147834994511562 1.1955904398853388 0.9522445546262227
0.1 1.0 5.0 0.0 1.0 0.0 3.4262719117914835 2.479279534165375 0.9469923776261089
0.1 0.8666666666666667 2.7 0.2 0.0 0.0 1.3354434098907075 0.5935213519048681 0.7419220579858394
0.1 1.0 5.0 0.0 1.0 0.0 2.3042735177340083 1.3599706128725157 0.9443029048614924
0.1 0.8911111111111111 2.7888888888888888 0.2 0.0 0.0 1.3599079483841365 0.6240907120210307 0.7358172363631057
0.1 1.0 5.0 0.0 1.0 0.0 2.3154140796162235 1.367762792020775 0.9476512875954483
0.1 0.8933333333333333 2.828888888888889 0.18 0.0 0.0 1.361265215655597 0.6737728664631036 0.6874923491924938
0.1 1.0 5.0 0.0 1.0 0.0 2.2302954689302164 1.2943630905047945 0.9359323784254221
0 / 4
1 / 4
2 / 4
3 / 4
0.1 0.9844444444444445 3.3533333333333335 0.2 0.0 0.0 2.139803452843218 1.189275178031562 0.950528274811656
0.1 1.0 5.0 0.0 1.0 0.0 3.5985731649908526 2.3773597208367234 1.2212134441541296
0.1 0.8977777777777778 2.7844444444444445 0.2 0.0 0.0 1.4106886140421981 0.6771852274796899 0.7335033865625084
0.1 1.0 5.0 0.0 1.0 0.0 2.5990559713275423 1.658654687043682 0.9404012842838605
0.1 0.8977777777777778 2.7844444444444445 0.2 0.0 0.0 1.4081249954874118 0.6734865803053369 0.7346384151820747
0.1 1.0 5.0 0.0 1.0 0.0 2.6004236163766654 1.656588654382415 0.94383496199425
0.1 0.9111111111111111 3.0155555555555558 0.17777777777777778 0.0 0.0 1.4366947598233997 0.7426351637491438 0.6940595960742562
0.1 1.0 5.0 0.0 1.0 0.0 2.3653259488973695 1.4209752483503801 0.944350700546989
0 / 4
1 / 4
2 / 4
3 / 4
0.1 0.9911111111111112 3.3733333333333335 0.2 0.0 0.0 2.155623783221156 1.213161163186046 0.9424626200351102
0.1 1.0 5.0 0.0 1.0 0.0 3.4752682032517077 2.5289476082588314 0.9463205949928771
0.1 0.8977777777777778 3.2044444444444444 0.2 0.0 0.0 1.4426127323720648 0.7050585581842054 0.7375541741878593
0.1 1.0 5.0 0.0 1.0 0.0 2.5784055539694855 1.6603817479693974 0.9180238060000879
0.1 0.9266666666666666 2.917777777777778 0.1511111111111111 0.0 0.0 1.40390389568826 0.6661219468685734 0.7377819488196864
0.1 1.0 5.0 0.0 1.0 0.0 2.604853335560854 1.6849637571898155 0.9198895783710388
0.1 0.8866666666666667 2.982222222222222 0.14222222222222222 0.0 0.0 1.450850123680552 0.8032063437023117 0.6476437799782405
0.1 1.0 5.0 0.0 1.0 0.0 2.3235464465753606 1.411372511533678 0.9121739350416829
0 / 4
1 / 4
2 / 4
3 / 4
0.1 0.9888888888888889 3.3666666666666667 0.2 0.0 0.0 2.1505897017833306 1.2085966326603121 0.9419930691230184
0.1 1.0 5.0 0.0 1.0 0.0 3.4418304789548344 2.4930760030580505 0.9487544758967834
0.1 0.8955555555555555 3.1733333333333333 0.2 0.0 0.0 1.4649031558046568 0.7252218015709321 0.7396813542337247
0.1 1.0 5.0 0.0 1.0 0.0 2.457089509567093 1.533836646146247 0.9232528634208468
0.1 0.9266666666666666 2.8666666666666667 0.19777777777777777 0.0 0.0 1.4218968773807221 0.6856676662087898 0.7362292111719323
0.1 1.0 5.0 0.0 1.0 0.0 2.463450055620327 1.5356278596719328 0.927822195948394
0.1 0.9177777777777778 2.9244444444444446 0.16444444444444445 0.0 0.0 1.4135592498774552 0.7301988017058433 0.683360448171612
0.1 1.0 5.0 0.0 1.0 0.0 2.4858226602919147 1.562328192420241 0.9234944678716738
0 / 4
1 / 4
2 / 4
3 / 4
0.1 0.9888888888888889 3.3666666666666667 0.2 0.0 0.0 2.160604871254019 1.2115694319605093 0.9490354392935095
0.1 1.0 5.0 0.0 1.0 0.0 3.4450538745906196 2.4961062521914816 0.9489476223991375
0.1 0.9 3.188888888888889 0.2 0.0 0.0 1.4710332171857379 0.7250336140707093 0.7459996031150286
0.1 1.0 5.0 0.0 1.0 0.0 2.5871643202241454 1.6729841009427866 0.9141802192813588
0.1 0.9333333333333333 2.897777777777778 0.17777777777777778 0.0 0.0 1.422205959631825 0.6779622462925579 0.7442437133392673
0.1 1.0 5.0 0.0 1.0 0.0 2.5939183437021507 1.6711562316253281 0.9227621120768228
0.1 0.9 2.9844444444444442 0.15333333333333332 0.0 0.0 1.4689645293645333 0.8479590256478715 0.6210055037166619
0.1 1.0 5.0 0.0 1.0 0.0 2.3057173505309057 1.3797498884500392 0.9259674620808668
0 / 4
1 / 4
2 / 4
3 / 4
0.1 0.9888888888888889 3.3666666666666667 0.2 0.0 0.0 2.1483302296970823 1.198775576950637 0.9495546527464457
0.1 1.0 5.0 0.0 1.0 0.0 3.4529306041894845 2.5059760641560196 0.9469545400334651
0.1 0.9155555555555556 2.848888888888889 0.2 0.0 0.0 1.4324897810911448 0.6889968154314651 0.7434929656596797
0.1 1.0 5.0 0.0 1.0 0.0 2.599037549924448 1.6690831491378786 0.929954400786569
0.1 0.9155555555555556 2.851111111111111 0.2 0.0 0.0 1.4235346672511595 0.679807658206287 0.7437270090448724
0.1 1.0 5.0 0.0 1.0 0.0 2.589755223644052 1.6709142815917981 0.9188409420522539
0.1 0.9177777777777778 3.082222222222222 0.19111111111111112 0.0 0.0 1.5634180122519936 0.9331647330451405 0.6302532792068531
0.1 1.0 5.0 0.0 1.0 0.0 2.3975570167720313 1.4743723480696274 0.923184668702404
0 / 4
1 / 4
2 / 4
3 / 4
0.1 0.9866666666666667 3.36 0.2 0.0 0.0 2.152305517154186 1.2007338585539253 0.9515716586002603
0.1 1.0 5.0 0.0 1.0 0.0 3.498269526258845 2.551736970069301 0.9465325561895447
0.1 0.8755555555555555 3.1622222222222223 0.2 0.0 0.0 1.510216690038699 0.7558913649122835 0.7543253251264158
0.1 1.0 5.0 0.0 1.0 0.0 2.3816578023851807 1.4581984587087402 0.9234593436764406
0.1 0.9288888888888889 2.851111111111111 0.2 0.0 0.0 1.431525841735357 0.7103723889048777 0.7211534528304789
0.1 1.0 5.0 0.0 1.0 0.0 2.3884413507723927 1.4705787526358434 0.9178625981365494
0.1 0.8977777777777778 2.988888888888889 0.19333333333333333 0.0 0.0 1.4848499526532628 0.8495555888557199 0.6352943637975429
0.1 1.0 5.0 0.0 1.0 0.0 2.10588072914997 1.1973639565922465 0.908516772557724
0 / 4
1 / 4
2 / 4
3 / 4
0.1 0.9866666666666667 3.36 0.2 0.0 0.0 2.1570442188114405 1.2098373255980839 0.9472068932133572
0.1 1.0 5.0 0.0 1.0 0.0 3.4544437534910424 2.508555587104933 0.9458881663861085
0.1 0.9066666666666666 2.8155555555555556 0.2 0.0 0.0 1.4375691487353783 0.6866360233928198 0.7509331253425585
0.1 1.0 5.0 0.0 1.0 0.0 2.400271304913794 1.4869606668314004 0.913310638082393
0.1 0.9044444444444445 2.811111111111111 0.2 0.0 0.0 1.4055633196187274 0.6562585096833102 0.7493048099354171
0.1 1.0 5.0 0.0 1.0 0.0 2.408927308299917 1.495095404206918 0.9138319040929987
0.1 0.9177777777777778 3.008888888888889 0.2 0.0 0.0 1.4424529151876275 0.7227407824851283 0.7197121327024993
0.1 1.0 5.0 0.0 1.0 0.0 2.301530919168103 1.3707693393120546 0.930761579856049
0 / 4
1 / 4
2 / 4
3 / 4
0.1 0.9866666666666667 3.36 0.2 0.0 0.0 2.1412105496737155 1.1928954927698958 0.9483150569038195
0.1 1.0 5.0 0.0 1.0 0.0 3.6349070001790103 2.4178278937004394 1.2170791064785706
0.1 0.8911111111111111 2.7866666666666666 0.2 0.0 0.0 1.4253463064017073 0.6889560435139632 0.7363902628877442
0.1 1.0 5.0 0.0 1.0 0.0 2.4564937054435974 1.5289598924247418 0.9275338130188554
0.1 0.8911111111111111 2.7888888888888888 0.2 0.0 0.0 1.426163968992274 0.6856820688794723 0.7404819001128019
0.1 1.0 5.0 0.0 1.0 0.0 2.4933635744954485 1.5777565703517469 0.9156070041437017
0.1 0.8911111111111111 2.7911111111111113 0.2 0.0 0.0 1.4159478307482418 0.726719120655892 0.68922871009235
0.1 1.0 5.0 0.0 1.0 0.0 2.2316287880351555 1.3196713033122789 0.9119574847228767
0 / 4
1 / 4
2 / 4
3 / 4
0.1 0.9866666666666667 3.36 0.2 0.0 0.0 2.14958933451611 1.2035933304185529 0.9459960040975574
0.1 1.0 5.0 0.0 1.0 0.0 3.4871517088299813 2.5427305457981704 0.944421163031811
0.1 0.8822222222222222 3.1577777777777776 0.2 0.0 0.0 1.4425392767151257 0.6844072068457026 0.7581320698694233
0.1 1.0 5.0 0.0 1.0 0.0 2.4745069343375103 1.5614255662853231 0.9130813680521871
0.1 0.9288888888888889 2.8577777777777778 0.19111111111111112 0.0 0.0 1.4021641952461417 0.6429506356288991 0.7592135596172426
0.1 1.0 5.0 0.0 1.0 0.0 2.471534237982317 1.5556343505816848 0.9158998874006324
0.1 0.8911111111111111 2.9444444444444446 0.17777777777777778 0.0 0.0 1.2968286806315865 0.7309563769800836 0.5658723036515028
0.1 1.0 5.0 0.0 1.0 0.0 2.1175387766022307 1.2294512785632519 0.8880874980389786
0 / 4
1 / 4
2 / 4
3 / 4
0.1 0.9888888888888889 3.3666666666666667 0.2 0.0 0.0 2.1536857023948732 1.2050096735287796 0.9486760288660935
0.1 1.0 5.0 0.0 1.0 0.0 3.438416004533113 2.4918592225671845 0.9465567819659286
0.1 0.9311111111111111 3.2244444444444444 0.2 0.0 0.0 1.4795818029479824 0.7405582366174779 0.7390235663305045
0.1 1.0 5.0 0.0 1.0 0.0 2.4791392853991736 1.534493677511237 0.9446456078879367
0.1 0.8866666666666667 2.7555555555555555 0.2 0.0 0.0 1.4138716219360392 0.6743803290650122 0.7394912928710269
0.1 1.0 5.0 0.0 1.0 0.0 2.5006962897136003 1.561731850276979 0.938964439436621
0.1 0.9088888888888889 2.9266666666666667 0.2 0.0 0.0 1.4457664043237077 0.7249820565329158 0.7207843477907919
0.1 1.0 5.0 0.0 1.0 0.0 2.439926518078786 1.4971131103781323 0.9428134077006535
0 / 4
1 / 4
2 / 4
3 / 4
0.1 0.9866666666666667 3.36 0.2 0.0 0.0 2.152096915141065 1.2070136038258064 0.9450833113152586
0.1 1.0 5.0 0.0 1.0 0.0 3.5863970032779697 2.363224958677302 1.2231720446006684
0.1 0.9244444444444444 3.022222222222222 0.2 0.0 0.0 1.4109572095727088 0.6667562634811007 0.7442009460916078
0.1 1.0 5.0 0.0 1.0 0.0 2.6176333721173886 1.7004519898526842 0.917181382264704
0.1 0.9377777777777778 3.046666666666667 0.18444444444444444 0.0 0.0 1.4035098358363853 0.6600043008869463 0.7435055349494388
0.1 1.0 5.0 0.0 1.0 0.0 2.6194721545595336 1.694668748232684 0.9248034063268501
0.1 0.88 2.928888888888889 0.1688888888888889 0.0 0.0022222222222222222 1.3772241237105451 0.7585607343639734 0.6186633893465715
0.1 1.0 5.0 0.0 1.0 0.0 2.29849540559818 1.364282704384974 0.9342127012132063
0 / 4
1 / 4
2 / 4
3 / 4
0.1 0.9844444444444445 3.3533333333333335 0.2 0.0 0.0 2.1495428612337046 1.1993904561445898 0.9501524050891149
0.1 1.0 5.0 0.0 1.0 0.0 3.6388995536575472 2.4141513132129595 1.2247482404445882
0.1 0.9133333333333333 2.902222222222222 0.19777777777777777 0.0 0.0 1.4566920224869075 0.7393216693952381 0.7173703530916696
0.1 1.0 5.0 0.0 1.0 0.0 2.293630076669997 1.3551558691855816 0.9384742074844151
0.1 0.9155555555555556 2.9244444444444446 0.2 0.0 0.0 1.4298530744166318 0.6867112763605806 0.7431417980560514
0.1 1.0 5.0 0.0 1.0 0.0 2.2878566990169027 1.346248071899947 0.9416086271169556
0.1 0.8666666666666667 2.6777777777777776 0.19777777777777777 0.0 0.0 1.3906521873944464 0.6423888419096644 0.7482633454847819
0.1 1.0 5.0 0.0 1.0 0.0 2.000521523996446 1.0706946155292052 0.9298269084672403
0 / 4
1 / 4
2 / 4
3 / 4
0.1 0.9822222222222222 3.3466666666666667 0.2 0.0 0.0 2.139086572528351 1.1909001301164923 0.9481864424118589
0.1 1.0 5.0 0.0 1.0 0.0 3.4583416702679606 2.509512963035547 0.9488287072324136
0.1 0.8866666666666667 3.151111111111111 0.2 0.0 0.0 1.4937914667513699 0.7379585860711096 0.75583288068026
0.1 1.0 5.0 0.0 1.0 0.0 2.28960083805511 1.3520846674826277 0.9375161705724819
0.1 0.8977777777777778 2.7911111111111113 0.2 0.0 0.0 1.389906782176127 0.6608054903632724 0.7291012918128548
0.1 1.0 5.0 0.0 1.0 0.0 2.277966213133494 1.3384802493369035 0.9394859637965909
0.1 0.9 2.8244444444444445 0.18888888888888888 0.0 0.0 1.4174234523052684 0.7257112444117539 0.6917122078935147
0.1 1.0 5.0 0.0 1.0 0.0 2.426500306864098 1.4900227934515464 0.9364775134125514
0 / 4
1 / 4
2 / 4
3 / 4
0.1 0.9844444444444445 3.3533333333333335 0.2 0.0 0.0 2.14567763667641 1.193774699007967 0.9519029376684429
0.1 1.0 5.0 0.0 1.0 0.0 3.7316828310119585 2.4875321285183514 1.2441507024936067
0.1 0.94 2.917777777777778 0.2 0.0 0.0 1.4431343402145682 0.6990856880843551 0.744048652130213
0.1 1.0 5.0 0.0 1.0 0.0 2.6259916335796945 1.7039011905138608 0.9220904430658337
0.1 0.9311111111111111 2.9355555555555557 0.19777777777777777 0.0 0.0 1.4260161917029117 0.6819651818389585 0.7440510098639533
0.1 1.0 5.0 0.0 1.0 0.0 2.6269742086157595 1.7038846886389019 0.9230895199768578
0.1 0.9266666666666666 3.0444444444444443 0.18666666666666668 0.0 0.0 1.4538057240617976 0.7231405971927439 0.7306651268690534
0.1 1.0 5.0 0.0 1.0 0.0 2.39478861619431 1.4655424108396264 0.929246205354683
0 / 4
1 / 4
2 / 4
3 / 4
0.1 0.9911111111111112 3.3733333333333335 0.2 0.0 0.0 2.1589414946175918 1.2070099765242064 0.9519315180933855
0.1 1.0 5.0 0.0 1.0 0.0 3.475360600688217 2.527788858903007 0.94757174178521
0.1 0.9 3.1755555555555555 0.2 0.0 0.0 1.4796351100970628 0.7287795327839615 0.7508555773131015
0.1 1.0 5.0 0.0 1.0 0.0 2.5287260689114097 1.6211842685102034 0.9075418004012062
0.1 0.9066666666666666 2.851111111111111 0.18222222222222223 0.0 0.0 1.4299017263944145 0.6790122625987491 0.7508894637956653
0.1 1.0 5.0 0.0 1.0 0.0 2.554267880660414 1.6403013319573143 0.9139665487030998
0.1 0.8911111111111111 2.8088888888888888 0.17555555555555555 0.0 0.0 1.4605201378359156 0.8197999734981178 0.6407201643377979
0.1 1.0 5.0 0.0 1.0 0.0 2.2594885133164926 1.3530285688173371 0.9064599444991551
0 / 4
1 / 4
2 / 4
3 / 4
0.1 0.9844444444444445 3.3533333333333335 0.2 0.0 0.0 2.159746065071206 1.2125523953449988 0.9471936697262073
0.1 1.0 5.0 0.0 1.0 0.0 3.5013301862784334 2.55359004646795 0.9477401398104831
0.1 0.8711111111111111 2.9066666666666667 0.19777777777777777 0.0 0.0 1.4201940826786597 0.7424457284903969 0.677748354188263
0.1 1.0 5.0 0.0 1.0 0.0 2.413293363160581 1.5109420216608336 0.9023513414997476
0.1 0.9022222222222223 2.8066666666666666 0.19777777777777777 0.0 0.0 1.3848093513268314 0.6373293439630462 0.7474800073637852
0.1 1.0 5.0 0.0 1.0 0.0 2.4179705008833308 1.5141079519222223 0.9038625489611085
0.1 0.9 2.868888888888889 0.18666666666666668 0.0 0.0 1.375275216770101 0.6593454831426417 0.7159297336274594
0.1 1.0 5.0 0.0 1.0 0.0 2.482370518730606 1.5749349033550748 0.9074356153755313
0 / 4
1 / 4
2 / 4
3 / 4
0.1 0.9888888888888889 3.3666666666666667 0.2 0.0 0.0 2.1546635249902355 1.2066882893043103 0.9479752356859251
0.1 1.0 5.0 0.0 1.0 0.0 4.866915854527826 3.638192997397063 1.2287228571307636
0.1 0.8888888888888888 3.1466666666666665 0.2 0.0 0.0 1.4918149265736853 0.749306938035119 0.7425079885385661
0.1 1.0 5.0 0.0 1.0 0.0 2.4947764674964157 1.5412672226442223 0.9535092448521939
0.1 0.9177777777777778 2.891111111111111 0.17555555555555555 0.0 0.0 1.4027596265331348 0.6627568237387562 0.7400028027943785
0.1 1.0 5.0 0.0 1.0 0.0 2.4954281601610258 1.5489862532035243 0.9464419069575012
0.1 0.8866666666666667 2.993333333333333 0.14444444444444443 0.0 0.0 1.4393317630877582 0.8162195360266186 0.6231122270611396
0.1 1.0 5.0 0.0 1.0 0.0 2.163108804503345 1.2161134954286152 0.9469953090747302
0 / 4
1 / 4
2 / 4
3 / 4
0.1 0.9933333333333333 3.38 0.2 0.0 0.0 2.1617194345015247 1.2141380025066004 0.9475814319949245
0.1 1.0 5.0 0.0 1.0 0.0 3.6114798905194796 2.399197569810254 1.2122823207092253
0.1 0.9177777777777778 3.22 0.2 0.0 0.0 1.4780364320054364 0.7346215696368025 0.7434148623686341
0.1 1.0 5.0 0.0 1.0 0.0 2.313482225476082 1.3763300047686249 0.937152220707457
0.1 0.8911111111111111 2.7822222222222224 0.18222222222222223 0.0 0.0 1.4151978802193284 0.6716816904722501 0.7435161897470781
0.1 1.0 5.0 0.0 1.0 0.0 2.309780354720143 1.3773022953748706 0.9324780593452725
0.1 0.8866666666666667 2.831111111111111 0.17333333333333334 0.0 0.0 1.403299520310365 0.6912669470275595 0.7120325732828059
0.1 1.0 5.0 0.0 1.0 0.0 2.248389409345233 1.3165095629597727 0.9318798463854604
0 / 4
1 / 4
2 / 4
3 / 4
0.1 0.9866666666666667 3.36 0.2 0.0 0.0 2.147665919587315 1.1996287565841715 0.9480371630031438
0.1 1.0 5.0 0.0 1.0 0.0 3.596377339028259 2.3809689496253816 1.2154083894028775
0.1 0.9177777777777778 3.2266666666666666 0.2 0.0 0.0 1.484999829933196 0.7452187677481854 0.7397810621850106
0.1 1.0 5.0 0.0 1.0 0.0 2.3242455421975468 1.4102787809261863 0.9139667612713603
0.1 0.8933333333333333 2.7511111111111113 0.2 0.0 0.0 1.4397427878967215 0.6907624134801181 0.7489803744166033
0.1 1.0 5.0 0.0 1.0 0.0 2.332465123140786 1.416594425517973 0.9158706976228129
0.1 0.9111111111111111 2.871111111111111 0.18888888888888888 0.0 0.0 1.402394051541296 0.6974314692474488 0.7049625822938472
0.1 1.0 5.0 0.0 1.0 0.0 2.3436190628484512 1.4518770795616915 0.8917419832867601
0 / 4
1 / 4
2 / 4
3 / 4
0.1 0.9844444444444445 3.3533333333333335 0.2 0.0 0.0 2.145263338525879 1.1976298681169115 0.9476334704089671
0.1 1.0 5.0 0.0 1.0 0.0 3.4523275345959568 2.502738596812634 0.9495889377833234
0.1 0.9155555555555556 2.971111111111111 0.2 0.0 0.0 1.4036559926398842 0.7325844980450289 0.6710714945948553
0.1 1.0 5.0 0.0 1.0 0.0 2.379411236586112 1.4663604692954595 0.9130507672906522
0.1 0.8911111111111111 2.7622222222222224 0.2 0.0 0.0 1.4548561786278287 0.6930694675400814 0.7617867110877475
0.1 1.0 5.0 0.0 1.0 0.0 2.3671056092219382 1.45751673602707 0.9095888731948683
0.1 0.9088888888888889 2.982222222222222 0.19777777777777777 0.0 0.0 1.4417233144366963 0.7473346100907282 0.6943887043459683
0.1 1.0 5.0 0.0 1.0 0.0 2.114815131570193 1.2065427417555925 0.9082723898146009
0 / 4
1 / 4
2 / 4
3 / 4
0.1 0.9866666666666667 3.36 0.2 0.0 0.0 2.1512877262330696 1.2056173025611747 0.9456704236718949
0.1 1.0 5.0 0.0 1.0 0.0 3.4322754826492625 2.4829589836402497 0.9493164990090124
0.1 0.8711111111111111 3.082222222222222 0.2 0.0 0.0 1.4362062618212208 0.6986450690289876 0.7375611927922329
0.1 1.0 5.0 0.0 1.0 0.0 2.355429132056899 1.4527495289224777 0.9026796031344214
0.1 0.9311111111111111 2.9133333333333336 0.18222222222222223 0.0 0.0 1.3695836190241637 0.63460686795345 0.7349767510707135
0.1 1.0 5.0 0.0 1.0 0.0 2.3747989529070823 1.4701443242752708 0.9046546286318111
0.1 0.9377777777777778 2.968888888888889 0.18444444444444444 0.0 0.0 1.4781573808407211 0.7452276181742519 0.7329297626664694
0.1 1.0 5.0 0.0 1.0 0.0 2.2802200352794113 1.3516053666824313 0.9286146685969806
0 / 4
1 / 4
2 / 4
3 / 4
0.1 0.9844444444444445 3.3533333333333335 0.2 0.0 0.0 2.1508094095499257 1.1957713689853755 0.9550380405645499
0.1 1.0 5.0 0.0 1.0 0.0 3.5961295490899627 2.372166906484571 1.2239626426053918
0.1 0.8911111111111111 3.1733333333333333 0.2 0.0 0.0 1.4638139670708425 0.7199562636636847 0.743857703407158
0.1 1.0 5.0 0.0 1.0 0.0 2.1784701315565327 1.2764274983184274 0.9020426332381049
0.1 0.9111111111111111 2.8177777777777777 0.18666666666666668 0.0 0.0 1.4244720467340923 0.6801096337857926 0.7443624129482997
0.1 1.0 5.0 0.0 1.0 0.0 2.182852822867892 1.283428146746837 0.899424676121055
0.1 0.9244444444444444 3.02 0.14444444444444443 0.0 0.0 1.4384570780801933 0.7096188484943755 0.7288382295858178
0.1 1.0 5.0 0.0 1.0 0.0 2.1953590981544036 1.2888766560807772 0.9064824420736266
0 / 4
1 / 4
2 / 4
3 / 4
0.1 0.9911111111111112 3.3733333333333335 0.2 0.0 0.0 2.1564366296068163 1.2107788844725782 0.9456577451342381
0.1 1.0 5.0 0.0 1.0 0.0 3.7570481899000847 2.5171277379648473 1.2399204519352387
0.1 0.8888888888888888 3.1755555555555555 0.2 0.0 0.0 1.462676349934679 0.706646898866734 0.7560294510679453
0.1 1.0 5.0 0.0 1.0 0.0 2.1431447955149667 1.2466341568064467 0.8965106387085197
0.1 0.9177777777777778 2.8844444444444446 0.1688888888888889 0.0 0.0 1.3881755111759972 0.6320984775011592 0.756077033674838
0.1 1.0 5.0 0.0 1.0 0.0 2.1637525636359918 1.2627287329081571 0.9010238307278345
0.1 0.9266666666666666 2.968888888888889 0.14444444444444443 0.0 0.0 1.4260744143418564 0.7054086504714354 0.7206657638704211
0.1 1.0 5.0 0.0 1.0 0.0 2.159025588379318 1.2538018459639684 0.9052237424153499
12
The best KBinsDiscretizer strategy is: quantile
The best bins strategy is: sturges, with: 5 bins
The best number of bins for O is: 5. Bins: 5
0 / 3
1 / 3
2 / 3
0.1 0.9444444444444444 2.5444444444444443 0.0 0.0 0.0 1.7058928634242674 0.8595386581667458 0.8463542052575215
0.1 0.9688888888888889 2.28 0.17555555555555555 0.0 0.0 2.2389533105340345 1.1777117060197333 1.0612416045143007
0.1 0.9133333333333333 2.3955555555555557 0.06 0.0 0.0 1.5921450537628588 0.8379626661350282 0.7541823876278305
0.1 0.9622222222222222 3.7955555555555556 0.0044444444444444444 0.21333333333333335 0.0 2.2507583112588434 1.2326608175710427 1.0180974936878011
0.1 0.9266666666666666 2.451111111111111 0.035555555555555556 0.0 0.0 1.4784696050562505 0.7865183234148542 0.6919512816413963
0.1 1.0 5.0 0.0 1.0 0.0 2.123784916115363 1.1486144369935285 0.9751704791218342
0 / 3
1 / 3
2 / 3
0.1 0.9622222222222222 2.562222222222222 0.0 0.0 0.0 1.9240411712431327 1.0603249553221994 0.8637162159209333
0.1 1.0 5.0 0.0 1.0 0.0 2.662505303741568 1.658238904339856 1.004266399401712
0.1 0.96 2.54 0.051111111111111114 0.0 0.0 1.6891169944683078 0.9009335389118018 0.7881834555565062
0.1 1.0 5.0 0.0 1.0 0.0 2.379470770023003 1.3777430272109346 1.0017277428120683
0.1 0.9666666666666667 2.668888888888889 0.0 0.0 0.0 1.3963516869418602 0.6789070496923666 0.7174446372494935
0.1 1.0 5.0 0.0 1.0 0.0 2.401026741813698 1.4152737919849234 0.985752949828774
0 / 3
1 / 3
2 / 3
0.1 0.9533333333333334 2.5533333333333332 0.0 0.0 0.0 1.8834432694746797 1.0363793665306604 0.847063902944019
0.1 0.9555555555555556 1.9066666666666667 0.1622222222222222 0.0 0.0 1.8064536767492134 0.7619018806820143 1.0445517960671995
0.1 0.9511111111111111 2.6355555555555554 0.0 0.0 0.0 1.4856939530662705 0.7347337519638253 0.7509602011024454
0.1 1.0 5.0 0.0 1.0 0.0 2.7849645737693534 1.7441673031622027 1.0407972706071504
0.1 0.8644444444444445 2.3555555555555556 0.057777777777777775 0.0 0.0 1.2852555476858474 0.6866747359131856 0.598580811772662
0.1 1.0 5.0 0.0 1.0 0.0 2.109569320352466 1.1607571094582272 0.9488122108942385
0 / 3
1 / 3
2 / 3
0.1 0.9533333333333334 2.5533333333333332 0.0 0.0 0.0 1.920997102217687 1.0563367531659167 0.8646603490517701
0.1 1.0 5.0 0.0 1.0 0.0 2.621929492584903 1.6002011410464292 1.021728351538474
0.1 0.9488888888888889 2.6444444444444444 0.0 0.0 0.0 1.5783874756209801 0.7871184082619386 0.7912690673590415
0.1 1.0 5.0 0.0 1.0 0.0 2.836996799706797 1.759829047584761 1.077167752122036
0.1 0.9 2.4444444444444446 0.06444444444444444 0.0 0.0 1.3682480779892952 0.7234592463819053 0.6447888316073896
0.1 1.0 5.0 0.0 1.0 0.0 2.091721210475055 1.1168173055764261 0.9749039048986285
0 / 3
1 / 3
2 / 3
0.1 0.9488888888888889 2.548888888888889 0.0 0.0 0.0 1.8709813951406178 1.0224498464472027 0.8485315486934152
0.1 1.0 5.0 0.0 1.0 0.0 2.860032122096648 1.7706565394882965 1.0893755826083515
0.1 0.9466666666666667 2.62 0.0 0.0 0.0 1.540831323202181 0.7746633048757228 0.7661680183264582
0.1 0.9911111111111112 4.804444444444444 0.0 0.8222222222222222 0.0 1.9259304942395445 0.9212774944291957 1.0046529998103486
0.1 0.9044444444444445 2.3666666666666667 0.08 0.0 0.0 1.3094393829182298 0.6923448990526421 0.6170944838655879
0.1 1.0 5.0 0.0 1.0 0.0 2.0810747796490734 1.1182579123748886 0.9628168672741847
0 / 3
1 / 3
2 / 3
0.1 0.96 2.56 0.0 0.0 0.0 1.9210199232155607 1.0601753644705914 0.8608445587449696
0.1 0.9755555555555555 2.6777777777777776 0.03777777777777778 0.011111111111111112 0.0 1.8201196426999398 0.780399128186498 1.0397205145134416
0.1 0.9644444444444444 2.651111111111111 0.0 0.0 0.0 1.6082614542121592 0.847045903230338 0.761215550981821
0.1 1.0 5.0 0.0 1.0 0.0 2.5637752319896774 1.5724520391573984 0.9913231928322787
0.1 0.9155555555555556 2.5 0.044444444444444446 0.0 0.0 1.2630620990758232 0.643217925123794 0.6198441739520293
0.1 1.0 5.0 0.0 1.0 0.0 1.9945916993166468 1.0273836521569875 0.9672080471596592
0 / 3
1 / 3
2 / 3
0.1 0.9466666666666667 2.546666666666667 0.0 0.0 0.0 1.6669884737214349 0.8095763779751464 0.8574120957462888
0.1 0.9466666666666667 1.8244444444444445 0.17555555555555555 0.0 0.0 1.7567797778670506 0.7405321705267307 1.0162476073403195
0.1 0.9133333333333333 2.5644444444444443 0.006666666666666667 0.0 0.0 1.626993356092801 0.8607516896374158 0.766241666455385
0.1 1.0 5.0 0.0 1.0 0.0 2.4010550143518685 1.403629582070278 0.9974254322815906
0.1 0.9044444444444445 2.4644444444444447 0.04666666666666667 0.0 0.0 1.3481871520723583 0.7202693672803054 0.6279177847920527
0.1 1.0 5.0 0.0 1.0 0.0 2.0130620436597972 1.0596748303862527 0.9533872132735446
0 / 3
1 / 3
2 / 3
0.1 0.9488888888888889 2.548888888888889 0.0 0.0 0.0 1.872485385225732 1.0270902060842158 0.8453951791415162
0.1 1.0 5.0 0.0 1.0 0.0 2.444141279193696 1.4593520764967156 0.9847892026969808
0.1 0.9644444444444444 3.0 0.0 0.0 0.0 1.5564535307813134 0.8012407490818959 0.7552127816994175
0.1 1.0 5.0 0.0 1.0 0.0 2.37280000608284 1.3851973586466213 0.9876026474362188
0.1 0.9022222222222223 2.4 0.06 0.0 0.0 1.3166801351100432 0.7170620061560352 0.599618128954008
0.1 1.0 5.0 0.0 1.0 0.0 1.9615515479959025 1.0043997275511798 0.9571518204447226
0 / 3
1 / 3
2 / 3
0.1 0.9577777777777777 2.557777777777778 0.0 0.0 0.0 1.9059019758875897 1.0495804661851702 0.8563215097024194
0.1 0.96 1.9533333333333334 0.1511111111111111 0.0 0.0 1.8009914571466374 0.7779916003960327 1.0229998567506047
0.1 0.9711111111111111 3.011111111111111 0.0 0.0 0.0 1.521462964994713 0.759991277796232 0.7614716871984809
0.1 1.0 5.0 0.0 1.0 0.0 3.2333470437668503 2.2505611088576694 0.982785934909181
0.1 0.9222222222222223 2.522222222222222 0.035555555555555556 0.0 0.0 1.2175679864191276 0.5794205709562491 0.6381474154628783
0.1 1.0 5.0 0.0 1.0 0.0 2.079131364091957 1.141796311612355 0.9373350524796021
0 / 3
1 / 3
2 / 3
0.1 0.9577777777777777 2.557777777777778 0.0 0.0 0.0 1.723946184665169 0.8790841401675206 0.8448620444976485
0.1 1.0 5.0 0.0 1.0 0.0 2.454498123186696 1.4636470111409634 0.9908511120457325
0.1 0.9533333333333334 2.6666666666666665 0.0 0.0 0.0 1.506267839099106 0.7545430577868026 0.7517247813123035
0.1 1.0 5.0 0.0 1.0 0.0 3.2619090424550348 2.2735475573926265 0.9883614850624078
0.1 0.9133333333333333 2.466666666666667 0.06222222222222222 0.0 0.0 1.350457306801387 0.7459784519873004 0.6044788548140866
0.1 1.0 5.0 0.0 1.0 0.0 2.1558628119088543 1.1906722371768232 0.9651905747320312
0 / 3
1 / 3
2 / 3
0.1 0.9577777777777777 2.6133333333333333 0.0 0.0 0.0 1.8694603252578552 1.0048405050182676 0.8646198202395875
0.1 0.9844444444444445 3.7688888888888887 0.006666666666666667 0.21333333333333335 0.0 1.935096443331482 0.9025815077715701 1.032514935559912
0.1 0.9533333333333334 2.7933333333333334 0.0 0.0 0.0 1.6925578503076415 0.8997775655781384 0.7927802847295033
0.1 1.0 5.0 0.0 1.0 0.0 2.537955740806327 1.518820707253115 1.0191350335532126
0.1 0.9177777777777778 2.6733333333333333 0.022222222222222223 0.0 0.0 1.397437371882529 0.7461302635345383 0.6513071083479908
0.1 1.0 5.0 0.0 1.0 0.0 2.0240061103985263 1.0354976008107766 0.9885085095877497
0 / 3
1 / 3
2 / 3
0.1 0.9488888888888889 2.548888888888889 0.0 0.0 0.0 1.8699827000597395 1.0229706367805564 0.8470120632791835
0.1 0.9733333333333334 2.2755555555555556 0.17555555555555555 0.0 0.0 2.288012884854986 1.2030025952840646 1.085010289570921
0.1 0.9155555555555556 2.5155555555555558 0.0022222222222222222 0.0 0.0 1.5939842848899783 0.8848856661552994 0.7090986187346789
0.1 0.9733333333333334 3.34 0.02666666666666667 0.09111111111111111 0.0 2.208253133855351 1.193883365757563 1.014369768097788
0.1 0.92 2.5155555555555558 0.008888888888888889 0.0 0.0 1.362502889701289 0.765681010814786 0.5968218788865028
0.1 1.0 5.0 0.0 1.0 0.0 2.2056224777595133 1.2320836133204405 0.9735388644390724
0 / 3
1 / 3
2 / 3
0.1 0.9622222222222222 2.562222222222222 0.0 0.0 0.0 1.9079165737806538 1.0507182097086138 0.8571983640720401
0.1 1.0 5.0 0.0 1.0 0.0 2.4371634512638383 1.4482992396458874 0.9888642116179505
0.1 0.9488888888888889 2.502222222222222 0.03111111111111111 0.0 0.0 1.3631468082069547 0.7661684249801228 0.5969783832268317
0.1 1.0 5.0 0.0 1.0 0.0 2.0952846045303595 1.1373323423158754 0.9579522622144835
0.1 0.9488888888888889 2.526666666666667 0.02 0.0 0.0 1.3668232534832783 0.766892616529615 0.5999306369536633
0.1 1.0 5.0 0.0 1.0 0.0 2.179601581645797 1.222058965703328 0.957542615942469
0 / 3
1 / 3
2 / 3
0.1 0.9466666666666667 2.546666666666667 0.0 0.0 0.0 1.8946222398617667 1.0368844437976732 0.8577377960640936
0.1 0.9466666666666667 1.8311111111111111 0.1688888888888889 0.0 0.0 1.7604307192903967 0.7466232535171846 1.0138074657732121
0.1 0.8622222222222222 2.1977777777777776 0.20222222222222222 0.0 0.0 1.2760268517264803 0.693545836476447 0.5824810152500335
0.1 1.0 5.0 0.0 1.0 0.0 2.033967989776031 1.0673203106522138 0.9666476791238172
0.1 0.8866666666666667 2.3266666666666667 0.1 0.0 0.0 1.3060792453146253 0.7173200245051959 0.5887592208094293
0.1 1.0 5.0 0.0 1.0 0.0 2.047194012700763 1.0836362803830277 0.9635577323177353
0 / 3
1 / 3
2 / 3
0.1 0.9577777777777777 2.557777777777778 0.0 0.0 0.0 1.85280583572387 1.0116006644181368 0.8412051713057329
0.1 0.9577777777777777 1.8177777777777777 0.18222222222222223 0.0 0.0 1.7191767736780397 0.6839572698820691 1.0352195037959706
0.1 0.9222222222222223 2.3644444444444446 0.09777777777777778 0.0 0.0 1.5792628729696707 0.830297351816792 0.7489655211528791
0.1 1.0 5.0 0.0 1.0 0.0 2.435843479128524 1.4335449859955218 1.0022984931330026
0.1 0.9311111111111111 2.502222222222222 0.042222222222222223 0.0 0.0 1.3620137934477088 0.6712233140040168 0.6907904794436922
0.1 1.0 5.0 0.0 1.0 0.0 2.1394926078578043 1.1607858363098122 0.9787067715479919
0 / 3
1 / 3
2 / 3
0.1 0.9533333333333334 2.5533333333333332 0.0 0.0 0.0 1.9158538819676643 1.053852026180337 0.8620018557873275
0.1 0.9688888888888889 2.7111111111111112 0.05555555555555555 0.03111111111111111 0.0 1.8225983681185571 0.7829444307396057 1.0396539373789515
0.1 0.9333333333333333 2.597777777777778 0.011111111111111112 0.0 0.0 1.6705216132865417 0.8976247720468505 0.7728968412396908
0.1 0.9866666666666667 4.8133333333333335 0.0 0.8244444444444444 0.0 1.906709530685218 0.8901125615959998 1.016596969089218
0.1 0.9177777777777778 2.4 0.07111111111111111 0.0 0.0 1.3589480107250596 0.7454468318038948 0.6135011789211646
0.1 1.0 5.0 0.0 1.0 0.0 2.093346007551301 1.1224046867789175 0.9709413207723835
0 / 3
1 / 3
2 / 3
0.1 0.9488888888888889 2.548888888888889 0.0 0.0 0.0 1.8390689824050352 0.997340456537543 0.8417285258674924
0.1 1.0 5.0 0.0 1.0 0.0 2.499050531645076 1.4562146941869658 1.04283583745811
0.1 0.9444444444444444 2.6577777777777776 0.0 0.0 0.0 1.476996677150057 0.7173391215357227 0.7596575556143341
0.1 1.0 5.0 0.0 1.0 0.0 2.3398756190857926 1.3594805886950407 0.9803950303907517
0.1 0.8711111111111111 2.371111111111111 0.06444444444444444 0.0 0.0 1.252353939907156 0.6452375799255695 0.6071163599815865
0.1 1.0 5.0 0.0 1.0 0.0 2.1835111689175704 1.2038465054158567 0.9796646635017143
0 / 3
1 / 3
2 / 3
0.1 0.9533333333333334 2.5533333333333332 0.0 0.0 0.0 1.858497128724374 1.0148156308108358 0.843681497913538
0.1 0.9533333333333334 1.9288888888888889 0.15555555555555556 0.0 0.0 1.8188284887945276 0.7844200937377208 1.0344083950568068
0.1 0.9488888888888889 2.68 0.0 0.0 0.0 1.482916441285557 0.7238363914736581 0.7590800498118991
0.1 0.9466666666666667 2.7666666666666666 0.042222222222222223 0.035555555555555556 0.0 1.8746664269839903 0.8672205734670102 1.0074458535169803
0.1 0.8733333333333333 2.368888888888889 0.03333333333333333 0.0 0.0 1.2225516772266933 0.6143259669273006 0.6082257102993925
0.1 1.0 5.0 0.0 1.0 0.0 1.9994854179275585 1.020625332765849 0.9788600851617095
0 / 3
1 / 3
2 / 3
0.1 0.9533333333333334 2.5533333333333332 0.0 0.0 0.0 1.8783043821829906 1.0255248196257374 0.8527795625572531
0.1 1.0 5.0 0.0 1.0 0.0 2.544873806416677 1.5272340870682755 1.0176397193484013
0.1 0.92 2.382222222222222 0.07333333333333333 0.0 0.0 1.539836457398664 0.8368511506502374 0.7029853067484267
0.1 1.0 5.0 0.0 1.0 0.0 2.127186071580973 1.1231987429282826 1.0039873286526904
0.1 0.9177777777777778 2.437777777777778 0.03333333333333333 0.0 0.0 1.4810354657355067 0.8018700778790684 0.6791653878564385
0.1 0.9688888888888889 2.7444444444444445 0.06 0.022222222222222223 0.0 1.8559393099308203 0.8587535032437997 0.9971858066870206
0 / 3
1 / 3
2 / 3
0.1 0.9488888888888889 2.548888888888889 0.0 0.0 0.0 1.8734604777985213 1.0222030869455205 0.8512573908530007
0.1 1.0 5.0 0.0 1.0 0.0 2.5456793305130874 1.5193446650733742 1.0263346654397134
0.1 0.9466666666666667 2.6222222222222222 0.0022222222222222222 0.0 0.0 1.6796031315523405 0.9113906445450671 0.7682124870072735
0.1 1.0 5.0 0.0 1.0 0.0 2.4294820085354356 1.4110914899962579 1.0183905185391777
0.1 0.9444444444444444 2.6155555555555554 0.017777777777777778 0.0 0.0 1.343446095659963 0.7276113880188321 0.6158347076411309
0.1 1.0 5.0 0.0 1.0 0.0 2.1352032870885 1.1818837684514518 0.9533195186370477
0 / 3
1 / 3
2 / 3
0.1 0.9622222222222222 2.562222222222222 0.0 0.0 0.0 1.89335706966182 1.0388172847542627 0.8545397849075574
0.1 0.9622222222222222 1.8177777777777777 0.18222222222222223 0.0 0.0 1.764964789059336 0.7300311067908335 1.0349336822685027
0.1 0.9533333333333334 2.6355555555555554 0.0 0.0 0.0 1.456738360921656 0.7001807401204961 0.75655762080116
0.1 1.0 5.0 0.0 1.0 0.0 2.4229967907616263 1.4450428952536791 0.9779538955079475
0.1 0.88 2.3444444444444446 0.07777777777777778 0.0 0.0 1.2701008207499274 0.6565052394049335 0.6135955813449938
0.1 1.0 5.0 0.0 1.0 0.0 2.1071828496886438 1.1467504985440164 0.9604323511446272
0 / 3
1 / 3
2 / 3
0.1 0.9466666666666667 2.546666666666667 0.0 0.0 0.0 1.8623826905999257 1.0098244637816245 0.8525582268183014
0.1 1.0 5.0 0.0 1.0 0.0 2.459864735376084 1.4439441655577354 1.0159205698183489
0.1 0.9044444444444445 2.5 0.013333333333333334 0.0 0.0 1.6093570719222023 0.897874675653458 0.7114823962687442
0.1 1.0 5.0 0.0 1.0 0.0 2.291280995425078 1.3049628379604639 0.9863181574646147
0.1 0.9022222222222223 2.511111111111111 0.042222222222222223 0.0 0.0 1.527819634158944 0.8369500361843804 0.6908695979745635
0.1 1.0 5.0 0.0 1.0 0.0 2.198225242526621 1.2274303709055798 0.9707948716210413
0 / 3
1 / 3
2 / 3
0.1 0.96 2.56 0.0 0.0 0.0 1.9174322832346749 1.0531226940096787 0.8643095892249961
0.1 0.9733333333333334 2.2666666666666666 0.17333333333333334 0.0 0.0 2.2493381410534834 1.1902997600679581 1.0590383809855253
0.1 0.9555555555555556 2.651111111111111 0.0 0.0 0.0 1.5393883780924018 0.768756809039191 0.770631569053211
0.1 1.0 5.0 0.0 1.0 0.0 2.0005896664967073 0.99134313798707 1.0092465285096373
0.1 0.8977777777777778 2.3777777777777778 0.08 0.0 0.0 1.3281208556896613 0.725205529902694 0.6029153257869674
0.1 1.0 5.0 0.0 1.0 0.0 1.987180926724289 0.9968082281796179 0.9903726985446715
0 / 3
1 / 3
2 / 3
0.1 0.9555555555555556 2.5555555555555554 0.0 0.0 0.0 1.8593931893483333 1.0114458213773116 0.8479473679710217
0.1 1.0 5.0 0.0 1.0 0.0 2.5419469028278487 1.5042317827909084 1.0377151200369403
0.1 0.9511111111111111 2.651111111111111 0.0 0.0 0.0 1.51101900546518 0.7506691083880067 0.7603498970771734
0.1 0.9577777777777777 1.948888888888889 0.17333333333333334 0.0 0.0 1.836625581643749 0.856207094058616 0.9804184875851333
0.1 0.9088888888888889 2.471111111111111 0.03777777777777778 0.0 0.0 1.2955944768207452 0.6594876983660157 0.6361067784547296
0.1 0.9933333333333333 4.937777777777778 0.0 0.9377777777777778 0.0 1.8190573940030965 0.8442863344222201 0.9747710595808765
0 / 3
1 / 3
2 / 3
0.1 0.9733333333333334 2.7311111111111113 0.0 0.0 0.0 1.944139783976927 1.0778417235729543 0.8662980604039727
0.1 1.0 5.0 0.0 1.0 0.0 2.484766684099536 1.4921374734258808 0.9926292106736552
0.1 0.9622222222222222 2.6977777777777776 0.0 0.0 0.0 1.5954304707656672 0.8137977854720041 0.781632685293663
0.1 1.0 5.0 0.0 1.0 0.0 2.3213963622906086 1.3209357223241402 1.0004606399664686
0.1 0.9577777777777777 2.533333333333333 0.04 0.0 0.0 1.3945111485854682 0.7583347058393146 0.6361764427461537
0.1 1.0 5.0 0.0 1.0 0.0 2.3366780254169957 1.3306931918253404 1.0059848335916552
0 / 3
1 / 3
2 / 3
0.1 0.9533333333333334 2.5533333333333332 0.0 0.0 0.0 1.7720945744775816 0.9067536524310542 0.8653409220465276
0.1 1.0 5.0 0.0 1.0 0.0 3.8017802928695357 2.4938750869578303 1.307905205911706
0.1 0.9488888888888889 2.6422222222222222 0.0 0.0 0.0 1.533048439343793 0.7465434575028697 0.7865049818409233
0.1 1.0 5.0 0.0 1.0 0.0 2.3036341945388723 1.332797477953 0.9708367165858723
0.1 0.9355555555555556 2.428888888888889 0.06888888888888889 0.0 0.0 1.345560530658673 0.717878110734519 0.6276824199241541
0.1 1.0 5.0 0.0 1.0 0.0 2.082028694694738 1.1410221614365919 0.9410065332581463
0 / 3
1 / 3
2 / 3
0.1 0.9622222222222222 2.562222222222222 0.0 0.0 0.0 1.8775245225906028 1.0270104734116388 0.8505140491789637
0.1 1.0 5.0 0.0 1.0 0.0 2.57685113992522 1.5554321435851024 1.0214189963401175
0.1 0.8688888888888889 2.26 0.13777777777777778 0.0 0.0 1.3430268967073384 0.7371100848029793 0.6059168119043592
0.1 1.0 5.0 0.0 1.0 0.0 2.066582224532222 1.0948728527426796 0.9717093717895428
0.1 0.8933333333333333 2.428888888888889 0.07333333333333333 0.0 0.0 1.4109237472592742 0.7576195768133963 0.6533041704458777
0.1 1.0 5.0 0.0 1.0 0.0 2.2248165177315595 1.2662854513296617 0.9585310664018976
0 / 3
1 / 3
2 / 3
0.1 0.9666666666666667 2.566666666666667 0.0 0.0 0.0 1.884528685017148 1.035019740093697 0.8495089449234512
0.1 1.0 5.0 0.0 1.0 0.0 2.543851567072111 1.4975292249648184 1.046322342107293
0.1 0.9488888888888889 2.7422222222222223 0.0 0.0 0.0 1.637357819052906 0.9178974175797949 0.719460401473111
0.1 1.0 5.0 0.0 1.0 0.0 2.3150506959653154 1.2858065264326461 1.029244169532669
0.1 0.94 2.537777777777778 0.0 0.0 0.0 1.3759023307441698 0.7857352441490645 0.5901670865951053
0.1 1.0 5.0 0.0 1.0 0.0 2.244218374166049 1.2725402296830142 0.9716781444830344
0 / 3
1 / 3
2 / 3
0.1 0.9466666666666667 2.546666666666667 0.0 0.0 0.0 1.8416262336379745 0.9976367372865667 0.8439894963514079
0.1 0.9466666666666667 1.8222222222222222 0.17777777777777778 0.0 0.0 1.7318857640569654 0.700532715954628 1.0313530481023379
0.1 0.8977777777777778 2.371111111111111 0.06 0.0 0.0 1.3305455648095794 0.6977945223035706 0.632751042506009
0.1 1.0 5.0 0.0 1.0 0.0 2.0218059938276314 1.0689446527747006 0.9528613410529306
0.1 0.9044444444444445 2.493333333333333 0.0044444444444444444 0.0 0.0 1.3143057156071212 0.6935110050299231 0.620794710577198
0.1 1.0 5.0 0.0 1.0 0.0 2.03609756301219 1.0850986629357537 0.9509989000764368
0 / 3
1 / 3
2 / 3
0.1 0.96 2.56 0.0 0.0 0.0 1.8966970825670864 1.037520990161087 0.8591760924059996
0.1 1.0 5.0 0.0 1.0 0.0 2.580936687316408 1.5729224984790289 1.0080141888373795
0.1 0.9533333333333334 2.66 0.0 0.0 0.0 1.5056980798632937 0.750617662887803 0.7550804169754909
0.1 0.9977777777777778 4.704444444444444 0.0 0.7244444444444444 0.0 2.500183388873912 1.444591139081157 1.055592249792755
0.1 0.9311111111111111 2.537777777777778 0.011111111111111112 0.0 0.0 1.3496334461030928 0.7356997967328195 0.6139336493702733
0.1 1.0 5.0 0.0 1.0 0.0 2.2795018228559356 1.3151452158836974 0.9643566069722381
