Variable Names: ['A', 'C', 'D', 'H', 'I', 'O', 'T']
Boundary Sizes: [4, 3, 4, 2, 4, 3, 2]
Boundary Elements: [['C', 'D', 'H', 'O'], ['A', 'D', 'I'], ['A', 'C', 'H', 'I'], ['A', 'D'], ['C', 'D', 'O', 'T'], ['A', 'I', 'T'], ['I', 'O']]
boundary_classification : [['Child', 'Child', 'Child', 'Child'], ['Parent', 'Other Parent', 'Child'], ['Parent', 'Other Parent', 'Parent', 'Child'], ['Parent', 'Child'], ['Parent', 'Parent', 'Other Parent', 'Child'], ['Parent', 'Other Parent', 'Child'], ['Parent', 'Parent']]
A 4
C 3
0 / 3
1 / 3
2 / 3
[[5], [5, 2], [5, 2, 4]]
0.1 0.8888888888888888 1.3577777777777778 0.5422222222222223 0.0 0.0 0.7123093454697564 0.1154843335117474 0.596825011958009
0.1 1.0 2.9755555555555557 0.0 0.9755555555555555 0.0 1.3481916899122888 0.34757512206646174 1.0006165678458272
0.1 0.9022222222222223 1.3466666666666667 0.5688888888888889 0.0 0.0 0.6755538295467857 0.10569306392182987 0.5698607656249558
0.1 1.0 2.98 0.0 0.98 0.0 1.334954290192717 0.34418394954607845 0.9907703406466385
0.1 0.8311111111111111 1.3377777777777777 0.5111111111111111 0.0 0.0 0.7182297066592976 0.10478571771423702 0.6134439889450606
0.1 1.0 3.0 0.0 1.0 0.0 1.3980736200202917 0.3705620354439284 1.0275115845763634
0 / 3
1 / 3
2 / 3
[[3], [3, 4], [3, 4, 2]]
0.1 0.9311111111111111 1.7933333333333332 0.16 0.0 0.0 0.7583405845597317 0.1509755531346252 0.6073650314251066
0.1 0.9933333333333333 2.917777777777778 0.0022222222222222222 0.92 0.0 1.3718351294164512 0.3687189934624926 1.0031161359539587
0.1 0.8955555555555555 1.3955555555555557 0.5266666666666666 0.0 0.0 0.6889919364286061 0.11016161829367273 0.5788303181349331
0.1 0.9977777777777778 2.9133333333333336 0.0 0.9133333333333333 0.0 1.3107060962278754 0.34544422314745155 0.9652618730804238
0.1 0.9155555555555556 1.4155555555555555 0.5222222222222223 0.0 0.0 0.6667689481877984 0.10146865222909413 0.5653002959587043
0.1 0.9955555555555555 2.888888888888889 0.0044444444444444444 0.8933333333333333 0.0 1.3025685522344328 0.3349383327353909 0.967630219499042
0 / 3
1 / 3
2 / 3
[[5], [5, 2], [5, 2, 4]]
0.1 0.8977777777777778 1.4044444444444444 0.5133333333333333 0.0044444444444444444 0.0 0.7218269846331774 0.11681491604848239 0.6050120685846951
0.1 1.0 3.0 0.0 1.0 0.0 1.3827205343094273 0.40271738407787844 0.980003150231549
0.1 0.8866666666666667 1.2933333333333332 0.6066666666666667 0.0 0.0 0.6633767914472533 0.09781421647300675 0.5655625749742464
0.1 1.0 3.0 0.0 1.0 0.0 1.4199383399313041 0.4174976525752774 1.0024406873560268
0.1 0.8933333333333333 1.491111111111111 0.4288888888888889 0.0 0.0 0.7073552331747857 0.13226912450268938 0.5750861086720963
0.1 1.0 3.0 0.0 1.0 0.0 1.3870208372305415 0.35835324670918706 1.0286675905213543
0 / 3
1 / 3
2 / 3
[[5], [5, 2], [5, 2, 4]]
0.1 0.8888888888888888 1.3422222222222222 0.5577777777777778 0.0 0.0 0.6821868409062573 0.10904828766866932 0.5731385532375881
0.1 1.0 3.0 0.0 1.0 0.0 1.4137976897933924 0.39213056740908603 1.0216671223843063
0.1 0.8933333333333333 1.3888888888888888 0.52 0.0 0.0 0.6829941369734628 0.11244818579680022 0.5705459511766627
0.1 1.0 3.0 0.0 1.0 0.0 1.40126534066425 0.38117581552406515 1.0200895251401847
0.1 0.8844444444444445 1.6133333333333333 0.29777777777777775 0.0022222222222222222 0.0 0.7518863587170623 0.160447736584332 0.5914386221327302
0.1 1.0 3.0 0.0 1.0 0.0 1.4533876114679098 0.43578682988665446 1.0176007815812553
0 / 3
1 / 3
2 / 3
[[5], [5, 2], [5, 2, 4]]
0.1 0.8977777777777778 1.431111111111111 0.48444444444444446 0.0 0.0 0.7359306088149686 0.13577259831279292 0.6001580105021757
0.1 1.0 3.0 0.0 1.0 0.0 1.395717303420183 0.39003216192757856 1.0056851414926045
0.1 0.9 1.34 0.5755555555555556 0.0 0.0 0.7283183641445147 0.12257336058221246 0.6057450035623022
0.1 1.0 3.0 0.0 1.0 0.0 1.3703079952113058 0.36382343217043994 1.0064845630408656
0.1 0.8466666666666667 1.3288888888888888 0.54 0.0 0.0 0.7370659114768011 0.11384417892039521 0.6232217325564059
0.1 1.0 3.0 0.0 1.0 0.0 1.4541504307009503 0.44022259236587474 1.0139278383350756
0 / 3
1 / 3
2 / 3
[[5], [5, 2], [5, 2, 4]]
0.1 0.9066666666666666 1.4355555555555555 0.4911111111111111 0.0 0.0 0.6934991630940598 0.12655679353559526 0.5669423695584647
0.1 1.0 3.0 0.0 1.0 0.0 1.4167759486365539 0.42495951330058307 0.9918164353359707
0.1 0.9066666666666666 1.36 0.5622222222222222 0.0 0.0 0.6850997673918309 0.10393032457323004 0.581169442818601
0.1 0.9977777777777778 2.973333333333333 0.0 0.9733333333333334 0.0 1.3645078346283543 0.3827829269171823 0.981724907711172
0.1 0.9088888888888889 1.4955555555555555 0.44 0.0 0.0 0.6994372589578017 0.11444137421402774 0.584995884743774
0.1 1.0 2.96 0.0 0.96 0.0 1.3258914796998829 0.3486333247033777 0.9772581549965051
0 / 3
1 / 3
2 / 3
[[5], [5, 4], [5, 4, 2]]
0.1 0.9266666666666666 1.54 0.40444444444444444 0.0 0.0 0.7481127396551572 0.12932454383643088 0.6187881958187263
0.1 1.0 3.0 0.0 1.0 0.0 1.4703845077503688 0.48033276211449966 0.9900517456358693
0.1 0.9288888888888889 1.5222222222222221 0.4266666666666667 0.0 0.0 0.739024529992766 0.1302060680559347 0.6088184619368314
0.1 1.0 3.0 0.0 1.0 0.0 1.378000858037922 0.3935837691680619 0.9844170888698598
0.1 0.9333333333333333 1.52 0.43555555555555553 0.0 0.0 0.7408034475818093 0.13073087610478593 0.6100725714770235
0.1 1.0 3.0 0.0 1.0 0.0 1.3870692692204067 0.3899447540631959 0.9971245151572107
0 / 3
1 / 3
2 / 3
[[4], [4, 2], [4, 2, 1]]
0.1 0.8955555555555555 1.3777777777777778 0.5355555555555556 0.0 0.0 0.6899121520969371 0.1167457220013764 0.5731664300955607
0.1 1.0 3.0 0.0 1.0 0.0 1.451178619965546 0.5051613115538727 0.9460173084116734
0.1 0.9 1.4133333333333333 0.5066666666666667 0.0 0.0 0.6939095789419578 0.11673576936101429 0.5771738095809436
0.1 1.0 3.0 0.0 1.0 0.0 1.4867013175193928 0.5200018835469211 0.9666994339724715
0.1 0.9 1.4111111111111112 0.5088888888888888 0.0 0.0 0.6951426049835437 0.1168136614927852 0.5783289434907584
0.1 1.0 3.0 0.0 1.0 0.0 1.4596756289572113 0.5058018356289327 0.9538737933282788
0 / 3
1 / 3
2 / 3
[[5], [5, 2], [5, 2, 4]]
0.1 0.9 1.4177777777777778 0.49777777777777776 0.0 0.0 0.6694486208524386 0.11555074493996004 0.5538978759124786
0.1 1.0 3.0 0.0 1.0 0.0 1.4780561062149895 0.4893116659228697 0.9887444402921197
0.1 0.9 1.4088888888888889 0.5066666666666667 0.0 0.0 0.6666696600161585 0.11009196700915748 0.5565776930070009
0.1 1.0 3.0 0.0 1.0 0.0 1.505193034912139 0.507494818796953 0.9976982161151862
0.1 0.9088888888888889 1.4844444444444445 0.44222222222222224 0.0 0.0 0.6780396947902549 0.12313827541644849 0.5549014193738065
0.1 0.98 2.522222222222222 0.03777777777777778 0.5644444444444444 0.0 1.308067137078575 0.32764104689094564 0.9804260901876294
0 / 3
1 / 3
2 / 3
[[5], [5, 2], [5, 2, 4]]
0.1 0.9155555555555556 1.5244444444444445 0.4266666666666667 0.017777777777777778 0.0 0.7087644362287845 0.12795647636808746 0.5808079598606969
0.1 1.0 3.0 0.0 1.0 0.0 1.4540332486428562 0.4612065186972467 0.9928267299456095
0.1 0.9044444444444445 1.4333333333333333 0.4888888888888889 0.0 0.0 0.6932544759314871 0.11690283640337677 0.5763516395281104
0.1 1.0 3.0 0.0 1.0 0.0 1.4875639070611204 0.46284923394467115 1.0247146731164496
0.1 0.9022222222222223 1.5155555555555555 0.40444444444444444 0.0 0.0 0.7351552386189564 0.132859932790889 0.6022953058280672
0.1 1.0 3.0 0.0 1.0 0.0 1.4420017171652113 0.4188234974326377 1.0231782197325734
0 / 3
1 / 3
2 / 3
[[5], [5, 2], [5, 2, 4]]
0.1 0.9155555555555556 1.46 0.5044444444444445 0.03333333333333333 0.0 0.7053624377786547 0.11738561804218917 0.5879768197364655
0.1 1.0 3.0 0.0 1.0 0.0 1.4137325083890537 0.43719390553067544 0.9765386028583783
0.1 0.9133333333333333 1.3777777777777778 0.5577777777777778 0.0022222222222222222 0.0 0.6651876729905738 0.10518448012441486 0.560003192866159
0.1 1.0 3.0 0.0 1.0 0.0 1.3745219794354444 0.40314264094626484 0.9713793384891793
0.1 0.9022222222222223 1.4377777777777778 0.4888888888888889 0.0 0.0 0.6869674258252497 0.12435186947085068 0.5626155563543992
0.1 1.0 3.0 0.0 1.0 0.0 1.3627557420319267 0.36984919361549584 0.9929065484164306
0 / 3
1 / 3
2 / 3
[[4], [4, 2], [4, 2, 3]]
0.1 0.8933333333333333 1.3777777777777778 0.5355555555555556 0.0 0.0 0.66119290839884 0.11004218999335456 0.5511507184054855
0.1 1.0 3.0 0.0 1.0 0.0 1.4613386775421244 0.46570330387976566 0.9956353736623588
0.1 0.9022222222222223 1.4222222222222223 0.5044444444444445 0.0 0.0 0.6832197664858574 0.11656467717170402 0.5666550893141532
0.1 1.0 3.0 0.0 1.0 0.0 1.4306486361565096 0.45299986544706455 0.977648770709445
0.1 0.8955555555555555 1.4244444444444444 0.49333333333333335 0.0 0.0 0.6668809616342435 0.11597924894796383 0.5509017126862797
0.1 1.0 3.0 0.0 1.0 0.0 1.3380975009627278 0.36984113143055997 0.9682563695321681
0 / 3
1 / 3
2 / 3
[[0], [0, 1], [0, 1, 4]]
0.1 0.9466666666666667 1.6777777777777778 0.3022222222222222 0.0 0.0 1.140729428833775 0.2275071751686822 0.9132222536650927
0.1 1.0 3.0 0.0 1.0 0.0 1.632908083243538 0.4429232292442913 1.1899848539992466
0.1 0.9444444444444444 1.7066666666666668 0.2688888888888889 0.0 0.0 1.0022739940144312 0.1932206224039641 0.8090533716104671
0.1 0.9977777777777778 2.968888888888889 0.0 0.9688888888888889 0.0 1.3638458937838063 0.3768754402853984 0.986970453498408
0.1 0.9044444444444445 1.4155555555555555 0.5088888888888888 0.0 0.0 0.7111144757639022 0.1276801796287731 0.5834342961351292
0.1 1.0 3.0 0.0 1.0 0.0 1.4587726418706102 0.49118260136944364 0.9675900405011668
0 / 3
1 / 3
2 / 3
[[5], [5, 2], [5, 2, 4]]
0.1 0.9222222222222223 1.5222222222222221 0.42 0.0 0.0 0.7158859762140947 0.12880023197043763 0.587085744243657
0.1 1.0 3.0 0.0 1.0 0.0 1.4402044972208934 0.44103713536586425 0.9991673618550293
0.1 0.9177777777777778 1.4022222222222223 0.5311111111111111 0.0 0.0 0.6881463482336326 0.11522405845931757 0.5729222897743149
0.1 1.0 3.0 0.0 1.0 0.0 1.4647972807453455 0.4536201028469552 1.0111771778983905
0.1 0.9244444444444444 1.6733333333333333 0.28 0.006666666666666667 0.0 0.7866033337471069 0.1670166575547201 0.6195866761923868
0.1 1.0 3.0 0.0 1.0 0.0 1.4676249586897545 0.4290925469637495 1.0385324117260049
0 / 3
1 / 3
2 / 3
[[3], [3, 4], [3, 4, 2]]
0.1 0.9 1.66 0.28888888888888886 0.042222222222222223 0.0 0.735639308205369 0.15886572678900893 0.57677358141636
0.1 1.0 3.0 0.0 1.0 0.0 1.4376708880617206 0.4177450754308814 1.0199258126308395
0.1 0.9644444444444444 1.7444444444444445 0.32222222222222224 0.08222222222222222 0.0 0.6861870178124825 0.16006069668410347 0.5261263211283791
0.1 1.0 3.0 0.0 1.0 0.0 1.4464906456560753 0.4296400954382884 1.0168505502177871
0.1 0.9555555555555556 1.6644444444444444 0.33111111111111113 0.02 0.0 0.7069475342969584 0.1512413436492451 0.5557061906477134
0.1 1.0 3.0 0.0 1.0 0.0 1.4375889781597209 0.42415685083739013 1.0134321273223306
0 / 3
1 / 3
2 / 3
[[5], [5, 2], [5, 2, 4]]
0.1 0.8777777777777778 1.308888888888889 0.5822222222222222 0.0 0.0 0.6991548812883639 0.11120131140758657 0.5879535698807773
0.1 1.0 3.0 0.0 1.0 0.0 1.393860161373487 0.39970475241332837 0.9941554089601583
0.1 0.8844444444444445 1.26 0.6355555555555555 0.0 0.0 0.6711536408255279 0.09921989169406462 0.5719337491314632
0.1 1.0 3.0 0.0 1.0 0.0 1.3795272086900738 0.3625372479777996 1.0169899607122743
0.1 0.9244444444444444 1.5822222222222222 0.3688888888888889 0.0 0.0 0.7069345157037846 0.1433553653254284 0.5635791503783563
0.1 1.0 3.0 0.0 1.0 0.0 1.3968081781235693 0.3692127902891376 1.0275953878344317
0 / 3
1 / 3
2 / 3
[[5], [5, 2], [5, 2, 4]]
0.1 0.8844444444444445 1.3377777777777777 0.56 0.0044444444444444444 0.0 0.712164721746524 0.11382953302606665 0.5983351887204574
0.1 0.9755555555555555 2.7688888888888887 0.013333333333333334 0.7844444444444445 0.0 1.3561130591524777 0.35604872443519847 1.0000643347172793
0.1 0.8777777777777778 1.28 0.6066666666666667 0.0 0.0 0.7158585471493362 0.10774242688529448 0.6081161202640416
0.1 0.9888888888888889 2.8355555555555556 0.006666666666666667 0.8422222222222222 0.0 1.3582865626975484 0.35088344684968975 1.0074031158478587
0.1 0.8888888888888888 1.4333333333333333 0.47333333333333333 0.0 0.0 0.7197208898997238 0.11998453150679429 0.5997363583929296
0.1 0.9933333333333333 2.8933333333333335 0.0022222222222222222 0.8955555555555555 0.0 1.3758773405091618 0.3414499173750859 1.0344274231340758
0 / 3
1 / 3
2 / 3
[[0], [0, 1], [0, 1, 4]]
0.1 0.9355555555555556 1.6244444444444444 0.3422222222222222 0.0 0.0 1.126771714646888 0.22772919425208682 0.899042520394801
0.1 1.0 3.0 0.0 1.0 0.0 1.3879388423978736 0.42532676341004544 0.9626120789878284
0.1 0.9377777777777778 1.6511111111111112 0.32666666666666666 0.008888888888888889 0.0 0.9935173663182925 0.19094676497491056 0.8025706013433819
0.1 1.0 3.0 0.0 1.0 0.0 1.4093642127268702 0.4385908826968974 0.9707733300299728
0.1 0.8955555555555555 1.4622222222222223 0.4577777777777778 0.0 0.0 0.6837858215030039 0.11631271789693708 0.5674731036060667
0.1 1.0 3.0 0.0 1.0 0.0 1.4204243473421396 0.4535229056698068 0.9669014416723326
0 / 3
1 / 3
2 / 3
[[5], [5, 2], [5, 2, 4]]
0.1 0.9133333333333333 1.4377777777777778 0.49333333333333335 0.0 0.0 0.7294132011101336 0.1321256005364839 0.5972876005736495
0.1 1.0 3.0 0.0 1.0 0.0 1.357807385469703 0.3995924262121625 0.9582149592575403
0.1 0.9066666666666666 1.38 0.54 0.0 0.0 0.6715309699453172 0.11677112158903102 0.5547598483562862
0.1 1.0 3.0 0.0 1.0 0.0 1.3802796909295114 0.407906755984119 0.9723729349453923
0.1 0.92 1.5444444444444445 0.4 0.0 0.0 0.7335607111947726 0.14598928359576033 0.5875714275990125
0.1 1.0 3.0 0.0 1.0 0.0 1.4411493336527106 0.43145944165359057 1.00968989199912
0 / 3
1 / 3
2 / 3
[[3], [3, 4], [3, 4, 2]]
0.1 0.9044444444444445 1.6 0.33111111111111113 0.013333333333333334 0.0 0.7539518184072571 0.1468979229935496 0.6070538954137076
0.1 1.0 3.0 0.0 1.0 0.0 1.3999946557074112 0.3969336664490552 1.0030609892583562
0.1 0.9044444444444445 1.5622222222222222 0.3622222222222222 0.0 0.0 0.7733479470773758 0.14584926421883268 0.6274986828585429
0.1 1.0 3.0 0.0 1.0 0.0 1.3991177085561508 0.36455825607180564 1.034559452484345
0.1 0.9088888888888889 1.5911111111111111 0.3488888888888889 0.008888888888888889 0.0 0.781576838501835 0.15653603823417403 0.6250408002676608
0.1 1.0 3.0 0.0 1.0 0.0 1.3968438392923663 0.36385765077924376 1.0329861885131224
0 / 3
1 / 3
2 / 3
[[3], [3, 4], [3, 4, 2]]
0.1 0.9222222222222223 1.7133333333333334 0.22666666666666666 0.0 0.0 0.7400958776296155 0.1497979032219371 0.5902979744076784
0.1 1.0 3.0 0.0 1.0 0.0 1.4052048811990545 0.4006266840063421 1.0045781971927124
0.1 0.9133333333333333 1.468888888888889 0.46444444444444444 0.0 0.0 0.7072330953895839 0.12275334328494994 0.584479752104634
0.1 1.0 3.0 0.0 1.0 0.0 1.3843634864817937 0.38667682906921236 0.9976866574125814
0.1 0.9066666666666666 1.46 0.4666666666666667 0.0 0.0 0.7232890364441301 0.12730847660664385 0.5959805598374863
0.1 1.0 3.0 0.0 1.0 0.0 1.4017132654496807 0.3897026054053136 1.012010660044367
0 / 3
1 / 3
2 / 3
[[5], [5, 2], [5, 2, 4]]
0.1 0.9088888888888889 1.4333333333333333 0.49777777777777776 0.0 0.0 0.7038494017517387 0.1247571184269085 0.5790922833248303
0.1 1.0 3.0 0.0 1.0 0.0 1.3986339632128697 0.4130032112522113 0.9856307519606584
0.1 0.9022222222222223 1.3866666666666667 0.5311111111111111 0.0 0.0 0.6438007260557899 0.11154292013867798 0.5322578059171119
0.1 1.0 3.0 0.0 1.0 0.0 1.3879632984221755 0.41050516628274014 0.9774581321394353
0.1 0.9133333333333333 1.5644444444444445 0.37333333333333335 0.0 0.0 0.6766327335604326 0.1288011810778245 0.5478315524826081
0.1 1.0 3.0 0.0 1.0 0.0 1.42719110247692 0.42573059710078687 1.001460505376133
0 / 3
1 / 3
2 / 3
[[3], [3, 4], [3, 4, 2]]
0.1 0.9044444444444445 1.62 0.3088888888888889 0.0 0.0 0.7217726791571563 0.1449840834441195 0.5767885957130368
0.1 1.0 2.96 0.0 0.96 0.0 1.33579807876085 0.3516173118595446 0.9841807669013056
0.1 0.8911111111111111 1.511111111111111 0.3977777777777778 0.0 0.0 0.6798879830789694 0.13533933433719342 0.5445486487417758
0.1 1.0 3.0 0.0 1.0 0.0 1.3873664168742348 0.3942597752130968 0.9931066416611382
0.1 0.9022222222222223 1.6355555555555557 0.29555555555555557 0.0 0.0 0.712556956447149 0.14923499519856906 0.5633219612485799
0.1 1.0 3.0 0.0 1.0 0.0 1.3997039195877252 0.39073557863384506 1.00896834095388
0 / 3
1 / 3
2 / 3
[[4], [4, 2], [4, 2, 3]]
0.1 0.8533333333333334 1.38 0.4866666666666667 0.0 0.0 0.68396883761407 0.10159188623414643 0.5823769513799235
0.1 0.9977777777777778 2.966666666666667 0.0 0.9666666666666667 0.0 1.3734470655005158 0.3857818650724755 0.9876652004280401
0.1 0.86 1.3733333333333333 0.5 0.0 0.0 0.6823253007183763 0.0994782634887418 0.5828470372296344
0.1 0.9977777777777778 2.973333333333333 0.0 0.9733333333333334 0.0 1.3580652770013129 0.393942313810997 0.9641229631903157
0.1 0.8777777777777778 1.4777777777777779 0.41333333333333333 0.0 0.0 0.6757708609012403 0.11292869667163004 0.5628421642296102
0.1 0.9955555555555555 2.8577777777777778 0.0044444444444444444 0.8622222222222222 0.0 1.3092434377952906 0.3350310504176582 0.9742123873776324
0 / 3
1 / 3
2 / 3
[[3], [3, 4], [3, 4, 2]]
0.1 0.9044444444444445 1.66 0.26666666666666666 0.0 0.0 0.762620018906653 0.14607041952885227 0.6165495993778007
0.1 1.0 3.0 0.0 1.0 0.0 1.4351760352238285 0.427838159826068 1.0073378753977607
0.1 0.9222222222222223 1.5133333333333334 0.43333333333333335 0.0 0.0 0.7216056343939855 0.131405988816992 0.5901996455769934
0.1 1.0 3.0 0.0 1.0 0.0 1.4395410747451605 0.3952652870876976 1.0442757876574629
0.1 0.9088888888888889 1.488888888888889 0.44222222222222224 0.0 0.0 0.7499484584268 0.13357472946185764 0.6163737289649422
0.1 1.0 3.0 0.0 1.0 0.0 1.4470546421250092 0.38925242363025364 1.0578022184947555
0 / 3
1 / 3
2 / 3
[[3], [3, 4], [3, 4, 2]]
0.1 0.9088888888888889 1.6777777777777778 0.24888888888888888 0.0 0.0 0.7611030840858111 0.157695139948188 0.6034079441376231
0.1 1.0 3.0 0.0 1.0 0.0 1.405416046341908 0.4346339696754125 0.9707820766664955
0.1 0.9066666666666666 1.4666666666666666 0.46 0.0 0.0 0.7433596219345762 0.13298416568392749 0.6103754562506487
0.1 1.0 3.0 0.0 1.0 0.0 1.4164001748387516 0.38915924918372 1.0272409256550317
0.1 0.9022222222222223 1.4733333333333334 0.4488888888888889 0.0 0.0 0.7544361993607681 0.135231389030898 0.6192048103298701
0.1 1.0 3.0 0.0 1.0 0.0 1.4354374093008704 0.39024738831283495 1.0451900209880356
0 / 3
1 / 3
2 / 3
[[5], [5, 0], [5, 0, 2]]
0.1 0.9044444444444445 1.4555555555555555 0.46444444444444444 0.0 0.0 0.7326332121548699 0.13652644143673093 0.596106770718139
0.1 1.0 3.0 0.0 1.0 0.0 1.425602616840108 0.4296557030798261 0.9959469137602817
0.1 0.9066666666666666 1.471111111111111 0.45111111111111113 0.0 0.0 0.7274663909982365 0.12913752283907642 0.5983288681591601
0.1 0.9933333333333333 2.966666666666667 0.0 0.9666666666666667 0.0 1.3744351945568405 0.34799433706063454 1.026440857496206
0.1 0.9088888888888889 1.42 0.49777777777777776 0.0 0.0 0.7170487606666847 0.11640539146670609 0.6006433691999784
0.1 1.0 2.98 0.0 0.98 0.0 1.365966285925409 0.3474525271080119 1.018513758817397
0 / 3
1 / 3
2 / 3
[[4], [4, 2], [4, 2, 3]]
0.1 0.9088888888888889 1.451111111111111 0.48 0.0 0.0 0.6633338767678367 0.11562994680827028 0.5477039299595664
0.1 1.0 3.0 0.0 1.0 0.0 1.399053582234222 0.42824651420420007 0.9708070680300219
0.1 0.8911111111111111 1.4622222222222223 0.4488888888888889 0.0 0.0 0.6662451879056117 0.1251679841263833 0.5410772037792284
0.1 1.0 3.0 0.0 1.0 0.0 1.3914405162665953 0.44629324593109254 0.9451472703355025
0.1 0.8977777777777778 1.4466666666666668 0.4666666666666667 0.0 0.0 0.6416385571405202 0.11170942509753778 0.5299291320429824
0.1 1.0 2.9044444444444446 0.0 0.9044444444444445 0.0 1.305681269835635 0.3300957988639868 0.9755854709716485
0 / 3
1 / 3
2 / 3
[[5], [5, 2], [5, 2, 4]]
0.1 0.8977777777777778 1.42 0.49777777777777776 0.0 0.0 0.6813648022718621 0.12219472835452615 0.5591700739173359
0.1 1.0 2.9755555555555557 0.0 0.9755555555555555 0.0 1.335410533517384 0.35437189537661634 0.9810386381407676
0.1 0.8933333333333333 1.3533333333333333 0.5533333333333333 0.0 0.0 0.6728761576898089 0.10700154841698792 0.5658746092728208
0.1 1.0 3.0 0.0 1.0 0.0 1.3533716384127252 0.36415401191422686 0.9892176264984982
0.1 0.8688888888888889 1.4422222222222223 0.44666666666666666 0.0 0.0 0.6894683615331199 0.12544380244231582 0.5640245590908041
0.1 1.0 3.0 0.0 1.0 0.0 1.379361653761362 0.37039088465119047 1.0089707691101717
0 / 3
1 / 3
2 / 3
[[5], [5, 2], [5, 2, 4]]
0.1 0.8977777777777778 1.3266666666666667 0.5844444444444444 0.0 0.0 0.7246180591338741 0.1167612034452197 0.6078568556886544
0.1 1.0 3.0 0.0 1.0 0.0 1.3839212884527776 0.4201900511470629 0.9637312373057146
0.1 0.8888888888888888 1.2533333333333334 0.6466666666666666 0.0 0.0 0.6868534644187112 0.1020030506296888 0.5848504137890224
0.1 0.9977777777777778 2.9355555555555557 0.0022222222222222222 0.9377777777777778 0.0 1.33683339951823 0.3786468658206434 0.9581865336975863
0.1 0.8866666666666667 1.4044444444444444 0.5 0.0 0.0 0.7077392002711627 0.10663785505135807 0.6011013452198046
0.1 1.0 3.0 0.0 1.0 0.0 1.41932559800002 0.4238759455580815 0.9954496524419383
D 4
101
The best KBinsDiscretizer strategy is: kmeans
The best bins strategy is: stone, with: 5 bins
The best number of bins for D is: 5. Bins: 5
0 / 4
1 / 4
2 / 4
3 / 4
[[2], [2, 5], [2, 5, 1], [2, 5, 1, 3]]
0.1 0.9488888888888889 1.3622222222222222 0.7933333333333333 0.0 0.0 1.2624147533352554 0.0964721437039003 1.1659426096313552
0.1 1.0 5.0 0.0 1.0 0.0 1.9670814619040236 0.8006388949895424 1.166442566914481
0.1 0.9155555555555556 1.1377777777777778 0.8488888888888889 0.0 0.0 0.5819641752114112 0.0556490985553919 0.5263150766560193
0.1 0.9533333333333334 0.9977777777777778 0.9533333333333334 0.0 0.0022222222222222222 1.5566119570152135 0.19907629155819634 1.3575356654570174
0.1 0.9244444444444444 1.2066666666666668 0.8177777777777778 0.0 0.0044444444444444444 0.6487088401515749 0.12900482375061212 0.5197040164009629
0.1 0.9355555555555556 0.9444444444444444 0.9355555555555556 0.0 0.05555555555555555 1.4965425479900647 0.11147723575867076 1.385065312231394
0.1 0.9244444444444444 1.2133333333333334 0.8177777777777778 0.0 0.0044444444444444444 0.6334079705013937 0.11457813457492198 0.5188298359264717
0.1 0.9422222222222222 0.9644444444444444 0.9422222222222222 0.0 0.035555555555555556 1.492612335170195 0.11167591656092997 1.3809364186092645
0 / 4
1 / 4
2 / 4
3 / 4
[[2], [2, 1], [2, 1, 3], [2, 1, 3, 0]]
0.1 0.9422222222222222 1.3422222222222222 0.7866666666666666 0.0 0.0 1.2457518271937775 0.10115330395590603 1.1445985232378715
0.1 0.9733333333333334 3.7066666666666666 0.015555555555555555 0.20666666666666667 0.0 1.65939820323295 0.5105106511461891 1.1488875520867607
0.1 0.9377777777777778 1.2977777777777777 0.8044444444444444 0.0 0.0 1.0068535081356589 0.09343359911602933 0.9134199090196294
0.1 0.9866666666666667 4.1177777777777775 0.0022222222222222222 0.38222222222222224 0.0 1.7295245955373684 0.5453911643830439 1.1841334311543248
0.1 0.9022222222222223 1.1577777777777778 0.8355555555555556 0.0 0.0 0.5598159956092026 0.05174285849331607 0.5080731371158864
0.1 0.9488888888888889 0.9755555555555555 0.9488888888888889 0.0 0.024444444444444446 1.4747128045025115 0.11032068042734312 1.3643921240751684
0.1 0.9022222222222223 0.9844444444444445 0.8888888888888888 0.0 0.03333333333333333 0.5859226069018612 0.046549038015540334 0.5393735688863209
0.1 0.9555555555555556 0.9644444444444444 0.9555555555555556 0.0 0.035555555555555556 1.4370141394940503 0.06975983735875771 1.3672543021352928
0 / 4
1 / 4
2 / 4
3 / 4
[[2], [2, 5], [2, 5, 1], [2, 5, 1, 3]]
0.1 0.9444444444444444 1.2955555555555556 0.7955555555555556 0.0 0.0 1.257673440448996 0.09170396340179261 1.1659694770472036
0.1 0.9555555555555556 1.4088888888888889 0.7955555555555556 0.0 0.0 1.5526633198018873 0.36366595579863187 1.1889973640032556
0.1 0.9088888888888889 1.0733333333333333 0.84 0.0 0.06444444444444444 0.5743506100051788 0.05368088843555553 0.5206697215696234
0.1 0.9088888888888889 0.9333333333333333 0.9088888888888889 0.0 0.06666666666666667 1.4539952914081082 0.09030712935648924 1.363688162051619
0.1 0.8977777777777778 1.1444444444444444 0.8133333333333334 0.0 0.008888888888888889 0.6403795666087149 0.10276978964656004 0.5376097769621548
0.1 0.9288888888888889 0.9333333333333333 0.9288888888888889 0.0 0.06666666666666667 1.423872136089738 0.04529171063260935 1.3785804254571288
0.1 0.9111111111111111 1.1644444444444444 0.8155555555555556 0.0 0.024444444444444446 0.6447892140532994 0.1045376180938413 0.540251595959458
0.1 0.9266666666666666 0.9288888888888889 0.9266666666666666 0.0 0.07111111111111111 1.4262588159769702 0.04470128816512377 1.3815575278118462
0 / 4
1 / 4
2 / 4
3 / 4
[[2], [2, 5], [2, 5, 1], [2, 5, 1, 3]]
0.1 0.9266666666666666 1.2066666666666668 0.7933333333333333 0.0 0.0 1.2481624058389884 0.08649955289571276 1.1616628529432758
0.1 1.0 5.0 0.0 1.0 0.0 2.0725025747423573 0.8987760878435602 1.173726486898797
0.1 0.8933333333333333 1.0044444444444445 0.8444444444444444 0.0 0.08666666666666667 0.5369576419882469 0.04841830085725845 0.48853934113098857
0.1 0.96 0.9844444444444445 0.96 0.0 0.015555555555555555 1.451496904585035 0.11279396133270875 1.3387029432523263
0.1 0.8977777777777778 0.9866666666666667 0.8577777777777778 0.0 0.08222222222222222 0.539761190932965 0.0515394454179351 0.48822174551502984
0.1 0.9711111111111111 0.9911111111111112 0.9711111111111111 0.0 0.008888888888888889 1.4406574163033536 0.0664071411133198 1.3742502751900338
0.1 0.8955555555555555 1.0133333333333334 0.8533333333333334 0.0 0.07555555555555556 0.5465756393428642 0.05408252030577556 0.4924931190370887
0.1 0.9533333333333334 0.9711111111111111 0.9533333333333334 0.0 0.028888888888888888 1.4450729313112645 0.06678117267708496 1.3782917586341796
0 / 4
1 / 4
2 / 4
3 / 4
[[2], [2, 5], [2, 5, 0], [2, 5, 0, 3]]
0.1 0.9466666666666667 1.3577777777777778 0.7933333333333333 0.0 0.0 1.2641500534010732 0.09601920502937389 1.1681308483716992
0.1 0.9933333333333333 4.466666666666667 0.0 0.5688888888888889 0.0 1.6959035100076525 0.5310384904867516 1.164865019520901
0.1 0.9088888888888889 1.0422222222222222 0.8488888888888889 0.0 0.057777777777777775 0.5450704483921307 0.04435466281822467 0.5007157855739061
0.1 0.9444444444444444 0.9844444444444445 0.9422222222222222 0.0 0.017777777777777778 1.3571570824489987 0.030311071550362268 1.3268460108986366
0.1 0.8866666666666667 0.9377777777777778 0.8755555555555555 0.0 0.07333333333333333 0.5534439828733182 0.06567725605965935 0.48776672681365896
0.1 0.9466666666666667 0.9933333333333333 0.9466666666666667 0.0 0.006666666666666667 1.432658816979895 0.11204902747697366 1.3206097895029214
0.1 0.8755555555555555 0.94 0.8511111111111112 0.0 0.08444444444444445 0.5787764064677798 0.09230582255027972 0.48647058391750003
0.1 0.9511111111111111 0.9955555555555555 0.9511111111111111 0.0 0.0044444444444444444 1.4541261083933128 0.11261739080246631 1.3415087175908467
0 / 4
1 / 4
2 / 4
3 / 4
[[2], [2, 4], [2, 4, 3], [2, 4, 3, 0]]
0.1 0.9355555555555556 1.3444444444444446 0.7822222222222223 0.0 0.0 1.2402221619761673 0.10181316729967527 1.1384089946764917
0.1 1.0 5.0 0.0 1.0 0.0 1.900653673084488 0.7342887281905529 1.166364944893935
0.1 0.9333333333333333 1.511111111111111 0.6222222222222222 0.0 0.0 0.6564169666363385 0.1396654364639238 0.5167515301724147
0.1 0.9711111111111111 1.2222222222222223 0.7933333333333333 0.0 0.0 1.3991567373284028 0.22673216893879466 1.1724245683896084
0.1 0.9177777777777778 2.1422222222222222 0.015555555555555555 0.0 0.0 0.6990016855471722 0.18531575009545131 0.513685935451721
0.1 0.9533333333333334 1.0355555555555556 0.9155555555555556 0.0 0.0044444444444444444 1.563923366582133 0.2664827897543257 1.2974405768278072
0.1 0.9088888888888889 1.5577777777777777 0.4288888888888889 0.0 0.04888888888888889 0.7151818105491391 0.19842571868175318 0.5167560918673858
0.1 0.9533333333333334 1.031111111111111 0.92 0.0 0.006666666666666667 1.5605817911972413 0.26449987021520244 1.2960819209820387
0 / 4
1 / 4
2 / 4
3 / 4
[[2], [2, 0], [2, 0, 3], [2, 0, 3, 1]]
0.1 0.9377777777777778 1.3 0.7844444444444445 0.0 0.0 1.2464928355661928 0.09434241102148883 1.152150424544704
0.1 0.9911111111111112 4.102222222222222 0.0044444444444444444 0.33555555555555555 0.0 1.642734693491525 0.4995780629698524 1.143156630521672
0.1 0.9311111111111111 1.0422222222222222 0.8222222222222222 0.0 0.06666666666666667 0.8291018878801848 0.06615207443371612 0.7629498134464686
0.1 0.9644444444444444 3.3044444444444445 0.03111111111111111 0.10444444444444445 0.0 1.7864940307017494 0.42182151092904 1.3646725197727092
0.1 0.9 0.9311111111111111 0.8888888888888888 0.0 0.08222222222222222 0.5412694233258453 0.039347005392022544 0.5019224179338228
0.1 0.9511111111111111 0.9977777777777778 0.9511111111111111 0.0 0.0022222222222222222 1.4249906481252106 0.06825968276292378 1.3567309653622865
0.1 0.8933333333333333 0.9088888888888889 0.8866666666666667 0.0 0.1 0.5448292793442973 0.04299841815318705 0.5018308611911103
0.1 0.9422222222222222 0.9577777777777777 0.9422222222222222 0.0 0.042222222222222223 1.458968889108678 0.04508164736251093 1.4138872417461668
0 / 4
1 / 4
2 / 4
3 / 4
[[2], [2, 1], [2, 1, 5], [2, 1, 5, 3]]
0.1 0.9533333333333334 1.3933333333333333 0.7933333333333333 0.0 0.0 1.2547480232079695 0.09888281435353125 1.155865208854438
0.1 0.9555555555555556 1.4133333333333333 0.7933333333333333 0.0 0.0 1.5596672272413177 0.37496690320140147 1.1847003240399159
0.1 0.9511111111111111 2.042222222222222 0.14666666666666667 0.0 0.0 1.1443102543962425 0.20188618763387872 0.9424240667623638
0.1 0.9555555555555556 1.3533333333333333 0.7933333333333333 0.0 0.0 1.4855216800122144 0.3335562158902927 1.1519654641219217
0.1 0.9355555555555556 1.18 0.8155555555555556 0.0 0.006666666666666667 0.6180690254632747 0.08120857047645011 0.5368604549868247
0.1 0.9488888888888889 0.9577777777777777 0.9488888888888889 0.0 0.042222222222222223 1.4399051648541707 0.06741078069085167 1.3724943841633188
0.1 0.9333333333333333 1.1955555555555555 0.8155555555555556 0.0 0.006666666666666667 0.6148050986927085 0.08162260783879775 0.5331824908539108
0.1 0.9555555555555556 0.9622222222222222 0.9555555555555556 0.0 0.03777777777777778 1.4658843077037516 0.06719013822109654 1.3986941694826551
0 / 4
1 / 4
2 / 4
3 / 4
[[2], [2, 5], [2, 5, 0], [2, 5, 0, 3]]
0.1 0.9355555555555556 1.3755555555555556 0.7822222222222223 0.0 0.0 1.2533457616043506 0.10247070314247335 1.1508750584618774
0.1 0.9644444444444444 3.6222222222222222 0.013333333333333334 0.19111111111111112 0.0 1.6743307007751982 0.5112960746602745 1.1630346261149236
0.1 0.8933333333333333 1.1422222222222222 0.8377777777777777 0.0 0.0 0.59325217929159 0.05570882548074809 0.5375433538108418
0.1 0.9488888888888889 0.98 0.9488888888888889 0.0 0.02 1.4202923383744774 0.11300277724460077 1.3072895611298767
0.1 0.9111111111111111 1.008888888888889 0.8888888888888888 0.0 0.015555555555555555 0.6307580202420885 0.09117740647063786 0.5395806137714506
0.1 0.9511111111111111 0.9777777777777777 0.9511111111111111 0.0 0.022222222222222223 1.3897540087309046 0.093120181873012 1.2966338268578925
0.1 0.9133333333333333 1.0177777777777777 0.8844444444444445 0.0 0.013333333333333334 0.6481558925170254 0.10813088174585576 0.5400250107711697
0.1 0.9466666666666667 0.9733333333333334 0.9466666666666667 0.0 0.02666666666666667 1.3867756085858394 0.09407957358261312 1.2926960350032262
0 / 4
1 / 4
2 / 4
3 / 4
[[2], [2, 4], [2, 4, 3], [2, 4, 3, 0]]
0.1 0.9266666666666666 1.28 0.7822222222222223 0.0 0.0 1.2367853407136962 0.09267067720209238 1.1441146635116037
0.1 0.9711111111111111 3.7711111111111113 0.0022222222222222222 0.23333333333333334 0.0 1.6085161272174207 0.4652323537063396 1.143283773511081
0.1 0.9022222222222223 1.0911111111111111 0.7977777777777778 0.0 0.06 0.5662479924560352 0.058724628437831335 0.5075233640182039
0.1 0.9555555555555556 1.1666666666666667 0.8266666666666667 0.0 0.0 1.4640230946511201 0.23066869685582272 1.2333543977952977
0.1 0.9088888888888889 1.06 0.8333333333333334 0.0 0.07555555555555556 0.5537384748489724 0.049285676368746825 0.5044527984802256
0.1 0.96 1.0044444444444445 0.9533333333333334 0.0 0.0022222222222222222 1.362521952044624 0.07276897832382534 1.2897529737207987
0.1 0.8933333333333333 1.051111111111111 0.7844444444444445 0.0 0.06222222222222222 0.6121384617532989 0.0884549521080459 0.5236835096452531
0.1 0.96 1.0022222222222221 0.9555555555555556 0.0 0.0022222222222222222 1.3835139826475036 0.0724909580371906 1.3110230246103132
0 / 4
1 / 4
2 / 4
3 / 4
[[2], [2, 0], [2, 0, 3], [2, 0, 3, 1]]
0.1 0.9355555555555556 1.2955555555555556 0.7911111111111111 0.0 0.0 1.2561812647163613 0.0923602329712453 1.163821031745116
0.1 1.0 5.0 0.0 1.0 0.0 1.9344224158957528 0.7647946430754741 1.169627772820279
0.1 0.9333333333333333 1.0422222222222222 0.8266666666666667 0.0 0.06444444444444444 0.8485256091760736 0.06756121227463838 0.7809643969014353
0.1 0.9955555555555555 4.737777777777778 0.0 0.7622222222222222 0.0 1.9217252622112007 0.561005141512295 1.3607201206989061
0.1 0.9022222222222223 0.9955555555555555 0.8711111111111111 0.0 0.04 0.6110382828641483 0.06602677504633854 0.5450115078178098
0.1 0.9444444444444444 0.9933333333333333 0.9444444444444444 0.0 0.006666666666666667 1.4710579257482923 0.1319161423218939 1.339141783426399
0.1 0.9022222222222223 1.0555555555555556 0.8555555555555555 0.0 0.011111111111111112 0.6553160445160483 0.1086084458817861 0.5467075986342623
0.1 0.9266666666666666 0.94 0.9266666666666666 0.0 0.06 1.5284387372413746 0.15476514175326175 1.373673595488113
0 / 4
1 / 4
2 / 4
3 / 4
[[2], [2, 0], [2, 0, 1], [2, 0, 1, 3]]
0.1 0.9266666666666666 1.2644444444444445 0.7888888888888889 0.0 0.0 1.2517119930050706 0.09030981233770556 1.1614021806673651
0.1 1.0 5.0 0.0 1.0 0.0 1.8622259262245013 0.6885543233685034 1.1736716028559977
0.1 0.9377777777777778 1.1244444444444444 0.82 0.0 0.0 0.8460183183267602 0.07523213228919026 0.77078618603757
0.1 0.9911111111111112 1.24 0.82 0.0 0.0 1.32920013835226 0.10437898398707472 1.2248211543651855
0.1 0.9155555555555556 1.0422222222222222 0.82 0.0 0.05555555555555555 0.7603697575912164 0.07296857342071618 0.6874011841705001
0.1 0.9755555555555555 1.2177777777777778 0.8177777777777778 0.0 0.0 1.3808996445984825 0.17998743135917838 1.2009122132393035
0.1 0.8933333333333333 0.9533333333333334 0.8911111111111111 0.0 0.04888888888888889 0.5774502181101759 0.0669207704400591 0.5105294476701169
0.1 0.9222222222222223 0.9288888888888889 0.9222222222222223 0.0 0.07111111111111111 1.4531195134851984 0.08840042782695196 1.3647190856582463
0 / 4
1 / 4
2 / 4
3 / 4
[[2], [2, 0], [2, 0, 3], [2, 0, 3, 1]]
0.1 0.9177777777777778 1.231111111111111 0.78 0.0 0.0 1.2574542048722939 0.09310279911096407 1.1643514057613296
0.1 0.9555555555555556 1.44 0.78 0.0 0.0 1.5441041244379843 0.3733623832164086 1.1707417412215757
0.1 0.9266666666666666 1.1511111111111112 0.78 0.0 0.0 0.8269981842476108 0.07442545066266196 0.752572733584949
0.1 0.9733333333333334 1.1733333333333333 0.8222222222222222 0.0 0.0 1.3363301801043634 0.13226108962874686 1.2040690904756164
0.1 0.9022222222222223 0.9777777777777777 0.8666666666666667 0.0 0.06666666666666667 0.5732885122202693 0.07930231309141453 0.4939861991288548
0.1 0.9666666666666667 0.9977777777777778 0.9666666666666667 0.0 0.0022222222222222222 1.3747348908561277 0.07081947460552471 1.303915416250603
0.1 0.9088888888888889 0.9488888888888889 0.8955555555555555 0.0 0.06666666666666667 0.569735292328265 0.07560445628227581 0.4941308360459891
0.1 0.9377777777777778 0.9555555555555556 0.9377777777777778 0.0 0.044444444444444446 1.4139774993510132 0.024391789188303696 1.3895857101627098
0 / 4
1 / 4
2 / 4
3 / 4
[[2], [2, 4], [2, 4, 1], [2, 4, 1, 3]]
0.1 0.9177777777777778 1.2155555555555555 0.7844444444444445 0.0 0.0 1.2356844369760076 0.08660033993897717 1.1490840970370304
0.1 0.9555555555555556 1.431111111111111 0.7844444444444445 0.0 0.0 1.5450346517576592 0.3669261735454962 1.1781084782121631
0.1 0.9022222222222223 1.0822222222222222 0.8222222222222222 0.0 0.07111111111111111 0.5481226840889137 0.0534364571187491 0.49468622697016473
0.1 0.9688888888888889 2.966666666666667 0.07333333333333333 0.06888888888888889 0.0 1.6369956239400838 0.39846068857425737 1.2385349353658264
0.1 0.8733333333333333 0.9888888888888889 0.84 0.0 0.05555555555555555 0.54208857214398 0.04868552361201766 0.4934030485319623
0.1 0.9733333333333334 3.3466666666666667 0.028888888888888888 0.13111111111111112 0.0 1.6504902855747392 0.42411675329375764 1.2263735322809817
0.1 0.8866666666666667 1.0555555555555556 0.8266666666666667 0.0 0.07777777777777778 0.5436569555916679 0.05081451078172577 0.4928424448099422
0.1 0.9711111111111111 1.0622222222222222 0.9177777777777778 0.0 0.0 1.473705752439705 0.15986029170192806 1.313845460737777
0 / 4
1 / 4
2 / 4
3 / 4
[[2], [2, 1], [2, 1, 0], [2, 1, 0, 3]]
0.1 0.9266666666666666 1.3 0.7844444444444445 0.0 0.0 1.242773535955977 0.0946066866148621 1.148166849341115
0.1 1.0 5.0 0.0 1.0 0.0 1.8137324339916359 0.6620607998989512 1.1516716340926847
0.1 0.9244444444444444 1.3111111111111111 0.7733333333333333 0.0 0.0 1.1004717904318666 0.19945793360613642 0.9010138568257302
0.1 0.9933333333333333 4.624444444444444 0.0 0.6666666666666666 0.0 1.7769239777769825 0.5529218849426539 1.2240020928343287
0.1 0.9088888888888889 1.0 0.8222222222222222 0.0 0.08666666666666667 0.7529441935861892 0.08726503861910521 0.665679154967084
0.1 0.9977777777777778 4.908888888888889 0.0 0.9111111111111111 0.0 1.9306751231587265 0.5867105405839551 1.3439645825747712
0.1 0.8955555555555555 0.9644444444444444 0.88 0.0 0.051111111111111114 0.5682721593462973 0.07219635936823028 0.496075799978067
0.1 0.9355555555555556 0.9622222222222222 0.9355555555555556 0.0 0.03777777777777778 1.3976564550448298 0.06726184741685916 1.330394607627971
0 / 4
1 / 4
2 / 4
3 / 4
[[2], [2, 5], [2, 5, 1], [2, 5, 1, 3]]
0.1 0.9622222222222222 1.4666666666666666 0.7911111111111111 0.0 0.0 1.2551049938631296 0.10416680288442105 1.1509381909787086
0.1 0.9555555555555556 1.4177777777777778 0.7911111111111111 0.0 0.0 1.5451533144783045 0.3796503902511631 1.1655029242271413
0.1 0.9111111111111111 1.12 0.8488888888888889 0.0 0.0 0.6003736201494693 0.053458379492985965 0.5469152406564833
0.1 0.9644444444444444 1.0 0.9644444444444444 0.0 0.0 1.489723148659307 0.1535403163378114 1.3361828323214957
0.1 0.9066666666666666 1.1155555555555556 0.8444444444444444 0.0 0.008888888888888889 0.5879823770643234 0.050565320245921586 0.5374170568184019
0.1 0.9511111111111111 0.9666666666666667 0.9511111111111111 0.0 0.03333333333333333 1.448261272047876 0.06606762432662734 1.382193647721249
0.1 0.9088888888888889 1.1244444444444444 0.8466666666666667 0.0 0.006666666666666667 0.5965054483083541 0.057042130838737284 0.5394633174696168
0.1 0.96 0.9777777777777777 0.96 0.0 0.022222222222222223 1.4091772957694724 0.04546339679644636 1.3637138989730264
0 / 4
1 / 4
2 / 4
3 / 4
[[2], [2, 0], [2, 0, 1], [2, 0, 1, 3]]
0.1 0.9422222222222222 1.3288888888888888 0.7933333333333333 0.0 0.0 1.262551720192314 0.09274272045238366 1.1698089997399301
0.1 0.9955555555555555 4.9222222222222225 0.0 0.9244444444444444 0.0 1.8019709479731278 0.6367673208704974 1.1652036271026307
0.1 0.9333333333333333 1.0622222222222222 0.82 0.0 0.05333333333333334 0.8335567313997063 0.08052444935346857 0.7530322820462374
0.1 0.9955555555555555 1.2444444444444445 0.82 0.0 0.0 1.3224651954760989 0.12306950335989868 1.1993956921162
0.1 0.9222222222222223 1.0355555555555556 0.82 0.0 0.06888888888888889 0.7786676850751686 0.08677656175862807 0.6918911233165405
0.1 0.9777777777777777 1.1977777777777778 0.8177777777777778 0.0 0.0 1.392196013042778 0.19152651605132753 1.2006694969914504
0.1 0.9155555555555556 0.9422222222222222 0.9133333333333333 0.0 0.06 0.5697806510679652 0.06533485735831501 0.5044457937096503
0.1 0.9511111111111111 0.96 0.9511111111111111 0.0 0.04 1.4987813292395933 0.10982048377342457 1.3889608454661688
0 / 4
1 / 4
2 / 4
3 / 4
[[2], [2, 4], [2, 4, 3], [2, 4, 3, 0]]
0.1 0.9466666666666667 1.3666666666666667 0.8 0.0 0.0 1.236927332335046 0.09594014937032964 1.1409871829647165
0.1 1.0 5.0 0.0 1.0 0.0 1.8895605535537712 0.7203135235307067 1.1692470300230646
0.1 0.8955555555555555 1.0755555555555556 0.8133333333333334 0.0 0.08 0.5599915530070521 0.056299544096075196 0.5036920089109769
0.1 0.98 2.3044444444444445 0.22666666666666666 0.011111111111111112 0.0 1.6255973149878857 0.3653095781678347 1.2602877368200511
0.1 0.8933333333333333 1.0644444444444445 0.8155555555555556 0.0 0.08444444444444445 0.5582815530081024 0.05509372264668023 0.5031878303614222
0.1 0.9533333333333334 1.0622222222222222 0.9 0.0 0.0044444444444444444 1.490366282777823 0.1825505993353572 1.3078156834424655
0.1 0.9066666666666666 1.6111111111111112 0.3977777777777778 0.0 0.03333333333333333 0.7256200833065046 0.20303983324502256 0.5225802500614821
0.1 0.9444444444444444 1.048888888888889 0.9066666666666666 0.0 0.0022222222222222222 1.4883742645479696 0.18216294200258268 1.3062113225453869
0 / 4
1 / 4
2 / 4
3 / 4
[[2], [2, 0], [2, 0, 1], [2, 0, 1, 3]]
0.1 0.9444444444444444 1.3222222222222222 0.7888888888888889 0.0 0.0 1.2380396613669928 0.09416629139852876 1.143873369968464
0.1 0.9555555555555556 1.4222222222222223 0.7888888888888889 0.0 0.0 1.5468387173012685 0.3763485488432279 1.1704901684580407
0.1 0.9222222222222223 1.1044444444444443 0.82 0.0 0.0 0.8124603193206074 0.05152094403268353 0.7609393752879239
0.1 0.9888888888888889 4.2844444444444445 0.0044444444444444444 0.4711111111111111 0.0 1.8585285352037464 0.5033234427577723 1.3552050924459742
0.1 0.9044444444444445 1.0377777777777777 0.8111111111111111 0.0 0.057777777777777775 0.7601843172547705 0.07649865613864254 0.6836856611161283
0.1 0.96 3.2444444444444445 0.04666666666666667 0.11333333333333333 0.0 1.7291366267809674 0.41813983979304215 1.3109967869879255
0.1 0.8777777777777778 1.32 0.4955555555555556 0.0 0.08 0.6699144429002061 0.1468688450061776 0.5230455978940284
0.1 0.9288888888888889 0.9422222222222222 0.9288888888888889 0.0 0.057777777777777775 1.4760979100102634 0.06938469668774452 1.4067132133225189
0 / 4
1 / 4
2 / 4
3 / 4
[[2], [2, 5], [2, 5, 1], [2, 5, 1, 0]]
0.1 0.9444444444444444 1.3266666666666667 0.7911111111111111 0.0 0.0 1.2583827540559993 0.09440732317447015 1.1639754308815293
0.1 0.9733333333333334 3.417777777777778 0.02 0.11333333333333333 0.0 1.674904536586905 0.48792377450489566 1.1869807620820094
0.1 0.9022222222222223 1.0577777777777777 0.8355555555555556 0.0 0.07555555555555556 0.5565300093131134 0.054822068260743324 0.50170794105237
0.1 0.9555555555555556 1.0222222222222221 0.9377777777777778 0.0 0.0044444444444444444 1.3695132243796104 0.05389674026690467 1.315616484112706
0.1 0.9022222222222223 1.1377777777777778 0.8177777777777778 0.0 0.006666666666666667 0.585638297709245 0.08571660749642265 0.49992169021282234
0.1 0.9644444444444444 0.98 0.9644444444444444 0.0 0.02 1.3732746473606292 0.027838681635165573 1.3454359657254635
0.1 0.9 1.0022222222222221 0.8577777777777778 0.0 0.042222222222222223 0.5970539857882408 0.08859653647020475 0.5084574493180359
0.1 0.9577777777777777 0.9888888888888889 0.9577777777777777 0.0 0.011111111111111112 1.3666502301321064 0.048708046180505817 1.3179421839516003
0 / 4
1 / 4
2 / 4
3 / 4
[[2], [2, 5], [2, 5, 1], [2, 5, 1, 3]]
0.1 0.94 1.3777777777777778 0.78 0.0 0.0 1.240550272020965 0.10212721284618016 1.1384230591747848
0.1 0.9644444444444444 3.88 0.008888888888888889 0.27555555555555555 0.0 1.702234318430818 0.527945702186661 1.1742886162441568
0.1 0.9044444444444445 1.1177777777777778 0.8377777777777777 0.0 0.0 0.5948757543559824 0.0554521180696798 0.5394236362863026
0.1 0.9488888888888889 1.02 0.9311111111111111 0.0 0.0 1.4725684180883234 0.18023629512434597 1.2923321229639775
0.1 0.9022222222222223 1.1577777777777778 0.8377777777777777 0.0 0.0 0.5954626563493762 0.059364543087005756 0.5360981132623704
0.1 0.9688888888888889 0.9977777777777778 0.9688888888888889 0.0 0.0022222222222222222 1.4459981885389688 0.08967103193608712 1.3563271566028816
0.1 0.9111111111111111 1.191111111111111 0.8311111111111111 0.0 0.0 0.6227673402234135 0.08709039326216407 0.5356769469612495
0.1 0.9688888888888889 0.9977777777777778 0.9688888888888889 0.0 0.0022222222222222222 1.4425330777078513 0.08921128911383774 1.3533217885940136
0 / 4
1 / 4
2 / 4
3 / 4
[[2], [2, 5], [2, 5, 1], [2, 5, 1, 3]]
0.1 0.9444444444444444 1.3488888888888888 0.7911111111111111 0.0 0.0 1.2579375434694662 0.09603339416189684 1.1619041493075692
0.1 1.0 5.0 0.0 1.0 0.0 1.8595010016863818 0.6946791130629706 1.1648218886234112
0.1 0.9066666666666666 1.0755555555555556 0.8444444444444444 0.0 0.035555555555555556 0.5681325347488502 0.051558737021716136 0.5165737977271341
0.1 0.9711111111111111 0.9977777777777778 0.9711111111111111 0.0 0.0022222222222222222 1.4933284624594612 0.15513733605383986 1.3381911264056212
0.1 0.9177777777777778 1.1288888888888888 0.8422222222222222 0.0 0.011111111111111112 0.5937012208348958 0.05792892738728464 0.5357722934476112
0.1 0.9688888888888889 0.9777777777777777 0.9688888888888889 0.0 0.022222222222222223 1.496493140782808 0.06646258146546163 1.4300305593173466
0.1 0.9244444444444444 1.1333333333333333 0.8422222222222222 0.0 0.008888888888888889 0.5899202463358705 0.05958899277498119 0.5303312535608893
0.1 0.9666666666666667 0.9755555555555555 0.9666666666666667 0.0 0.024444444444444446 1.4372535740667334 0.045417479003788626 1.391836095062945
0 / 4
1 / 4
2 / 4
3 / 4
[[2], [2, 4], [2, 4, 1], [2, 4, 1, 3]]
0.1 0.9177777777777778 1.3222222222222222 0.7733333333333333 0.0 0.0 1.2470094826310185 0.10296072127106459 1.144048761359954
0.1 1.0 5.0 0.0 1.0 0.0 1.7926570807155444 0.6529796583161291 1.1396774223994155
0.1 0.8844444444444445 1.36 0.7044444444444444 0.0 0.0 0.5950466079311849 0.09754713855482208 0.49749946937636297
0.1 0.9355555555555556 1.1311111111111112 0.82 0.0 0.0 1.5396053119125488 0.2900846470864231 1.249520664826126
0.1 0.8688888888888889 1.4155555555555555 0.6155555555555555 0.0 0.02 0.6595406644581444 0.1662556849231654 0.4932849795349791
0.1 0.9133333333333333 1.0955555555555556 0.8355555555555556 0.0 0.0 1.4297957355797557 0.18498275694610666 1.244812978633649
0.1 0.8866666666666667 1.451111111111111 0.5866666666666667 0.0 0.008888888888888889 0.6076469339418182 0.1111196510830627 0.49652728285875564
0.1 0.9377777777777778 1.0 0.9377777777777778 0.0 0.0 1.477628802371826 0.1553081660115965 1.3223206363602296
0 / 4
1 / 4
2 / 4
3 / 4
[[2], [2, 4], [2, 4, 3], [2, 4, 3, 1]]
0.1 0.9244444444444444 1.2622222222222221 0.7822222222222223 0.0 0.0 1.254363325575376 0.09354104282561455 1.1608222827497614
0.1 1.0 5.0 0.0 1.0 0.0 1.8312314299021935 0.6537243150772468 1.177507114824947
0.1 0.8977777777777778 1.06 0.8311111111111111 0.0 0.051111111111111114 0.5287463989165575 0.05385628195829813 0.4748901169582594
0.1 0.9666666666666667 1.1577777777777778 0.8333333333333334 0.0 0.0 1.4257221637672022 0.17057941811040492 1.2551427456567976
0.1 0.9022222222222223 1.0333333333333334 0.8355555555555556 0.0 0.08888888888888889 0.5223102520258611 0.04973917395143197 0.47257107807442916
0.1 0.9644444444444444 1.0444444444444445 0.92 0.0 0.0022222222222222222 1.4244699579076516 0.11624122929617461 1.3082287286114769
0.1 0.8977777777777778 1.1 0.8222222222222222 0.0 0.02 0.5319735687137099 0.05858732070147798 0.4733862480122319
0.1 0.9488888888888889 0.9911111111111112 0.9488888888888889 0.0 0.008888888888888889 1.4612719789108668 0.11191938322916112 1.349352595681706
0 / 4
1 / 4
2 / 4
3 / 4
[[2], [2, 1], [2, 1, 3], [2, 1, 3, 0]]
0.1 0.9466666666666667 1.3488888888888888 0.7933333333333333 0.0 0.0 1.267269521737509 0.09746572753176505 1.1698037942057438
0.1 1.0 5.0 0.0 1.0 0.0 2.3847073771364378 0.9560676989591937 1.4286396781772435
0.1 0.9422222222222222 1.2933333333333332 0.8111111111111111 0.0 0.0 1.0519435467476306 0.12124774472651906 0.9306958020211116
0.1 0.9888888888888889 3.902222222222222 0.0044444444444444444 0.28888888888888886 0.0 1.650586539609386 0.4864780456545496 1.1641084939548363
0.1 0.9222222222222223 1.16 0.84 0.0 0.006666666666666667 0.5811453549668031 0.05710924109727079 0.5240361138695322
0.1 0.9355555555555556 0.9422222222222222 0.9355555555555556 0.0 0.057777777777777775 1.49885267702576 0.089224038341621 1.409628638684139
0.1 0.9022222222222223 0.9844444444444445 0.8822222222222222 0.0 0.035555555555555556 0.5677197223305673 0.06969094862811433 0.4980287737024531
0.1 0.9333333333333333 0.94 0.9333333333333333 0.0 0.06 1.5195481293804274 0.13148573271268332 1.388062396667744
0 / 4
1 / 4
2 / 4
3 / 4
[[2], [2, 4], [2, 4, 3], [2, 4, 3, 0]]
0.1 0.9288888888888889 1.2933333333333332 0.7888888888888889 0.0 0.0 1.2428948574051162 0.09165615227411188 1.1512387051310042
0.1 0.98 3.8955555555555557 0.013333333333333334 0.2866666666666667 0.0 1.6906597535208785 0.5214081759742605 1.169251577546618
0.1 0.9022222222222223 1.1088888888888888 0.8177777777777778 0.0 0.06888888888888889 0.5893939731745294 0.058961190878829464 0.5304327822956999
0.1 0.9555555555555556 1.1555555555555554 0.8444444444444444 0.0 0.0 1.5146433112048565 0.2733970015692033 1.2412463096356532
0.1 0.9 1.0866666666666667 0.8244444444444444 0.0 0.08666666666666667 0.5858941763885006 0.05703057490716392 0.5288636014813366
0.1 0.9422222222222222 0.9866666666666667 0.9422222222222222 0.0 0.013333333333333334 1.4516811628482222 0.13321414406984405 1.3184670187783778
0.1 0.8866666666666667 1.1711111111111112 0.7466666666666667 0.0 0.057777777777777775 0.6251682346474914 0.10109237345138998 0.5240758611961013
0.1 0.9422222222222222 0.9866666666666667 0.9422222222222222 0.0 0.013333333333333334 1.4588583250419638 0.13376558903234867 1.3250927360096152
0 / 4
1 / 4
2 / 4
3 / 4
[[2], [2, 5], [2, 5, 1], [2, 5, 1, 3]]
0.1 0.9511111111111111 1.3777777777777778 0.7955555555555556 0.0 0.0 1.2427306780426475 0.09688552601310009 1.1458451520295472
0.1 0.9955555555555555 4.622222222222222 0.0 0.6755555555555556 0.0 1.7781526769525562 0.6036992538785367 1.1744534230740193
0.1 0.92 1.1177777777777778 0.8377777777777777 0.0 0.02 0.5453741717653076 0.05359622258201728 0.4917779491832903
0.1 0.9444444444444444 0.9888888888888889 0.9444444444444444 0.0 0.011111111111111112 1.4920820724130428 0.13362108335454886 1.3584609890584938
0.1 0.9133333333333333 1.5177777777777777 0.4866666666666667 0.0 0.0 0.6377167867153118 0.13529512869044405 0.5024216580248679
0.1 0.9444444444444444 0.9577777777777777 0.9444444444444444 0.0 0.042222222222222223 1.4548633949531609 0.06648713924884073 1.38837625570432
0.1 0.9133333333333333 1.3711111111111112 0.6577777777777778 0.0 0.0 0.6553787624013807 0.13921600327274955 0.5161627591286311
0.1 0.9488888888888889 0.9711111111111111 0.9488888888888889 0.0 0.028888888888888888 1.445617996280588 0.04490622890085823 1.4007117673797302
0 / 4
1 / 4
2 / 4
3 / 4
[[2], [2, 4], [2, 4, 3], [2, 4, 3, 0]]
0.1 0.9444444444444444 1.288888888888889 0.7977777777777778 0.0 0.0 1.250717013933284 0.08951655006985698 1.1612004638634268
0.1 0.9955555555555555 4.793333333333333 0.0 0.8088888888888889 0.0 1.8051297570514138 0.6139950489749781 1.1911347080764354
0.1 0.9022222222222223 1.1022222222222222 0.8355555555555556 0.0 0.07333333333333333 0.589400783467588 0.05593405114724708 0.5334667323203409
0.1 0.96 1.1777777777777778 0.8222222222222222 0.0 0.0 1.411469409743938 0.1729920711875163 1.2384773385564216
0.1 0.8977777777777778 1.068888888888889 0.8311111111111111 0.0 0.09777777777777778 0.5875803138154203 0.054124503464739605 0.5334558103506807
0.1 0.9533333333333334 1.031111111111111 0.9177777777777778 0.0 0.008888888888888889 1.406685078246321 0.13878877073514806 1.2678963075111729
0.1 0.8933333333333333 0.9755555555555555 0.8422222222222222 0.0 0.07555555555555556 0.5878597059215228 0.06784856077054004 0.5200111451509827
0.1 0.9577777777777777 1.031111111111111 0.9177777777777778 0.0 0.011111111111111112 1.4288599841479594 0.13941414277091602 1.289445841377043
0 / 4
1 / 4
2 / 4
3 / 4
[[2], [2, 0], [2, 0, 3], [2, 0, 3, 1]]
0.1 0.9666666666666667 1.4933333333333334 0.7911111111111111 0.0 0.0 1.2747001321728784 0.10650295708412143 1.1681971750887565
0.1 1.0 5.0 0.0 1.0 0.0 2.1136365524436496 0.9464313084337899 1.1672052440098595
0.1 0.9266666666666666 1.0333333333333334 0.8222222222222222 0.0 0.07111111111111111 0.8444737006935297 0.08322811262954885 0.7612455880639808
0.1 0.9911111111111112 4.58 0.0 0.6355555555555555 0.0 1.8993567147910335 0.5397395581025749 1.3596171566884585
0.1 0.8888888888888888 0.9577777777777777 0.8622222222222222 0.0 0.07111111111111111 0.5917977827997121 0.07335757624789888 0.5184402065518132
0.1 0.9466666666666667 0.9822222222222222 0.9466666666666667 0.0 0.017777777777777778 1.451775103143266 0.11155677107974099 1.3402183320635253
0.1 0.8977777777777778 0.96 0.8977777777777778 0.0 0.04 0.6149285696594827 0.09616604468170067 0.5187625249777822
0.1 0.9244444444444444 0.9266666666666666 0.9244444444444444 0.0 0.07333333333333333 1.4846330906790925 0.10968300400268453 1.3749500866764077
0 / 4
1 / 4
2 / 4
3 / 4
[[2], [2, 5], [2, 5, 1], [2, 5, 1, 3]]
0.1 0.94 1.32 0.7955555555555556 0.0 0.0 1.2584783629653078 0.09148830355772648 1.1669900594075813
0.1 0.9866666666666667 4.22 0.0 0.4088888888888889 0.0 1.6771831740313794 0.5169008484971181 1.1602823255342616
0.1 0.9066666666666666 1.0555555555555556 0.84 0.0 0.07333333333333333 0.5742566704874181 0.050480363145196265 0.5237763073422218
0.1 0.9222222222222223 0.9355555555555556 0.9222222222222223 0.0 0.06444444444444444 1.5983444128398583 0.21909709803212524 1.379247314807733
0.1 0.9088888888888889 1.1377777777777778 0.8444444444444444 0.0 0.006666666666666667 0.5448776604509205 0.04896356907238111 0.4959140913785393
0.1 0.9377777777777778 0.9444444444444444 0.9377777777777778 0.0 0.05555555555555555 1.5270290261032862 0.08859899822842884 1.4384300278748572
0.1 0.9133333333333333 1.1333333333333333 0.8466666666666667 0.0 0.011111111111111112 0.551689456892001 0.05687972139828169 0.4948097354937193
0.1 0.9377777777777778 0.9511111111111111 0.9377777777777778 0.0 0.04888888888888889 1.489997423289303 0.08832688788946241 1.4016705353998407
H 2
I 4
12
The best KBinsDiscretizer strategy is: quantile
The best bins strategy is: sturges, with: 5 bins
The best number of bins for I is: 5. Bins: 5
0 / 4
1 / 4
2 / 4
3 / 4
[[3], [3, 5], [3, 5, 2], [3, 5, 2, 1]]
0.1 0.9844444444444445 3.3533333333333335 0.2 0.0 0.0 3.083211102972831 1.8629894972415812 1.22022160573125
0.1 1.0 5.0 0.0 1.0 0.0 3.51692471740616 2.575281703109005 0.9416430142971551
0.1 0.8977777777777778 2.7688888888888887 0.2 0.0 0.0 1.3980190588058286 0.66429803490291 0.7337210239029188
0.1 1.0 5.0 0.0 1.0 0.0 2.523738748632035 1.610374028190878 0.913364720441157
0.1 0.8977777777777778 2.7666666666666666 0.2 0.0 0.0 1.3889223909109683 0.6548278675807198 0.7340945233302484
0.1 1.0 5.0 0.0 1.0 0.0 2.523351467793271 1.610965815036631 0.9123856527566404
0.1 0.9 2.7911111111111113 0.2 0.0 0.0 1.4084724039598864 0.6763963146152288 0.7320760893446575
0.1 1.0 5.0 0.0 1.0 0.0 2.367231722162096 1.4384650893889248 0.9287666327731711
0 / 4
1 / 4
2 / 4
3 / 4
[[3], [3, 5], [3, 5, 2], [3, 5, 2, 0]]
0.1 0.9911111111111112 3.3733333333333335 0.2 0.0 0.0 3.094088935448262 1.8722677306814832 1.221821204766779
0.1 1.0 5.0 0.0 1.0 0.0 3.5109613573984455 2.5615774870024266 0.9493838703960195
0.1 0.9088888888888889 2.8733333333333335 0.2 0.0 0.0 1.425674949368333 0.6777116442706759 0.7479633050976571
0.1 1.0 5.0 0.0 1.0 0.0 2.339426890401247 1.4003270005103645 0.9390998898908819
0.1 0.9066666666666666 2.868888888888889 0.2 0.0 0.0 1.4096125006923905 0.6617054136459715 0.7479070870464193
0.1 1.0 5.0 0.0 1.0 0.0 2.320488969624968 1.3869407079610583 0.9335482616639097
0.1 0.9311111111111111 2.862222222222222 0.14 0.0 0.0 1.4442609590777127 0.7525841468103808 0.6916768122673321
0.1 1.0 5.0 0.0 1.0 0.0 2.2049838584516728 1.2574703943507297 0.9475134641009431
0 / 4
1 / 4
2 / 4
3 / 4
[[3], [3, 5], [3, 5, 2], [3, 5, 2, 1]]
0.1 0.9888888888888889 3.3666666666666667 0.2 0.0 0.0 3.1033286265060074 1.8795696942800988 1.2237589322259086
0.1 1.0 5.0 0.0 1.0 0.0 3.4761452532286157 2.5319291058798297 0.9442161473487853
0.1 0.9311111111111111 3.2355555555555555 0.2 0.0 0.0 1.4628597009142699 0.7228014683221605 0.7400582325921093
0.1 1.0 5.0 0.0 1.0 0.0 2.127848312584826 1.2192422999163661 0.9086060126684599
0.1 0.9066666666666666 2.7977777777777777 0.18222222222222223 0.0 0.0 1.403013910043058 0.6627867277549455 0.7402271822881128
0.1 1.0 5.0 0.0 1.0 0.0 2.1249444142311136 1.2129021129540585 0.9120423012770552
0.1 0.9155555555555556 2.96 0.18888888888888888 0.0 0.0 1.4510033554674409 0.7184635811110973 0.7325397743563434
0.1 1.0 5.0 0.0 1.0 0.0 2.2704843081571386 1.3452190672086777 0.9252652409484607
0 / 4
1 / 4
2 / 4
3 / 4
[[3], [3, 5], [3, 5, 2], [3, 5, 2, 1]]
0.1 0.9888888888888889 3.3666666666666667 0.2 0.0 0.0 2.463188248682881 1.3843227883200435 1.0788654603628376
0.1 1.0 5.0 0.0 1.0 0.0 3.4862402756925976 2.5402079195931746 0.9460323560994228
0.1 0.9022222222222223 3.1844444444444444 0.2 0.0 0.0 1.467737439968045 0.7162771989225944 0.7514602410454505
0.1 1.0 5.0 0.0 1.0 0.0 2.4992847196124415 1.5985621561281216 0.9007225634843196
0.1 0.9022222222222223 2.84 0.2 0.0 0.0 1.3918015949733693 0.7273427930239013 0.6644588019494677
0.1 1.0 5.0 0.0 1.0 0.0 2.4718760625745624 1.5761995770943056 0.8956764854802568
0.1 0.9066666666666666 2.971111111111111 0.2 0.0 0.0 1.4391574575246826 0.7276402176543232 0.7115172398703593
0.1 1.0 5.0 0.0 1.0 0.0 2.3306018275636022 1.413389998976164 0.9172118285874379
0 / 4
1 / 4
2 / 4
3 / 4
[[3], [3, 5], [3, 5, 2], [3, 5, 2, 1]]
0.1 0.9888888888888889 3.3666666666666667 0.2 0.0 0.0 3.1272474338765233 1.8998990202643522 1.2273484136121708
0.1 1.0 5.0 0.0 1.0 0.0 3.4473936273281995 2.503645096014792 0.943748531313408
0.1 0.9022222222222223 3.188888888888889 0.2 0.0 0.0 1.44657267301346 0.7896956414929625 0.6568770315204976
0.1 1.0 5.0 0.0 1.0 0.0 2.487264909770451 1.5558681548804008 0.9313967548900502
0.1 0.9088888888888889 2.84 0.18222222222222223 0.0 0.0 1.3926662259229983 0.7945600114388093 0.5981062144841889
0.1 1.0 5.0 0.0 1.0 0.0 2.49281198550186 1.5627777159509078 0.9300342695509514
0.1 0.8888888888888888 3.0933333333333333 0.042222222222222223 0.0 0.0 1.4723275448925581 0.7828752423579499 0.689452302534608
0.1 1.0 5.0 0.0 1.0 0.0 2.350305807639507 1.416757102369044 0.9335487052704629
0 / 4
1 / 4
2 / 4
3 / 4
[[3], [3, 5], [3, 5, 2], [3, 5, 2, 1]]
0.1 0.9888888888888889 3.3666666666666667 0.2 0.0 0.0 2.4612107770340033 1.3779359246728147 1.0832748523611881
0.1 1.0 5.0 0.0 1.0 0.0 3.4372267461776183 2.4892093053970292 0.9480174407805895
0.1 0.8955555555555555 3.1933333333333334 0.2 0.0 0.0 1.503404457472883 0.8084832602703328 0.6949211972025502
0.1 1.0 5.0 0.0 1.0 0.0 2.492029092163948 1.5571160672134088 0.9349130249505392
0.1 0.9133333333333333 2.8022222222222224 0.18666666666666668 0.0 0.0 1.4417595918874764 0.7633753543086027 0.6783842375788737
0.1 1.0 5.0 0.0 1.0 0.0 2.5165291603784214 1.5750289898561236 0.9415001705222984
0.1 0.8888888888888888 2.86 0.16 0.0 0.0 1.4712162157182234 0.758602840223196 0.7126133754950276
0.1 1.0 5.0 0.0 1.0 0.0 2.5225085686597564 1.5641685813913822 0.9583399872683743
0 / 4
1 / 4
2 / 4
3 / 4
[[3], [3, 5], [3, 5, 2], [3, 5, 2, 1]]
0.1 0.9822222222222222 3.3466666666666667 0.2 0.0 0.0 3.091225847036647 1.8642045673686327 1.2270212796680142
0.1 1.0 5.0 0.0 1.0 0.0 3.4262719117914835 2.479279534165375 0.9469923776261089
0.1 0.8666666666666667 2.7 0.2 0.0 0.0 1.3357908846381823 0.5938688266523428 0.7419220579858394
0.1 1.0 5.0 0.0 1.0 0.0 2.3042735177340083 1.3599706128725157 0.9443029048614924
0.1 0.8911111111111111 2.7888888888888888 0.2 0.0 0.0 1.3599887564649444 0.6241876817180003 0.7358010747469441
0.1 1.0 5.0 0.0 1.0 0.0 2.3154140796162235 1.367762792020775 0.9476512875954483
0.1 0.8933333333333333 2.828888888888889 0.18 0.0 0.0 1.3611844075747892 0.6737324624226996 0.6874519451520896
0.1 1.0 5.0 0.0 1.0 0.0 2.2302954689302164 1.2943630905047945 0.9359323784254221
0 / 4
1 / 4
2 / 4
3 / 4
[[3], [3, 5], [3, 5, 2], [3, 5, 2, 1]]
0.1 0.9844444444444445 3.3533333333333335 0.2 0.0 0.0 3.072259305759914 1.8501836813471952 1.2220756244127187
0.1 1.0 5.0 0.0 1.0 0.0 3.5985731649908526 2.3773597208367234 1.2212134441541296
0.1 0.8977777777777778 2.7844444444444445 0.2 0.0 0.0 1.4105512403048246 0.6770478537423164 0.7335033865625084
0.1 1.0 5.0 0.0 1.0 0.0 2.5990559713275423 1.658654687043682 0.9404012842838605
0.1 0.8977777777777778 2.7844444444444445 0.2 0.0 0.0 1.4081411571035733 0.6735027419214985 0.7346384151820747
0.1 1.0 5.0 0.0 1.0 0.0 2.6004236163766654 1.656588654382415 0.94383496199425
0.1 0.88 2.7266666666666666 0.19777777777777777 0.0 0.0 1.3842503153789554 0.6510927863721832 0.7331575290067726
0.1 1.0 5.0 0.0 1.0 0.0 2.5842581448417126 1.6419034415288678 0.9423547033128445
0 / 4
1 / 4
2 / 4
3 / 4
[[3], [3, 5], [3, 5, 2], [3, 5, 2, 0]]
0.1 0.9911111111111112 3.3733333333333335 0.2 0.0 0.0 3.091672710129748 1.8724002221733869 1.2192724879563615
0.1 1.0 5.0 0.0 1.0 0.0 3.4752682032517077 2.5289476082588314 0.9463205949928771
0.1 0.8977777777777778 3.2044444444444444 0.2 0.0 0.0 1.4425157626750948 0.7049615884872357 0.7375541741878593
0.1 1.0 5.0 0.0 1.0 0.0 2.5784055539694855 1.6603817479693974 0.9180238060000879
0.1 0.9266666666666666 2.917777777777778 0.1511111111111111 0.0 0.0 1.4038230876074518 0.666057300403927 0.7377657872035248
0.1 1.0 5.0 0.0 1.0 0.0 2.604853335560854 1.6849637571898155 0.9198895783710388
0.1 0.8866666666666667 2.982222222222222 0.14222222222222222 0.0 0.0 1.4506561842866128 0.8030932123891804 0.6475629718974324
0.1 1.0 5.0 0.0 1.0 0.0 2.3235464465753606 1.411372511533678 0.9121739350416829
0 / 4
1 / 4
2 / 4
3 / 4
[[3], [3, 5], [3, 5, 2], [3, 5, 2, 1]]
0.1 0.9888888888888889 3.3666666666666667 0.2 0.0 0.0 3.0767329450815897 1.8638398302478838 1.2128931148337057
0.1 1.0 5.0 0.0 1.0 0.0 3.4418304789548344 2.4930760030580505 0.9487544758967834
0.1 0.8955555555555555 3.1733333333333333 0.2 0.0 0.0 1.4648789133804143 0.7251975591466896 0.7396813542337247
0.1 1.0 5.0 0.0 1.0 0.0 2.457089509567093 1.533836646146247 0.9232528634208468
0.1 0.9266666666666666 2.8666666666666667 0.19777777777777777 0.0 0.0 1.4222120288958735 0.6862226274459109 0.7359894014499626
0.1 1.0 5.0 0.0 1.0 0.0 2.463450055620327 1.5356278596719328 0.927822195948394
0.1 0.9177777777777778 2.9244444444444446 0.16444444444444445 0.0 0.0 1.4134946034128086 0.730158397665439 0.6833362057473695
0.1 1.0 5.0 0.0 1.0 0.0 2.4858226602919147 1.562328192420241 0.9234944678716738
0 / 4
1 / 4
2 / 4
3 / 4
[[3], [3, 5], [3, 5, 2], [3, 5, 2, 1]]
0.1 0.9888888888888889 3.3666666666666667 0.2 0.0 0.0 3.1056668641805025 1.880162341439837 1.2255045227406658
0.1 1.0 5.0 0.0 1.0 0.0 3.4450538745906196 2.4961062521914816 0.9489476223991375
0.1 0.9 3.188888888888889 0.2 0.0 0.0 1.4710412979938186 0.7250416948787902 0.7459996031150286
0.1 1.0 5.0 0.0 1.0 0.0 2.5871643202241454 1.6729841009427866 0.9141802192813588
0.1 0.9333333333333333 2.897777777777778 0.17777777777777778 0.0 0.0 1.422036262662128 0.6792390139693255 0.7427972486928027
0.1 1.0 5.0 0.0 1.0 0.0 2.5939183437021507 1.6711562316253281 0.9227621120768228
0.1 0.9266666666666666 3.1466666666666665 0.06222222222222222 0.0 0.0 1.4210776606776645 0.7254245628331502 0.6956530978445142
0.1 1.0 5.0 0.0 1.0 0.0 2.45883840556661 1.5239156364256972 0.9349227691409131
0 / 4
1 / 4
2 / 4
3 / 4
[[3], [3, 5], [3, 5, 2], [3, 5, 2, 1]]
0.1 0.9888888888888889 3.3666666666666667 0.2 0.0 0.0 3.0904646221713707 1.8635506543617784 1.226913967809592
0.1 1.0 5.0 0.0 1.0 0.0 3.4529306041894845 2.5059760641560196 0.9469545400334651
0.1 0.9155555555555556 2.848888888888889 0.2 0.0 0.0 1.4325382659396297 0.6890453002799499 0.7434929656596797
0.1 1.0 5.0 0.0 1.0 0.0 2.599037549924448 1.6690831491378786 0.929954400786569
0.1 0.9155555555555556 2.851111111111111 0.2 0.0 0.0 1.424528606645099 0.6808015976002265 0.7437270090448724
0.1 1.0 5.0 0.0 1.0 0.0 2.589755223644052 1.6709142815917981 0.9188409420522539
0.1 0.9088888888888889 3.1733333333333333 0.0 0.0 0.0 1.5043957900297713 0.7880180298125603 0.7163777602172111
0.1 1.0 5.0 0.0 1.0 0.0 2.577156745065607 1.6359936418841012 0.9411631031815054
0 / 4
1 / 4
2 / 4
3 / 4
[[3], [3, 5], [3, 5, 2], [3, 5, 2, 1]]
0.1 0.9866666666666667 3.36 0.2 0.0 0.0 3.094554163725651 1.8687603084079218 1.2257938553177292
0.1 1.0 5.0 0.0 1.0 0.0 3.498269526258845 2.551736970069301 0.9465325561895447
0.1 0.8755555555555555 3.1622222222222223 0.2 0.0 0.0 1.510216690038699 0.7558913649122835 0.7543253251264158
0.1 1.0 5.0 0.0 1.0 0.0 2.3816578023851807 1.4581984587087402 0.9234593436764406
0.1 0.9288888888888889 2.851111111111111 0.2 0.0 0.0 1.432188467997983 0.711164308096797 0.7210241599011862
0.1 1.0 5.0 0.0 1.0 0.0 2.3884413507723927 1.4705787526358434 0.9178625981365494
0.1 0.9355555555555556 3.033333333333333 0.19777777777777777 0.0 0.0 1.466999447602758 0.7319496728978677 0.73504977470489
0.1 1.0 5.0 0.0 1.0 0.0 2.4946187667959934 1.5736171648351518 0.9210016019608419
0 / 4
1 / 4
2 / 4
3 / 4
[[3], [3, 5], [3, 5, 2], [3, 5, 2, 1]]
0.1 0.9866666666666667 3.36 0.2 0.0 0.0 3.1195240007309977 1.886540567558994 1.232983433172004
0.1 1.0 5.0 0.0 1.0 0.0 3.4544437534910424 2.508555587104933 0.9458881663861085
0.1 0.9066666666666666 2.8155555555555556 0.2 0.0 0.0 1.4375610679272974 0.686627942584739 0.7509331253425585
0.1 1.0 5.0 0.0 1.0 0.0 2.400271304913794 1.4869606668314004 0.913310638082393
0.1 0.9044444444444445 2.811111111111111 0.2 0.0 0.0 1.405539077194485 0.6562261864509871 0.7493128907434979
0.1 1.0 5.0 0.0 1.0 0.0 2.408927308299917 1.495095404206918 0.9138319040929987
0.1 0.9 2.9044444444444446 0.14888888888888888 0.0 0.0 1.4262024101371225 0.7302891174469348 0.6959132926901874
0.1 1.0 5.0 0.0 1.0 0.0 2.33015451696861 1.403509735588213 0.926644781380397
0 / 4
1 / 4
2 / 4
3 / 4
[[3], [3, 5], [3, 5, 2], [3, 5, 2, 1]]
0.1 0.9866666666666667 3.36 0.2 0.0 0.0 3.072889262057856 1.8502440248144179 1.2226452372434373
0.1 1.0 5.0 0.0 1.0 0.0 3.6349070001790103 2.4178278937004394 1.2170791064785706
0.1 0.8911111111111111 2.7866666666666666 0.2 0.0 0.0 1.4253463064017073 0.6889560435139631 0.7363902628877442
0.1 1.0 5.0 0.0 1.0 0.0 2.4564937054435974 1.5289598924247418 0.9275338130188554
0.1 0.8911111111111111 2.7888888888888888 0.2 0.0 0.0 1.425743766972072 0.6866032810006842 0.7391404859713877
0.1 1.0 5.0 0.0 1.0 0.0 2.4933635744954485 1.5777565703517469 0.9156070041437017
0.1 0.8911111111111111 2.8844444444444446 0.14666666666666667 0.0 0.0 1.4103882347886456 0.7038284183823327 0.7065598164063133
0.1 1.0 5.0 0.0 1.0 0.0 2.3016478634588373 1.3698823606825499 0.931765502776288
0 / 4
1 / 4
2 / 4
3 / 4
[[3], [3, 5], [3, 5, 2], [3, 5, 2, 1]]
0.1 0.9866666666666667 3.36 0.2 0.0 0.0 3.09108678414299 1.8692261466605407 1.2218606374824488
0.1 1.0 5.0 0.0 1.0 0.0 3.4871517088299813 2.5427305457981704 0.944421163031811
0.1 0.8822222222222222 3.1577777777777776 0.2 0.0 0.0 1.442571599947449 0.6844395300780259 0.7581320698694233
0.1 1.0 5.0 0.0 1.0 0.0 2.4745069343375103 1.5614255662853231 0.9130813680521871
0.1 0.9288888888888889 2.8577777777777778 0.19111111111111112 0.0 0.0 1.402059144741091 0.6428859891642527 0.7591731555768384
0.1 1.0 5.0 0.0 1.0 0.0 2.471534237982317 1.5556343505816848 0.9158998874006324
0.1 0.9 2.948888888888889 0.11333333333333333 0.0 0.0 1.4484165594194651 0.7155473790005211 0.732869180418944
0.1 1.0 5.0 0.0 1.0 0.0 2.3965841295751757 1.4991521875989025 0.8974319419762732
0 / 4
1 / 4
2 / 4
3 / 4
[[3], [3, 5], [3, 5, 2], [3, 5, 2, 1]]
0.1 0.9888888888888889 3.3666666666666667 0.2 0.0 0.0 2.4698683883926535 1.3908824976520575 1.0789858907405963
0.1 1.0 5.0 0.0 1.0 0.0 3.438416004533113 2.4918592225671845 0.9465567819659286
0.1 0.9311111111111111 3.2244444444444444 0.2 0.0 0.0 1.4795818029479824 0.7405582366174779 0.7390235663305045
0.1 1.0 5.0 0.0 1.0 0.0 2.4791392853991736 1.534493677511237 0.9446456078879367
0.1 0.8866666666666667 2.7555555555555555 0.2 0.0 0.0 1.4138716219360392 0.6743803290650122 0.7394912928710269
0.1 1.0 5.0 0.0 1.0 0.0 2.5006962897136003 1.561731850276979 0.938964439436621
0.1 0.9088888888888889 2.9266666666666667 0.2 0.0 0.0 1.4457744851317886 0.7249820565329158 0.7207924285988727
0.1 1.0 5.0 0.0 1.0 0.0 2.439926518078786 1.4971131103781323 0.9428134077006535
0 / 4
1 / 4
2 / 4
3 / 4
[[3], [3, 5], [3, 5, 2], [3, 5, 2, 0]]
0.1 0.9866666666666667 3.36 0.2 0.0 0.0 3.083495086875045 1.8674435079646718 1.2160515789103732
0.1 1.0 5.0 0.0 1.0 0.0 3.5863970032779697 2.363224958677302 1.2231720446006684
0.1 0.9244444444444444 3.022222222222222 0.2 0.0 0.0 1.4111269065424057 0.6669259604507977 0.7442009460916078
0.1 1.0 5.0 0.0 1.0 0.0 2.6176333721173886 1.7004519898526842 0.917181382264704
0.1 0.9377777777777778 3.046666666666667 0.18444444444444444 0.0 0.0 1.403525997452547 0.6600123816950271 0.7435136157575198
0.1 1.0 5.0 0.0 1.0 0.0 2.6194721545595336 1.694668748232684 0.9248034063268501
0.1 0.88 2.928888888888889 0.1688888888888889 0.0 0.0022222222222222222 1.3771109923974139 0.7584799262831653 0.6186310661142483
0.1 1.0 5.0 0.0 1.0 0.0 2.29849540559818 1.364282704384974 0.9342127012132063
0 / 4
1 / 4
2 / 4
3 / 4
[[3], [3, 5], [3, 5, 2], [3, 5, 2, 1]]
0.1 0.9844444444444445 3.3533333333333335 0.2 0.0 0.0 3.105780530146476 1.8762828830178004 1.2294976471286756
0.1 1.0 5.0 0.0 1.0 0.0 3.6388995536575472 2.4141513132129595 1.2247482404445882
0.1 0.9133333333333333 2.902222222222222 0.19777777777777777 0.0 0.0 1.4566839416788269 0.7393135885871573 0.7173703530916696
0.1 1.0 5.0 0.0 1.0 0.0 2.293630076669997 1.3551558691855816 0.9384742074844151
0.1 0.9155555555555556 2.9244444444444446 0.2 0.0 0.0 1.429844993608551 0.6867031955524996 0.7431417980560514
0.1 1.0 5.0 0.0 1.0 0.0 2.2878566990169027 1.346248071899947 0.9416086271169556
0.1 0.9111111111111111 2.937777777777778 0.19777777777777777 0.0 0.0 1.3816178439601028 0.6373319112786948 0.7442859326814079
0.1 1.0 5.0 0.0 1.0 0.0 2.343989756011051 1.4140325603047545 0.9299571957062966
0 / 4
1 / 4
2 / 4
3 / 4
[[3], [3, 5], [3, 5, 2], [3, 5, 2, 1]]
0.1 0.9822222222222222 3.3466666666666667 0.2 0.0 0.0 3.073594584623957 1.8484021012756506 1.2251924833483065
0.1 1.0 5.0 0.0 1.0 0.0 3.4583416702679606 2.509512963035547 0.9488287072324136
0.1 0.8866666666666667 3.151111111111111 0.2 0.0 0.0 1.4938884364483394 0.7380555557680795 0.75583288068026
0.1 1.0 5.0 0.0 1.0 0.0 2.28960083805511 1.3520846674826277 0.9375161705724819
0.1 0.8977777777777778 2.7911111111111113 0.2 0.0 0.0 1.3899391054084504 0.6608297327875149 0.7291093726209357
0.1 1.0 5.0 0.0 1.0 0.0 2.277966213133494 1.3384802493369035 0.9394859637965909
0.1 0.9 2.8244444444444445 0.18888888888888888 0.0 0.0 1.416187088668905 0.7244961768573395 0.6916909118115657
0.1 1.0 5.0 0.0 1.0 0.0 2.426500306864098 1.4900227934515464 0.9364775134125514
0 / 4
1 / 4
2 / 4
3 / 4
[[3], [3, 5], [3, 5, 2], [3, 5, 2, 1]]
0.1 0.9844444444444445 3.3533333333333335 0.2 0.0 0.0 3.0850312725983344 1.8624521509495344 1.2225791216488002
0.1 1.0 5.0 0.0 1.0 0.0 3.7316828310119585 2.4875321285183514 1.2441507024936067
0.1 0.94 2.917777777777778 0.2 0.0 0.0 1.443142421022649 0.6990937688924359 0.744048652130213
0.1 1.0 5.0 0.0 1.0 0.0 2.6259916335796945 1.7039011905138608 0.9220904430658337
0.1 0.9311111111111111 2.9355555555555557 0.19777777777777777 0.0 0.0 1.4262586159453359 0.6822076060813825 0.7440510098639533
0.1 1.0 5.0 0.0 1.0 0.0 2.6269742086157595 1.7038846886389019 0.9230895199768578
0.1 0.9266666666666666 3.0444444444444443 0.18666666666666668 0.0 0.0 1.4537491584052318 0.7231729204250673 0.7305762379801645
0.1 1.0 5.0 0.0 1.0 0.0 2.39478861619431 1.4655424108396264 0.929246205354683
0 / 4
1 / 4
2 / 4
3 / 4
[[3], [3, 5], [3, 5, 2], [3, 5, 2, 1]]
0.1 0.9911111111111112 3.3733333333333335 0.2 0.0 0.0 2.4793430440157227 1.393068263204427 1.0862747808112958
0.1 1.0 5.0 0.0 1.0 0.0 3.475360600688217 2.527788858903007 0.94757174178521
0.1 0.9 3.1755555555555555 0.2 0.0 0.0 1.4796351100970628 0.7287795327839615 0.7508555773131015
0.1 1.0 5.0 0.0 1.0 0.0 2.5287260689114097 1.6211842685102034 0.9075418004012062
0.1 0.9066666666666666 2.851111111111111 0.18222222222222223 0.0 0.0 1.4298936455863338 0.6789961009825876 0.7508975446037461
0.1 1.0 5.0 0.0 1.0 0.0 2.554267880660414 1.6403013319573143 0.9139665487030998
0.1 0.9177777777777778 2.9466666666666668 0.19555555555555557 0.0 0.0 1.3949605418763198 0.7145876127202233 0.6803729291560963
0.1 1.0 5.0 0.0 1.0 0.0 2.502017287259034 1.608413385915475 0.8936039013435587
0 / 4
1 / 4
2 / 4
3 / 4
[[3], [3, 5], [3, 5, 2], [3, 5, 2, 1]]
0.1 0.9844444444444445 3.3533333333333335 0.2 0.0 0.0 3.0993471218234583 1.8719458720426312 1.227401249780827
0.1 1.0 5.0 0.0 1.0 0.0 3.5013301862784334 2.55359004646795 0.9477401398104831
0.1 0.8711111111111111 2.9066666666666667 0.19777777777777777 0.0 0.0 1.420129436214013 0.742324516369185 0.6778049198448285
0.1 1.0 5.0 0.0 1.0 0.0 2.413293363160581 1.5109420216608336 0.9023513414997476
0.1 0.9022222222222223 2.8044444444444445 0.19777777777777777 0.0 0.0 1.3841305634480436 0.6366505560842584 0.7474800073637852
0.1 1.0 5.0 0.0 1.0 0.0 2.4179705008833308 1.5141079519222223 0.9038625489611085
0.1 0.9 2.868888888888889 0.18666666666666668 0.0 0.0 1.3748792571741417 0.6589414427386014 0.7159378144355402
0.1 1.0 5.0 0.0 1.0 0.0 2.482370518730606 1.5749349033550748 0.9074356153755313
0 / 4
1 / 4
2 / 4
3 / 4
[[3], [3, 5], [3, 5, 2], [3, 5, 2, 1]]
0.1 0.9888888888888889 3.3666666666666667 0.2 0.0 0.0 3.1033433971877518 1.8713338447529517 1.2320095524348
0.1 1.0 5.0 0.0 1.0 0.0 4.866915854527826 3.638192997397063 1.2287228571307636
0.1 0.8888888888888888 3.1466666666666665 0.2 0.0 0.0 1.4917341184928774 0.749226129954311 0.7425079885385661
0.1 1.0 5.0 0.0 1.0 0.0 2.4947764674964157 1.5412672226442223 0.9535092448521939
0.1 0.9177777777777778 2.891111111111111 0.17555555555555555 0.0 0.0 1.4008606366341452 0.6632609576072713 0.7375996790268735
0.1 1.0 5.0 0.0 1.0 0.0 2.4954281601610258 1.5489862532035243 0.9464419069575012
0.1 0.9155555555555556 3.2244444444444444 0.0 0.0 0.0 1.4675418640978588 0.7317805144665097 0.7357613496313495
0.1 1.0 5.0 0.0 1.0 0.0 2.4904079716647205 1.5420884577068923 0.9483195139578285
0 / 4
1 / 4
2 / 4
3 / 4
[[3], [3, 5], [3, 5, 2], [3, 5, 2, 1]]
0.1 0.9933333333333333 3.38 0.2 0.0 0.0 2.479328753709279 1.3978612222155495 1.08146753149373
0.1 1.0 5.0 0.0 1.0 0.0 3.6114798905194796 2.399197569810254 1.2122823207092253
0.1 0.9177777777777778 3.22 0.2 0.0 0.0 1.4780364320054364 0.7346215696368025 0.7434148623686341
0.1 1.0 5.0 0.0 1.0 0.0 2.313482225476082 1.3763300047686249 0.937152220707457
0.1 0.8911111111111111 2.7822222222222224 0.18222222222222223 0.0 0.0 1.4151978802193284 0.6716816904722501 0.7435161897470781
0.1 1.0 5.0 0.0 1.0 0.0 2.309780354720143 1.3773022953748706 0.9324780593452725
0.1 0.8866666666666667 2.831111111111111 0.17333333333333334 0.0 0.0 1.403323762734608 0.691283108643721 0.7120406540908867
0.1 1.0 5.0 0.0 1.0 0.0 2.248389409345233 1.3165095629597727 0.9318798463854604
0 / 4
1 / 4
2 / 4
3 / 4
[[3], [3, 5], [3, 5, 2], [3, 5, 2, 1]]
0.1 0.9866666666666667 3.36 0.2 0.0 0.0 2.4634314099198593 1.3837969845943776 1.0796344253254817
0.1 1.0 5.0 0.0 1.0 0.0 3.596377339028259 2.3809689496253816 1.2154083894028775
0.1 0.9177777777777778 3.2266666666666666 0.2 0.0 0.0 1.484999829933196 0.7452187677481854 0.7397810621850106
0.1 1.0 5.0 0.0 1.0 0.0 2.3242455421975468 1.4102787809261863 0.9139667612713603
0.1 0.8933333333333333 2.7511111111111113 0.2 0.0 0.0 1.4396700606239943 0.6907220094397142 0.74894805118428
0.1 1.0 5.0 0.0 1.0 0.0 2.332465123140786 1.416594425517973 0.9158706976228129
0.1 0.9111111111111111 2.871111111111111 0.18888888888888888 0.0 0.0 1.4024182939655383 0.6974557116716912 0.7049625822938472
0.1 1.0 5.0 0.0 1.0 0.0 2.3436190628484512 1.4518770795616915 0.8917419832867601
0 / 4
1 / 4
2 / 4
3 / 4
[[3], [3, 5], [3, 5, 2], [3, 5, 2, 1]]
0.1 0.9844444444444445 3.3533333333333335 0.2 0.0 0.0 3.088183271856066 1.8589626747829195 1.2292205970731462
0.1 1.0 5.0 0.0 1.0 0.0 3.4523275345959568 2.502738596812634 0.9495889377833234
0.1 0.9155555555555556 2.971111111111111 0.2 0.0 0.0 1.4035105380944297 0.7307737204345794 0.6727368176598502
0.1 1.0 5.0 0.0 1.0 0.0 2.379411236586112 1.4663604692954595 0.9130507672906522
0.1 0.8911111111111111 2.7622222222222224 0.2 0.0 0.0 1.4549046634763136 0.6931179523885661 0.7617867110877475
0.1 1.0 5.0 0.0 1.0 0.0 2.3671056092219382 1.45751673602707 0.9095888731948683
0.1 0.8844444444444445 2.7933333333333334 0.19333333333333333 0.0 0.0 1.4217152336286156 0.7139489786648868 0.7077662549637288
0.1 1.0 5.0 0.0 1.0 0.0 2.4110917593270873 1.4883324537964058 0.9227593055306822
0 / 4
1 / 4
2 / 4
3 / 4
[[3], [3, 5], [3, 5, 2], [3, 5, 2, 1]]
0.1 0.9866666666666667 3.36 0.2 0.0 0.0 3.0969032458112036 1.874323453453963 1.2225797923572403
0.1 1.0 5.0 0.0 1.0 0.0 3.4322754826492625 2.4829589836402497 0.9493164990090124
0.1 0.8711111111111111 3.082222222222222 0.2 0.0 0.0 1.4371517163666752 0.6995905235744423 0.7375611927922329
0.1 1.0 5.0 0.0 1.0 0.0 2.355429132056899 1.4527495289224777 0.9026796031344214
0.1 0.9311111111111111 2.9133333333333336 0.18222222222222223 0.0 0.0 1.369955336195881 0.6347507059922108 0.7352046302036699
0.1 1.0 5.0 0.0 1.0 0.0 2.3747989529070823 1.4701443242752708 0.9046546286318111
0.1 0.9377777777777778 2.968888888888889 0.18444444444444444 0.0 0.0 1.478278592961933 0.7453488302954638 0.7329297626664694
0.1 1.0 5.0 0.0 1.0 0.0 2.2802200352794113 1.3516053666824313 0.9286146685969806
0 / 4
1 / 4
2 / 4
3 / 4
[[3], [3, 5], [3, 5, 2], [3, 5, 2, 1]]
0.1 0.9844444444444445 3.3533333333333335 0.2 0.0 0.0 3.0991029388299194 1.8725132822202997 1.2265896566096197
0.1 1.0 5.0 0.0 1.0 0.0 3.5961295490899627 2.372166906484571 1.2239626426053918
0.1 0.8911111111111111 3.1733333333333333 0.2 0.0 0.0 1.4638139670708425 0.7199562636636847 0.743857703407158
0.1 1.0 5.0 0.0 1.0 0.0 2.1784701315565327 1.2764274983184274 0.9020426332381049
0.1 0.9111111111111111 2.8177777777777777 0.18666666666666668 0.0 0.0 1.4244316426936883 0.6800692297453886 0.7443624129482997
0.1 1.0 5.0 0.0 1.0 0.0 2.182852822867892 1.283428146746837 0.899424676121055
0.1 0.9244444444444444 3.02 0.14444444444444443 0.0 0.0 1.43842475484787 0.7095865252620523 0.7288382295858178
0.1 1.0 5.0 0.0 1.0 0.0 2.1953590981544036 1.2888766560807772 0.9064824420736266
0 / 4
1 / 4
2 / 4
3 / 4
[[3], [3, 5], [3, 5, 2], [3, 5, 2, 1]]
0.1 0.9911111111111112 3.3733333333333335 0.2 0.0 0.0 3.1045649721143795 1.883108205402544 1.2214567667118357
0.1 1.0 5.0 0.0 1.0 0.0 3.7570481899000847 2.5171277379648473 1.2399204519352387
0.1 0.8888888888888888 3.1755555555555555 0.2 0.0 0.0 1.4629349357932648 0.7069054847253198 0.7560294510679453
0.1 1.0 5.0 0.0 1.0 0.0 2.1431447955149667 1.2466341568064467 0.8965106387085197
0.1 0.9177777777777778 2.8844444444444446 0.1688888888888889 0.0 0.0 1.388232076832563 0.6321712047738863 0.7560608720586764
0.1 1.0 5.0 0.0 1.0 0.0 2.1637525636359918 1.2627287329081571 0.9010238307278345
0.1 0.9266666666666666 2.968888888888889 0.14444444444444443 0.0 0.0 1.426098656766099 0.7054248120875971 0.720673844678502
0.1 1.0 5.0 0.0 1.0 0.0 2.159025588379318 1.2538018459639684 0.9052237424153499
O 3
12
The best KBinsDiscretizer strategy is: quantile
The best bins strategy is: sturges, with: 5 bins
The best number of bins for O is: 5. Bins: 5
0 / 3
1 / 3
2 / 3
[[5], [5, 1], [5, 1, 2]]
0.1 0.9 2.8933333333333335 0.0 0.008888888888888889 0.0 1.4661206627383163 0.9012079452455486 0.5649127174927678
0.1 1.0 5.0 0.0 1.0 0.0 2.7221002840469724 1.7160978985645443 1.0060023854824278
0.1 0.9422222222222222 3.953333333333333 0.0 0.07333333333333333 0.0 1.773307778140051 1.052934837719341 0.7203729404207101
0.1 1.0 5.0 0.0 1.0 0.0 2.523420659853243 1.5298193926463106 0.9936012672069329
0.1 0.9444444444444444 3.942222222222222 0.0 0.06222222222222222 0.0 1.7862289120311168 1.0623141020201945 0.7239148100109224
0.1 1.0 5.0 0.0 1.0 0.0 2.452494994919689 1.4828013436730585 0.9696936512466305
0 / 3
1 / 3
2 / 3
[[5], [5, 1], [5, 1, 0]]
0.1 0.9177777777777778 2.9 0.0 0.0 0.0 1.6328388431150385 0.9846707808253378 0.6481680622897007
0.1 1.0 5.0 0.0 1.0 0.0 2.6001673413868716 1.5977409185763867 1.0024264228104849
0.1 0.9222222222222223 3.8066666666666666 0.0 0.011111111111111112 0.0 1.7936822500479497 1.0499407477819223 0.743741502266027
0.1 1.0 5.0 0.0 1.0 0.0 2.372541827478615 1.3747903697607122 0.997751457717903
0.1 0.9266666666666666 2.5444444444444443 0.042222222222222223 0.0 0.0 1.2143288735006514 0.5991857109857702 0.615143162514881
0.1 1.0 5.0 0.0 1.0 0.0 2.0492436047075087 1.0676158686941313 0.9816277360133772
0 / 3
1 / 3
2 / 3
[[5], [5, 0], [5, 0, 1]]
0.1 0.88 3.082222222222222 0.0 0.015555555555555555 0.0 1.4954510637174372 0.9134041398079361 0.5820469239095009
0.1 1.0 5.0 0.0 1.0 0.0 2.5726948086824803 1.6036731003832339 0.9690217082992466
0.1 0.9266666666666666 2.437777777777778 0.051111111111111114 0.0 0.0 1.2955732243965812 0.7186652968845652 0.5769079275120158
0.1 1.0 5.0 0.0 1.0 0.0 2.1238051195713648 1.183749629919912 0.9400554896514528
0.1 0.8666666666666667 2.3577777777777778 0.057777777777777775 0.0 0.0 1.2849242345545344 0.6862383722768219 0.5986858622777125
0.1 1.0 5.0 0.0 1.0 0.0 2.109569320352466 1.1607571094582272 0.9488122108942385
0 / 3
1 / 3
2 / 3
[[5], [5, 0], [5, 0, 1]]
0.1 0.9 3.2022222222222223 0.0 0.0 0.0 1.6041383491907901 0.9821652863158945 0.6219730628748956
0.1 1.0 5.0 0.0 1.0 0.0 2.492821200012637 1.4956447042359466 0.9971764957766903
0.1 0.9155555555555556 2.4844444444444442 0.02 0.0 0.0 1.342428638083277 0.7501343582072774 0.5922942798759997
0.1 1.0 5.0 0.0 1.0 0.0 2.0800893177145676 1.114480408140354 0.9656089095742134
0.1 0.9 2.4444444444444446 0.06444444444444444 0.0 0.0 1.3682399971812145 0.7234511655738245 0.6447888316073896
0.1 1.0 5.0 0.0 1.0 0.0 2.091721210475055 1.1168173055764261 0.9749039048986285
0 / 3
1 / 3
2 / 3
[[5], [5, 1], [5, 1, 0]]
0.1 0.9022222222222223 3.24 0.0 0.011111111111111112 0.0 1.6257592233607026 0.998529378595728 0.6272298447649746
0.1 1.0 5.0 0.0 1.0 0.0 2.3458834170286798 1.3895289456631812 0.9563544713654988
0.1 0.9133333333333333 3.7622222222222224 0.0 0.006666666666666667 0.0 1.8330499505845865 1.1093784412600867 0.7236715093245
0.1 1.0 5.0 0.0 1.0 0.0 2.3662414042327833 1.41085664568139 0.9553847585513932
0.1 0.9044444444444445 2.3666666666666667 0.08 0.0 0.0 1.3094393829182298 0.6923448990526421 0.6170944838655879
0.1 1.0 5.0 0.0 1.0 0.0 2.0810747796490734 1.1182579123748886 0.9628168672741847
0 / 3
1 / 3
2 / 3
[[0], [0, 1], [0, 1, 5]]
0.1 0.96 2.56 0.0 0.0 0.0 1.9210199232155607 1.0577333773734567 0.8632865458421043
0.1 0.9755555555555555 2.6777777777777776 0.03777777777777778 0.011111111111111112 0.0 1.8201196426999398 0.780399128186498 1.0397205145134416
0.1 0.9644444444444444 2.651111111111111 0.0 0.0 0.0 1.6082614542121592 0.847045903230338 0.761215550981821
0.1 1.0 5.0 0.0 1.0 0.0 2.5637752319896774 1.5724520391573984 0.9913231928322787
0.1 0.9155555555555556 2.5 0.044444444444444446 0.0 0.0 1.2630944223081464 0.6432340867399557 0.6198603355681909
0.1 1.0 5.0 0.0 1.0 0.0 1.9945916993166468 1.0273836521569875 0.9672080471596592
0 / 3
1 / 3
2 / 3
[[1], [1, 0], [1, 0, 5]]
0.1 0.9911111111111112 4.924444444444444 0.0 0.9244444444444444 0.0 3.0286880582104314 1.9377685887155378 1.0909194694948938
0.1 1.0 5.0 0.0 1.0 0.0 4.52450338018175 3.1523408202567267 1.3721625599250233
0.1 0.9133333333333333 2.5644444444444443 0.006666666666666667 0.0 0.0 1.626993356092801 0.8607516896374158 0.766241666455385
0.1 0.9711111111111111 3.2911111111111113 0.011111111111111112 0.08666666666666667 0.0 1.8216095875625173 0.8168481935853307 1.0047613939771864
0.1 0.9044444444444445 2.4644444444444447 0.04666666666666667 0.0 0.0 1.3482275561127623 0.7203097713207094 0.6279177847920527
0.1 1.0 5.0 0.0 1.0 0.0 2.0130620436597972 1.0596748303862527 0.9533872132735446
0 / 3
1 / 3
2 / 3
[[5], [5, 0], [5, 0, 1]]
0.1 0.8666666666666667 3.2622222222222224 0.0 0.03777777777777778 0.0 1.606725398629497 0.9896797374666718 0.6170456611628252
0.1 1.0 5.0 0.0 1.0 0.0 2.516185786896042 1.5207459827188958 0.9954398041771464
0.1 0.8777777777777778 2.2533333333333334 0.16 0.0 0.0 1.28753910908139 0.7076260394854952 0.5799130695958946
0.1 1.0 5.0 0.0 1.0 0.0 1.9906592564481504 1.0163001444078696 0.9743591120402809
0.1 0.9022222222222223 2.4 0.06 0.0 0.0 1.316526599756508 0.7168680667620958 0.5996585329944122
0.1 1.0 5.0 0.0 1.0 0.0 1.9615515479959025 1.0043997275511798 0.9571518204447226
0 / 3
1 / 3
2 / 3
[[5], [5, 1], [5, 1, 3]]
0.1 0.8755555555555555 2.82 0.0 0.0 0.0 1.4672817840428727 0.8682541904122781 0.5990275936305944
0.1 1.0 5.0 0.0 1.0 0.0 2.6606907500667742 1.7157436016786862 0.9449471483880879
0.1 0.8933333333333333 3.897777777777778 0.0 0.03333333333333333 0.0 1.8024520783053968 1.0796870792620454 0.7227649990433512
0.1 1.0 5.0 0.0 1.0 0.0 2.415343982657088 1.4680391254691676 0.9473048571879208
0.1 0.9222222222222223 3.8844444444444446 0.0 0.1711111111111111 0.0 1.8237174813686223 1.072317567609106 0.7513999137595164
0.1 1.0 5.0 0.0 1.0 0.0 2.3134126608162937 1.3729728219348347 0.9404398388814589
0 / 3
1 / 3
2 / 3
[[5], [5, 1], [5, 1, 2]]
0.1 0.9111111111111111 3.2711111111111113 0.0 0.02 0.0 1.5739185933806634 0.9436504623843653 0.6302681309962981
0.1 1.0 5.0 0.0 1.0 0.0 2.583234679076684 1.592916494236264 0.9903181848404198
0.1 0.9088888888888889 3.8777777777777778 0.0 0.008888888888888889 0.0 1.7262847440878457 0.9981785336502824 0.7281062104375633
0.1 1.0 5.0 0.0 1.0 0.0 2.5807181328937157 1.615473691066648 0.9652444418270675
0.1 0.9022222222222223 3.862222222222222 0.0 0.0022222222222222222 0.0 1.7433300340741142 1.0197058161096177 0.7236242179644965
0.1 1.0 5.0 0.0 1.0 0.0 2.502114169474904 1.5492571798775259 0.9528569895973782
0 / 3
1 / 3
2 / 3
[[5], [5, 1], [5, 1, 3]]
0.1 0.9 3.0 0.0 0.017777777777777778 0.0 1.6505915725344533 1.0164084906194475 0.634183081915006
0.1 1.0 5.0 0.0 1.0 0.0 2.288411400486027 1.3168180390796382 0.9715933614063889
0.1 0.9066666666666666 4.053333333333334 0.0 0.15555555555555556 0.0 1.9554967258955567 1.1679781102135967 0.78751861568196
0.1 1.0 5.0 0.0 1.0 0.0 2.3619756530593743 1.3840754575779748 0.9779001954813988
0.1 0.9111111111111111 3.6244444444444444 0.0 0.2866666666666667 0.0 1.7756676749128322 1.0780643933377825 0.6976032815750495
0.1 1.0 5.0 0.0 1.0 0.0 2.1897720871998683 1.2187718415229585 0.9710002456769098
0 / 3
1 / 3
2 / 3
[[5], [5, 0], [5, 0, 1]]
0.1 0.96 3.48 0.0 0.05555555555555555 0.0 1.7291722366560718 1.0922546046248347 0.6369176320312371
0.1 1.0 5.0 0.0 1.0 0.0 2.654068252776571 1.669558010377933 0.9845102423986375
0.1 0.92 2.511111111111111 0.011111111111111112 0.0 0.0 1.3472001010471895 0.7541129397819859 0.5930871612652036
0.1 1.0 5.0 0.0 1.0 0.0 2.1350267447680555 1.1597248114982974 0.9753019332697583
0.1 0.9266666666666666 2.451111111111111 0.04666666666666667 0.0 0.0 1.354664505862905 0.742428915965415 0.61223558989749
0.1 1.0 5.0 0.0 1.0 0.0 2.195400971347306 1.215911426131132 0.9794895452161745
0 / 3
1 / 3
2 / 3
[[5], [5, 1], [5, 1, 3]]
0.1 0.9044444444444445 3.12 0.0 0.006666666666666667 0.0 1.535909329438007 0.9523067120120893 0.5836026174259179
0.1 1.0 5.0 0.0 1.0 0.0 2.377847192700881 1.4356922469169953 0.9421549457838865
0.1 0.9111111111111111 3.831111111111111 0.0 0.0022222222222222222 0.0 1.8475023637625099 1.1187594490412174 0.7287429147212927
0.1 1.0 5.0 0.0 1.0 0.0 2.522608136826738 1.571845324087868 0.9507628127388696
0.1 0.9244444444444444 3.7422222222222223 0.0 0.2222222222222222 0.0 1.8420232534832783 1.1277943947290934 0.714228858754185
0.1 1.0 5.0 0.0 1.0 0.0 2.4440159386934557 1.492603234431128 0.9514127042623282
0 / 3
1 / 3
2 / 3
[[5], [5, 0], [5, 0, 1]]
0.1 0.8444444444444444 2.908888888888889 0.0 0.0 0.0 1.4886168835197966 0.8926441321812372 0.5959727513385596
0.1 1.0 5.0 0.0 1.0 0.0 2.528900984237635 1.5236649971481315 1.0052359870895038
0.1 0.8622222222222222 2.1977777777777776 0.20222222222222222 0.0 0.0 1.2760268517264803 0.693545836476447 0.5824810152500335
0.1 1.0 5.0 0.0 1.0 0.0 2.033967989776031 1.0673203106522138 0.9666476791238172
0.1 0.9111111111111111 2.4555555555555557 0.03777777777777778 0.0 0.0 1.2927216695570496 0.6855715149888038 0.6071501545682457
0.1 1.0 5.0 0.0 1.0 0.0 2.159853080541835 1.2041927479115264 0.9556603326303086
0 / 3
1 / 3
2 / 3
[[5], [5, 0], [5, 0, 1]]
0.1 0.9 2.88 0.0 0.0022222222222222222 0.0 1.5246627955308885 0.9198080787718004 0.6048547167590883
0.1 1.0 5.0 0.0 1.0 0.0 2.5569012809816547 1.6323441137753296 0.9245571672063255
0.1 0.9111111111111111 2.3155555555555556 0.11555555555555555 0.0 0.0 1.3009534182567069 0.6968749503971815 0.6040784678595251
0.1 1.0 5.0 0.0 1.0 0.0 2.154106028516483 1.2345009338123667 0.9196050947041164
0.1 0.9 2.471111111111111 0.04888888888888889 0.0 0.0 1.1696265982015064 0.552174085757176 0.6174525124443304
0.1 1.0 5.0 0.0 1.0 0.0 2.1251582580708206 1.2026121090112782 0.9225461490595424
0 / 3
1 / 3
2 / 3
[[0], [0, 1], [0, 1, 5]]
0.1 0.9533333333333334 2.5533333333333332 0.0 0.0 0.0 1.9158538819676643 1.053852026180337 0.8620018557873275
0.1 0.9688888888888889 2.7111111111111112 0.05555555555555555 0.03111111111111111 0.0 1.8225983681185571 0.7829444307396057 1.0396539373789515
0.1 0.9333333333333333 2.597777777777778 0.011111111111111112 0.0 0.0 1.6705216132865417 0.8976247720468505 0.7728968412396908
0.1 0.9866666666666667 4.8133333333333335 0.0 0.8244444444444444 0.0 1.906709530685218 0.8901125615959998 1.016596969089218
0.1 0.9177777777777778 2.4 0.07111111111111111 0.0 0.0 1.3589560915331402 0.745438750995814 0.6135173405373262
0.1 1.0 5.0 0.0 1.0 0.0 2.093346007551301 1.1224046867789175 0.9709413207723835
0 / 3
1 / 3
2 / 3
[[5], [5, 1], [5, 1, 3]]
0.1 0.8933333333333333 3.028888888888889 0.0 0.0 0.0 1.556051090813646 0.9507759026783221 0.6052751881353237
0.1 1.0 5.0 0.0 1.0 0.0 2.359706817886078 1.3742256277193816 0.9854811901666967
0.1 0.8644444444444445 3.571111111111111 0.0 0.0022222222222222222 0.0 1.7655016078111612 1.0461322379905793 0.7193693698205817
0.1 1.0 5.0 0.0 1.0 0.0 2.5244205700420057 1.5386215283847047 0.985799041657301
0.1 0.8755555555555555 3.7111111111111112 0.0 0.15333333333333332 0.0 1.7211296974829136 1.0214460043471947 0.6996836931357189
0.1 1.0 5.0 0.0 1.0 0.0 2.4019572937564826 1.4112172570395285 0.9907400367169542
0 / 3
1 / 3
2 / 3
[[5], [5, 1], [5, 1, 0]]
0.1 0.8844444444444445 2.971111111111111 0.0 0.0 0.0 1.5024027754380571 0.9239586800128242 0.5784440954252329
0.1 1.0 5.0 0.0 1.0 0.0 2.4977229406085657 1.5256972051843702 0.9720257354241955
0.1 0.8733333333333333 3.8266666666666667 0.0 0.0022222222222222222 0.0 1.705963421938034 0.9919188874022342 0.7140445345358
0.1 1.0 5.0 0.0 1.0 0.0 2.5298984553988477 1.5503012241936096 0.979597231205238
0.1 0.8733333333333333 2.368888888888889 0.03333333333333333 0.0 0.0 1.2223334954085112 0.6141643507656845 0.6081691446428269
0.1 1.0 5.0 0.0 1.0 0.0 1.9994854179275585 1.020625332765849 0.9788600851617095
0 / 3
1 / 3
2 / 3
[[5], [5, 0], [5, 0, 1]]
0.1 0.9088888888888889 3.0044444444444443 0.0 0.02666666666666667 0.0 1.4564704089489 0.8994960661359724 0.5569743428129276
0.1 1.0 5.0 0.0 1.0 0.0 2.5774030854654657 1.5400117710876324 1.0373913143778337
0.1 0.9066666666666666 2.3222222222222224 0.11777777777777777 0.0 0.0 1.2954563515206496 0.7223590168539007 0.5730973346667491
0.1 1.0 5.0 0.0 1.0 0.0 2.1132336118548216 1.1353972578905391 0.9778363539642821
0.1 0.8977777777777778 2.3555555555555556 0.044444444444444446 0.0 0.044444444444444446 1.3034450920811287 0.7163226807977503 0.5871224112833784
0.1 1.0 5.0 0.0 1.0 0.0 2.1309499033713837 1.1677963513688934 0.9631535520024906
0 / 3
1 / 3
2 / 3
[[5], [5, 0], [5, 0, 1]]
0.1 0.9311111111111111 3.2533333333333334 0.0 0.0 0.0 1.510122696185686 0.8911537808164982 0.6189689153691877
0.1 1.0 5.0 0.0 1.0 0.0 2.6680580769831996 1.6660316466671725 1.0020264303160276
0.1 0.9066666666666666 2.34 0.10888888888888888 0.0 0.0 1.3001256152076652 0.7042726207190309 0.5958529944886343
0.1 1.0 5.0 0.0 1.0 0.0 2.140963819619437 1.1871556366185556 0.9538081830008812
0.1 0.9444444444444444 2.6155555555555554 0.017777777777777778 0.0 0.0 1.3434541764680439 0.7276113880188321 0.6158427884492117
0.1 1.0 5.0 0.0 1.0 0.0 2.1352032870885 1.1818837684514518 0.9533195186370477
0 / 3
1 / 3
2 / 3
[[5], [5, 0], [5, 0, 1]]
0.1 0.8933333333333333 3.1822222222222223 0.0 0.011111111111111112 0.0 1.6249363030407857 1.0018419626039432 0.6230943404368425
0.1 1.0 5.0 0.0 1.0 0.0 2.648476250649249 1.650413424451246 0.9980628261980033
0.1 0.88 2.2977777777777777 0.13555555555555557 0.0 0.0 1.3351692294236839 0.7241297261565873 0.6110395032670967
0.1 1.0 5.0 0.0 1.0 0.0 2.1793203031551 1.2184663060367944 0.9608539971183053
0.1 0.88 2.3444444444444446 0.07777777777777778 0.0 0.0 1.2701331439822505 0.6565214010210952 0.6136117429611554
0.1 1.0 5.0 0.0 1.0 0.0 2.1071828496886438 1.1467504985440164 0.9604323511446272
0 / 3
1 / 3
2 / 3
[[0], [0, 1], [0, 1, 5]]
0.1 0.9466666666666667 2.546666666666667 0.0 0.0 0.0 1.8623826905999257 1.0098244637816245 0.8525582268183014
0.1 1.0 5.0 0.0 1.0 0.0 2.459864735376084 1.4439441655577354 1.0159205698183489
0.1 0.9444444444444444 2.6355555555555554 0.0 0.0 0.0 1.4579501989857868 0.7002636335224721 0.7576865654633149
0.1 0.9377777777777778 1.8222222222222222 0.18444444444444444 0.0 0.0 1.641189620268386 0.6306943910702371 1.010495229198149
0.1 0.8711111111111111 2.34 0.08888888888888889 0.0 0.0022222222222222222 1.287051419183368 0.7010609424162896 0.5859904767670783
0.1 1.0 5.0 0.0 1.0 0.0 2.030213769902278 1.0936249986489142 0.9365887712533638
0 / 3
1 / 3
2 / 3
[[0], [0, 1], [0, 1, 5]]
0.1 0.96 2.56 0.0 0.0 0.0 1.9174322832346749 1.0531226940096787 0.8643095892249961
0.1 0.9733333333333334 2.2666666666666666 0.17333333333333334 0.0 0.0 2.2493381410534834 1.1902997600679581 1.0590383809855253
0.1 0.9555555555555556 2.651111111111111 0.0 0.0 0.0 1.5393883780924018 0.768756809039191 0.770631569053211
0.1 1.0 5.0 0.0 1.0 0.0 2.0005896664967073 0.99134313798707 1.0092465285096373
0.1 0.8977777777777778 2.3777777777777778 0.08 0.0 0.0 1.3280400476088534 0.7251408834380476 0.6028991641708058
0.1 1.0 5.0 0.0 1.0 0.0 1.987180926724289 0.9968082281796179 0.9903726985446715
0 / 3
1 / 3
2 / 3
[[5], [5, 3], [5, 3, 1]]
0.1 0.8777777777777778 2.74 0.0 0.0 0.0 1.4822065803280833 0.871983047905279 0.6102235324228044
0.1 1.0 5.0 0.0 1.0 0.0 2.455713184622212 1.4634236557263498 0.9922895288958626
0.1 0.8977777777777778 3.9133333333333336 0.0 0.10444444444444445 0.0 2.038721029080493 1.232941999832928 0.8057790292475646
0.1 1.0 5.0 0.0 1.0 0.0 2.239295771728781 1.2557908025830344 0.9835049691457465
0.1 0.9266666666666666 3.4 0.0 0.0 0.0 1.8798045778308463 1.088416348961605 0.7913882288692414
0.1 1.0 5.0 0.0 1.0 0.0 2.047561771547314 1.0700672695019944 0.9774945020453196
0 / 3
1 / 3
2 / 3
[[5], [5, 3], [5, 3, 2]]
0.1 0.9422222222222222 3.3044444444444445 0.0 0.03111111111111111 0.0 1.598846304241458 0.9824837863971594 0.6163625178442984
0.1 1.0 5.0 0.0 1.0 0.0 2.8544732939973514 1.8597659142431167 0.9947073797542347
0.1 0.9155555555555556 4.164444444444444 0.0 0.23777777777777778 0.0 2.007525183629864 1.1799981709261163 0.8275270127037476
0.1 1.0 5.0 0.0 1.0 0.0 2.6939797546769575 1.6965961153209865 0.9973836393559705
0.1 0.88 4.1 0.0 0.4911111111111111 0.0 2.0796747849491046 1.2706602169119205 0.809014568037184
0.1 1.0 5.0 0.0 1.0 0.0 2.6350517748738014 1.6464775786164187 0.9885741962573831
0 / 3
1 / 3
2 / 3
[[0], [0, 1], [0, 1, 5]]
0.1 0.9533333333333334 2.5533333333333332 0.0 0.0 0.0 1.7720945744775816 0.9009362042152566 0.8711583702623253
0.1 1.0 5.0 0.0 1.0 0.0 3.8017802928695357 2.4938750869578303 1.307905205911706
0.1 0.9488888888888889 2.6422222222222222 0.0 0.0 0.0 1.533048439343793 0.7465434575028697 0.7865049818409233
0.1 1.0 5.0 0.0 1.0 0.0 2.3036341945388723 1.332797477953 0.9708367165858723
0.1 0.9355555555555556 2.428888888888889 0.06888888888888889 0.0 0.0 1.3454473993455418 0.7177568986133069 0.6276905007322349
0.1 1.0 5.0 0.0 1.0 0.0 2.082028694694738 1.1410221614365919 0.9410065332581463
0 / 3
1 / 3
2 / 3
[[5], [5, 1], [5, 1, 2]]
0.1 0.9 2.8444444444444446 0.0 0.0 0.0 1.5887851517671556 0.9597386497930429 0.6290465019741129
0.1 1.0 5.0 0.0 1.0 0.0 2.350214160383518 1.3329569877389058 1.0172571726446114
0.1 0.94 3.851111111111111 0.0 0.06 0.0 2.033111745192187 1.2607599697617433 0.7723517754304431
0.1 1.0 5.0 0.0 1.0 0.0 2.2742915247034117 1.3074411601631757 0.9668503645402361
0.1 0.9355555555555556 3.7422222222222223 0.0 0.05555555555555555 0.0 2.0300186967542238 1.254401693119534 0.7756170036346894
0.1 1.0 5.0 0.0 1.0 0.0 2.166775466713774 1.200260387563298 0.9665150791504763
0 / 3
1 / 3
2 / 3
[[5], [5, 1], [5, 1, 2]]
0.1 0.8644444444444445 3.1155555555555554 0.0 0.0022222222222222222 0.0 1.4493421596713574 0.8675319168725547 0.5818102427988029
0.1 1.0 5.0 0.0 1.0 0.0 2.6124415345334597 1.6302249872061223 0.982216547327337
0.1 0.9177777777777778 3.891111111111111 0.0 0.006666666666666667 0.0 1.8422479656890154 1.0947567430596774 0.747491222629338
0.1 1.0 5.0 0.0 1.0 0.0 2.5527662486045735 1.5772880289275442 0.9754782196770294
0.1 0.9177777777777778 3.9 0.0 0.006666666666666667 0.0 1.8536720277138667 1.1059064028072871 0.7477656249065795
0.1 1.0 5.0 0.0 1.0 0.0 2.4687126989267134 1.5014304962554583 0.9672822026712551
0 / 3
1 / 3
2 / 3
[[5], [5, 0], [5, 0, 1]]
0.1 0.8977777777777778 3.1755555555555555 0.0 0.044444444444444446 0.0 1.5841557402117021 0.9822646880495174 0.6018910521621847
0.1 1.0 5.0 0.0 1.0 0.0 2.526761276117685 1.5708175312083024 0.9559437449093826
0.1 0.9044444444444445 2.32 0.10888888888888888 0.0 0.0 1.265099100163115 0.6830682153516268 0.5820308848114882
0.1 1.0 5.0 0.0 1.0 0.0 1.9992152124232245 1.0591587436034262 0.9400564688197983
0.1 0.9088888888888889 2.48 0.028888888888888888 0.0 0.0 1.2671461196475255 0.6544122103399062 0.6127339093076192
0.1 1.0 5.0 0.0 1.0 0.0 1.8996181982885132 0.9725475648784309 0.9270706334100823
0 / 3
1 / 3
2 / 3
[[5], [5, 1], [5, 1, 0]]
0.1 0.9133333333333333 3.2933333333333334 0.0 0.044444444444444446 0.0 1.5884221173403439 0.9787020034999121 0.6097201138404319
0.1 1.0 5.0 0.0 1.0 0.0 2.535865214633571 1.5359754697084536 0.9998897449251176
0.1 0.88 3.533333333333333 0.0 0.057777777777777775 0.0 1.792700562928934 1.0441600593007725 0.7485405036281618
0.1 1.0 5.0 0.0 1.0 0.0 2.6721654691152685 1.7100270285945982 0.9621384405206709
0.1 0.9311111111111111 2.537777777777778 0.011111111111111112 0.0 0.0 1.3494395067091536 0.7355058573388801 0.6139336493702733
0.1 1.0 5.0 0.0 1.0 0.0 2.2795018228559356 1.3151452158836974 0.9643566069722381
T 2
