mRMR
0.880508238200546 0.10750758101085721
0.9035954415954416 0.023067698201927833
3.4971509971509964 0.3397526048963081
0.0013105413105413105 0.0030327096702069405
mRMR_MS_linear
0.8857011933935012 0.10446105862144618
0.9029344729344729 0.022485882003815932
3.4890142450142454 0.33158887802909964
0.001435897435897436 0.003071727173541007
mRMR_MS_rbf
0.8652760345068038 0.11694745298786997
0.9041310541310541 0.023086125983201096
3.5048091168091164 0.3295732753281446
0.0012763532763532762 0.0028630083102011723
mRMR_MS_poly
0.8580947542486004 0.12821172725538824
0.9033333333333333 0.023772025823978034
3.5032478632478625 0.3285326268453288
0.0013504273504273503 0.0030464940447810906
JMI
0.8626163010778395 0.11987161467044428
0.902866096866097 0.02347474688608454
3.501413105413106 0.32094329741788696
0.0013789173789173787 0.0032101372697653095
relax_mRMR
0.8578726117187656 0.1218509366849124
0.9026609686609688 0.023905426578312138
3.505418803418803 0.3293022739520189
0.0012934472934472932 0.002901516035107541
