mRMR
0.49620370370370365 0.17511538875814592
0.9037925925925926 0.022093771971873215
3.109725925925926 0.2610402247882039
0.07618518518518518 0.06880627264288379
mRMR_MS_linear
0.5840925925925926 0.1535931921788445
0.9040296296296297 0.02089973976117999
3.103725925925926 0.25022517058544097
0.07632592592592592 0.06940427835944507
mRMR_MS_rbf
0.5524563492063492 0.15202354568113127
0.902888888888889 0.021688023662159044
3.099311111111111 0.2508262615794893
0.07664444444444445 0.0705817064397753
mRMR_MS_poly
0.5473293650793651 0.16739568314648864
0.9042148148148148 0.022227331511406625
3.1028740740740743 0.25471327175733866
0.07652592592592593 0.07021352462154654
JMI
0.5289708994708995 0.17470437481273102
0.904451851851852 0.021873936109735363
3.099162962962963 0.2615451534061245
0.0766962962962963 0.07000798857022557
relax_mRMR
0.44902910052910044 0.1481611769355995
0.9032740740740741 0.022169116792714105
3.1147037037037038 0.25009360936072056
0.0765037037037037 0.07016938784397228
