mRMR
0.7265885984023239 0.051745223801709594
0.9029876543209877 0.021293759018649994
4.192181069958847 0.2518765204842195
0.0015555555555555555 0.004269606326133063
mRMR_MS_linear
0.7424095255386105 0.05903350581140257
0.9016954732510288 0.019609740508478683
4.270378600823045 0.21886917514631105
0.0002222222222222222 0.0011499388663896311
mRMR_MS_rbf
0.7228652263374485 0.06625625408636451
0.9041152263374485 0.020404718101160336
4.323604938271606 0.178478632225978
0.00011522633744855967 0.0008256748117849845
mRMR_MS_poly
0.7207607116920843 0.06271153359790932
0.903670781893004 0.021676962447337602
4.313687242798354 0.20031297650666857
0.0003374485596707819 0.002141642230085134
JMI
0.7670418784797869 0.059837774635181494
0.9029958847736625 0.02030912187090657
4.284 0.1971266481458973
0.0002551440329218107 0.0013349834832715984
relax_mRMR
0.769518579036553 0.05707032796343382
0.903761316872428 0.018618733865594757
4.2618271604938265 0.22326928085295486
0.0006913580246913581 0.0030477578516956987
